10:23:09.088 [main                     ] DEBUG Logger               - Configured Logger
10:23:09.094 [main                     ] DEBUG GameApplication      - Logging settings
Title: 1942 Remake
Version: (demo)
Width: 1280
Height: 720
Fullscreen: true
Intro: false
Profiling: false
Single step:false
App Mode: DEVELOPER
Menu Key: ESCAPE
Stage Style: DECORATED
Scene Factory: class com.almasb.fxgl.app.scene.SceneFactory

10:23:10.005 [JavaFX Application Thread] DEBUG FXGLApplication      - Initializing FXGL
10:23:10.008 [JavaFX Application Thread] INFO  Engine               - FXGL-21.1 (27.03.2024 07.52) on LINUX (J:25 FX:21.0.1)
10:23:10.009 [JavaFX Application Thread] DEBUG Engine               - JRE Vendor Name: Oracle Corporation
10:23:10.009 [JavaFX Application Thread] DEBUG Engine               - Running on OS: Linux version 6.14.0-33-generic
10:23:10.009 [JavaFX Application Thread] DEBUG Engine               - Architecture: amd64
10:23:10.010 [JavaFX Application Thread] INFO  Engine               - Source code and latest versions at: https://github.com/AlmasB/FXGL
10:23:10.010 [JavaFX Application Thread] INFO  Engine               -       Ask questions and discuss at: https://github.com/AlmasB/FXGL/discussions
10:23:10.010 [JavaFX Application Thread] INFO  Engine               -              Join the FXGL chat at: https://gitter.im/AlmasB/FXGL
10:23:10.145 [JavaFX Application Thread] DEBUG PrimaryStageWindow   - Creating a JavaFX scene
10:23:10.258 [JavaFX Application Thread] DEBUG PrimaryStageWindow   - Target settings size: 1280.0 x 720.0
10:23:10.258 [JavaFX Application Thread] DEBUG PrimaryStageWindow   - Scaled scene size:    1280.0 x 720.0
10:23:10.258 [JavaFX Application Thread] DEBUG PrimaryStageWindow   - Scaled ratio: (1.0, 1.0)
10:23:10.260 [JavaFX Application Thread] DEBUG PrimaryStageWindow   - Set initial scene to FXGLStartupScene
10:23:10.270 [JavaFX Application Thread] DEBUG PrimaryStageWindow   - Opening main window
10:23:10.306 [JavaFX Application Thread] DEBUG PrimaryStageWindow   - Window border size: (0.0, 35.0)
10:23:10.306 [JavaFX Application Thread] DEBUG PrimaryStageWindow   - Scaled size: 1280.0 x 685.0
10:23:10.306 [JavaFX Application Thread] DEBUG PrimaryStageWindow   - Scaled ratio: (1.0, 0.9513888888888888)
10:23:10.307 [JavaFX Application Thread] DEBUG PrimaryStageWindow   - Scene size: 1280.0 x 720.0
10:23:10.307 [JavaFX Application Thread] DEBUG PrimaryStageWindow   - Stage size: 1280.0 x 720.0
10:23:10.313 [FXGL Background Thread 1 ] DEBUG Engine               - Initializing environment variables
10:23:10.420 [FXGL Background Thread 1 ] DEBUG FXGLAssetLoaderServi - User app class for loading assets: class com.demo.game1942.Main
10:23:10.420 [FXGL Background Thread 1 ] DEBUG GameApplicationServi - Applying CSS: fxgl_dark.css
10:23:10.423 [FXGL Background Thread 1 ] DEBUG FXGLAssetLoaderServi - Loading from file system: jar:file:/home/sobhan/.m2/repository/com/github/almasb/fxgl/21.1/fxgl-21.1.jar!/fxglassets/ui/css/fxgl_dark.css
10:23:10.514 [FXGL Background Thread 1 ] DEBUG GameApplicationServi - Initializing application scenes
10:23:10.608 [FXGL Background Thread 1 ] DEBUG GameWorld            - Game world initialized
10:23:10.653 [FXGL Background Thread 1 ] DEBUG PhysicsWorld         - Physics world initialized: appHeight=720, physics.ppm=50.0
10:23:10.653 [FXGL Background Thread 1 ] DEBUG PhysicsWorld         - Using strategy: BRUTE_FORCE
10:23:10.656 [FXGL Background Thread 1 ] DEBUG GameScene            - Game scene initialized: 1280x720
10:23:10.670 [FXGL Background Thread 1 ] DEBUG FXGL.DefaultMenu     - createMenuBodyGameMenu()
10:23:10.683 [FXGL Background Thread 1 ] DEBUG FXGL.DefaultMenu     - createOptionsMenu()
10:23:10.690 [FXGL Background Thread 1 ] DEBUG FXGLAssetLoaderServi - Loading from file system: jar:file:/home/sobhan/.m2/repository/com/github/almasb/fxgl/21.1/fxgl-21.1.jar!/fxglassets/textures/particles/smoke.png
10:23:10.770 [FXGL Background Thread 1 ] DEBUG FXGLAssetLoaderServi - Loading from file system: jar:file:/home/sobhan/.m2/repository/com/github/almasb/fxgl/21.1/fxgl-21.1.jar!/fxglassets/textures/particles/trace_horizontal.png
10:23:10.800 [FXGL Background Thread 1 ] DEBUG GameApplicationServi - Application scenes initialized
10:23:10.810 [FXGL Background Thread 1 ] DEBUG SystemBundleService  - Loading FXGL system data
10:23:10.816 [FXGL Background Thread 1 ] DEBUG FileSystemAccess     - Reading from: /home/sobhan/VS Code/game1942/system/fxgl.bundle
10:23:10.820 [FXGL Background Thread 1 ] DEBUG SystemBundleService  - Bundle FXGL: {}
10:23:10.820 [FXGL Background Thread 1 ] DEBUG UpdaterService       - Checking for updates
10:23:10.822 [FXGL Background Thread 4 ] DEBUG FXGLApplication      - Loading fonts
10:23:10.823 [FXGL Background Thread 4 ] DEBUG FXGLAssetLoaderServi - Loading from file system: jar:file:/home/sobhan/.m2/repository/com/github/almasb/fxgl/21.1/fxgl-21.1.jar!/fxglassets/ui/fonts/VarelaRound-Regular.ttf
10:23:10.823 [FXGL Background Thread 1 ] DEBUG FXGLApplication      - Loading default localization
10:23:10.823 [FXGL Background Thread 1 ] DEBUG FXGLAssetLoaderServi - Loading from file system: jar:file:/home/sobhan/.m2/repository/com/github/almasb/fxgl/21.1/fxgl-21.1.jar!/fxglassets/languages/english.lang
10:23:10.832 [FXGL Background Thread 4 ] DEBUG FXGLAssetLoaderServi - Loading from file system: jar:file:/home/sobhan/.m2/repository/com/github/almasb/fxgl/21.1/fxgl-21.1.jar!/fxglassets/ui/fonts/Abel-Regular.ttf
10:23:10.835 [FXGL Background Thread 4 ] DEBUG FXGLAssetLoaderServi - Loading from file system: jar:file:/home/sobhan/.m2/repository/com/github/almasb/fxgl/21.1/fxgl-21.1.jar!/fxglassets/ui/fonts/TerminalLandMono-Regular.otf
10:23:10.836 [FXGL Background Thread 4 ] DEBUG FXGLAssetLoaderServi - Loading from file system: jar:file:/home/sobhan/.m2/repository/com/github/almasb/fxgl/21.1/fxgl-21.1.jar!/fxglassets/ui/fonts/Courier-Prime.ttf
10:23:10.839 [JavaFX Application Thread] DEBUG FXGLApplication      - Registering font factories with UI factory
10:23:10.840 [FXGL Background Thread 1 ] INFO  FXGLApplication      - FXGL initialization took: 0.526 sec
10:23:10.841 [JavaFX Application Thread] DEBUG FXGLAssetLoaderServi - Loading from file system: jar:file:/home/sobhan/.m2/repository/com/github/almasb/fxgl/21.1/fxgl-21.1.jar!/fxglassets/textures/fxgl_icon.png
10:23:10.859 [JavaFX Application Thread] DEBUG FXGLAssetLoaderServi - Loading from file system: jar:file:/home/sobhan/.m2/repository/com/github/almasb/fxgl/21.1/fxgl-21.1.jar!/fxglassets/textures/fxgl_default_cursor.png
10:23:10.869 [JavaFX Application Thread] DEBUG Input                - Registered new binding: Screenshot - CTRL+8
10:23:10.869 [JavaFX Application Thread] DEBUG Input                - Registered new binding: System info dump - CTRL+9
10:23:10.870 [JavaFX Application Thread] DEBUG Input                - Registered new binding: Restart - CTRL+R
10:23:10.870 [JavaFX Application Thread] DEBUG Input                - Registered new binding: Toggle Debug Camera - CTRL+7
10:23:10.871 [JavaFX Application Thread] DEBUG LoopRunner           - Starting loop
10:23:10.871 [JavaFX Application Thread] DEBUG LoopRunner           - Initializing JavaFX AnimationTimerLoop
10:23:10.872 [JavaFX Application Thread] DEBUG GameApplicationServi - Starting new game
10:23:10.873 [JavaFX Application Thread] DEBUG Input                - Clearing active input actions
10:23:10.885 [JavaFX Application Thread] DEBUG GameApplicationServi - Removing overlay from FXGLStartupScene and adding to FXGLLoadingScene
10:23:10.885 [JavaFX Application Thread] DEBUG PrimaryStageWindow   - FXGLStartupScene -> FXGLLoadingScene
10:23:10.885 [JavaFX Application Thread] DEBUG GameApplicationServi - Clearing previous game
10:23:10.886 [JavaFX Application Thread] DEBUG GameScene            - Clearing game scene
10:23:10.886 [JavaFX Application Thread] DEBUG GameWorld            - Clearing game world
10:23:10.886 [JavaFX Application Thread] DEBUG PhysicsWorld         - Clearing physics world
10:23:10.887 [FXGL Background Thread 1 ] DEBUG FXGLApplication      - Initializing game
10:23:10.894 [FXGL Background Thread 1 ] DEBUG FXGLAssetLoaderServi - Loading from file system: file:/home/sobhan/VS%20Code/game1942/target/classes/assets/textures/sky.png
10:23:10.918 [FXGL Background Thread 1 ] DEBUG FXGLAssetLoaderServi - Loading from file system: file:/home/sobhan/VS%20Code/game1942/target/classes/assets/textures/player.png
10:23:10.940 [FXGL Background Thread 1 ] DEBUG Input                - Registered new binding: Move Left - A
10:23:10.940 [FXGL Background Thread 1 ] DEBUG Input                - Registered new binding: Move Right - D
10:23:10.940 [FXGL Background Thread 1 ] DEBUG Input                - Registered new binding: Move Down - S
10:23:10.940 [FXGL Background Thread 1 ] DEBUG Input                - Registered new binding: Move Up - W
10:23:10.940 [FXGL Background Thread 1 ] DEBUG Input                - Registered new binding: Shoot - Space
10:23:10.943 [FXGL Background Thread 1 ] INFO  FXGLApplication      - Game initialization took: 0.056 sec
10:23:11.012 [JavaFX Application Thread] DEBUG Input                - Clearing active input actions
10:23:11.021 [JavaFX Application Thread] DEBUG GameApplicationServi - Removing overlay from FXGLLoadingScene and adding to GameScene
10:23:11.021 [JavaFX Application Thread] DEBUG PrimaryStageWindow   - FXGLLoadingScene -> GameScene
10:23:13.049 [JavaFX Application Thread] DEBUG FXGLAssetLoaderServi - Loading from file system: file:/home/sobhan/VS%20Code/game1942/target/classes/assets/textures/basic.png
10:23:13.787 [JavaFX Application Thread] DEBUG FXGLAssetLoaderServi - Loading from file system: file:/home/sobhan/VS%20Code/game1942/target/classes/assets/textures/enemyBullet.png
10:23:13.822 [FXGL Background Thread 3 ] DEBUG Engine               - Logging environment variables
10:23:13.822 [FXGL Background Thread 3 ] DEBUG Engine               - achievements: []
10:23:13.822 [FXGL Background Thread 3 ] DEBUG Engine               - actualHeight: 685.0
10:23:13.822 [FXGL Background Thread 3 ] DEBUG Engine               - actualHeightProperty: ReadOnlyDoubleProperty [value: 722.0]
10:23:13.822 [FXGL Background Thread 3 ] DEBUG Engine               - actualWidth: 1280.0
10:23:13.822 [FXGL Background Thread 3 ] DEBUG Engine               - actualWidthProperty: ReadOnlyDoubleProperty [value: 1280.0]
10:23:13.822 [FXGL Background Thread 3 ] DEBUG Engine               - appIcon: fxgl_icon.png
10:23:13.822 [FXGL Background Thread 3 ] DEBUG Engine               - applicationMode: DEVELOPER
10:23:13.822 [FXGL Background Thread 3 ] DEBUG Engine               - cSSList: [fxgl_dark.css]
10:23:13.822 [FXGL Background Thread 3 ] DEBUG Engine               - collisionDetectionStrategy: BRUTE_FORCE
10:23:13.823 [FXGL Background Thread 3 ] DEBUG Engine               - configClass: Optional.empty
10:23:13.823 [FXGL Background Thread 3 ] DEBUG Engine               - credits: []
10:23:13.823 [FXGL Background Thread 3 ] DEBUG Engine               - defaultCursor: CursorInfo(imageName=fxgl_default_cursor.png, hotspotX=7.0, hotspotY=6.0)
10:23:13.823 [FXGL Background Thread 3 ] DEBUG Engine               - devBBoxColorProperty: ObjectProperty [value: 0xff0000ff]
10:23:13.823 [FXGL Background Thread 3 ] DEBUG Engine               - devEnableDebugCameraProperty: BooleanProperty [value: false]
10:23:13.823 [FXGL Background Thread 3 ] DEBUG Engine               - devSensorColorProperty: ObjectProperty [value: 0xffff00ff]
10:23:13.823 [FXGL Background Thread 3 ] DEBUG Engine               - devShowBBoxProperty: BooleanProperty [value: false]
10:23:13.823 [FXGL Background Thread 3 ] DEBUG Engine               - devShowPositionProperty: BooleanProperty [value: false]
10:23:13.823 [FXGL Background Thread 3 ] DEBUG Engine               - enabledMenuItems: []
10:23:13.823 [FXGL Background Thread 3 ] DEBUG Engine               - engineServices: [class com.almasb.fxgl.app.services.FXGLAssetLoaderService, class com.almasb.fxgl.app.FXGLApplication$GameApplicationService, class com.almasb.fxgl.app.services.FXGLDialogService, class com.almasb.fxgl.app.services.IOTaskExecutorService, class com.almasb.fxgl.io.FileSystemService, class com.almasb.fxgl.localization.LocalizationService, class com.almasb.fxgl.app.services.SystemBundleService, class com.almasb.fxgl.profile.SaveLoadService, class com.almasb.fxgl.ui.FXGLUIFactoryServiceProvider, class com.almasb.fxgl.ui.FXGLDialogFactoryServiceProvider, class com.almasb.fxgl.audio.AudioPlayer, class com.almasb.fxgl.notification.impl.NotificationServiceProvider, class com.almasb.fxgl.achievement.AchievementService, class com.almasb.fxgl.cutscene.CutsceneService, class com.almasb.fxgl.minigames.MiniGameService, class com.almasb.fxgl.net.NetService, class com.almasb.fxgl.app.services.UpdaterService, class com.almasb.fxgl.dev.DevService]
10:23:13.823 [FXGL Background Thread 3 ] DEBUG Engine               - fontGame: Abel-Regular.ttf
10:23:13.823 [FXGL Background Thread 3 ] DEBUG Engine               - fontMono: TerminalLandMono-Regular.otf
10:23:13.823 [FXGL Background Thread 3 ] DEBUG Engine               - fontSizeScaleUI: 1.0
10:23:13.823 [FXGL Background Thread 3 ] DEBUG Engine               - fontText: Courier-Prime.ttf
10:23:13.823 [FXGL Background Thread 3 ] DEBUG Engine               - fontUI: VarelaRound-Regular.ttf
10:23:13.823 [FXGL Background Thread 3 ] DEBUG Engine               - fullScreen: BooleanProperty [value: false]
10:23:13.823 [FXGL Background Thread 3 ] DEBUG Engine               - gameDifficulty: MEDIUM
10:23:13.823 [FXGL Background Thread 3 ] DEBUG Engine               - gameDifficultyProperty: ObjectProperty [value: MEDIUM]
10:23:13.823 [FXGL Background Thread 3 ] DEBUG Engine               - globalMusicVolume: 0.5
10:23:13.824 [FXGL Background Thread 3 ] DEBUG Engine               - globalMusicVolumeProperty: DoubleProperty [value: 0.5]
10:23:13.824 [FXGL Background Thread 3 ] DEBUG Engine               - globalSoundVolume: 0.5
10:23:13.824 [FXGL Background Thread 3 ] DEBUG Engine               - globalSoundVolumeProperty: DoubleProperty [value: 0.5]
10:23:13.824 [FXGL Background Thread 3 ] DEBUG Engine               - height: 720
10:23:13.824 [FXGL Background Thread 3 ] DEBUG Engine               - is3D: false
10:23:13.824 [FXGL Background Thread 3 ] DEBUG Engine               - isAndroid: false
10:23:13.824 [FXGL Background Thread 3 ] DEBUG Engine               - isBrowser: false
10:23:13.824 [FXGL Background Thread 3 ] DEBUG Engine               - isClickFeedbackEnabled: false
10:23:13.824 [FXGL Background Thread 3 ] DEBUG Engine               - isCloseConfirmation: false
10:23:13.824 [FXGL Background Thread 3 ] DEBUG Engine               - isDesktop: true
10:23:13.824 [FXGL Background Thread 3 ] DEBUG Engine               - isDeveloperMenuEnabled: false
10:23:13.824 [FXGL Background Thread 3 ] DEBUG Engine               - isEmbedded: false
10:23:13.824 [FXGL Background Thread 3 ] DEBUG Engine               - isEntityPreloadEnabled: true
10:23:13.824 [FXGL Background Thread 3 ] DEBUG Engine               - isExperimentalTiledLargeMap: false
10:23:13.824 [FXGL Background Thread 3 ] DEBUG Engine               - isFileSystemWriteAllowed: true
10:23:13.824 [FXGL Background Thread 3 ] DEBUG Engine               - isFullScreenAllowed: true
10:23:13.824 [FXGL Background Thread 3 ] DEBUG Engine               - isFullScreenFromStart: false
10:23:13.824 [FXGL Background Thread 3 ] DEBUG Engine               - isGameMenuEnabled: true
10:23:13.824 [FXGL Background Thread 3 ] DEBUG Engine               - isIOS: false
10:23:13.824 [FXGL Background Thread 3 ] DEBUG Engine               - isIntroEnabled: false
10:23:13.824 [FXGL Background Thread 3 ] DEBUG Engine               - isLinux: true
10:23:13.824 [FXGL Background Thread 3 ] DEBUG Engine               - isMac: false
10:23:13.824 [FXGL Background Thread 3 ] DEBUG Engine               - isMainMenuEnabled: false
10:23:13.824 [FXGL Background Thread 3 ] DEBUG Engine               - isManualResizeEnabled: false
10:23:13.824 [FXGL Background Thread 3 ] DEBUG Engine               - isMobile: false
10:23:13.824 [FXGL Background Thread 3 ] DEBUG Engine               - isNative: false
10:23:13.824 [FXGL Background Thread 3 ] DEBUG Engine               - isPauseMusicWhenMinimized: true
10:23:13.824 [FXGL Background Thread 3 ] DEBUG Engine               - isPreserveResizeRatio: false
10:23:13.824 [FXGL Background Thread 3 ] DEBUG Engine               - isProfilingEnabled: false
10:23:13.824 [FXGL Background Thread 3 ] DEBUG Engine               - isScaleAffectedOnResize: true
10:23:13.824 [FXGL Background Thread 3 ] DEBUG Engine               - isSingleStep: false
10:23:13.825 [FXGL Background Thread 3 ] DEBUG Engine               - isUserProfileEnabled: false
10:23:13.825 [FXGL Background Thread 3 ] DEBUG Engine               - isWindows: false
10:23:13.825 [FXGL Background Thread 3 ] DEBUG Engine               - language: ObjectProperty [value: ENGLISH]
10:23:13.825 [FXGL Background Thread 3 ] DEBUG Engine               - menuKey: ESCAPE
10:23:13.825 [FXGL Background Thread 3 ] DEBUG Engine               - mouseSensitivity: 0.2
10:23:13.825 [FXGL Background Thread 3 ] DEBUG Engine               - notificationViewClass: class com.almasb.fxgl.notification.view.XboxNotificationView
10:23:13.825 [FXGL Background Thread 3 ] DEBUG Engine               - pixelsPerMeter: 50.0
10:23:13.825 [FXGL Background Thread 3 ] DEBUG Engine               - platform: LINUX
10:23:13.825 [FXGL Background Thread 3 ] DEBUG Engine               - prefHeightProperty: ReadOnlyDoubleProperty [value: 720.0]
10:23:13.825 [FXGL Background Thread 3 ] DEBUG Engine               - prefWidthProperty: ReadOnlyDoubleProperty [value: 1280.0]
10:23:13.825 [FXGL Background Thread 3 ] DEBUG Engine               - profileDir: profiles/
10:23:13.825 [FXGL Background Thread 3 ] DEBUG Engine               - profileName: StringProperty [value: DEFAULT]
10:23:13.825 [FXGL Background Thread 3 ] DEBUG Engine               - randomSeed: -1
10:23:13.825 [FXGL Background Thread 3 ] DEBUG Engine               - runtimeInfo: RuntimeInfo(platform=LINUX, version=21.1, build=27.03.2024 07.52)
10:23:13.825 [FXGL Background Thread 3 ] DEBUG Engine               - saveFileExt: sav
10:23:13.825 [FXGL Background Thread 3 ] DEBUG Engine               - scaledHeightProp$fxgl: DoubleProperty [bound, value: 722.0]
10:23:13.825 [FXGL Background Thread 3 ] DEBUG Engine               - scaledWidthProp$fxgl: DoubleProperty [bound, value: 1280.0]
10:23:13.825 [FXGL Background Thread 3 ] DEBUG Engine               - sceneFactory: com.almasb.fxgl.app.scene.SceneFactory@59533c7c
10:23:13.825 [FXGL Background Thread 3 ] DEBUG Engine               - secondsIn24h: 60
10:23:13.825 [FXGL Background Thread 3 ] DEBUG Engine               - soundMenuBack: menu/back.wav
10:23:13.825 [FXGL Background Thread 3 ] DEBUG Engine               - soundMenuPress: menu/press.wav
10:23:13.825 [FXGL Background Thread 3 ] DEBUG Engine               - soundMenuSelect: menu/select.wav
10:23:13.825 [FXGL Background Thread 3 ] DEBUG Engine               - soundNotification: core/notification.wav
10:23:13.825 [FXGL Background Thread 3 ] DEBUG Engine               - stageStyle: DECORATED
10:23:13.825 [FXGL Background Thread 3 ] DEBUG Engine               - supportedLanguages: [ENGLISH, FRENCH, GERMAN, HUNGARIAN, RUSSIAN]
10:23:13.825 [FXGL Background Thread 3 ] DEBUG Engine               - ticksPerSecond: -1
10:23:13.825 [FXGL Background Thread 3 ] DEBUG Engine               - title: 1942 Remake
10:23:13.826 [FXGL Background Thread 3 ] DEBUG Engine               - urlGithub: https://github.com/AlmasB/FXGL
10:23:13.826 [FXGL Background Thread 3 ] DEBUG Engine               - urlLeaderboard: http://fxgl-top.herokuapp.com/
10:23:13.826 [FXGL Background Thread 3 ] DEBUG Engine               - urlPOM: https://raw.githubusercontent.com/AlmasB/FXGL/release/README.md
10:23:13.826 [FXGL Background Thread 3 ] DEBUG Engine               - userAppClass: class com.demo.game1942.Main
10:23:13.826 [FXGL Background Thread 3 ] DEBUG Engine               - version: (demo)
10:23:13.826 [FXGL Background Thread 3 ] DEBUG Engine               - versionCheckDays: 7
10:23:13.826 [FXGL Background Thread 3 ] DEBUG Engine               - width: 1280
10:23:13.826 [FXGL Background Thread 3 ] DEBUG Engine               - Logging services
10:23:13.826 [FXGL Background Thread 3 ] DEBUG Engine               - class com.almasb.fxgl.app.services.FXGLAssetLoaderService
10:23:13.826 [FXGL Background Thread 3 ] DEBUG Engine               - class com.almasb.fxgl.app.FXGLApplication$GameApplicationService
10:23:13.826 [FXGL Background Thread 3 ] DEBUG Engine               - class com.almasb.fxgl.app.services.FXGLDialogService
10:23:13.826 [FXGL Background Thread 3 ] DEBUG Engine               - class com.almasb.fxgl.app.services.IOTaskExecutorService
10:23:13.826 [FXGL Background Thread 3 ] DEBUG Engine               - class com.almasb.fxgl.io.FileSystemService
10:23:13.826 [FXGL Background Thread 3 ] DEBUG Engine               - class com.almasb.fxgl.localization.LocalizationService
10:23:13.826 [FXGL Background Thread 3 ] DEBUG Engine               - class com.almasb.fxgl.app.services.SystemBundleService
10:23:13.826 [FXGL Background Thread 3 ] DEBUG Engine               - class com.almasb.fxgl.profile.SaveLoadService
10:23:13.826 [FXGL Background Thread 3 ] DEBUG Engine               - class com.almasb.fxgl.ui.FXGLUIFactoryServiceProvider
10:23:13.826 [FXGL Background Thread 3 ] DEBUG Engine               - class com.almasb.fxgl.ui.FXGLDialogFactoryServiceProvider
10:23:13.826 [FXGL Background Thread 3 ] DEBUG Engine               - class com.almasb.fxgl.audio.AudioPlayer
10:23:13.826 [FXGL Background Thread 3 ] DEBUG Engine               - class com.almasb.fxgl.notification.impl.NotificationServiceProvider
10:23:13.826 [FXGL Background Thread 3 ] DEBUG Engine               - class com.almasb.fxgl.achievement.AchievementService
10:23:13.826 [FXGL Background Thread 3 ] DEBUG Engine               - class com.almasb.fxgl.cutscene.CutsceneService
10:23:13.826 [FXGL Background Thread 3 ] DEBUG Engine               - class com.almasb.fxgl.minigames.MiniGameService
10:23:13.826 [FXGL Background Thread 3 ] DEBUG Engine               - class com.almasb.fxgl.net.NetService
10:23:13.826 [FXGL Background Thread 3 ] DEBUG Engine               - class com.almasb.fxgl.app.services.UpdaterService
10:23:13.826 [FXGL Background Thread 3 ] DEBUG Engine               - class com.almasb.fxgl.dev.DevService
10:23:15.219 [JavaFX Application Thread] DEBUG FXGLAssetLoaderServi - Loading from file system: file:/home/sobhan/VS%20Code/game1942/target/classes/assets/textures/playerbullet.png
10:23:15.740 [JavaFX Application Thread] DEBUG FXGLAssetLoaderServi - Loading from file system: file:/home/sobhan/VS%20Code/game1942/target/classes/assets/textures/explosion.png
10:23:15.940 [JavaFX Application Thread] DEBUG FXGLAssetLoaderServi - Loading from file system: file:/home/sobhan/VS%20Code/game1942/target/classes/assets/textures/fast.png
10:23:24.786 [JavaFX Application Thread] DEBUG FXGLAssetLoaderServi - Loading from file system: file:/home/sobhan/VS%20Code/game1942/target/classes/assets/textures/tank.png
10:23:39.936 [JavaFX Application Thread] DEBUG FXGLAssetLoaderServi - Loading from file system: file:/home/sobhan/VS%20Code/game1942/target/classes/assets/textures/boss.png
10:23:43.321 [JavaFX Application Thread] DEBUG LoopRunner           - Stopping loop
10:23:43.323 [JavaFX Application Thread] FATAL FXGLApplication      - Uncaught Exception:
java.lang.NullPointerException: Cannot invoke "com.almasb.fxgl.entity.Entity.getX()" because "this.entity" is null
	at com.demo.game1942.EnemyManager.shootSingleBullet(EnemyManager.java:158)
	at com.almasb.fxgl.time.TimerAction.update(TimerAction.kt:69)
	at com.almasb.fxgl.time.Timer.update(Timer.kt:38)
	at com.almasb.fxgl.scene.Scene.update(Scene.kt:104)
	at com.almasb.fxgl.app.MainWindow$update$1.invoke(MainWindow.kt:121)
	at com.almasb.fxgl.app.MainWindow$update$1.invoke(MainWindow.kt:121)
	at com.almasb.fxgl.core.fsm.StateMachine.runOnActiveStates(StateMachine.kt:69)
	at com.almasb.fxgl.app.MainWindow.update(MainWindow.kt:121)
	at com.almasb.fxgl.app.FXGLApplication$GameApplicationService.onUpdate(FXGLApplication.kt:445)
	at com.almasb.fxgl.app.Engine.loop(Engine.kt:134)
	at com.almasb.fxgl.app.Engine.access$loop(Engine.kt:24)
	at com.almasb.fxgl.app.Engine$loop$1.invoke(Engine.kt:28)
	at com.almasb.fxgl.app.Engine$loop$1.invoke(Engine.kt:28)
	at com.almasb.fxgl.app.LoopRunner.frame(LoopRunner.kt:103)
	at com.almasb.fxgl.app.LoopRunner.access$frame(LoopRunner.kt:23)
	at com.almasb.fxgl.app.LoopRunner$impl$2$1.onTick(LoopRunner.kt:57)
	at com.almasb.fxgl.app.AnimationTimerLoop$timer$1.handle(LoopRunner.kt:137)
	at javafx.animation.AnimationTimer$AnimationTimerReceiver.lambda$handle$0(AnimationTimer.java:58)
	at java.base/java.security.AccessController.doPrivileged(AccessController.java:138)
	at javafx.animation.AnimationTimer$AnimationTimerReceiver.handle(AnimationTimer.java:57)
	at com.sun.scenario.animation.AbstractPrimaryTimer.timePulseImpl(AbstractPrimaryTimer.java:356)
	at com.sun.scenario.animation.AbstractPrimaryTimer$MainLoop.run(AbstractPrimaryTimer.java:266)
	at com.sun.javafx.tk.quantum.QuantumToolkit.pulse(QuantumToolkit.java:588)
	at com.sun.javafx.tk.quantum.QuantumToolkit.pulse(QuantumToolkit.java:572)
	at com.sun.javafx.tk.quantum.QuantumToolkit.pulseFromQueue(QuantumToolkit.java:565)
	at com.sun.javafx.tk.quantum.QuantumToolkit.lambda$runToolkit$11(QuantumToolkit.java:352)
	at com.sun.glass.ui.InvokeLaterDispatcher$Future.run(InvokeLaterDispatcher.java:95)
	at com.sun.glass.ui.gtk.GtkApplication._runLoop(Native Method)
	at com.sun.glass.ui.gtk.GtkApplication.lambda$runLoop$10(GtkApplication.java:263)
	at java.base/java.lang.Thread.run(Thread.java:1474)

10:23:43.323 [JavaFX Application Thread] FATAL FXGLApplication      - Application will now exit
10:23:43.337 [JavaFX Application Thread] DEBUG PrimaryStageWindow   - Push state: ErrorSubScene
10:23:43.337 [JavaFX Application Thread] DEBUG Input                - Clearing active input actions
10:23:43.340 [JavaFX Application Thread] DEBUG GameApplicationServi - Removing overlay from GameScene and adding to ErrorSubScene
10:23:43.340 [JavaFX Application Thread] DEBUG PrimaryStageWindow   - GameScene -> ErrorSubScene
10:23:47.564 [JavaFX Application Thread] DEBUG FXGLApplication      - Exiting FXGL
10:23:47.564 [JavaFX Application Thread] DEBUG Async                - Shutting down background threads
10:23:47.564 [JavaFX Application Thread] DEBUG PrimaryStageWindow   - Closing main window
10:23:47.566 [JavaFX Application Thread] DEBUG Logger               - Closing Logger
