19:48:43.145 [main                     ] DEBUG Logger               - Configured Logger
19:48:43.155 [main                     ] DEBUG GameApplication      - Logging settings
Title: 1942 Remake
Version: (demo)
Width: 1280
Height: 720
Fullscreen: true
Intro: false
Profiling: false
Single step:false
App Mode: DEVELOPER
Menu Key: ESCAPE
Stage Style: DECORATED
Scene Factory: class com.almasb.fxgl.app.scene.SceneFactory

19:48:43.469 [JavaFX Application Thread] DEBUG FXGLApplication      - Initializing FXGL
19:48:43.472 [JavaFX Application Thread] INFO  Engine               - FXGL-21.1 (27.03.2024 07.52) on LINUX (J:25 FX:21.0.1)
19:48:43.472 [JavaFX Application Thread] DEBUG Engine               - JRE Vendor Name: Oracle Corporation
19:48:43.473 [JavaFX Application Thread] DEBUG Engine               - Running on OS: Linux version 6.14.0-33-generic
19:48:43.473 [JavaFX Application Thread] DEBUG Engine               - Architecture: amd64
19:48:43.473 [JavaFX Application Thread] INFO  Engine               - Source code and latest versions at: https://github.com/AlmasB/FXGL
19:48:43.473 [JavaFX Application Thread] INFO  Engine               -       Ask questions and discuss at: https://github.com/AlmasB/FXGL/discussions
19:48:43.473 [JavaFX Application Thread] INFO  Engine               -              Join the FXGL chat at: https://gitter.im/AlmasB/FXGL
19:48:43.564 [JavaFX Application Thread] DEBUG PrimaryStageWindow   - Creating a JavaFX scene
19:48:43.638 [JavaFX Application Thread] DEBUG PrimaryStageWindow   - Target settings size: 1280.0 x 720.0
19:48:43.638 [JavaFX Application Thread] DEBUG PrimaryStageWindow   - Scaled scene size:    1280.0 x 720.0
19:48:43.638 [JavaFX Application Thread] DEBUG PrimaryStageWindow   - Scaled ratio: (1.0, 1.0)
19:48:43.639 [JavaFX Application Thread] DEBUG PrimaryStageWindow   - Set initial scene to FXGLStartupScene
19:48:43.644 [JavaFX Application Thread] DEBUG PrimaryStageWindow   - Opening main window
19:48:43.692 [JavaFX Application Thread] DEBUG PrimaryStageWindow   - Window border size: (0.0, 35.0)
19:48:43.692 [JavaFX Application Thread] DEBUG PrimaryStageWindow   - Scaled size: 1280.0 x 685.0
19:48:43.692 [JavaFX Application Thread] DEBUG PrimaryStageWindow   - Scaled ratio: (1.0, 0.9513888888888888)
19:48:43.693 [JavaFX Application Thread] DEBUG PrimaryStageWindow   - Scene size: 1280.0 x 720.0
19:48:43.693 [JavaFX Application Thread] DEBUG PrimaryStageWindow   - Stage size: 1280.0 x 720.0
19:48:43.707 [FXGL Background Thread 1 ] DEBUG Engine               - Initializing environment variables
19:48:43.813 [FXGL Background Thread 1 ] DEBUG FXGLAssetLoaderServi - User app class for loading assets: class com.demo.game1942.Main
19:48:43.813 [FXGL Background Thread 1 ] DEBUG GameApplicationServi - Applying CSS: fxgl_dark.css
19:48:43.814 [FXGL Background Thread 1 ] DEBUG FXGLAssetLoaderServi - Loading from file system: jar:file:/home/sobhan/.m2/repository/com/github/almasb/fxgl/21.1/fxgl-21.1.jar!/fxglassets/ui/css/fxgl_dark.css
19:48:43.854 [FXGL Background Thread 1 ] DEBUG GameApplicationServi - Initializing application scenes
19:48:43.901 [FXGL Background Thread 1 ] DEBUG GameWorld            - Game world initialized
19:48:43.945 [FXGL Background Thread 1 ] DEBUG PhysicsWorld         - Physics world initialized: appHeight=720, physics.ppm=50.0
19:48:43.945 [FXGL Background Thread 1 ] DEBUG PhysicsWorld         - Using strategy: BRUTE_FORCE
19:48:43.948 [FXGL Background Thread 1 ] DEBUG GameScene            - Game scene initialized: 1280x720
19:48:43.956 [FXGL Background Thread 1 ] DEBUG FXGL.DefaultMenu     - createMenuBodyGameMenu()
19:48:43.968 [FXGL Background Thread 1 ] DEBUG FXGL.DefaultMenu     - createOptionsMenu()
19:48:43.975 [FXGL Background Thread 1 ] DEBUG FXGLAssetLoaderServi - Loading from file system: jar:file:/home/sobhan/.m2/repository/com/github/almasb/fxgl/21.1/fxgl-21.1.jar!/fxglassets/textures/particles/smoke.png
19:48:44.042 [FXGL Background Thread 1 ] DEBUG FXGLAssetLoaderServi - Loading from file system: jar:file:/home/sobhan/.m2/repository/com/github/almasb/fxgl/21.1/fxgl-21.1.jar!/fxglassets/textures/particles/trace_horizontal.png
19:48:44.062 [FXGL Background Thread 1 ] DEBUG GameApplicationServi - Application scenes initialized
19:48:44.081 [FXGL Background Thread 1 ] DEBUG SystemBundleService  - Loading FXGL system data
19:48:44.083 [FXGL Background Thread 1 ] DEBUG FileSystemAccess     - Reading from: /home/sobhan/VS Code/game1942/system/fxgl.bundle
19:48:44.087 [FXGL Background Thread 1 ] DEBUG SystemBundleService  - Bundle FXGL: {}
19:48:44.088 [FXGL Background Thread 1 ] DEBUG UpdaterService       - Checking for updates
19:48:44.090 [FXGL Background Thread 4 ] DEBUG FXGLApplication      - Loading fonts
19:48:44.091 [FXGL Background Thread 4 ] DEBUG FXGLAssetLoaderServi - Loading from file system: jar:file:/home/sobhan/.m2/repository/com/github/almasb/fxgl/21.1/fxgl-21.1.jar!/fxglassets/ui/fonts/VarelaRound-Regular.ttf
19:48:44.091 [FXGL Background Thread 1 ] DEBUG FXGLAssetLoaderServi - Loading from file system: jar:file:/home/sobhan/.m2/repository/com/github/almasb/fxgl/21.1/fxgl-21.1.jar!/fxglassets/languages/english.lang
19:48:44.097 [FXGL Background Thread 4 ] DEBUG FXGLAssetLoaderServi - Loading from file system: jar:file:/home/sobhan/.m2/repository/com/github/almasb/fxgl/21.1/fxgl-21.1.jar!/fxglassets/ui/fonts/Abel-Regular.ttf
19:48:44.098 [FXGL Background Thread 4 ] DEBUG FXGLAssetLoaderServi - Loading from file system: jar:file:/home/sobhan/.m2/repository/com/github/almasb/fxgl/21.1/fxgl-21.1.jar!/fxglassets/ui/fonts/TerminalLandMono-Regular.otf
19:48:44.100 [FXGL Background Thread 4 ] DEBUG FXGLAssetLoaderServi - Loading from file system: jar:file:/home/sobhan/.m2/repository/com/github/almasb/fxgl/21.1/fxgl-21.1.jar!/fxglassets/ui/fonts/Courier-Prime.ttf
19:48:44.103 [JavaFX Application Thread] DEBUG FXGLApplication      - Registering font factories with UI factory
19:48:44.105 [FXGL Background Thread 1 ] INFO  FXGLApplication      - FXGL initialization took: 0.398 sec
19:48:44.106 [JavaFX Application Thread] DEBUG FXGLAssetLoaderServi - Loading from file system: jar:file:/home/sobhan/.m2/repository/com/github/almasb/fxgl/21.1/fxgl-21.1.jar!/fxglassets/textures/fxgl_icon.png
19:48:44.126 [JavaFX Application Thread] DEBUG FXGLAssetLoaderServi - Loading from file system: jar:file:/home/sobhan/.m2/repository/com/github/almasb/fxgl/21.1/fxgl-21.1.jar!/fxglassets/textures/fxgl_default_cursor.png
19:48:44.136 [JavaFX Application Thread] DEBUG Input                - Registered new binding: Screenshot - CTRL+8
19:48:44.136 [JavaFX Application Thread] DEBUG Input                - Registered new binding: System info dump - CTRL+9
19:48:44.136 [JavaFX Application Thread] DEBUG Input                - Registered new binding: Restart - CTRL+R
19:48:44.137 [JavaFX Application Thread] DEBUG Input                - Registered new binding: Toggle Debug Camera - CTRL+7
19:48:44.139 [JavaFX Application Thread] DEBUG LoopRunner           - Starting loop
19:48:44.139 [JavaFX Application Thread] DEBUG LoopRunner           - Initializing JavaFX AnimationTimerLoop
19:48:44.140 [JavaFX Application Thread] DEBUG GameApplicationServi - Starting new game
19:48:44.141 [JavaFX Application Thread] DEBUG Input                - Clearing active input actions
19:48:44.151 [JavaFX Application Thread] DEBUG GameApplicationServi - Removing overlay from FXGLStartupScene and adding to FXGLLoadingScene
19:48:44.152 [JavaFX Application Thread] DEBUG PrimaryStageWindow   - FXGLStartupScene -> FXGLLoadingScene
19:48:44.152 [JavaFX Application Thread] DEBUG GameApplicationServi - Clearing previous game
19:48:44.152 [JavaFX Application Thread] DEBUG GameScene            - Clearing game scene
19:48:44.152 [JavaFX Application Thread] DEBUG GameWorld            - Clearing game world
19:48:44.152 [JavaFX Application Thread] DEBUG PhysicsWorld         - Clearing physics world
19:48:44.154 [FXGL Background Thread 1 ] DEBUG FXGLApplication      - Initializing game
19:48:44.162 [FXGL Background Thread 1 ] DEBUG FXGLAssetLoaderServi - Loading from file system: file:/home/sobhan/VS%20Code/game1942/target/classes/assets/textures/sky.png
19:48:44.184 [FXGL Background Thread 1 ] DEBUG FXGLAssetLoaderServi - Loading from file system: file:/home/sobhan/VS%20Code/game1942/target/classes/assets/textures/player.png
19:48:44.207 [FXGL Background Thread 1 ] DEBUG Input                - Registered new binding: Move Left - A
19:48:44.207 [FXGL Background Thread 1 ] DEBUG Input                - Registered new binding: Move Right - D
19:48:44.207 [FXGL Background Thread 1 ] DEBUG Input                - Registered new binding: Move Down - S
19:48:44.207 [FXGL Background Thread 1 ] DEBUG Input                - Registered new binding: Move Up - W
19:48:44.207 [FXGL Background Thread 1 ] DEBUG Input                - Registered new binding: Shoot - Space
19:48:44.211 [FXGL Background Thread 1 ] INFO  FXGLApplication      - Game initialization took: 0.057 sec
19:48:44.246 [JavaFX Application Thread] DEBUG Input                - Clearing active input actions
19:48:44.253 [JavaFX Application Thread] DEBUG GameApplicationServi - Removing overlay from FXGLLoadingScene and adding to GameScene
19:48:44.253 [JavaFX Application Thread] DEBUG PrimaryStageWindow   - FXGLLoadingScene -> GameScene
19:48:46.056 [JavaFX Application Thread] DEBUG FXGLAssetLoaderServi - Loading from file system: file:/home/sobhan/VS%20Code/game1942/target/classes/assets/sounds/shoot2.wav
19:48:46.110 [JavaFX Application Thread] DEBUG FXGLAssetLoaderServi - Loading from file system: file:/home/sobhan/VS%20Code/game1942/target/classes/assets/sounds/shoot.wav
19:48:46.111 [JavaFX Application Thread] DEBUG FXGLAssetLoaderServi - Loading from file system: file:/home/sobhan/VS%20Code/game1942/target/classes/assets/textures/playerbullet.png
19:48:46.300 [JavaFX Application Thread] DEBUG FXGLAssetLoaderServi - Loading from file system: file:/home/sobhan/VS%20Code/game1942/target/classes/assets/textures/basic.png
19:48:47.050 [JavaFX Application Thread] DEBUG FXGLAssetLoaderServi - Loading from file system: file:/home/sobhan/VS%20Code/game1942/target/classes/assets/textures/enemyBullet.png
19:48:47.090 [FXGL Background Thread 3 ] DEBUG Engine               - Logging environment variables
19:48:47.090 [FXGL Background Thread 3 ] DEBUG Engine               - achievements: []
19:48:47.090 [FXGL Background Thread 3 ] DEBUG Engine               - actualHeight: 685.0
19:48:47.090 [FXGL Background Thread 3 ] DEBUG Engine               - actualHeightProperty: ReadOnlyDoubleProperty [value: 722.0]
19:48:47.090 [FXGL Background Thread 3 ] DEBUG Engine               - actualWidth: 1280.0
19:48:47.090 [FXGL Background Thread 3 ] DEBUG Engine               - actualWidthProperty: ReadOnlyDoubleProperty [value: 1280.0]
19:48:47.090 [FXGL Background Thread 3 ] DEBUG Engine               - appIcon: fxgl_icon.png
19:48:47.090 [FXGL Background Thread 3 ] DEBUG Engine               - applicationMode: DEVELOPER
19:48:47.090 [FXGL Background Thread 3 ] DEBUG Engine               - cSSList: [fxgl_dark.css]
19:48:47.090 [FXGL Background Thread 3 ] DEBUG Engine               - collisionDetectionStrategy: BRUTE_FORCE
19:48:47.090 [FXGL Background Thread 3 ] DEBUG Engine               - configClass: Optional.empty
19:48:47.090 [FXGL Background Thread 3 ] DEBUG Engine               - credits: []
19:48:47.091 [FXGL Background Thread 3 ] DEBUG Engine               - defaultCursor: CursorInfo(imageName=fxgl_default_cursor.png, hotspotX=7.0, hotspotY=6.0)
19:48:47.091 [FXGL Background Thread 3 ] DEBUG Engine               - devBBoxColorProperty: ObjectProperty [value: 0xff0000ff]
19:48:47.091 [FXGL Background Thread 3 ] DEBUG Engine               - devEnableDebugCameraProperty: BooleanProperty [value: false]
19:48:47.091 [FXGL Background Thread 3 ] DEBUG Engine               - devSensorColorProperty: ObjectProperty [value: 0xffff00ff]
19:48:47.091 [FXGL Background Thread 3 ] DEBUG Engine               - devShowBBoxProperty: BooleanProperty [value: false]
19:48:47.091 [FXGL Background Thread 3 ] DEBUG Engine               - devShowPositionProperty: BooleanProperty [value: false]
19:48:47.091 [FXGL Background Thread 3 ] DEBUG Engine               - enabledMenuItems: []
19:48:47.091 [FXGL Background Thread 3 ] DEBUG Engine               - engineServices: [class com.almasb.fxgl.app.services.FXGLAssetLoaderService, class com.almasb.fxgl.app.FXGLApplication$GameApplicationService, class com.almasb.fxgl.app.services.FXGLDialogService, class com.almasb.fxgl.app.services.IOTaskExecutorService, class com.almasb.fxgl.io.FileSystemService, class com.almasb.fxgl.localization.LocalizationService, class com.almasb.fxgl.app.services.SystemBundleService, class com.almasb.fxgl.profile.SaveLoadService, class com.almasb.fxgl.ui.FXGLUIFactoryServiceProvider, class com.almasb.fxgl.ui.FXGLDialogFactoryServiceProvider, class com.almasb.fxgl.audio.AudioPlayer, class com.almasb.fxgl.notification.impl.NotificationServiceProvider, class com.almasb.fxgl.achievement.AchievementService, class com.almasb.fxgl.cutscene.CutsceneService, class com.almasb.fxgl.minigames.MiniGameService, class com.almasb.fxgl.net.NetService, class com.almasb.fxgl.app.services.UpdaterService, class com.almasb.fxgl.dev.DevService]
19:48:47.091 [FXGL Background Thread 3 ] DEBUG Engine               - fontGame: Abel-Regular.ttf
19:48:47.091 [FXGL Background Thread 3 ] DEBUG Engine               - fontMono: TerminalLandMono-Regular.otf
19:48:47.091 [FXGL Background Thread 3 ] DEBUG Engine               - fontSizeScaleUI: 1.0
19:48:47.091 [FXGL Background Thread 3 ] DEBUG Engine               - fontText: Courier-Prime.ttf
19:48:47.091 [FXGL Background Thread 3 ] DEBUG Engine               - fontUI: VarelaRound-Regular.ttf
19:48:47.091 [FXGL Background Thread 3 ] DEBUG Engine               - fullScreen: BooleanProperty [value: false]
19:48:47.091 [FXGL Background Thread 3 ] DEBUG Engine               - gameDifficulty: MEDIUM
19:48:47.091 [FXGL Background Thread 3 ] DEBUG Engine               - gameDifficultyProperty: ObjectProperty [value: MEDIUM]
19:48:47.091 [FXGL Background Thread 3 ] DEBUG Engine               - globalMusicVolume: 0.5
19:48:47.091 [FXGL Background Thread 3 ] DEBUG Engine               - globalMusicVolumeProperty: DoubleProperty [value: 0.5]
19:48:47.091 [FXGL Background Thread 3 ] DEBUG Engine               - globalSoundVolume: 0.5
19:48:47.091 [FXGL Background Thread 3 ] DEBUG Engine               - globalSoundVolumeProperty: DoubleProperty [value: 0.5]
19:48:47.091 [FXGL Background Thread 3 ] DEBUG Engine               - height: 720
19:48:47.091 [FXGL Background Thread 3 ] DEBUG Engine               - is3D: false
19:48:47.091 [FXGL Background Thread 3 ] DEBUG Engine               - isAndroid: false
19:48:47.091 [FXGL Background Thread 3 ] DEBUG Engine               - isBrowser: false
19:48:47.092 [FXGL Background Thread 3 ] DEBUG Engine               - isClickFeedbackEnabled: false
19:48:47.092 [FXGL Background Thread 3 ] DEBUG Engine               - isCloseConfirmation: false
19:48:47.092 [FXGL Background Thread 3 ] DEBUG Engine               - isDesktop: true
19:48:47.092 [FXGL Background Thread 3 ] DEBUG Engine               - isDeveloperMenuEnabled: false
19:48:47.092 [FXGL Background Thread 3 ] DEBUG Engine               - isEmbedded: false
19:48:47.092 [FXGL Background Thread 3 ] DEBUG Engine               - isEntityPreloadEnabled: true
19:48:47.092 [FXGL Background Thread 3 ] DEBUG Engine               - isExperimentalTiledLargeMap: false
19:48:47.092 [FXGL Background Thread 3 ] DEBUG Engine               - isFileSystemWriteAllowed: true
19:48:47.092 [FXGL Background Thread 3 ] DEBUG Engine               - isFullScreenAllowed: true
19:48:47.092 [FXGL Background Thread 3 ] DEBUG Engine               - isFullScreenFromStart: false
19:48:47.092 [FXGL Background Thread 3 ] DEBUG Engine               - isGameMenuEnabled: true
19:48:47.092 [FXGL Background Thread 3 ] DEBUG Engine               - isIOS: false
19:48:47.092 [FXGL Background Thread 3 ] DEBUG Engine               - isIntroEnabled: false
19:48:47.092 [FXGL Background Thread 3 ] DEBUG Engine               - isLinux: true
19:48:47.092 [FXGL Background Thread 3 ] DEBUG Engine               - isMac: false
19:48:47.092 [FXGL Background Thread 3 ] DEBUG Engine               - isMainMenuEnabled: false
19:48:47.092 [FXGL Background Thread 3 ] DEBUG Engine               - isManualResizeEnabled: false
19:48:47.092 [FXGL Background Thread 3 ] DEBUG Engine               - isMobile: false
19:48:47.092 [FXGL Background Thread 3 ] DEBUG Engine               - isNative: false
19:48:47.092 [FXGL Background Thread 3 ] DEBUG Engine               - isPauseMusicWhenMinimized: true
19:48:47.092 [FXGL Background Thread 3 ] DEBUG Engine               - isPreserveResizeRatio: false
19:48:47.092 [FXGL Background Thread 3 ] DEBUG Engine               - isProfilingEnabled: false
19:48:47.092 [FXGL Background Thread 3 ] DEBUG Engine               - isScaleAffectedOnResize: true
19:48:47.092 [FXGL Background Thread 3 ] DEBUG Engine               - isSingleStep: false
19:48:47.092 [FXGL Background Thread 3 ] DEBUG Engine               - isUserProfileEnabled: false
19:48:47.092 [FXGL Background Thread 3 ] DEBUG Engine               - isWindows: false
19:48:47.092 [FXGL Background Thread 3 ] DEBUG Engine               - language: ObjectProperty [value: ENGLISH]
19:48:47.092 [FXGL Background Thread 3 ] DEBUG Engine               - menuKey: ESCAPE
19:48:47.092 [FXGL Background Thread 3 ] DEBUG Engine               - mouseSensitivity: 0.2
19:48:47.092 [FXGL Background Thread 3 ] DEBUG Engine               - notificationViewClass: class com.almasb.fxgl.notification.view.XboxNotificationView
19:48:47.092 [FXGL Background Thread 3 ] DEBUG Engine               - pixelsPerMeter: 50.0
19:48:47.092 [FXGL Background Thread 3 ] DEBUG Engine               - platform: LINUX
19:48:47.092 [FXGL Background Thread 3 ] DEBUG Engine               - prefHeightProperty: ReadOnlyDoubleProperty [value: 720.0]
19:48:47.092 [FXGL Background Thread 3 ] DEBUG Engine               - prefWidthProperty: ReadOnlyDoubleProperty [value: 1280.0]
19:48:47.092 [FXGL Background Thread 3 ] DEBUG Engine               - profileDir: profiles/
19:48:47.092 [FXGL Background Thread 3 ] DEBUG Engine               - profileName: StringProperty [value: DEFAULT]
19:48:47.092 [FXGL Background Thread 3 ] DEBUG Engine               - randomSeed: -1
19:48:47.093 [FXGL Background Thread 3 ] DEBUG Engine               - runtimeInfo: RuntimeInfo(platform=LINUX, version=21.1, build=27.03.2024 07.52)
19:48:47.093 [FXGL Background Thread 3 ] DEBUG Engine               - saveFileExt: sav
19:48:47.093 [FXGL Background Thread 3 ] DEBUG Engine               - scaledHeightProp$fxgl: DoubleProperty [bound, value: 722.0]
19:48:47.093 [FXGL Background Thread 3 ] DEBUG Engine               - scaledWidthProp$fxgl: DoubleProperty [bound, value: 1280.0]
19:48:47.093 [FXGL Background Thread 3 ] DEBUG Engine               - sceneFactory: com.almasb.fxgl.app.scene.SceneFactory@1ba4d581
19:48:47.093 [FXGL Background Thread 3 ] DEBUG Engine               - secondsIn24h: 60
19:48:47.093 [FXGL Background Thread 3 ] DEBUG Engine               - soundMenuBack: menu/back.wav
19:48:47.093 [FXGL Background Thread 3 ] DEBUG Engine               - soundMenuPress: menu/press.wav
19:48:47.093 [FXGL Background Thread 3 ] DEBUG Engine               - soundMenuSelect: menu/select.wav
19:48:47.093 [FXGL Background Thread 3 ] DEBUG Engine               - soundNotification: core/notification.wav
19:48:47.093 [FXGL Background Thread 3 ] DEBUG Engine               - stageStyle: DECORATED
19:48:47.093 [FXGL Background Thread 3 ] DEBUG Engine               - supportedLanguages: [ENGLISH, FRENCH, GERMAN, HUNGARIAN, RUSSIAN]
19:48:47.093 [FXGL Background Thread 3 ] DEBUG Engine               - ticksPerSecond: -1
19:48:47.093 [FXGL Background Thread 3 ] DEBUG Engine               - title: 1942 Remake
19:48:47.093 [FXGL Background Thread 3 ] DEBUG Engine               - urlGithub: https://github.com/AlmasB/FXGL
19:48:47.093 [FXGL Background Thread 3 ] DEBUG Engine               - urlLeaderboard: http://fxgl-top.herokuapp.com/
19:48:47.093 [FXGL Background Thread 3 ] DEBUG Engine               - urlPOM: https://raw.githubusercontent.com/AlmasB/FXGL/release/README.md
19:48:47.093 [FXGL Background Thread 3 ] DEBUG Engine               - userAppClass: class com.demo.game1942.Main
19:48:47.093 [FXGL Background Thread 3 ] DEBUG Engine               - version: (demo)
19:48:47.093 [FXGL Background Thread 3 ] DEBUG Engine               - versionCheckDays: 7
19:48:47.093 [FXGL Background Thread 3 ] DEBUG Engine               - width: 1280
19:48:47.093 [FXGL Background Thread 3 ] DEBUG Engine               - Logging services
19:48:47.093 [FXGL Background Thread 3 ] DEBUG Engine               - class com.almasb.fxgl.app.services.FXGLAssetLoaderService
19:48:47.093 [FXGL Background Thread 3 ] DEBUG Engine               - class com.almasb.fxgl.app.FXGLApplication$GameApplicationService
19:48:47.093 [FXGL Background Thread 3 ] DEBUG Engine               - class com.almasb.fxgl.app.services.FXGLDialogService
19:48:47.093 [FXGL Background Thread 3 ] DEBUG Engine               - class com.almasb.fxgl.app.services.IOTaskExecutorService
19:48:47.093 [FXGL Background Thread 3 ] DEBUG Engine               - class com.almasb.fxgl.io.FileSystemService
19:48:47.093 [FXGL Background Thread 3 ] DEBUG Engine               - class com.almasb.fxgl.localization.LocalizationService
19:48:47.093 [FXGL Background Thread 3 ] DEBUG Engine               - class com.almasb.fxgl.app.services.SystemBundleService
19:48:47.093 [FXGL Background Thread 3 ] DEBUG Engine               - class com.almasb.fxgl.profile.SaveLoadService
19:48:47.093 [FXGL Background Thread 3 ] DEBUG Engine               - class com.almasb.fxgl.ui.FXGLUIFactoryServiceProvider
19:48:47.093 [FXGL Background Thread 3 ] DEBUG Engine               - class com.almasb.fxgl.ui.FXGLDialogFactoryServiceProvider
19:48:47.093 [FXGL Background Thread 3 ] DEBUG Engine               - class com.almasb.fxgl.audio.AudioPlayer
19:48:47.093 [FXGL Background Thread 3 ] DEBUG Engine               - class com.almasb.fxgl.notification.impl.NotificationServiceProvider
19:48:47.093 [FXGL Background Thread 3 ] DEBUG Engine               - class com.almasb.fxgl.achievement.AchievementService
19:48:47.093 [FXGL Background Thread 3 ] DEBUG Engine               - class com.almasb.fxgl.cutscene.CutsceneService
19:48:47.093 [FXGL Background Thread 3 ] DEBUG Engine               - class com.almasb.fxgl.minigames.MiniGameService
19:48:47.093 [FXGL Background Thread 3 ] DEBUG Engine               - class com.almasb.fxgl.net.NetService
19:48:47.093 [FXGL Background Thread 3 ] DEBUG Engine               - class com.almasb.fxgl.app.services.UpdaterService
19:48:47.093 [FXGL Background Thread 3 ] DEBUG Engine               - class com.almasb.fxgl.dev.DevService
19:48:47.549 [JavaFX Application Thread] DEBUG FXGLAssetLoaderServi - Loading from file system: file:/home/sobhan/VS%20Code/game1942/target/classes/assets/sounds/explosion2.wav
19:48:47.557 [JavaFX Application Thread] DEBUG FXGLAssetLoaderServi - Loading from file system: file:/home/sobhan/VS%20Code/game1942/target/classes/assets/textures/explosion.png
19:48:48.067 [JavaFX Application Thread] DEBUG FXGLAssetLoaderServi - Loading from file system: file:/home/sobhan/VS%20Code/game1942/target/classes/assets/sounds/explosion3.wav
19:48:49.204 [JavaFX Application Thread] DEBUG FXGLAssetLoaderServi - Loading from file system: file:/home/sobhan/VS%20Code/game1942/target/classes/assets/textures/fast.png
19:48:50.669 [JavaFX Application Thread] DEBUG FXGLAssetLoaderServi - Loading from file system: file:/home/sobhan/VS%20Code/game1942/target/classes/assets/sounds/explosion4.wav
19:48:51.718 [JavaFX Application Thread] DEBUG FXGLAssetLoaderServi - Loading from file system: file:/home/sobhan/VS%20Code/game1942/target/classes/assets/sounds/powerup.wav
19:48:59.621 [JavaFX Application Thread] DEBUG FXGLAssetLoaderServi - Loading from file system: file:/home/sobhan/VS%20Code/game1942/target/classes/assets/textures/tank.png
19:49:13.172 [JavaFX Application Thread] DEBUG FXGLAssetLoaderServi - Loading from file system: file:/home/sobhan/VS%20Code/game1942/target/classes/assets/textures/boss.png
19:49:37.723 [JavaFX Application Thread] DEBUG FXGLAssetLoaderServi - Loading from file system: file:/home/sobhan/VS%20Code/game1942/target/classes/assets/sounds/explosion.wav
19:49:44.403 [JavaFX Application Thread] DEBUG PrimaryStageWindow   - Push state: FXGLDefaultMenu
19:49:44.406 [JavaFX Application Thread] DEBUG Input                - Clearing active input actions
19:49:44.413 [JavaFX Application Thread] DEBUG GameApplicationServi - Removing overlay from GameScene and adding to FXGLDefaultMenu
19:49:44.413 [JavaFX Application Thread] DEBUG PrimaryStageWindow   - GameScene -> FXGLDefaultMenu
19:49:48.519 [JavaFX Application Thread] DEBUG Menu                 - fireResume()
19:49:48.519 [JavaFX Application Thread] DEBUG PrimaryStageWindow   - Pop state: FXGLDefaultMenu
19:49:48.519 [JavaFX Application Thread] DEBUG Input                - Clearing active input actions
19:49:48.520 [JavaFX Application Thread] DEBUG GameApplicationServi - Removing overlay from FXGLDefaultMenu and adding to GameScene
19:49:48.520 [JavaFX Application Thread] DEBUG PrimaryStageWindow   - GameScene <- FXGLDefaultMenu
19:50:19.229 [JavaFX Application Thread] DEBUG LoopRunner           - Pausing loop
19:50:22.378 [JavaFX Application Thread] DEBUG FXGLApplication      - Exiting FXGL
19:50:22.378 [JavaFX Application Thread] DEBUG LoopRunner           - Stopping loop
19:50:22.378 [JavaFX Application Thread] DEBUG SystemBundleService  - Saving FXGL system data
19:50:22.380 [JavaFX Application Thread] DEBUG FileSystemAccess     - Writing to: /home/sobhan/VS Code/game1942/system/fxgl.bundle
19:50:22.381 [JavaFX Application Thread] DEBUG Async                - Shutting down background threads
19:50:22.382 [JavaFX Application Thread] DEBUG PrimaryStageWindow   - Closing main window
19:50:22.383 [JavaFX Application Thread] DEBUG Logger               - Closing Logger
