23:45:38.655 [main                     ] DEBUG Logger               - Configured Logger
23:45:38.664 [main                     ] DEBUG GameApplication      - Logging settings
Title: 1942 Remake
Version: (demo)
Width: 600
Height: 800
Fullscreen: true
Intro: false
Profiling: false
Single step:false
App Mode: DEVELOPER
Menu Key: ESCAPE
Stage Style: DECORATED
Scene Factory: class com.almasb.fxgl.app.scene.SceneFactory

23:45:39.139 [JavaFX Application Thread] DEBUG FXGLApplication      - Initializing FXGL
23:45:39.141 [JavaFX Application Thread] INFO  Engine               - FXGL-21.1 (27.03.2024 07.52) on LINUX (J:25 FX:21.0.1)
23:45:39.142 [JavaFX Application Thread] DEBUG Engine               - JRE Vendor Name: Oracle Corporation
23:45:39.142 [JavaFX Application Thread] DEBUG Engine               - Running on OS: Linux version 6.14.0-33-generic
23:45:39.142 [JavaFX Application Thread] DEBUG Engine               - Architecture: amd64
23:45:39.142 [JavaFX Application Thread] INFO  Engine               - Source code and latest versions at: https://github.com/AlmasB/FXGL
23:45:39.142 [JavaFX Application Thread] INFO  Engine               -       Ask questions and discuss at: https://github.com/AlmasB/FXGL/discussions
23:45:39.142 [JavaFX Application Thread] INFO  Engine               -              Join the FXGL chat at: https://gitter.im/AlmasB/FXGL
23:45:39.227 [JavaFX Application Thread] DEBUG PrimaryStageWindow   - Creating a JavaFX scene
23:45:39.314 [JavaFX Application Thread] DEBUG PrimaryStageWindow   - Target settings size: 600.0 x 800.0
23:45:39.314 [JavaFX Application Thread] DEBUG PrimaryStageWindow   - Scaled scene size:    600.0 x 800.0
23:45:39.314 [JavaFX Application Thread] DEBUG PrimaryStageWindow   - Scaled ratio: (1.0, 1.0)
23:45:39.315 [JavaFX Application Thread] DEBUG PrimaryStageWindow   - Set initial scene to FXGLStartupScene
23:45:39.318 [JavaFX Application Thread] DEBUG PrimaryStageWindow   - Opening main window
23:45:39.344 [JavaFX Application Thread] DEBUG PrimaryStageWindow   - Window border size: (0.0, 35.0)
23:45:39.344 [JavaFX Application Thread] DEBUG PrimaryStageWindow   - Scaled size: 600.0 x 765.0
23:45:39.344 [JavaFX Application Thread] DEBUG PrimaryStageWindow   - Scaled ratio: (1.0, 0.95625)
23:45:39.345 [JavaFX Application Thread] DEBUG PrimaryStageWindow   - Scene size: 600.0 x 800.0
23:45:39.345 [JavaFX Application Thread] DEBUG PrimaryStageWindow   - Stage size: 600.0 x 800.0
23:45:39.352 [FXGL Background Thread 1 ] DEBUG Engine               - Initializing environment variables
23:45:39.436 [FXGL Background Thread 1 ] DEBUG FXGLAssetLoaderServi - User app class for loading assets: class com.demo.game1942.Main
23:45:39.437 [FXGL Background Thread 1 ] DEBUG GameApplicationServi - Applying CSS: fxgl_dark.css
23:45:39.438 [FXGL Background Thread 1 ] DEBUG FXGLAssetLoaderServi - Loading from file system: jar:file:/home/sobhan/.m2/repository/com/github/almasb/fxgl/21.1/fxgl-21.1.jar!/fxglassets/ui/css/fxgl_dark.css
23:45:39.507 [FXGL Background Thread 1 ] DEBUG GameApplicationServi - Initializing application scenes
23:45:39.553 [FXGL Background Thread 1 ] DEBUG GameWorld            - Game world initialized
23:45:39.585 [FXGL Background Thread 1 ] DEBUG PhysicsWorld         - Physics world initialized: appHeight=800, physics.ppm=50.0
23:45:39.585 [FXGL Background Thread 1 ] DEBUG PhysicsWorld         - Using strategy: BRUTE_FORCE
23:45:39.589 [FXGL Background Thread 1 ] DEBUG GameScene            - Game scene initialized: 600x800
23:45:39.596 [FXGL Background Thread 1 ] WARN  FXGL.DefaultMenu     - FXGLDefaultMenu is not designed for resolutions < 800x600
23:45:39.596 [FXGL Background Thread 1 ] DEBUG FXGL.DefaultMenu     - createMenuBodyGameMenu()
23:45:39.608 [FXGL Background Thread 1 ] DEBUG FXGL.DefaultMenu     - createOptionsMenu()
23:45:39.615 [FXGL Background Thread 1 ] DEBUG FXGLAssetLoaderServi - Loading from file system: jar:file:/home/sobhan/.m2/repository/com/github/almasb/fxgl/21.1/fxgl-21.1.jar!/fxglassets/textures/particles/smoke.png
23:45:39.691 [FXGL Background Thread 1 ] DEBUG FXGLAssetLoaderServi - Loading from file system: jar:file:/home/sobhan/.m2/repository/com/github/almasb/fxgl/21.1/fxgl-21.1.jar!/fxglassets/textures/particles/trace_horizontal.png
23:45:39.715 [FXGL Background Thread 1 ] DEBUG GameApplicationServi - Application scenes initialized
23:45:39.727 [FXGL Background Thread 1 ] DEBUG SystemBundleService  - Loading FXGL system data
23:45:39.731 [FXGL Background Thread 1 ] DEBUG FileSystemAccess     - Reading from: /home/sobhan/VS Code/game1942/system/fxgl.bundle
23:45:39.739 [FXGL Background Thread 1 ] DEBUG SystemBundleService  - Bundle FXGL: {}
23:45:39.739 [FXGL Background Thread 1 ] DEBUG UpdaterService       - Checking for updates
23:45:39.743 [FXGL Background Thread 4 ] DEBUG FXGLApplication      - Loading fonts
23:45:39.743 [FXGL Background Thread 4 ] DEBUG FXGLAssetLoaderServi - Loading from file system: jar:file:/home/sobhan/.m2/repository/com/github/almasb/fxgl/21.1/fxgl-21.1.jar!/fxglassets/ui/fonts/VarelaRound-Regular.ttf
23:45:39.744 [FXGL Background Thread 1 ] DEBUG FXGLApplication      - Loading default localization
23:45:39.744 [FXGL Background Thread 1 ] DEBUG FXGLAssetLoaderServi - Loading from file system: jar:file:/home/sobhan/.m2/repository/com/github/almasb/fxgl/21.1/fxgl-21.1.jar!/fxglassets/languages/english.lang
23:45:39.750 [FXGL Background Thread 4 ] DEBUG FXGLAssetLoaderServi - Loading from file system: jar:file:/home/sobhan/.m2/repository/com/github/almasb/fxgl/21.1/fxgl-21.1.jar!/fxglassets/ui/fonts/Abel-Regular.ttf
23:45:39.752 [FXGL Background Thread 4 ] DEBUG FXGLAssetLoaderServi - Loading from file system: jar:file:/home/sobhan/.m2/repository/com/github/almasb/fxgl/21.1/fxgl-21.1.jar!/fxglassets/ui/fonts/TerminalLandMono-Regular.otf
23:45:39.755 [FXGL Background Thread 4 ] DEBUG FXGLAssetLoaderServi - Loading from file system: jar:file:/home/sobhan/.m2/repository/com/github/almasb/fxgl/21.1/fxgl-21.1.jar!/fxglassets/ui/fonts/Courier-Prime.ttf
23:45:39.762 [JavaFX Application Thread] DEBUG FXGLApplication      - Registering font factories with UI factory
23:45:39.762 [FXGL Background Thread 1 ] INFO  FXGLApplication      - FXGL initialization took: 0.410 sec
23:45:39.764 [JavaFX Application Thread] DEBUG FXGLAssetLoaderServi - Loading from file system: jar:file:/home/sobhan/.m2/repository/com/github/almasb/fxgl/21.1/fxgl-21.1.jar!/fxglassets/textures/fxgl_icon.png
23:45:39.782 [JavaFX Application Thread] DEBUG FXGLAssetLoaderServi - Loading from file system: jar:file:/home/sobhan/.m2/repository/com/github/almasb/fxgl/21.1/fxgl-21.1.jar!/fxglassets/textures/fxgl_default_cursor.png
23:45:39.788 [JavaFX Application Thread] DEBUG Input                - Registered new binding: Screenshot - CTRL+8
23:45:39.789 [JavaFX Application Thread] DEBUG Input                - Registered new binding: System info dump - CTRL+9
23:45:39.789 [JavaFX Application Thread] DEBUG Input                - Registered new binding: Restart - CTRL+R
23:45:39.789 [JavaFX Application Thread] DEBUG Input                - Registered new binding: Toggle Debug Camera - CTRL+7
23:45:39.791 [JavaFX Application Thread] DEBUG LoopRunner           - Starting loop
23:45:39.791 [JavaFX Application Thread] DEBUG LoopRunner           - Initializing JavaFX AnimationTimerLoop
23:45:39.792 [JavaFX Application Thread] DEBUG GameApplicationServi - Starting new game
23:45:39.793 [JavaFX Application Thread] DEBUG Input                - Clearing active input actions
23:45:39.802 [JavaFX Application Thread] DEBUG GameApplicationServi - Removing overlay from FXGLStartupScene and adding to FXGLLoadingScene
23:45:39.803 [JavaFX Application Thread] DEBUG PrimaryStageWindow   - FXGLStartupScene -> FXGLLoadingScene
23:45:39.803 [JavaFX Application Thread] DEBUG GameApplicationServi - Clearing previous game
23:45:39.803 [JavaFX Application Thread] DEBUG GameScene            - Clearing game scene
23:45:39.803 [JavaFX Application Thread] DEBUG GameWorld            - Clearing game world
23:45:39.803 [JavaFX Application Thread] DEBUG PhysicsWorld         - Clearing physics world
23:45:39.805 [FXGL Background Thread 1 ] DEBUG FXGLApplication      - Initializing game
23:45:39.826 [FXGL Background Thread 1 ] DEBUG LoopRunner           - Resuming loop
23:45:39.826 [FXGL Background Thread 1 ] INFO  FXGLApplication      - Game initialization took: 0.021 sec
23:45:39.945 [JavaFX Application Thread] DEBUG Input                - Clearing active input actions
23:45:39.956 [JavaFX Application Thread] DEBUG GameApplicationServi - Removing overlay from FXGLLoadingScene and adding to GameScene
23:45:39.956 [JavaFX Application Thread] DEBUG PrimaryStageWindow   - FXGLLoadingScene -> GameScene
23:45:40.331 [JavaFX Application Thread] DEBUG FXGLApplication      - Exiting FXGL
23:45:40.331 [JavaFX Application Thread] DEBUG LoopRunner           - Stopping loop
23:45:40.332 [JavaFX Application Thread] DEBUG SystemBundleService  - Saving FXGL system data
23:45:40.333 [JavaFX Application Thread] DEBUG FileSystemAccess     - Writing to: /home/sobhan/VS Code/game1942/system/fxgl.bundle
23:45:40.341 [JavaFX Application Thread] DEBUG Async                - Shutting down background threads
23:45:40.342 [JavaFX Application Thread] DEBUG PrimaryStageWindow   - Closing main window
23:45:40.346 [JavaFX Application Thread] DEBUG Logger               - Closing Logger
