07:37:49.384 [main                     ] DEBUG Logger               - Configured Logger
07:37:49.392 [main                     ] DEBUG GameApplication      - Logging settings
Title: 1942 Remake
Version: (demo)
Width: 1280
Height: 720
Fullscreen: true
Intro: false
Profiling: false
Single step:false
App Mode: DEVELOPER
Menu Key: ESCAPE
Stage Style: DECORATED
Scene Factory: class com.almasb.fxgl.app.scene.SceneFactory

07:37:49.659 [JavaFX Application Thread] DEBUG FXGLApplication      - Initializing FXGL
07:37:49.662 [JavaFX Application Thread] INFO  Engine               - FXGL-21.1 (27.03.2024 07.52) on LINUX (J:25 FX:21.0.1)
07:37:49.662 [JavaFX Application Thread] DEBUG Engine               - JRE Vendor Name: Oracle Corporation
07:37:49.662 [JavaFX Application Thread] DEBUG Engine               - Running on OS: Linux version 6.14.0-33-generic
07:37:49.662 [JavaFX Application Thread] DEBUG Engine               - Architecture: amd64
07:37:49.662 [JavaFX Application Thread] INFO  Engine               - Source code and latest versions at: https://github.com/AlmasB/FXGL
07:37:49.663 [JavaFX Application Thread] INFO  Engine               -       Ask questions and discuss at: https://github.com/AlmasB/FXGL/discussions
07:37:49.663 [JavaFX Application Thread] INFO  Engine               -              Join the FXGL chat at: https://gitter.im/AlmasB/FXGL
07:37:49.739 [JavaFX Application Thread] DEBUG PrimaryStageWindow   - Creating a JavaFX scene
07:37:49.810 [JavaFX Application Thread] DEBUG PrimaryStageWindow   - Target settings size: 1280.0 x 720.0
07:37:49.810 [JavaFX Application Thread] DEBUG PrimaryStageWindow   - Scaled scene size:    1280.0 x 720.0
07:37:49.810 [JavaFX Application Thread] DEBUG PrimaryStageWindow   - Scaled ratio: (1.0, 1.0)
07:37:49.811 [JavaFX Application Thread] DEBUG PrimaryStageWindow   - Set initial scene to FXGLStartupScene
07:37:49.815 [JavaFX Application Thread] DEBUG PrimaryStageWindow   - Opening main window
07:37:49.843 [JavaFX Application Thread] DEBUG PrimaryStageWindow   - Window border size: (0.0, 35.0)
07:37:49.843 [JavaFX Application Thread] DEBUG PrimaryStageWindow   - Scaled size: 1280.0 x 685.0
07:37:49.843 [JavaFX Application Thread] DEBUG PrimaryStageWindow   - Scaled ratio: (1.0, 0.9513888888888888)
07:37:49.843 [JavaFX Application Thread] DEBUG PrimaryStageWindow   - Scene size: 1280.0 x 720.0
07:37:49.843 [JavaFX Application Thread] DEBUG PrimaryStageWindow   - Stage size: 1280.0 x 720.0
07:37:49.849 [FXGL Background Thread 1 ] DEBUG Engine               - Initializing environment variables
07:37:49.932 [FXGL Background Thread 1 ] DEBUG FXGLAssetLoaderServi - User app class for loading assets: class com.demo.game1942.Main
07:37:49.932 [FXGL Background Thread 1 ] DEBUG GameApplicationServi - Applying CSS: fxgl_dark.css
07:37:49.933 [FXGL Background Thread 1 ] DEBUG FXGLAssetLoaderServi - Loading from file system: jar:file:/home/sobhan/.m2/repository/com/github/almasb/fxgl/21.1/fxgl-21.1.jar!/fxglassets/ui/css/fxgl_dark.css
07:37:49.991 [FXGL Background Thread 1 ] DEBUG GameApplicationServi - Initializing application scenes
07:37:50.042 [FXGL Background Thread 1 ] DEBUG GameWorld            - Game world initialized
07:37:50.074 [FXGL Background Thread 1 ] DEBUG PhysicsWorld         - Physics world initialized: appHeight=720, physics.ppm=50.0
07:37:50.075 [FXGL Background Thread 1 ] DEBUG PhysicsWorld         - Using strategy: BRUTE_FORCE
07:37:50.078 [FXGL Background Thread 1 ] DEBUG GameScene            - Game scene initialized: 1280x720
07:37:50.090 [FXGL Background Thread 1 ] DEBUG FXGL.DefaultMenu     - createMenuBodyGameMenu()
07:37:50.101 [FXGL Background Thread 1 ] DEBUG FXGL.DefaultMenu     - createOptionsMenu()
07:37:50.113 [FXGL Background Thread 1 ] DEBUG FXGLAssetLoaderServi - Loading from file system: jar:file:/home/sobhan/.m2/repository/com/github/almasb/fxgl/21.1/fxgl-21.1.jar!/fxglassets/textures/particles/smoke.png
07:37:50.185 [FXGL Background Thread 1 ] DEBUG FXGLAssetLoaderServi - Loading from file system: jar:file:/home/sobhan/.m2/repository/com/github/almasb/fxgl/21.1/fxgl-21.1.jar!/fxglassets/textures/particles/trace_horizontal.png
07:37:50.206 [FXGL Background Thread 1 ] DEBUG GameApplicationServi - Application scenes initialized
07:37:50.214 [FXGL Background Thread 1 ] DEBUG SystemBundleService  - Loading FXGL system data
07:37:50.216 [FXGL Background Thread 1 ] DEBUG FileSystemAccess     - Reading from: /home/sobhan/VS Code/game1942/system/fxgl.bundle
07:37:50.220 [FXGL Background Thread 1 ] DEBUG SystemBundleService  - Bundle FXGL: {}
07:37:50.220 [FXGL Background Thread 1 ] DEBUG UpdaterService       - Checking for updates
07:37:50.224 [FXGL Background Thread 4 ] DEBUG FXGLApplication      - Loading fonts
07:37:50.224 [FXGL Background Thread 4 ] DEBUG FXGLAssetLoaderServi - Loading from file system: jar:file:/home/sobhan/.m2/repository/com/github/almasb/fxgl/21.1/fxgl-21.1.jar!/fxglassets/ui/fonts/VarelaRound-Regular.ttf
07:37:50.224 [FXGL Background Thread 1 ] DEBUG FXGLApplication      - Loading default localization
07:37:50.225 [FXGL Background Thread 1 ] DEBUG FXGLAssetLoaderServi - Loading from file system: jar:file:/home/sobhan/.m2/repository/com/github/almasb/fxgl/21.1/fxgl-21.1.jar!/fxglassets/languages/english.lang
07:37:50.231 [FXGL Background Thread 4 ] DEBUG FXGLAssetLoaderServi - Loading from file system: jar:file:/home/sobhan/.m2/repository/com/github/almasb/fxgl/21.1/fxgl-21.1.jar!/fxglassets/ui/fonts/Abel-Regular.ttf
07:37:50.232 [FXGL Background Thread 4 ] DEBUG FXGLAssetLoaderServi - Loading from file system: jar:file:/home/sobhan/.m2/repository/com/github/almasb/fxgl/21.1/fxgl-21.1.jar!/fxglassets/ui/fonts/TerminalLandMono-Regular.otf
07:37:50.233 [FXGL Background Thread 4 ] DEBUG FXGLAssetLoaderServi - Loading from file system: jar:file:/home/sobhan/.m2/repository/com/github/almasb/fxgl/21.1/fxgl-21.1.jar!/fxglassets/ui/fonts/Courier-Prime.ttf
07:37:50.236 [JavaFX Application Thread] DEBUG FXGLApplication      - Registering font factories with UI factory
07:37:50.238 [FXGL Background Thread 1 ] INFO  FXGLApplication      - FXGL initialization took: 0.389 sec
07:37:50.239 [JavaFX Application Thread] DEBUG FXGLAssetLoaderServi - Loading from file system: jar:file:/home/sobhan/.m2/repository/com/github/almasb/fxgl/21.1/fxgl-21.1.jar!/fxglassets/textures/fxgl_icon.png
07:37:50.253 [JavaFX Application Thread] DEBUG FXGLAssetLoaderServi - Loading from file system: jar:file:/home/sobhan/.m2/repository/com/github/almasb/fxgl/21.1/fxgl-21.1.jar!/fxglassets/textures/fxgl_default_cursor.png
07:37:50.260 [JavaFX Application Thread] DEBUG Input                - Registered new binding: Screenshot - CTRL+8
07:37:50.260 [JavaFX Application Thread] DEBUG Input                - Registered new binding: System info dump - CTRL+9
07:37:50.261 [JavaFX Application Thread] DEBUG Input                - Registered new binding: Restart - CTRL+R
07:37:50.261 [JavaFX Application Thread] DEBUG Input                - Registered new binding: Toggle Debug Camera - CTRL+7
07:37:50.263 [JavaFX Application Thread] DEBUG LoopRunner           - Starting loop
07:37:50.263 [JavaFX Application Thread] DEBUG LoopRunner           - Initializing JavaFX AnimationTimerLoop
07:37:50.263 [JavaFX Application Thread] DEBUG GameApplicationServi - Starting new game
07:37:50.264 [JavaFX Application Thread] DEBUG Input                - Clearing active input actions
07:37:50.270 [JavaFX Application Thread] DEBUG GameApplicationServi - Removing overlay from FXGLStartupScene and adding to FXGLLoadingScene
07:37:50.271 [JavaFX Application Thread] DEBUG PrimaryStageWindow   - FXGLStartupScene -> FXGLLoadingScene
07:37:50.271 [JavaFX Application Thread] DEBUG GameApplicationServi - Clearing previous game
07:37:50.271 [JavaFX Application Thread] DEBUG GameScene            - Clearing game scene
07:37:50.271 [JavaFX Application Thread] DEBUG GameWorld            - Clearing game world
07:37:50.271 [JavaFX Application Thread] DEBUG PhysicsWorld         - Clearing physics world
07:37:50.272 [FXGL Background Thread 1 ] DEBUG FXGLApplication      - Initializing game
07:37:50.280 [FXGL Background Thread 1 ] DEBUG LoopRunner           - Resuming loop
07:37:50.281 [FXGL Background Thread 1 ] INFO  FXGLApplication      - Game initialization took: 0.008 sec
07:37:50.352 [JavaFX Application Thread] DEBUG Input                - Clearing active input actions
07:37:50.362 [JavaFX Application Thread] DEBUG GameApplicationServi - Removing overlay from FXGLLoadingScene and adding to GameScene
07:37:50.362 [JavaFX Application Thread] DEBUG PrimaryStageWindow   - FXGLLoadingScene -> GameScene
07:37:52.837 [JavaFX Application Thread] DEBUG Input                - Registered new binding: Move Left - Left
07:37:52.837 [JavaFX Application Thread] DEBUG Input                - Registered new binding: Move Right - Right
07:37:52.837 [JavaFX Application Thread] DEBUG Input                - Registered new binding: Move Down - Down
07:37:52.837 [JavaFX Application Thread] DEBUG Input                - Registered new binding: Move Up - Up
07:37:52.837 [JavaFX Application Thread] DEBUG Input                - Registered new binding: Shoot - Space
07:37:52.837 [JavaFX Application Thread] DEBUG Input                - Registered new binding: Pause Menu - F1
07:37:53.222 [FXGL Background Thread 3 ] DEBUG Engine               - Logging environment variables
07:37:53.223 [FXGL Background Thread 3 ] DEBUG Engine               - achievements: []
07:37:53.223 [FXGL Background Thread 3 ] DEBUG Engine               - actualHeight: 685.0
07:37:53.223 [FXGL Background Thread 3 ] DEBUG Engine               - actualHeightProperty: ReadOnlyDoubleProperty [value: 722.0]
07:37:53.223 [FXGL Background Thread 3 ] DEBUG Engine               - actualWidth: 1280.0
07:37:53.223 [FXGL Background Thread 3 ] DEBUG Engine               - actualWidthProperty: ReadOnlyDoubleProperty [value: 1280.0]
07:37:53.223 [FXGL Background Thread 3 ] DEBUG Engine               - appIcon: fxgl_icon.png
07:37:53.223 [FXGL Background Thread 3 ] DEBUG Engine               - applicationMode: DEVELOPER
07:37:53.223 [FXGL Background Thread 3 ] DEBUG Engine               - cSSList: [fxgl_dark.css]
07:37:53.223 [FXGL Background Thread 3 ] DEBUG Engine               - collisionDetectionStrategy: BRUTE_FORCE
07:37:53.223 [FXGL Background Thread 3 ] DEBUG Engine               - configClass: Optional.empty
07:37:53.223 [FXGL Background Thread 3 ] DEBUG Engine               - credits: []
07:37:53.223 [FXGL Background Thread 3 ] DEBUG Engine               - defaultCursor: CursorInfo(imageName=fxgl_default_cursor.png, hotspotX=7.0, hotspotY=6.0)
07:37:53.223 [FXGL Background Thread 3 ] DEBUG Engine               - devBBoxColorProperty: ObjectProperty [value: 0xff0000ff]
07:37:53.223 [FXGL Background Thread 3 ] DEBUG Engine               - devEnableDebugCameraProperty: BooleanProperty [value: false]
07:37:53.223 [FXGL Background Thread 3 ] DEBUG Engine               - devSensorColorProperty: ObjectProperty [value: 0xffff00ff]
07:37:53.223 [FXGL Background Thread 3 ] DEBUG Engine               - devShowBBoxProperty: BooleanProperty [value: false]
07:37:53.223 [FXGL Background Thread 3 ] DEBUG Engine               - devShowPositionProperty: BooleanProperty [value: false]
07:37:53.223 [FXGL Background Thread 3 ] DEBUG Engine               - enabledMenuItems: []
07:37:53.224 [FXGL Background Thread 3 ] DEBUG Engine               - engineServices: [class com.almasb.fxgl.app.services.FXGLAssetLoaderService, class com.almasb.fxgl.app.FXGLApplication$GameApplicationService, class com.almasb.fxgl.app.services.FXGLDialogService, class com.almasb.fxgl.app.services.IOTaskExecutorService, class com.almasb.fxgl.io.FileSystemService, class com.almasb.fxgl.localization.LocalizationService, class com.almasb.fxgl.app.services.SystemBundleService, class com.almasb.fxgl.profile.SaveLoadService, class com.almasb.fxgl.ui.FXGLUIFactoryServiceProvider, class com.almasb.fxgl.ui.FXGLDialogFactoryServiceProvider, class com.almasb.fxgl.audio.AudioPlayer, class com.almasb.fxgl.notification.impl.NotificationServiceProvider, class com.almasb.fxgl.achievement.AchievementService, class com.almasb.fxgl.cutscene.CutsceneService, class com.almasb.fxgl.minigames.MiniGameService, class com.almasb.fxgl.net.NetService, class com.almasb.fxgl.app.services.UpdaterService, class com.almasb.fxgl.dev.DevService]
07:37:53.224 [FXGL Background Thread 3 ] DEBUG Engine               - fontGame: Abel-Regular.ttf
07:37:53.224 [FXGL Background Thread 3 ] DEBUG Engine               - fontMono: TerminalLandMono-Regular.otf
07:37:53.224 [FXGL Background Thread 3 ] DEBUG Engine               - fontSizeScaleUI: 1.0
07:37:53.224 [FXGL Background Thread 3 ] DEBUG Engine               - fontText: Courier-Prime.ttf
07:37:53.224 [FXGL Background Thread 3 ] DEBUG Engine               - fontUI: VarelaRound-Regular.ttf
07:37:53.224 [FXGL Background Thread 3 ] DEBUG Engine               - fullScreen: BooleanProperty [value: false]
07:37:53.224 [FXGL Background Thread 3 ] DEBUG Engine               - gameDifficulty: MEDIUM
07:37:53.224 [FXGL Background Thread 3 ] DEBUG Engine               - gameDifficultyProperty: ObjectProperty [value: MEDIUM]
07:37:53.224 [FXGL Background Thread 3 ] DEBUG Engine               - globalMusicVolume: 0.5
07:37:53.224 [FXGL Background Thread 3 ] DEBUG Engine               - globalMusicVolumeProperty: DoubleProperty [value: 0.5]
07:37:53.224 [FXGL Background Thread 3 ] DEBUG Engine               - globalSoundVolume: 0.5
07:37:53.224 [FXGL Background Thread 3 ] DEBUG Engine               - globalSoundVolumeProperty: DoubleProperty [value: 0.5]
07:37:53.224 [FXGL Background Thread 3 ] DEBUG Engine               - height: 720
07:37:53.224 [FXGL Background Thread 3 ] DEBUG Engine               - is3D: false
07:37:53.224 [FXGL Background Thread 3 ] DEBUG Engine               - isAndroid: false
07:37:53.224 [FXGL Background Thread 3 ] DEBUG Engine               - isBrowser: false
07:37:53.224 [FXGL Background Thread 3 ] DEBUG Engine               - isClickFeedbackEnabled: false
07:37:53.224 [FXGL Background Thread 3 ] DEBUG Engine               - isCloseConfirmation: false
07:37:53.224 [FXGL Background Thread 3 ] DEBUG Engine               - isDesktop: true
07:37:53.224 [FXGL Background Thread 3 ] DEBUG Engine               - isDeveloperMenuEnabled: false
07:37:53.224 [FXGL Background Thread 3 ] DEBUG Engine               - isEmbedded: false
07:37:53.224 [FXGL Background Thread 3 ] DEBUG Engine               - isEntityPreloadEnabled: true
07:37:53.224 [FXGL Background Thread 3 ] DEBUG Engine               - isExperimentalTiledLargeMap: false
07:37:53.224 [FXGL Background Thread 3 ] DEBUG Engine               - isFileSystemWriteAllowed: true
07:37:53.224 [FXGL Background Thread 3 ] DEBUG Engine               - isFullScreenAllowed: true
07:37:53.224 [FXGL Background Thread 3 ] DEBUG Engine               - isFullScreenFromStart: false
07:37:53.224 [FXGL Background Thread 3 ] DEBUG Engine               - isGameMenuEnabled: true
07:37:53.224 [FXGL Background Thread 3 ] DEBUG Engine               - isIOS: false
07:37:53.224 [FXGL Background Thread 3 ] DEBUG Engine               - isIntroEnabled: false
07:37:53.224 [FXGL Background Thread 3 ] DEBUG Engine               - isLinux: true
07:37:53.224 [FXGL Background Thread 3 ] DEBUG Engine               - isMac: false
07:37:53.224 [FXGL Background Thread 3 ] DEBUG Engine               - isMainMenuEnabled: false
07:37:53.224 [FXGL Background Thread 3 ] DEBUG Engine               - isManualResizeEnabled: false
07:37:53.225 [FXGL Background Thread 3 ] DEBUG Engine               - isMobile: false
07:37:53.225 [FXGL Background Thread 3 ] DEBUG Engine               - isNative: false
07:37:53.225 [FXGL Background Thread 3 ] DEBUG Engine               - isPauseMusicWhenMinimized: true
07:37:53.225 [FXGL Background Thread 3 ] DEBUG Engine               - isPreserveResizeRatio: false
07:37:53.225 [FXGL Background Thread 3 ] DEBUG Engine               - isProfilingEnabled: false
07:37:53.225 [FXGL Background Thread 3 ] DEBUG Engine               - isScaleAffectedOnResize: true
07:37:53.225 [FXGL Background Thread 3 ] DEBUG Engine               - isSingleStep: false
07:37:53.225 [FXGL Background Thread 3 ] DEBUG Engine               - isUserProfileEnabled: false
07:37:53.225 [FXGL Background Thread 3 ] DEBUG Engine               - isWindows: false
07:37:53.225 [FXGL Background Thread 3 ] DEBUG Engine               - language: ObjectProperty [value: ENGLISH]
07:37:53.225 [FXGL Background Thread 3 ] DEBUG Engine               - menuKey: ESCAPE
07:37:53.225 [FXGL Background Thread 3 ] DEBUG Engine               - mouseSensitivity: 0.2
07:37:53.225 [FXGL Background Thread 3 ] DEBUG Engine               - notificationViewClass: class com.almasb.fxgl.notification.view.XboxNotificationView
07:37:53.225 [FXGL Background Thread 3 ] DEBUG Engine               - pixelsPerMeter: 50.0
07:37:53.225 [FXGL Background Thread 3 ] DEBUG Engine               - platform: LINUX
07:37:53.225 [FXGL Background Thread 3 ] DEBUG Engine               - prefHeightProperty: ReadOnlyDoubleProperty [value: 720.0]
07:37:53.225 [FXGL Background Thread 3 ] DEBUG Engine               - prefWidthProperty: ReadOnlyDoubleProperty [value: 1280.0]
07:37:53.225 [FXGL Background Thread 3 ] DEBUG Engine               - profileDir: profiles/
07:37:53.225 [FXGL Background Thread 3 ] DEBUG Engine               - profileName: StringProperty [value: DEFAULT]
07:37:53.225 [FXGL Background Thread 3 ] DEBUG Engine               - randomSeed: -1
07:37:53.225 [FXGL Background Thread 3 ] DEBUG Engine               - runtimeInfo: RuntimeInfo(platform=LINUX, version=21.1, build=27.03.2024 07.52)
07:37:53.225 [FXGL Background Thread 3 ] DEBUG Engine               - saveFileExt: sav
07:37:53.225 [FXGL Background Thread 3 ] DEBUG Engine               - scaledHeightProp$fxgl: DoubleProperty [bound, value: 722.0]
07:37:53.225 [FXGL Background Thread 3 ] DEBUG Engine               - scaledWidthProp$fxgl: DoubleProperty [bound, value: 1280.0]
07:37:53.225 [FXGL Background Thread 3 ] DEBUG Engine               - sceneFactory: com.almasb.fxgl.app.scene.SceneFactory@4e7a27e9
07:37:53.225 [FXGL Background Thread 3 ] DEBUG Engine               - secondsIn24h: 60
07:37:53.225 [FXGL Background Thread 3 ] DEBUG Engine               - soundMenuBack: menu/back.wav
07:37:53.225 [FXGL Background Thread 3 ] DEBUG Engine               - soundMenuPress: menu/press.wav
07:37:53.225 [FXGL Background Thread 3 ] DEBUG Engine               - soundMenuSelect: menu/select.wav
07:37:53.225 [FXGL Background Thread 3 ] DEBUG Engine               - soundNotification: core/notification.wav
07:37:53.225 [FXGL Background Thread 3 ] DEBUG Engine               - stageStyle: DECORATED
07:37:53.225 [FXGL Background Thread 3 ] DEBUG Engine               - supportedLanguages: [ENGLISH, FRENCH, GERMAN, HUNGARIAN, RUSSIAN]
07:37:53.225 [FXGL Background Thread 3 ] DEBUG Engine               - ticksPerSecond: -1
07:37:53.226 [FXGL Background Thread 3 ] DEBUG Engine               - title: 1942 Remake
07:37:53.226 [FXGL Background Thread 3 ] DEBUG Engine               - urlGithub: https://github.com/AlmasB/FXGL
07:37:53.226 [FXGL Background Thread 3 ] DEBUG Engine               - urlLeaderboard: http://fxgl-top.herokuapp.com/
07:37:53.226 [FXGL Background Thread 3 ] DEBUG Engine               - urlPOM: https://raw.githubusercontent.com/AlmasB/FXGL/release/README.md
07:37:53.226 [FXGL Background Thread 3 ] DEBUG Engine               - userAppClass: class com.demo.game1942.Main
07:37:53.226 [FXGL Background Thread 3 ] DEBUG Engine               - version: (demo)
07:37:53.226 [FXGL Background Thread 3 ] DEBUG Engine               - versionCheckDays: 7
07:37:53.226 [FXGL Background Thread 3 ] DEBUG Engine               - width: 1280
07:37:53.226 [FXGL Background Thread 3 ] DEBUG Engine               - Logging services
07:37:53.226 [FXGL Background Thread 3 ] DEBUG Engine               - class com.almasb.fxgl.app.services.FXGLAssetLoaderService
07:37:53.226 [FXGL Background Thread 3 ] DEBUG Engine               - class com.almasb.fxgl.app.FXGLApplication$GameApplicationService
07:37:53.226 [FXGL Background Thread 3 ] DEBUG Engine               - class com.almasb.fxgl.app.services.FXGLDialogService
07:37:53.226 [FXGL Background Thread 3 ] DEBUG Engine               - class com.almasb.fxgl.app.services.IOTaskExecutorService
07:37:53.226 [FXGL Background Thread 3 ] DEBUG Engine               - class com.almasb.fxgl.io.FileSystemService
07:37:53.226 [FXGL Background Thread 3 ] DEBUG Engine               - class com.almasb.fxgl.localization.LocalizationService
07:37:53.226 [FXGL Background Thread 3 ] DEBUG Engine               - class com.almasb.fxgl.app.services.SystemBundleService
07:37:53.226 [FXGL Background Thread 3 ] DEBUG Engine               - class com.almasb.fxgl.profile.SaveLoadService
07:37:53.226 [FXGL Background Thread 3 ] DEBUG Engine               - class com.almasb.fxgl.ui.FXGLUIFactoryServiceProvider
07:37:53.226 [FXGL Background Thread 3 ] DEBUG Engine               - class com.almasb.fxgl.ui.FXGLDialogFactoryServiceProvider
07:37:53.226 [FXGL Background Thread 3 ] DEBUG Engine               - class com.almasb.fxgl.audio.AudioPlayer
07:37:53.226 [FXGL Background Thread 3 ] DEBUG Engine               - class com.almasb.fxgl.notification.impl.NotificationServiceProvider
07:37:53.226 [FXGL Background Thread 3 ] DEBUG Engine               - class com.almasb.fxgl.achievement.AchievementService
07:37:53.226 [FXGL Background Thread 3 ] DEBUG Engine               - class com.almasb.fxgl.cutscene.CutsceneService
07:37:53.226 [FXGL Background Thread 3 ] DEBUG Engine               - class com.almasb.fxgl.minigames.MiniGameService
07:37:53.226 [FXGL Background Thread 3 ] DEBUG Engine               - class com.almasb.fxgl.net.NetService
07:37:53.226 [FXGL Background Thread 3 ] DEBUG Engine               - class com.almasb.fxgl.app.services.UpdaterService
07:37:53.226 [FXGL Background Thread 3 ] DEBUG Engine               - class com.almasb.fxgl.dev.DevService
07:37:53.870 [JavaFX Application Thread] DEBUG LoopRunner           - Pausing loop
07:37:54.415 [JavaFX Application Thread] DEBUG LoopRunner           - Resuming loop
07:37:55.195 [JavaFX Application Thread] DEBUG LoopRunner           - Pausing loop
07:37:56.751 [JavaFX Application Thread] DEBUG LoopRunner           - Resuming loop
07:38:00.689 [JavaFX Application Thread] DEBUG LoopRunner           - Pausing loop
07:38:02.249 [JavaFX Application Thread] DEBUG LoopRunner           - Stopping loop
07:38:02.251 [JavaFX Application Thread] FATAL FXGLApplication      - Uncaught Exception:
java.lang.IllegalArgumentException: Action already exists: Move Left
	at com.almasb.fxgl.input.Input.addBinding(Input.kt:504)
	at com.almasb.fxgl.input.Input.addAction(Input.kt:500)
	at com.almasb.fxgl.input.Input.addAction$default(Input.kt:497)
	at com.almasb.fxgl.input.Input.addAction(Input.kt)
	at com.demo.game1942.PlayerComponent.setupInput(PlayerComponent.java:44)
	at com.demo.game1942.PlayerComponent.onAdded(PlayerComponent.java:35)
	at com.almasb.fxgl.entity.Entity.addComponentNoChecks(Entity.java:401)
	at com.almasb.fxgl.entity.Entity.addComponent(Entity.java:393)
	at com.almasb.fxgl.dsl.EntityBuilder.with(EntityBuilder.kt:202)
	at com.demo.game1942.GameEntityFactory.spawnPlayer(GameEntityFactory.java:28)
	at java.base/jdk.internal.reflect.DirectMethodHandleAccessor.invoke(DirectMethodHandleAccessor.java:104)
	at java.base/java.lang.reflect.Method.invoke(Method.java:565)
	at com.almasb.fxgl.core.reflect.ReflectionUtils.call(ReflectionUtils.java:104)
	at com.almasb.fxgl.core.reflect.ReflectionUtils.lambda$mapToFunction$3(ReflectionUtils.java:111)
	at com.almasb.fxgl.entity.GameWorld$create$2.invoke(GameWorld.kt:428)
	at com.almasb.fxgl.entity.GameWorld$create$2.invoke(GameWorld.kt:428)
	at com.almasb.fxgl.core.util.DSLKt.tryCatchRoot(DSL.kt:34)
	at com.almasb.fxgl.entity.GameWorld.create(GameWorld.kt:428)
	at com.almasb.fxgl.entity.GameWorld.spawn(GameWorld.kt:396)
	at com.almasb.fxgl.entity.GameWorld.spawn(GameWorld.kt:384)
	at com.almasb.fxgl.dsl.FXGL$Companion.spawn(FXGL.kt:566)
	at com.almasb.fxgl.dsl.FXGL.spawn(FXGL.kt)
	at com.demo.game1942.GameManager.restartGame(GameManager.java:298)
	at com.demo.game1942.GameManager.lambda$gameOver$0(GameManager.java:172)
	at com.sun.javafx.event.CompositeEventHandler.dispatchBubblingEvent(CompositeEventHandler.java:86)
	at com.sun.javafx.event.EventHandlerManager.dispatchBubblingEvent(EventHandlerManager.java:232)
	at com.sun.javafx.event.EventHandlerManager.dispatchBubblingEvent(EventHandlerManager.java:189)
	at com.sun.javafx.event.CompositeEventDispatcher.dispatchBubblingEvent(CompositeEventDispatcher.java:59)
	at com.sun.javafx.event.BasicEventDispatcher.dispatchEvent(BasicEventDispatcher.java:58)
	at com.sun.javafx.event.EventDispatchChainImpl.dispatchEvent(EventDispatchChainImpl.java:114)
	at com.sun.javafx.event.BasicEventDispatcher.dispatchEvent(BasicEventDispatcher.java:56)
	at com.sun.javafx.event.EventDispatchChainImpl.dispatchEvent(EventDispatchChainImpl.java:114)
	at com.sun.javafx.event.BasicEventDispatcher.dispatchEvent(BasicEventDispatcher.java:56)
	at com.sun.javafx.event.EventDispatchChainImpl.dispatchEvent(EventDispatchChainImpl.java:114)
	at com.sun.javafx.event.EventUtil.fireEventImpl(EventUtil.java:74)
	at com.sun.javafx.event.EventUtil.fireEvent(EventUtil.java:49)
	at javafx.event.Event.fireEvent(Event.java:198)
	at javafx.scene.Node.fireEvent(Node.java:8875)
	at javafx.scene.control.Button.fire(Button.java:203)
	at com.sun.javafx.scene.control.behavior.ButtonBehavior.mouseReleased(ButtonBehavior.java:207)
	at com.sun.javafx.scene.control.inputmap.InputMap.handle(InputMap.java:274)
	at com.sun.javafx.event.CompositeEventHandler$NormalEventHandlerRecord.handleBubblingEvent(CompositeEventHandler.java:247)
	at com.sun.javafx.event.CompositeEventHandler.dispatchBubblingEvent(CompositeEventHandler.java:80)
	at com.sun.javafx.event.EventHandlerManager.dispatchBubblingEvent(EventHandlerManager.java:232)
	at com.sun.javafx.event.EventHandlerManager.dispatchBubblingEvent(EventHandlerManager.java:189)
	at com.sun.javafx.event.CompositeEventDispatcher.dispatchBubblingEvent(CompositeEventDispatcher.java:59)
	at com.sun.javafx.event.BasicEventDispatcher.dispatchEvent(BasicEventDispatcher.java:58)
	at com.sun.javafx.event.EventDispatchChainImpl.dispatchEvent(EventDispatchChainImpl.java:114)
	at com.sun.javafx.event.BasicEventDispatcher.dispatchEvent(BasicEventDispatcher.java:56)
	at com.sun.javafx.event.EventDispatchChainImpl.dispatchEvent(EventDispatchChainImpl.java:114)
	at com.sun.javafx.event.BasicEventDispatcher.dispatchEvent(BasicEventDispatcher.java:56)
	at com.sun.javafx.event.EventDispatchChainImpl.dispatchEvent(EventDispatchChainImpl.java:114)
	at com.sun.javafx.event.EventUtil.fireEventImpl(EventUtil.java:74)
	at com.sun.javafx.event.EventUtil.fireEvent(EventUtil.java:54)
	at javafx.event.Event.fireEvent(Event.java:198)
	at javafx.scene.Scene$MouseHandler.process(Scene.java:3984)
	at javafx.scene.Scene.processMouseEvent(Scene.java:1890)
	at javafx.scene.Scene$ScenePeerListener.mouseEvent(Scene.java:2708)
	at com.sun.javafx.tk.quantum.GlassViewEventHandler$MouseEventNotification.run(GlassViewEventHandler.java:411)
	at com.sun.javafx.tk.quantum.GlassViewEventHandler$MouseEventNotification.run(GlassViewEventHandler.java:301)
	at java.base/java.security.AccessController.doPrivileged(AccessController.java:138)
	at com.sun.javafx.tk.quantum.GlassViewEventHandler.lambda$handleMouseEvent$2(GlassViewEventHandler.java:450)
	at com.sun.javafx.tk.quantum.QuantumToolkit.runWithoutRenderLock(QuantumToolkit.java:424)
	at com.sun.javafx.tk.quantum.GlassViewEventHandler.handleMouseEvent(GlassViewEventHandler.java:449)
	at com.sun.glass.ui.View.handleMouseEvent(View.java:551)
	at com.sun.glass.ui.View.notifyMouse(View.java:937)
	at com.sun.glass.ui.gtk.GtkApplication._runLoop(Native Method)
	at com.sun.glass.ui.gtk.GtkApplication.lambda$runLoop$10(GtkApplication.java:263)
	at java.base/java.lang.Thread.run(Thread.java:1474)

07:38:02.252 [JavaFX Application Thread] FATAL FXGLApplication      - Application will now exit
07:38:02.276 [JavaFX Application Thread] DEBUG PrimaryStageWindow   - Push state: ErrorSubScene
07:38:02.277 [JavaFX Application Thread] DEBUG Input                - Clearing active input actions
07:38:02.278 [JavaFX Application Thread] DEBUG GameApplicationServi - Removing overlay from GameScene and adding to ErrorSubScene
07:38:02.278 [JavaFX Application Thread] DEBUG PrimaryStageWindow   - GameScene -> ErrorSubScene
07:38:03.624 [JavaFX Application Thread] DEBUG FXGLApplication      - Exiting FXGL
07:38:03.625 [JavaFX Application Thread] DEBUG Async                - Shutting down background threads
07:38:03.625 [JavaFX Application Thread] DEBUG PrimaryStageWindow   - Closing main window
07:38:03.628 [JavaFX Application Thread] DEBUG Logger               - Closing Logger
