12:10:23.233 [main                     ] DEBUG Logger               - Configured Logger
12:10:23.243 [main                     ] DEBUG GameApplication      - Logging settings
Title: 1942 Remake
Version: (demo)
Width: 1280
Height: 720
Fullscreen: true
Intro: false
Profiling: false
Single step:false
App Mode: DEVELOPER
Menu Key: ESCAPE
Stage Style: DECORATED
Scene Factory: class com.almasb.fxgl.app.scene.SceneFactory

12:10:23.635 [JavaFX Application Thread] DEBUG FXGLApplication      - Initializing FXGL
12:10:23.637 [JavaFX Application Thread] INFO  Engine               - FXGL-21.1 (27.03.2024 07.52) on LINUX (J:25 FX:21.0.1)
12:10:23.638 [JavaFX Application Thread] DEBUG Engine               - JRE Vendor Name: Oracle Corporation
12:10:23.638 [JavaFX Application Thread] DEBUG Engine               - Running on OS: Linux version 6.14.0-33-generic
12:10:23.638 [JavaFX Application Thread] DEBUG Engine               - Architecture: amd64
12:10:23.638 [JavaFX Application Thread] INFO  Engine               - Source code and latest versions at: https://github.com/AlmasB/FXGL
12:10:23.638 [JavaFX Application Thread] INFO  Engine               -       Ask questions and discuss at: https://github.com/AlmasB/FXGL/discussions
12:10:23.638 [JavaFX Application Thread] INFO  Engine               -              Join the FXGL chat at: https://gitter.im/AlmasB/FXGL
12:10:23.767 [JavaFX Application Thread] DEBUG PrimaryStageWindow   - Creating a JavaFX scene
12:10:23.837 [JavaFX Application Thread] DEBUG PrimaryStageWindow   - Target settings size: 1280.0 x 720.0
12:10:23.837 [JavaFX Application Thread] DEBUG PrimaryStageWindow   - Scaled scene size:    1280.0 x 720.0
12:10:23.837 [JavaFX Application Thread] DEBUG PrimaryStageWindow   - Scaled ratio: (1.0, 1.0)
12:10:23.838 [JavaFX Application Thread] DEBUG PrimaryStageWindow   - Set initial scene to FXGLStartupScene
12:10:23.842 [JavaFX Application Thread] DEBUG PrimaryStageWindow   - Opening main window
12:10:23.912 [JavaFX Application Thread] DEBUG PrimaryStageWindow   - Window border size: (0.0, 35.0)
12:10:23.913 [JavaFX Application Thread] DEBUG PrimaryStageWindow   - Scaled size: 1280.0 x 685.0
12:10:23.913 [JavaFX Application Thread] DEBUG PrimaryStageWindow   - Scaled ratio: (1.0, 0.9513888888888888)
12:10:23.914 [JavaFX Application Thread] DEBUG PrimaryStageWindow   - Scene size: 1280.0 x 720.0
12:10:23.914 [JavaFX Application Thread] DEBUG PrimaryStageWindow   - Stage size: 1280.0 x 720.0
12:10:23.923 [FXGL Background Thread 1 ] DEBUG Engine               - Initializing environment variables
12:10:24.011 [FXGL Background Thread 1 ] DEBUG FXGLAssetLoaderServi - User app class for loading assets: class com.demo.game1942.Main
12:10:24.011 [FXGL Background Thread 1 ] DEBUG GameApplicationServi - Applying CSS: fxgl_dark.css
12:10:24.013 [FXGL Background Thread 1 ] DEBUG FXGLAssetLoaderServi - Loading from file system: jar:file:/home/sobhan/.m2/repository/com/github/almasb/fxgl/21.1/fxgl-21.1.jar!/fxglassets/ui/css/fxgl_dark.css
12:10:24.077 [FXGL Background Thread 1 ] DEBUG GameApplicationServi - Initializing application scenes
12:10:24.137 [FXGL Background Thread 1 ] DEBUG GameWorld            - Game world initialized
12:10:24.185 [FXGL Background Thread 1 ] DEBUG PhysicsWorld         - Physics world initialized: appHeight=720, physics.ppm=50.0
12:10:24.186 [FXGL Background Thread 1 ] DEBUG PhysicsWorld         - Using strategy: BRUTE_FORCE
12:10:24.195 [FXGL Background Thread 1 ] DEBUG GameScene            - Game scene initialized: 1280x720
12:10:24.207 [FXGL Background Thread 1 ] DEBUG FXGL.DefaultMenu     - createMenuBodyGameMenu()
12:10:24.217 [FXGL Background Thread 1 ] DEBUG FXGL.DefaultMenu     - createOptionsMenu()
12:10:24.226 [FXGL Background Thread 1 ] DEBUG FXGLAssetLoaderServi - Loading from file system: jar:file:/home/sobhan/.m2/repository/com/github/almasb/fxgl/21.1/fxgl-21.1.jar!/fxglassets/textures/particles/smoke.png
12:10:24.333 [FXGL Background Thread 1 ] DEBUG FXGLAssetLoaderServi - Loading from file system: jar:file:/home/sobhan/.m2/repository/com/github/almasb/fxgl/21.1/fxgl-21.1.jar!/fxglassets/textures/particles/trace_horizontal.png
12:10:24.350 [FXGL Background Thread 1 ] DEBUG GameApplicationServi - Application scenes initialized
12:10:24.356 [FXGL Background Thread 1 ] DEBUG SystemBundleService  - Loading FXGL system data
12:10:24.364 [FXGL Background Thread 1 ] DEBUG FileSystemAccess     - Reading from: /home/sobhan/VS Code/game1942/system/fxgl.bundle
12:10:24.370 [FXGL Background Thread 1 ] DEBUG SystemBundleService  - Bundle FXGL: {}
12:10:24.370 [FXGL Background Thread 1 ] DEBUG UpdaterService       - Checking for updates
12:10:24.373 [FXGL Background Thread 4 ] DEBUG FXGLApplication      - Loading fonts
12:10:24.373 [FXGL Background Thread 4 ] DEBUG FXGLAssetLoaderServi - Loading from file system: jar:file:/home/sobhan/.m2/repository/com/github/almasb/fxgl/21.1/fxgl-21.1.jar!/fxglassets/ui/fonts/VarelaRound-Regular.ttf
12:10:24.373 [FXGL Background Thread 1 ] DEBUG FXGLApplication      - Loading default localization
12:10:24.374 [FXGL Background Thread 1 ] DEBUG FXGLAssetLoaderServi - Loading from file system: jar:file:/home/sobhan/.m2/repository/com/github/almasb/fxgl/21.1/fxgl-21.1.jar!/fxglassets/languages/english.lang
12:10:24.379 [FXGL Background Thread 4 ] DEBUG FXGLAssetLoaderServi - Loading from file system: jar:file:/home/sobhan/.m2/repository/com/github/almasb/fxgl/21.1/fxgl-21.1.jar!/fxglassets/ui/fonts/Abel-Regular.ttf
12:10:24.380 [FXGL Background Thread 4 ] DEBUG FXGLAssetLoaderServi - Loading from file system: jar:file:/home/sobhan/.m2/repository/com/github/almasb/fxgl/21.1/fxgl-21.1.jar!/fxglassets/ui/fonts/TerminalLandMono-Regular.otf
12:10:24.381 [FXGL Background Thread 4 ] DEBUG FXGLAssetLoaderServi - Loading from file system: jar:file:/home/sobhan/.m2/repository/com/github/almasb/fxgl/21.1/fxgl-21.1.jar!/fxglassets/ui/fonts/Courier-Prime.ttf
12:10:24.384 [JavaFX Application Thread] DEBUG FXGLApplication      - Registering font factories with UI factory
12:10:24.385 [FXGL Background Thread 1 ] INFO  FXGLApplication      - FXGL initialization took: 0.462 sec
12:10:24.386 [JavaFX Application Thread] DEBUG FXGLAssetLoaderServi - Loading from file system: jar:file:/home/sobhan/.m2/repository/com/github/almasb/fxgl/21.1/fxgl-21.1.jar!/fxglassets/textures/fxgl_icon.png
12:10:24.404 [JavaFX Application Thread] DEBUG FXGLAssetLoaderServi - Loading from file system: jar:file:/home/sobhan/.m2/repository/com/github/almasb/fxgl/21.1/fxgl-21.1.jar!/fxglassets/textures/fxgl_default_cursor.png
12:10:24.410 [JavaFX Application Thread] DEBUG Input                - Registered new binding: Screenshot - CTRL+8
12:10:24.411 [JavaFX Application Thread] DEBUG Input                - Registered new binding: System info dump - CTRL+9
12:10:24.411 [JavaFX Application Thread] DEBUG Input                - Registered new binding: Restart - CTRL+R
12:10:24.411 [JavaFX Application Thread] DEBUG Input                - Registered new binding: Toggle Debug Camera - CTRL+7
12:10:24.413 [JavaFX Application Thread] DEBUG LoopRunner           - Starting loop
12:10:24.414 [JavaFX Application Thread] DEBUG LoopRunner           - Initializing JavaFX AnimationTimerLoop
12:10:24.416 [JavaFX Application Thread] DEBUG GameApplicationServi - Starting new game
12:10:24.416 [JavaFX Application Thread] DEBUG Input                - Clearing active input actions
12:10:24.430 [JavaFX Application Thread] DEBUG GameApplicationServi - Removing overlay from FXGLStartupScene and adding to FXGLLoadingScene
12:10:24.432 [JavaFX Application Thread] DEBUG PrimaryStageWindow   - FXGLStartupScene -> FXGLLoadingScene
12:10:24.432 [JavaFX Application Thread] DEBUG GameApplicationServi - Clearing previous game
12:10:24.432 [JavaFX Application Thread] DEBUG GameScene            - Clearing game scene
12:10:24.432 [JavaFX Application Thread] DEBUG GameWorld            - Clearing game world
12:10:24.432 [JavaFX Application Thread] DEBUG PhysicsWorld         - Clearing physics world
12:10:24.434 [FXGL Background Thread 1 ] DEBUG FXGLApplication      - Initializing game
12:10:24.440 [FXGL Background Thread 1 ] DEBUG FXGLAssetLoaderServi - Loading from file system: file:/home/sobhan/VS%20Code/game1942/target/classes/assets/textures/sky.png
12:10:24.457 [FXGL Background Thread 1 ] DEBUG FXGLAssetLoaderServi - Loading from file system: file:/home/sobhan/VS%20Code/game1942/target/classes/assets/textures/player.png
12:10:24.467 [FXGL Background Thread 1 ] DEBUG Input                - Registered new binding: Move Left - A
12:10:24.467 [FXGL Background Thread 1 ] DEBUG Input                - Registered new binding: Move Right - D
12:10:24.467 [FXGL Background Thread 1 ] DEBUG Input                - Registered new binding: Move Down - S
12:10:24.467 [FXGL Background Thread 1 ] DEBUG Input                - Registered new binding: Move Up - W
12:10:24.467 [FXGL Background Thread 1 ] DEBUG Input                - Registered new binding: Shoot - Space
12:10:24.470 [FXGL Background Thread 1 ] INFO  FXGLApplication      - Game initialization took: 0.036 sec
12:10:24.562 [JavaFX Application Thread] DEBUG Input                - Clearing active input actions
12:10:24.570 [JavaFX Application Thread] DEBUG GameApplicationServi - Removing overlay from FXGLLoadingScene and adding to GameScene
12:10:24.570 [JavaFX Application Thread] DEBUG PrimaryStageWindow   - FXGLLoadingScene -> GameScene
12:10:26.580 [JavaFX Application Thread] DEBUG FXGLAssetLoaderServi - Loading from file system: file:/home/sobhan/VS%20Code/game1942/target/classes/assets/textures/basic.png
12:10:27.327 [JavaFX Application Thread] DEBUG FXGLAssetLoaderServi - Loading from file system: file:/home/sobhan/VS%20Code/game1942/target/classes/assets/textures/enemyBullet.png
12:10:27.372 [FXGL Background Thread 3 ] DEBUG Engine               - Logging environment variables
12:10:27.372 [FXGL Background Thread 3 ] DEBUG Engine               - achievements: []
12:10:27.372 [FXGL Background Thread 3 ] DEBUG Engine               - actualHeight: 685.0
12:10:27.373 [FXGL Background Thread 3 ] DEBUG Engine               - actualHeightProperty: ReadOnlyDoubleProperty [value: 722.0]
12:10:27.373 [FXGL Background Thread 3 ] DEBUG Engine               - actualWidth: 1280.0
12:10:27.373 [FXGL Background Thread 3 ] DEBUG Engine               - actualWidthProperty: ReadOnlyDoubleProperty [value: 1280.0]
12:10:27.373 [FXGL Background Thread 3 ] DEBUG Engine               - appIcon: fxgl_icon.png
12:10:27.373 [FXGL Background Thread 3 ] DEBUG Engine               - applicationMode: DEVELOPER
12:10:27.373 [FXGL Background Thread 3 ] DEBUG Engine               - cSSList: [fxgl_dark.css]
12:10:27.373 [FXGL Background Thread 3 ] DEBUG Engine               - collisionDetectionStrategy: BRUTE_FORCE
12:10:27.373 [FXGL Background Thread 3 ] DEBUG Engine               - configClass: Optional.empty
12:10:27.373 [FXGL Background Thread 3 ] DEBUG Engine               - credits: []
12:10:27.373 [FXGL Background Thread 3 ] DEBUG Engine               - defaultCursor: CursorInfo(imageName=fxgl_default_cursor.png, hotspotX=7.0, hotspotY=6.0)
12:10:27.373 [FXGL Background Thread 3 ] DEBUG Engine               - devBBoxColorProperty: ObjectProperty [value: 0xff0000ff]
12:10:27.373 [FXGL Background Thread 3 ] DEBUG Engine               - devEnableDebugCameraProperty: BooleanProperty [value: false]
12:10:27.373 [FXGL Background Thread 3 ] DEBUG Engine               - devSensorColorProperty: ObjectProperty [value: 0xffff00ff]
12:10:27.373 [FXGL Background Thread 3 ] DEBUG Engine               - devShowBBoxProperty: BooleanProperty [value: false]
12:10:27.373 [FXGL Background Thread 3 ] DEBUG Engine               - devShowPositionProperty: BooleanProperty [value: false]
12:10:27.373 [FXGL Background Thread 3 ] DEBUG Engine               - enabledMenuItems: []
12:10:27.373 [FXGL Background Thread 3 ] DEBUG Engine               - engineServices: [class com.almasb.fxgl.app.services.FXGLAssetLoaderService, class com.almasb.fxgl.app.FXGLApplication$GameApplicationService, class com.almasb.fxgl.app.services.FXGLDialogService, class com.almasb.fxgl.app.services.IOTaskExecutorService, class com.almasb.fxgl.io.FileSystemService, class com.almasb.fxgl.localization.LocalizationService, class com.almasb.fxgl.app.services.SystemBundleService, class com.almasb.fxgl.profile.SaveLoadService, class com.almasb.fxgl.ui.FXGLUIFactoryServiceProvider, class com.almasb.fxgl.ui.FXGLDialogFactoryServiceProvider, class com.almasb.fxgl.audio.AudioPlayer, class com.almasb.fxgl.notification.impl.NotificationServiceProvider, class com.almasb.fxgl.achievement.AchievementService, class com.almasb.fxgl.cutscene.CutsceneService, class com.almasb.fxgl.minigames.MiniGameService, class com.almasb.fxgl.net.NetService, class com.almasb.fxgl.app.services.UpdaterService, class com.almasb.fxgl.dev.DevService]
12:10:27.373 [FXGL Background Thread 3 ] DEBUG Engine               - fontGame: Abel-Regular.ttf
12:10:27.373 [FXGL Background Thread 3 ] DEBUG Engine               - fontMono: TerminalLandMono-Regular.otf
12:10:27.374 [FXGL Background Thread 3 ] DEBUG Engine               - fontSizeScaleUI: 1.0
12:10:27.374 [FXGL Background Thread 3 ] DEBUG Engine               - fontText: Courier-Prime.ttf
12:10:27.374 [FXGL Background Thread 3 ] DEBUG Engine               - fontUI: VarelaRound-Regular.ttf
12:10:27.374 [FXGL Background Thread 3 ] DEBUG Engine               - fullScreen: BooleanProperty [value: false]
12:10:27.374 [FXGL Background Thread 3 ] DEBUG Engine               - gameDifficulty: MEDIUM
12:10:27.374 [FXGL Background Thread 3 ] DEBUG Engine               - gameDifficultyProperty: ObjectProperty [value: MEDIUM]
12:10:27.374 [FXGL Background Thread 3 ] DEBUG Engine               - globalMusicVolume: 0.5
12:10:27.374 [FXGL Background Thread 3 ] DEBUG Engine               - globalMusicVolumeProperty: DoubleProperty [value: 0.5]
12:10:27.374 [FXGL Background Thread 3 ] DEBUG Engine               - globalSoundVolume: 0.5
12:10:27.374 [FXGL Background Thread 3 ] DEBUG Engine               - globalSoundVolumeProperty: DoubleProperty [value: 0.5]
12:10:27.374 [FXGL Background Thread 3 ] DEBUG Engine               - height: 720
12:10:27.374 [FXGL Background Thread 3 ] DEBUG Engine               - is3D: false
12:10:27.374 [FXGL Background Thread 3 ] DEBUG Engine               - isAndroid: false
12:10:27.374 [FXGL Background Thread 3 ] DEBUG Engine               - isBrowser: false
12:10:27.374 [FXGL Background Thread 3 ] DEBUG Engine               - isClickFeedbackEnabled: false
12:10:27.374 [FXGL Background Thread 3 ] DEBUG Engine               - isCloseConfirmation: false
12:10:27.374 [FXGL Background Thread 3 ] DEBUG Engine               - isDesktop: true
12:10:27.374 [FXGL Background Thread 3 ] DEBUG Engine               - isDeveloperMenuEnabled: false
12:10:27.374 [FXGL Background Thread 3 ] DEBUG Engine               - isEmbedded: false
12:10:27.374 [FXGL Background Thread 3 ] DEBUG Engine               - isEntityPreloadEnabled: true
12:10:27.374 [FXGL Background Thread 3 ] DEBUG Engine               - isExperimentalTiledLargeMap: false
12:10:27.374 [FXGL Background Thread 3 ] DEBUG Engine               - isFileSystemWriteAllowed: true
12:10:27.374 [FXGL Background Thread 3 ] DEBUG Engine               - isFullScreenAllowed: true
12:10:27.374 [FXGL Background Thread 3 ] DEBUG Engine               - isFullScreenFromStart: false
12:10:27.374 [FXGL Background Thread 3 ] DEBUG Engine               - isGameMenuEnabled: true
12:10:27.374 [FXGL Background Thread 3 ] DEBUG Engine               - isIOS: false
12:10:27.374 [FXGL Background Thread 3 ] DEBUG Engine               - isIntroEnabled: false
12:10:27.375 [FXGL Background Thread 3 ] DEBUG Engine               - isLinux: true
12:10:27.375 [FXGL Background Thread 3 ] DEBUG Engine               - isMac: false
12:10:27.375 [FXGL Background Thread 3 ] DEBUG Engine               - isMainMenuEnabled: false
12:10:27.375 [FXGL Background Thread 3 ] DEBUG Engine               - isManualResizeEnabled: false
12:10:27.375 [FXGL Background Thread 3 ] DEBUG Engine               - isMobile: false
12:10:27.375 [FXGL Background Thread 3 ] DEBUG Engine               - isNative: false
12:10:27.375 [FXGL Background Thread 3 ] DEBUG Engine               - isPauseMusicWhenMinimized: true
12:10:27.375 [FXGL Background Thread 3 ] DEBUG Engine               - isPreserveResizeRatio: false
12:10:27.375 [FXGL Background Thread 3 ] DEBUG Engine               - isProfilingEnabled: false
12:10:27.375 [FXGL Background Thread 3 ] DEBUG Engine               - isScaleAffectedOnResize: true
12:10:27.375 [FXGL Background Thread 3 ] DEBUG Engine               - isSingleStep: false
12:10:27.375 [FXGL Background Thread 3 ] DEBUG Engine               - isUserProfileEnabled: false
12:10:27.375 [FXGL Background Thread 3 ] DEBUG Engine               - isWindows: false
12:10:27.375 [FXGL Background Thread 3 ] DEBUG Engine               - language: ObjectProperty [value: ENGLISH]
12:10:27.375 [FXGL Background Thread 3 ] DEBUG Engine               - menuKey: ESCAPE
12:10:27.375 [FXGL Background Thread 3 ] DEBUG Engine               - mouseSensitivity: 0.2
12:10:27.375 [FXGL Background Thread 3 ] DEBUG Engine               - notificationViewClass: class com.almasb.fxgl.notification.view.XboxNotificationView
12:10:27.375 [FXGL Background Thread 3 ] DEBUG Engine               - pixelsPerMeter: 50.0
12:10:27.375 [FXGL Background Thread 3 ] DEBUG Engine               - platform: LINUX
12:10:27.375 [FXGL Background Thread 3 ] DEBUG Engine               - prefHeightProperty: ReadOnlyDoubleProperty [value: 720.0]
12:10:27.375 [FXGL Background Thread 3 ] DEBUG Engine               - prefWidthProperty: ReadOnlyDoubleProperty [value: 1280.0]
12:10:27.375 [FXGL Background Thread 3 ] DEBUG Engine               - profileDir: profiles/
12:10:27.375 [FXGL Background Thread 3 ] DEBUG Engine               - profileName: StringProperty [value: DEFAULT]
12:10:27.375 [FXGL Background Thread 3 ] DEBUG Engine               - randomSeed: -1
12:10:27.376 [FXGL Background Thread 3 ] DEBUG Engine               - runtimeInfo: RuntimeInfo(platform=LINUX, version=21.1, build=27.03.2024 07.52)
12:10:27.376 [FXGL Background Thread 3 ] DEBUG Engine               - saveFileExt: sav
12:10:27.376 [FXGL Background Thread 3 ] DEBUG Engine               - scaledHeightProp$fxgl: DoubleProperty [bound, value: 722.0]
12:10:27.376 [FXGL Background Thread 3 ] DEBUG Engine               - scaledWidthProp$fxgl: DoubleProperty [bound, value: 1280.0]
12:10:27.376 [FXGL Background Thread 3 ] DEBUG Engine               - sceneFactory: com.almasb.fxgl.app.scene.SceneFactory@64a7fdfd
12:10:27.376 [FXGL Background Thread 3 ] DEBUG Engine               - secondsIn24h: 60
12:10:27.376 [FXGL Background Thread 3 ] DEBUG Engine               - soundMenuBack: menu/back.wav
12:10:27.376 [FXGL Background Thread 3 ] DEBUG Engine               - soundMenuPress: menu/press.wav
12:10:27.376 [FXGL Background Thread 3 ] DEBUG Engine               - soundMenuSelect: menu/select.wav
12:10:27.376 [FXGL Background Thread 3 ] DEBUG Engine               - soundNotification: core/notification.wav
12:10:27.376 [FXGL Background Thread 3 ] DEBUG Engine               - stageStyle: DECORATED
12:10:27.376 [FXGL Background Thread 3 ] DEBUG Engine               - supportedLanguages: [ENGLISH, FRENCH, GERMAN, HUNGARIAN, RUSSIAN]
12:10:27.376 [FXGL Background Thread 3 ] DEBUG Engine               - ticksPerSecond: -1
12:10:27.376 [FXGL Background Thread 3 ] DEBUG Engine               - title: 1942 Remake
12:10:27.376 [FXGL Background Thread 3 ] DEBUG Engine               - urlGithub: https://github.com/AlmasB/FXGL
12:10:27.376 [FXGL Background Thread 3 ] DEBUG Engine               - urlLeaderboard: http://fxgl-top.herokuapp.com/
12:10:27.376 [FXGL Background Thread 3 ] DEBUG Engine               - urlPOM: https://raw.githubusercontent.com/AlmasB/FXGL/release/README.md
12:10:27.376 [FXGL Background Thread 3 ] DEBUG Engine               - userAppClass: class com.demo.game1942.Main
12:10:27.376 [FXGL Background Thread 3 ] DEBUG Engine               - version: (demo)
12:10:27.376 [FXGL Background Thread 3 ] DEBUG Engine               - versionCheckDays: 7
12:10:27.376 [FXGL Background Thread 3 ] DEBUG Engine               - width: 1280
12:10:27.376 [FXGL Background Thread 3 ] DEBUG Engine               - Logging services
12:10:27.376 [FXGL Background Thread 3 ] DEBUG Engine               - class com.almasb.fxgl.app.services.FXGLAssetLoaderService
12:10:27.376 [FXGL Background Thread 3 ] DEBUG Engine               - class com.almasb.fxgl.app.FXGLApplication$GameApplicationService
12:10:27.376 [FXGL Background Thread 3 ] DEBUG Engine               - class com.almasb.fxgl.app.services.FXGLDialogService
12:10:27.376 [FXGL Background Thread 3 ] DEBUG Engine               - class com.almasb.fxgl.app.services.IOTaskExecutorService
12:10:27.376 [FXGL Background Thread 3 ] DEBUG Engine               - class com.almasb.fxgl.io.FileSystemService
12:10:27.376 [FXGL Background Thread 3 ] DEBUG Engine               - class com.almasb.fxgl.localization.LocalizationService
12:10:27.376 [FXGL Background Thread 3 ] DEBUG Engine               - class com.almasb.fxgl.app.services.SystemBundleService
12:10:27.376 [FXGL Background Thread 3 ] DEBUG Engine               - class com.almasb.fxgl.profile.SaveLoadService
12:10:27.376 [FXGL Background Thread 3 ] DEBUG Engine               - class com.almasb.fxgl.ui.FXGLUIFactoryServiceProvider
12:10:27.376 [FXGL Background Thread 3 ] DEBUG Engine               - class com.almasb.fxgl.ui.FXGLDialogFactoryServiceProvider
12:10:27.376 [FXGL Background Thread 3 ] DEBUG Engine               - class com.almasb.fxgl.audio.AudioPlayer
12:10:27.376 [FXGL Background Thread 3 ] DEBUG Engine               - class com.almasb.fxgl.notification.impl.NotificationServiceProvider
12:10:27.376 [FXGL Background Thread 3 ] DEBUG Engine               - class com.almasb.fxgl.achievement.AchievementService
12:10:27.376 [FXGL Background Thread 3 ] DEBUG Engine               - class com.almasb.fxgl.cutscene.CutsceneService
12:10:27.376 [FXGL Background Thread 3 ] DEBUG Engine               - class com.almasb.fxgl.minigames.MiniGameService
12:10:27.376 [FXGL Background Thread 3 ] DEBUG Engine               - class com.almasb.fxgl.net.NetService
12:10:27.376 [FXGL Background Thread 3 ] DEBUG Engine               - class com.almasb.fxgl.app.services.UpdaterService
12:10:27.376 [FXGL Background Thread 3 ] DEBUG Engine               - class com.almasb.fxgl.dev.DevService
12:10:28.344 [JavaFX Application Thread] DEBUG FXGLAssetLoaderServi - Loading from file system: file:/home/sobhan/VS%20Code/game1942/target/classes/assets/sounds/shoot2.wav
12:10:28.402 [JavaFX Application Thread] DEBUG FXGLAssetLoaderServi - Loading from file system: file:/home/sobhan/VS%20Code/game1942/target/classes/assets/sounds/shoot.wav
12:10:28.403 [JavaFX Application Thread] DEBUG FXGLAssetLoaderServi - Loading from file system: file:/home/sobhan/VS%20Code/game1942/target/classes/assets/textures/playerbullet.png
12:10:29.066 [JavaFX Application Thread] DEBUG FXGLAssetLoaderServi - Loading from file system: file:/home/sobhan/VS%20Code/game1942/target/classes/assets/sounds/explosion3.wav
12:10:29.076 [JavaFX Application Thread] DEBUG FXGLAssetLoaderServi - Loading from file system: file:/home/sobhan/VS%20Code/game1942/target/classes/assets/textures/explosion.png
12:10:29.579 [JavaFX Application Thread] DEBUG FXGLAssetLoaderServi - Loading from file system: file:/home/sobhan/VS%20Code/game1942/target/classes/assets/textures/fast.png
12:10:30.454 [JavaFX Application Thread] DEBUG FXGLAssetLoaderServi - Loading from file system: file:/home/sobhan/VS%20Code/game1942/target/classes/assets/sounds/powerup.wav
12:10:32.514 [JavaFX Application Thread] DEBUG FXGLAssetLoaderServi - Loading from file system: file:/home/sobhan/VS%20Code/game1942/target/classes/assets/sounds/explosion2.wav
12:10:33.647 [JavaFX Application Thread] DEBUG FXGLAssetLoaderServi - Loading from file system: file:/home/sobhan/VS%20Code/game1942/target/classes/assets/sounds/explosion.wav
12:10:37.503 [JavaFX Application Thread] DEBUG FXGLAssetLoaderServi - Loading from file system: file:/home/sobhan/VS%20Code/game1942/target/classes/assets/textures/tank.png
12:10:48.671 [JavaFX Application Thread] DEBUG FXGLApplication      - Exiting FXGL
12:10:48.671 [JavaFX Application Thread] DEBUG LoopRunner           - Stopping loop
12:10:48.671 [JavaFX Application Thread] DEBUG SystemBundleService  - Saving FXGL system data
12:10:48.678 [JavaFX Application Thread] DEBUG FileSystemAccess     - Writing to: /home/sobhan/VS Code/game1942/system/fxgl.bundle
12:10:48.681 [JavaFX Application Thread] DEBUG Async                - Shutting down background threads
12:10:48.681 [JavaFX Application Thread] DEBUG PrimaryStageWindow   - Closing main window
12:10:48.684 [JavaFX Application Thread] DEBUG Logger               - Closing Logger
