15:57:13.826 [main                     ] DEBUG Logger               - Configured Logger
15:57:13.830 [main                     ] DEBUG GameApplication      - Logging settings
Title: 1942 Remake
Version: (demo)
Width: 600
Height: 800
Fullscreen: true
Intro: false
Profiling: false
Single step:false
App Mode: DEVELOPER
Menu Key: ESCAPE
Stage Style: DECORATED
Scene Factory: class com.almasb.fxgl.app.scene.SceneFactory

15:57:14.102 [JavaFX Application Thread] DEBUG FXGLApplication      - Initializing FXGL
15:57:14.104 [JavaFX Application Thread] INFO  Engine               - FXGL-21.1 (27.03.2024 07.52) on LINUX (J:25 FX:21.0.1)
15:57:14.105 [JavaFX Application Thread] DEBUG Engine               - JRE Vendor Name: Oracle Corporation
15:57:14.105 [JavaFX Application Thread] DEBUG Engine               - Running on OS: Linux version 6.14.0-33-generic
15:57:14.105 [JavaFX Application Thread] DEBUG Engine               - Architecture: amd64
15:57:14.105 [JavaFX Application Thread] INFO  Engine               - Source code and latest versions at: https://github.com/AlmasB/FXGL
15:57:14.105 [JavaFX Application Thread] INFO  Engine               -       Ask questions and discuss at: https://github.com/AlmasB/FXGL/discussions
15:57:14.106 [JavaFX Application Thread] INFO  Engine               -              Join the FXGL chat at: https://gitter.im/AlmasB/FXGL
15:57:14.178 [JavaFX Application Thread] DEBUG PrimaryStageWindow   - Creating a JavaFX scene
15:57:14.240 [JavaFX Application Thread] DEBUG PrimaryStageWindow   - Target settings size: 600.0 x 800.0
15:57:14.241 [JavaFX Application Thread] DEBUG PrimaryStageWindow   - Scaled scene size:    600.0 x 800.0
15:57:14.241 [JavaFX Application Thread] DEBUG PrimaryStageWindow   - Scaled ratio: (1.0, 1.0)
15:57:14.242 [JavaFX Application Thread] DEBUG PrimaryStageWindow   - Set initial scene to FXGLStartupScene
15:57:14.246 [JavaFX Application Thread] DEBUG PrimaryStageWindow   - Opening main window
15:57:14.274 [JavaFX Application Thread] DEBUG PrimaryStageWindow   - Window border size: (0.0, 35.0)
15:57:14.274 [JavaFX Application Thread] DEBUG PrimaryStageWindow   - Scaled size: 600.0 x 765.0
15:57:14.274 [JavaFX Application Thread] DEBUG PrimaryStageWindow   - Scaled ratio: (1.0, 0.95625)
15:57:14.274 [JavaFX Application Thread] DEBUG PrimaryStageWindow   - Scene size: 600.0 x 800.0
15:57:14.274 [JavaFX Application Thread] DEBUG PrimaryStageWindow   - Stage size: 600.0 x 800.0
15:57:14.281 [FXGL Background Thread 1 ] DEBUG Engine               - Initializing environment variables
15:57:14.365 [FXGL Background Thread 1 ] DEBUG FXGLAssetLoaderServi - User app class for loading assets: class com.demo.game1942.Main
15:57:14.366 [FXGL Background Thread 1 ] DEBUG GameApplicationServi - Applying CSS: fxgl_dark.css
15:57:14.368 [FXGL Background Thread 1 ] DEBUG FXGLAssetLoaderServi - Loading from file system: jar:file:/home/sobhan/.m2/repository/com/github/almasb/fxgl/21.1/fxgl-21.1.jar!/fxglassets/ui/css/fxgl_dark.css
15:57:14.419 [FXGL Background Thread 1 ] DEBUG GameApplicationServi - Initializing application scenes
15:57:14.459 [FXGL Background Thread 1 ] DEBUG GameWorld            - Game world initialized
15:57:14.490 [FXGL Background Thread 1 ] DEBUG PhysicsWorld         - Physics world initialized: appHeight=800, physics.ppm=50.0
15:57:14.490 [FXGL Background Thread 1 ] DEBUG PhysicsWorld         - Using strategy: BRUTE_FORCE
15:57:14.492 [FXGL Background Thread 1 ] DEBUG GameScene            - Game scene initialized: 600x800
15:57:14.499 [FXGL Background Thread 1 ] WARN  FXGL.DefaultMenu     - FXGLDefaultMenu is not designed for resolutions < 800x600
15:57:14.499 [FXGL Background Thread 1 ] DEBUG FXGL.DefaultMenu     - createMenuBodyGameMenu()
15:57:14.508 [FXGL Background Thread 1 ] DEBUG FXGL.DefaultMenu     - createOptionsMenu()
15:57:14.514 [FXGL Background Thread 1 ] DEBUG FXGLAssetLoaderServi - Loading from file system: jar:file:/home/sobhan/.m2/repository/com/github/almasb/fxgl/21.1/fxgl-21.1.jar!/fxglassets/textures/particles/smoke.png
15:57:14.577 [FXGL Background Thread 1 ] DEBUG FXGLAssetLoaderServi - Loading from file system: jar:file:/home/sobhan/.m2/repository/com/github/almasb/fxgl/21.1/fxgl-21.1.jar!/fxglassets/textures/particles/trace_horizontal.png
15:57:14.595 [FXGL Background Thread 1 ] DEBUG GameApplicationServi - Application scenes initialized
15:57:14.601 [FXGL Background Thread 1 ] DEBUG SystemBundleService  - Loading FXGL system data
15:57:14.603 [FXGL Background Thread 1 ] DEBUG FileSystemAccess     - Reading from: /home/sobhan/VS Code/game1942/system/fxgl.bundle
15:57:14.607 [FXGL Background Thread 1 ] DEBUG SystemBundleService  - Bundle FXGL: {}
15:57:14.607 [FXGL Background Thread 1 ] DEBUG UpdaterService       - Checking for updates
15:57:14.613 [FXGL Background Thread 4 ] DEBUG FXGLApplication      - Loading fonts
15:57:14.614 [FXGL Background Thread 1 ] DEBUG FXGLApplication      - Loading default localization
15:57:14.614 [FXGL Background Thread 4 ] DEBUG FXGLAssetLoaderServi - Loading from file system: jar:file:/home/sobhan/.m2/repository/com/github/almasb/fxgl/21.1/fxgl-21.1.jar!/fxglassets/ui/fonts/VarelaRound-Regular.ttf
15:57:14.615 [FXGL Background Thread 1 ] DEBUG FXGLAssetLoaderServi - Loading from file system: jar:file:/home/sobhan/.m2/repository/com/github/almasb/fxgl/21.1/fxgl-21.1.jar!/fxglassets/languages/english.lang
15:57:14.622 [FXGL Background Thread 4 ] DEBUG FXGLAssetLoaderServi - Loading from file system: jar:file:/home/sobhan/.m2/repository/com/github/almasb/fxgl/21.1/fxgl-21.1.jar!/fxglassets/ui/fonts/Abel-Regular.ttf
15:57:14.624 [FXGL Background Thread 4 ] DEBUG FXGLAssetLoaderServi - Loading from file system: jar:file:/home/sobhan/.m2/repository/com/github/almasb/fxgl/21.1/fxgl-21.1.jar!/fxglassets/ui/fonts/TerminalLandMono-Regular.otf
15:57:14.626 [FXGL Background Thread 4 ] DEBUG FXGLAssetLoaderServi - Loading from file system: jar:file:/home/sobhan/.m2/repository/com/github/almasb/fxgl/21.1/fxgl-21.1.jar!/fxglassets/ui/fonts/Courier-Prime.ttf
15:57:14.630 [JavaFX Application Thread] DEBUG FXGLApplication      - Registering font factories with UI factory
15:57:14.631 [FXGL Background Thread 1 ] INFO  FXGLApplication      - FXGL initialization took: 0.350 sec
15:57:14.632 [JavaFX Application Thread] DEBUG FXGLAssetLoaderServi - Loading from file system: jar:file:/home/sobhan/.m2/repository/com/github/almasb/fxgl/21.1/fxgl-21.1.jar!/fxglassets/textures/fxgl_icon.png
15:57:14.648 [JavaFX Application Thread] DEBUG FXGLAssetLoaderServi - Loading from file system: jar:file:/home/sobhan/.m2/repository/com/github/almasb/fxgl/21.1/fxgl-21.1.jar!/fxglassets/textures/fxgl_default_cursor.png
15:57:14.656 [JavaFX Application Thread] DEBUG Input                - Registered new binding: Screenshot - CTRL+8
15:57:14.657 [JavaFX Application Thread] DEBUG Input                - Registered new binding: System info dump - CTRL+9
15:57:14.657 [JavaFX Application Thread] DEBUG Input                - Registered new binding: Restart - CTRL+R
15:57:14.657 [JavaFX Application Thread] DEBUG Input                - Registered new binding: Toggle Debug Camera - CTRL+7
15:57:14.659 [JavaFX Application Thread] DEBUG LoopRunner           - Starting loop
15:57:14.659 [JavaFX Application Thread] DEBUG LoopRunner           - Initializing JavaFX AnimationTimerLoop
15:57:14.660 [JavaFX Application Thread] DEBUG GameApplicationServi - Starting new game
15:57:14.660 [JavaFX Application Thread] DEBUG Input                - Clearing active input actions
15:57:14.670 [JavaFX Application Thread] DEBUG GameApplicationServi - Removing overlay from FXGLStartupScene and adding to FXGLLoadingScene
15:57:14.670 [JavaFX Application Thread] DEBUG PrimaryStageWindow   - FXGLStartupScene -> FXGLLoadingScene
15:57:14.670 [JavaFX Application Thread] DEBUG GameApplicationServi - Clearing previous game
15:57:14.670 [JavaFX Application Thread] DEBUG GameScene            - Clearing game scene
15:57:14.670 [JavaFX Application Thread] DEBUG GameWorld            - Clearing game world
15:57:14.671 [JavaFX Application Thread] DEBUG PhysicsWorld         - Clearing physics world
15:57:14.672 [FXGL Background Thread 1 ] DEBUG FXGLApplication      - Initializing game
15:57:14.686 [FXGL Background Thread 1 ] DEBUG Input                - Registered new binding: Move Left - A
15:57:14.686 [FXGL Background Thread 1 ] DEBUG Input                - Registered new binding: Move Right - D
15:57:14.687 [FXGL Background Thread 1 ] DEBUG Input                - Registered new binding: Move Down - S
15:57:14.687 [FXGL Background Thread 1 ] DEBUG Input                - Registered new binding: Move Up - W
15:57:14.687 [FXGL Background Thread 1 ] DEBUG Input                - Registered new binding: Shoot - Space
15:57:14.691 [FXGL Background Thread 1 ] INFO  FXGLApplication      - Game initialization took: 0.019 sec
15:57:14.764 [JavaFX Application Thread] DEBUG Input                - Clearing active input actions
15:57:14.772 [JavaFX Application Thread] DEBUG GameApplicationServi - Removing overlay from FXGLLoadingScene and adding to GameScene
15:57:14.772 [JavaFX Application Thread] DEBUG PrimaryStageWindow   - FXGLLoadingScene -> GameScene
15:57:17.611 [FXGL Background Thread 3 ] DEBUG Engine               - Logging environment variables
15:57:17.611 [FXGL Background Thread 3 ] DEBUG Engine               - achievements: []
15:57:17.611 [FXGL Background Thread 3 ] DEBUG Engine               - actualHeight: 765.0
15:57:17.611 [FXGL Background Thread 3 ] DEBUG Engine               - actualHeightProperty: ReadOnlyDoubleProperty [value: 802.0]
15:57:17.611 [FXGL Background Thread 3 ] DEBUG Engine               - actualWidth: 600.0
15:57:17.611 [FXGL Background Thread 3 ] DEBUG Engine               - actualWidthProperty: ReadOnlyDoubleProperty [value: 600.0]
15:57:17.611 [FXGL Background Thread 3 ] DEBUG Engine               - appIcon: fxgl_icon.png
15:57:17.611 [FXGL Background Thread 3 ] DEBUG Engine               - applicationMode: DEVELOPER
15:57:17.611 [FXGL Background Thread 3 ] DEBUG Engine               - cSSList: [fxgl_dark.css]
15:57:17.612 [FXGL Background Thread 3 ] DEBUG Engine               - collisionDetectionStrategy: BRUTE_FORCE
15:57:17.612 [FXGL Background Thread 3 ] DEBUG Engine               - configClass: Optional.empty
15:57:17.612 [FXGL Background Thread 3 ] DEBUG Engine               - credits: []
15:57:17.612 [FXGL Background Thread 3 ] DEBUG Engine               - defaultCursor: CursorInfo(imageName=fxgl_default_cursor.png, hotspotX=7.0, hotspotY=6.0)
15:57:17.612 [FXGL Background Thread 3 ] DEBUG Engine               - devBBoxColorProperty: ObjectProperty [value: 0xff0000ff]
15:57:17.612 [FXGL Background Thread 3 ] DEBUG Engine               - devEnableDebugCameraProperty: BooleanProperty [value: false]
15:57:17.612 [FXGL Background Thread 3 ] DEBUG Engine               - devSensorColorProperty: ObjectProperty [value: 0xffff00ff]
15:57:17.612 [FXGL Background Thread 3 ] DEBUG Engine               - devShowBBoxProperty: BooleanProperty [value: false]
15:57:17.612 [FXGL Background Thread 3 ] DEBUG Engine               - devShowPositionProperty: BooleanProperty [value: false]
15:57:17.612 [FXGL Background Thread 3 ] DEBUG Engine               - enabledMenuItems: []
15:57:17.612 [FXGL Background Thread 3 ] DEBUG Engine               - engineServices: [class com.almasb.fxgl.app.services.FXGLAssetLoaderService, class com.almasb.fxgl.app.FXGLApplication$GameApplicationService, class com.almasb.fxgl.app.services.FXGLDialogService, class com.almasb.fxgl.app.services.IOTaskExecutorService, class com.almasb.fxgl.io.FileSystemService, class com.almasb.fxgl.localization.LocalizationService, class com.almasb.fxgl.app.services.SystemBundleService, class com.almasb.fxgl.profile.SaveLoadService, class com.almasb.fxgl.ui.FXGLUIFactoryServiceProvider, class com.almasb.fxgl.ui.FXGLDialogFactoryServiceProvider, class com.almasb.fxgl.audio.AudioPlayer, class com.almasb.fxgl.notification.impl.NotificationServiceProvider, class com.almasb.fxgl.achievement.AchievementService, class com.almasb.fxgl.cutscene.CutsceneService, class com.almasb.fxgl.minigames.MiniGameService, class com.almasb.fxgl.net.NetService, class com.almasb.fxgl.app.services.UpdaterService, class com.almasb.fxgl.dev.DevService]
15:57:17.612 [FXGL Background Thread 3 ] DEBUG Engine               - fontGame: Abel-Regular.ttf
15:57:17.612 [FXGL Background Thread 3 ] DEBUG Engine               - fontMono: TerminalLandMono-Regular.otf
15:57:17.612 [FXGL Background Thread 3 ] DEBUG Engine               - fontSizeScaleUI: 1.0
15:57:17.612 [FXGL Background Thread 3 ] DEBUG Engine               - fontText: Courier-Prime.ttf
15:57:17.612 [FXGL Background Thread 3 ] DEBUG Engine               - fontUI: VarelaRound-Regular.ttf
15:57:17.612 [FXGL Background Thread 3 ] DEBUG Engine               - fullScreen: BooleanProperty [value: false]
15:57:17.612 [FXGL Background Thread 3 ] DEBUG Engine               - gameDifficulty: MEDIUM
15:57:17.612 [FXGL Background Thread 3 ] DEBUG Engine               - gameDifficultyProperty: ObjectProperty [value: MEDIUM]
15:57:17.612 [FXGL Background Thread 3 ] DEBUG Engine               - globalMusicVolume: 0.5
15:57:17.613 [FXGL Background Thread 3 ] DEBUG Engine               - globalMusicVolumeProperty: DoubleProperty [value: 0.5]
15:57:17.613 [FXGL Background Thread 3 ] DEBUG Engine               - globalSoundVolume: 0.5
15:57:17.613 [FXGL Background Thread 3 ] DEBUG Engine               - globalSoundVolumeProperty: DoubleProperty [value: 0.5]
15:57:17.613 [FXGL Background Thread 3 ] DEBUG Engine               - height: 800
15:57:17.613 [FXGL Background Thread 3 ] DEBUG Engine               - is3D: false
15:57:17.613 [FXGL Background Thread 3 ] DEBUG Engine               - isAndroid: false
15:57:17.613 [FXGL Background Thread 3 ] DEBUG Engine               - isBrowser: false
15:57:17.613 [FXGL Background Thread 3 ] DEBUG Engine               - isClickFeedbackEnabled: false
15:57:17.613 [FXGL Background Thread 3 ] DEBUG Engine               - isCloseConfirmation: false
15:57:17.614 [FXGL Background Thread 3 ] DEBUG Engine               - isDesktop: true
15:57:17.614 [FXGL Background Thread 3 ] DEBUG Engine               - isDeveloperMenuEnabled: false
15:57:17.614 [FXGL Background Thread 3 ] DEBUG Engine               - isEmbedded: false
15:57:17.614 [FXGL Background Thread 3 ] DEBUG Engine               - isEntityPreloadEnabled: true
15:57:17.614 [FXGL Background Thread 3 ] DEBUG Engine               - isExperimentalTiledLargeMap: false
15:57:17.614 [FXGL Background Thread 3 ] DEBUG Engine               - isFileSystemWriteAllowed: true
15:57:17.614 [FXGL Background Thread 3 ] DEBUG Engine               - isFullScreenAllowed: true
15:57:17.614 [FXGL Background Thread 3 ] DEBUG Engine               - isFullScreenFromStart: false
15:57:17.614 [FXGL Background Thread 3 ] DEBUG Engine               - isGameMenuEnabled: true
15:57:17.614 [FXGL Background Thread 3 ] DEBUG Engine               - isIOS: false
15:57:17.615 [FXGL Background Thread 3 ] DEBUG Engine               - isIntroEnabled: false
15:57:17.615 [FXGL Background Thread 3 ] DEBUG Engine               - isLinux: true
15:57:17.615 [FXGL Background Thread 3 ] DEBUG Engine               - isMac: false
15:57:17.615 [FXGL Background Thread 3 ] DEBUG Engine               - isMainMenuEnabled: false
15:57:17.615 [FXGL Background Thread 3 ] DEBUG Engine               - isManualResizeEnabled: false
15:57:17.615 [FXGL Background Thread 3 ] DEBUG Engine               - isMobile: false
15:57:17.615 [FXGL Background Thread 3 ] DEBUG Engine               - isNative: false
15:57:17.615 [FXGL Background Thread 3 ] DEBUG Engine               - isPauseMusicWhenMinimized: true
15:57:17.615 [FXGL Background Thread 3 ] DEBUG Engine               - isPreserveResizeRatio: false
15:57:17.615 [FXGL Background Thread 3 ] DEBUG Engine               - isProfilingEnabled: false
15:57:17.616 [FXGL Background Thread 3 ] DEBUG Engine               - isScaleAffectedOnResize: true
15:57:17.616 [FXGL Background Thread 3 ] DEBUG Engine               - isSingleStep: false
15:57:17.616 [FXGL Background Thread 3 ] DEBUG Engine               - isUserProfileEnabled: false
15:57:17.616 [FXGL Background Thread 3 ] DEBUG Engine               - isWindows: false
15:57:17.616 [FXGL Background Thread 3 ] DEBUG Engine               - language: ObjectProperty [value: ENGLISH]
15:57:17.616 [FXGL Background Thread 3 ] DEBUG Engine               - menuKey: ESCAPE
15:57:17.616 [FXGL Background Thread 3 ] DEBUG Engine               - mouseSensitivity: 0.2
15:57:17.616 [FXGL Background Thread 3 ] DEBUG Engine               - notificationViewClass: class com.almasb.fxgl.notification.view.XboxNotificationView
15:57:17.616 [FXGL Background Thread 3 ] DEBUG Engine               - pixelsPerMeter: 50.0
15:57:17.616 [FXGL Background Thread 3 ] DEBUG Engine               - platform: LINUX
15:57:17.616 [FXGL Background Thread 3 ] DEBUG Engine               - prefHeightProperty: ReadOnlyDoubleProperty [value: 800.0]
15:57:17.616 [FXGL Background Thread 3 ] DEBUG Engine               - prefWidthProperty: ReadOnlyDoubleProperty [value: 600.0]
15:57:17.616 [FXGL Background Thread 3 ] DEBUG Engine               - profileDir: profiles/
15:57:17.616 [FXGL Background Thread 3 ] DEBUG Engine               - profileName: StringProperty [value: DEFAULT]
15:57:17.616 [FXGL Background Thread 3 ] DEBUG Engine               - randomSeed: -1
15:57:17.616 [FXGL Background Thread 3 ] DEBUG Engine               - runtimeInfo: RuntimeInfo(platform=LINUX, version=21.1, build=27.03.2024 07.52)
15:57:17.616 [FXGL Background Thread 3 ] DEBUG Engine               - saveFileExt: sav
15:57:17.616 [FXGL Background Thread 3 ] DEBUG Engine               - scaledHeightProp$fxgl: DoubleProperty [bound, value: 802.0]
15:57:17.616 [FXGL Background Thread 3 ] DEBUG Engine               - scaledWidthProp$fxgl: DoubleProperty [bound, value: 600.0]
15:57:17.616 [FXGL Background Thread 3 ] DEBUG Engine               - sceneFactory: com.almasb.fxgl.app.scene.SceneFactory@48757141
15:57:17.616 [FXGL Background Thread 3 ] DEBUG Engine               - secondsIn24h: 60
15:57:17.616 [FXGL Background Thread 3 ] DEBUG Engine               - soundMenuBack: menu/back.wav
15:57:17.617 [FXGL Background Thread 3 ] DEBUG Engine               - soundMenuPress: menu/press.wav
15:57:17.617 [FXGL Background Thread 3 ] DEBUG Engine               - soundMenuSelect: menu/select.wav
15:57:17.617 [FXGL Background Thread 3 ] DEBUG Engine               - soundNotification: core/notification.wav
15:57:17.617 [FXGL Background Thread 3 ] DEBUG Engine               - stageStyle: DECORATED
15:57:17.617 [FXGL Background Thread 3 ] DEBUG Engine               - supportedLanguages: [ENGLISH, FRENCH, GERMAN, HUNGARIAN, RUSSIAN]
15:57:17.617 [FXGL Background Thread 3 ] DEBUG Engine               - ticksPerSecond: -1
15:57:17.617 [FXGL Background Thread 3 ] DEBUG Engine               - title: 1942 Remake
15:57:17.617 [FXGL Background Thread 3 ] DEBUG Engine               - urlGithub: https://github.com/AlmasB/FXGL
15:57:17.617 [FXGL Background Thread 3 ] DEBUG Engine               - urlLeaderboard: http://fxgl-top.herokuapp.com/
15:57:17.617 [FXGL Background Thread 3 ] DEBUG Engine               - urlPOM: https://raw.githubusercontent.com/AlmasB/FXGL/release/README.md
15:57:17.617 [FXGL Background Thread 3 ] DEBUG Engine               - userAppClass: class com.demo.game1942.Main
15:57:17.617 [FXGL Background Thread 3 ] DEBUG Engine               - version: (demo)
15:57:17.617 [FXGL Background Thread 3 ] DEBUG Engine               - versionCheckDays: 7
15:57:17.617 [FXGL Background Thread 3 ] DEBUG Engine               - width: 600
15:57:17.617 [FXGL Background Thread 3 ] DEBUG Engine               - Logging services
15:57:17.617 [FXGL Background Thread 3 ] DEBUG Engine               - class com.almasb.fxgl.app.services.FXGLAssetLoaderService
15:57:17.617 [FXGL Background Thread 3 ] DEBUG Engine               - class com.almasb.fxgl.app.FXGLApplication$GameApplicationService
15:57:17.617 [FXGL Background Thread 3 ] DEBUG Engine               - class com.almasb.fxgl.app.services.FXGLDialogService
15:57:17.617 [FXGL Background Thread 3 ] DEBUG Engine               - class com.almasb.fxgl.app.services.IOTaskExecutorService
15:57:17.617 [FXGL Background Thread 3 ] DEBUG Engine               - class com.almasb.fxgl.io.FileSystemService
15:57:17.617 [FXGL Background Thread 3 ] DEBUG Engine               - class com.almasb.fxgl.localization.LocalizationService
15:57:17.617 [FXGL Background Thread 3 ] DEBUG Engine               - class com.almasb.fxgl.app.services.SystemBundleService
15:57:17.617 [FXGL Background Thread 3 ] DEBUG Engine               - class com.almasb.fxgl.profile.SaveLoadService
15:57:17.617 [FXGL Background Thread 3 ] DEBUG Engine               - class com.almasb.fxgl.ui.FXGLUIFactoryServiceProvider
15:57:17.617 [FXGL Background Thread 3 ] DEBUG Engine               - class com.almasb.fxgl.ui.FXGLDialogFactoryServiceProvider
15:57:17.617 [FXGL Background Thread 3 ] DEBUG Engine               - class com.almasb.fxgl.audio.AudioPlayer
15:57:17.617 [FXGL Background Thread 3 ] DEBUG Engine               - class com.almasb.fxgl.notification.impl.NotificationServiceProvider
15:57:17.617 [FXGL Background Thread 3 ] DEBUG Engine               - class com.almasb.fxgl.achievement.AchievementService
15:57:17.617 [FXGL Background Thread 3 ] DEBUG Engine               - class com.almasb.fxgl.cutscene.CutsceneService
15:57:17.617 [FXGL Background Thread 3 ] DEBUG Engine               - class com.almasb.fxgl.minigames.MiniGameService
15:57:17.617 [FXGL Background Thread 3 ] DEBUG Engine               - class com.almasb.fxgl.net.NetService
15:57:17.617 [FXGL Background Thread 3 ] DEBUG Engine               - class com.almasb.fxgl.app.services.UpdaterService
15:57:17.617 [FXGL Background Thread 3 ] DEBUG Engine               - class com.almasb.fxgl.dev.DevService
15:57:49.189 [JavaFX Application Thread] DEBUG LoopRunner           - Stopping loop
15:57:49.190 [JavaFX Application Thread] FATAL FXGLApplication      - Uncaught Exception:
java.lang.NullPointerException: Cannot invoke "com.almasb.fxgl.entity.Entity.getX()" because "this.entity" is null
	at com.demo.game1942.EnemyManager.spawnDirectionalBullet(EnemyManager.java:197)
	at com.demo.game1942.EnemyManager.lambda$shootCirclePattern$0(EnemyManager.java:182)
	at com.almasb.fxgl.time.TimerAction.update(TimerAction.kt:69)
	at com.almasb.fxgl.time.Timer.update(Timer.kt:38)
	at com.almasb.fxgl.scene.Scene.update(Scene.kt:104)
	at com.almasb.fxgl.app.MainWindow$update$1.invoke(MainWindow.kt:121)
	at com.almasb.fxgl.app.MainWindow$update$1.invoke(MainWindow.kt:121)
	at com.almasb.fxgl.core.fsm.StateMachine.runOnActiveStates(StateMachine.kt:69)
	at com.almasb.fxgl.app.MainWindow.update(MainWindow.kt:121)
	at com.almasb.fxgl.app.FXGLApplication$GameApplicationService.onUpdate(FXGLApplication.kt:445)
	at com.almasb.fxgl.app.Engine.loop(Engine.kt:134)
	at com.almasb.fxgl.app.Engine.access$loop(Engine.kt:24)
	at com.almasb.fxgl.app.Engine$loop$1.invoke(Engine.kt:28)
	at com.almasb.fxgl.app.Engine$loop$1.invoke(Engine.kt:28)
	at com.almasb.fxgl.app.LoopRunner.frame(LoopRunner.kt:103)
	at com.almasb.fxgl.app.LoopRunner.access$frame(LoopRunner.kt:23)
	at com.almasb.fxgl.app.LoopRunner$impl$2$1.onTick(LoopRunner.kt:57)
	at com.almasb.fxgl.app.AnimationTimerLoop$timer$1.handle(LoopRunner.kt:137)
	at javafx.animation.AnimationTimer$AnimationTimerReceiver.lambda$handle$0(AnimationTimer.java:58)
	at java.base/java.security.AccessController.doPrivileged(AccessController.java:138)
	at javafx.animation.AnimationTimer$AnimationTimerReceiver.handle(AnimationTimer.java:57)
	at com.sun.scenario.animation.AbstractPrimaryTimer.timePulseImpl(AbstractPrimaryTimer.java:356)
	at com.sun.scenario.animation.AbstractPrimaryTimer$MainLoop.run(AbstractPrimaryTimer.java:266)
	at com.sun.javafx.tk.quantum.QuantumToolkit.pulse(QuantumToolkit.java:588)
	at com.sun.javafx.tk.quantum.QuantumToolkit.pulse(QuantumToolkit.java:572)
	at com.sun.javafx.tk.quantum.QuantumToolkit.pulseFromQueue(QuantumToolkit.java:565)
	at com.sun.javafx.tk.quantum.QuantumToolkit.lambda$runToolkit$11(QuantumToolkit.java:352)
	at com.sun.glass.ui.InvokeLaterDispatcher$Future.run(InvokeLaterDispatcher.java:95)
	at com.sun.glass.ui.gtk.GtkApplication._runLoop(Native Method)
	at com.sun.glass.ui.gtk.GtkApplication.lambda$runLoop$10(GtkApplication.java:263)
	at java.base/java.lang.Thread.run(Thread.java:1474)

15:57:49.190 [JavaFX Application Thread] FATAL FXGLApplication      - Application will now exit
15:57:49.209 [JavaFX Application Thread] DEBUG PrimaryStageWindow   - Push state: ErrorSubScene
15:57:49.209 [JavaFX Application Thread] DEBUG Input                - Clearing active input actions
15:57:49.212 [JavaFX Application Thread] DEBUG GameApplicationServi - Removing overlay from GameScene and adding to ErrorSubScene
15:57:49.212 [JavaFX Application Thread] DEBUG PrimaryStageWindow   - GameScene -> ErrorSubScene
15:58:02.433 [JavaFX Application Thread] DEBUG FXGLApplication      - Exiting FXGL
15:58:02.433 [JavaFX Application Thread] DEBUG Async                - Shutting down background threads
15:58:02.433 [JavaFX Application Thread] DEBUG PrimaryStageWindow   - Closing main window
15:58:02.435 [JavaFX Application Thread] DEBUG Logger               - Closing Logger
