15:56:16.572 [main                     ] DEBUG Logger               - Configured Logger
15:56:16.577 [main                     ] DEBUG GameApplication      - Logging settings
Title: 1942 Remake
Version: (demo)
Width: 600
Height: 800
Fullscreen: true
Intro: false
Profiling: false
Single step:false
App Mode: DEVELOPER
Menu Key: ESCAPE
Stage Style: DECORATED
Scene Factory: class com.almasb.fxgl.app.scene.SceneFactory

15:56:16.898 [JavaFX Application Thread] DEBUG FXGLApplication      - Initializing FXGL
15:56:16.901 [JavaFX Application Thread] INFO  Engine               - FXGL-21.1 (27.03.2024 07.52) on LINUX (J:25 FX:21.0.1)
15:56:16.902 [JavaFX Application Thread] DEBUG Engine               - JRE Vendor Name: Oracle Corporation
15:56:16.902 [JavaFX Application Thread] DEBUG Engine               - Running on OS: Linux version 6.14.0-33-generic
15:56:16.902 [JavaFX Application Thread] DEBUG Engine               - Architecture: amd64
15:56:16.902 [JavaFX Application Thread] INFO  Engine               - Source code and latest versions at: https://github.com/AlmasB/FXGL
15:56:16.902 [JavaFX Application Thread] INFO  Engine               -       Ask questions and discuss at: https://github.com/AlmasB/FXGL/discussions
15:56:16.902 [JavaFX Application Thread] INFO  Engine               -              Join the FXGL chat at: https://gitter.im/AlmasB/FXGL
15:56:16.973 [JavaFX Application Thread] DEBUG PrimaryStageWindow   - Creating a JavaFX scene
15:56:17.052 [JavaFX Application Thread] DEBUG PrimaryStageWindow   - Target settings size: 600.0 x 800.0
15:56:17.052 [JavaFX Application Thread] DEBUG PrimaryStageWindow   - Scaled scene size:    600.0 x 800.0
15:56:17.052 [JavaFX Application Thread] DEBUG PrimaryStageWindow   - Scaled ratio: (1.0, 1.0)
15:56:17.053 [JavaFX Application Thread] DEBUG PrimaryStageWindow   - Set initial scene to FXGLStartupScene
15:56:17.056 [JavaFX Application Thread] DEBUG PrimaryStageWindow   - Opening main window
15:56:17.085 [JavaFX Application Thread] DEBUG PrimaryStageWindow   - Window border size: (0.0, 35.0)
15:56:17.086 [JavaFX Application Thread] DEBUG PrimaryStageWindow   - Scaled size: 600.0 x 765.0
15:56:17.086 [JavaFX Application Thread] DEBUG PrimaryStageWindow   - Scaled ratio: (1.0, 0.95625)
15:56:17.086 [JavaFX Application Thread] DEBUG PrimaryStageWindow   - Scene size: 600.0 x 800.0
15:56:17.086 [JavaFX Application Thread] DEBUG PrimaryStageWindow   - Stage size: 600.0 x 800.0
15:56:17.091 [FXGL Background Thread 1 ] DEBUG Engine               - Initializing environment variables
15:56:17.180 [FXGL Background Thread 1 ] DEBUG FXGLAssetLoaderServi - User app class for loading assets: class com.demo.game1942.Main
15:56:17.180 [FXGL Background Thread 1 ] DEBUG GameApplicationServi - Applying CSS: fxgl_dark.css
15:56:17.181 [FXGL Background Thread 1 ] DEBUG FXGLAssetLoaderServi - Loading from file system: jar:file:/home/sobhan/.m2/repository/com/github/almasb/fxgl/21.1/fxgl-21.1.jar!/fxglassets/ui/css/fxgl_dark.css
15:56:17.224 [FXGL Background Thread 1 ] DEBUG GameApplicationServi - Initializing application scenes
15:56:17.269 [FXGL Background Thread 1 ] DEBUG GameWorld            - Game world initialized
15:56:17.301 [FXGL Background Thread 1 ] DEBUG PhysicsWorld         - Physics world initialized: appHeight=800, physics.ppm=50.0
15:56:17.302 [FXGL Background Thread 1 ] DEBUG PhysicsWorld         - Using strategy: BRUTE_FORCE
15:56:17.304 [FXGL Background Thread 1 ] DEBUG GameScene            - Game scene initialized: 600x800
15:56:17.313 [FXGL Background Thread 1 ] WARN  FXGL.DefaultMenu     - FXGLDefaultMenu is not designed for resolutions < 800x600
15:56:17.313 [FXGL Background Thread 1 ] DEBUG FXGL.DefaultMenu     - createMenuBodyGameMenu()
15:56:17.327 [FXGL Background Thread 1 ] DEBUG FXGL.DefaultMenu     - createOptionsMenu()
15:56:17.335 [FXGL Background Thread 1 ] DEBUG FXGLAssetLoaderServi - Loading from file system: jar:file:/home/sobhan/.m2/repository/com/github/almasb/fxgl/21.1/fxgl-21.1.jar!/fxglassets/textures/particles/smoke.png
15:56:17.401 [FXGL Background Thread 1 ] DEBUG FXGLAssetLoaderServi - Loading from file system: jar:file:/home/sobhan/.m2/repository/com/github/almasb/fxgl/21.1/fxgl-21.1.jar!/fxglassets/textures/particles/trace_horizontal.png
15:56:17.419 [FXGL Background Thread 1 ] DEBUG GameApplicationServi - Application scenes initialized
15:56:17.432 [FXGL Background Thread 1 ] DEBUG SystemBundleService  - Loading FXGL system data
15:56:17.436 [FXGL Background Thread 1 ] DEBUG FileSystemAccess     - Reading from: /home/sobhan/VS Code/game1942/system/fxgl.bundle
15:56:17.444 [FXGL Background Thread 1 ] DEBUG SystemBundleService  - Bundle FXGL: {}
15:56:17.445 [FXGL Background Thread 1 ] DEBUG UpdaterService       - Checking for updates
15:56:17.449 [FXGL Background Thread 4 ] DEBUG FXGLApplication      - Loading fonts
15:56:17.450 [FXGL Background Thread 4 ] DEBUG FXGLAssetLoaderServi - Loading from file system: jar:file:/home/sobhan/.m2/repository/com/github/almasb/fxgl/21.1/fxgl-21.1.jar!/fxglassets/ui/fonts/VarelaRound-Regular.ttf
15:56:17.451 [FXGL Background Thread 1 ] DEBUG FXGLApplication      - Loading default localization
15:56:17.452 [FXGL Background Thread 1 ] DEBUG FXGLAssetLoaderServi - Loading from file system: jar:file:/home/sobhan/.m2/repository/com/github/almasb/fxgl/21.1/fxgl-21.1.jar!/fxglassets/languages/english.lang
15:56:17.458 [FXGL Background Thread 4 ] DEBUG FXGLAssetLoaderServi - Loading from file system: jar:file:/home/sobhan/.m2/repository/com/github/almasb/fxgl/21.1/fxgl-21.1.jar!/fxglassets/ui/fonts/Abel-Regular.ttf
15:56:17.459 [FXGL Background Thread 4 ] DEBUG FXGLAssetLoaderServi - Loading from file system: jar:file:/home/sobhan/.m2/repository/com/github/almasb/fxgl/21.1/fxgl-21.1.jar!/fxglassets/ui/fonts/TerminalLandMono-Regular.otf
15:56:17.460 [FXGL Background Thread 4 ] DEBUG FXGLAssetLoaderServi - Loading from file system: jar:file:/home/sobhan/.m2/repository/com/github/almasb/fxgl/21.1/fxgl-21.1.jar!/fxglassets/ui/fonts/Courier-Prime.ttf
15:56:17.463 [JavaFX Application Thread] DEBUG FXGLApplication      - Registering font factories with UI factory
15:56:17.467 [FXGL Background Thread 1 ] INFO  FXGLApplication      - FXGL initialization took: 0.376 sec
15:56:17.468 [JavaFX Application Thread] DEBUG FXGLAssetLoaderServi - Loading from file system: jar:file:/home/sobhan/.m2/repository/com/github/almasb/fxgl/21.1/fxgl-21.1.jar!/fxglassets/textures/fxgl_icon.png
15:56:17.484 [JavaFX Application Thread] DEBUG FXGLAssetLoaderServi - Loading from file system: jar:file:/home/sobhan/.m2/repository/com/github/almasb/fxgl/21.1/fxgl-21.1.jar!/fxglassets/textures/fxgl_default_cursor.png
15:56:17.490 [JavaFX Application Thread] DEBUG Input                - Registered new binding: Screenshot - CTRL+8
15:56:17.490 [JavaFX Application Thread] DEBUG Input                - Registered new binding: System info dump - CTRL+9
15:56:17.491 [JavaFX Application Thread] DEBUG Input                - Registered new binding: Restart - CTRL+R
15:56:17.491 [JavaFX Application Thread] DEBUG Input                - Registered new binding: Toggle Debug Camera - CTRL+7
15:56:17.492 [JavaFX Application Thread] DEBUG LoopRunner           - Starting loop
15:56:17.492 [JavaFX Application Thread] DEBUG LoopRunner           - Initializing JavaFX AnimationTimerLoop
15:56:17.493 [JavaFX Application Thread] DEBUG GameApplicationServi - Starting new game
15:56:17.493 [JavaFX Application Thread] DEBUG Input                - Clearing active input actions
15:56:17.499 [JavaFX Application Thread] DEBUG GameApplicationServi - Removing overlay from FXGLStartupScene and adding to FXGLLoadingScene
15:56:17.499 [JavaFX Application Thread] DEBUG PrimaryStageWindow   - FXGLStartupScene -> FXGLLoadingScene
15:56:17.500 [JavaFX Application Thread] DEBUG GameApplicationServi - Clearing previous game
15:56:17.500 [JavaFX Application Thread] DEBUG GameScene            - Clearing game scene
15:56:17.500 [JavaFX Application Thread] DEBUG GameWorld            - Clearing game world
15:56:17.500 [JavaFX Application Thread] DEBUG PhysicsWorld         - Clearing physics world
15:56:17.501 [FXGL Background Thread 1 ] DEBUG FXGLApplication      - Initializing game
15:56:17.521 [FXGL Background Thread 1 ] DEBUG Input                - Registered new binding: Move Left - A
15:56:17.521 [FXGL Background Thread 1 ] DEBUG Input                - Registered new binding: Move Right - D
15:56:17.521 [FXGL Background Thread 1 ] DEBUG Input                - Registered new binding: Move Down - S
15:56:17.522 [FXGL Background Thread 1 ] DEBUG Input                - Registered new binding: Move Up - W
15:56:17.522 [FXGL Background Thread 1 ] DEBUG Input                - Registered new binding: Shoot - Space
15:56:17.532 [FXGL Background Thread 1 ] INFO  FXGLApplication      - Game initialization took: 0.031 sec
15:56:17.602 [JavaFX Application Thread] DEBUG Input                - Clearing active input actions
15:56:17.608 [JavaFX Application Thread] DEBUG GameApplicationServi - Removing overlay from FXGLLoadingScene and adding to GameScene
15:56:17.608 [JavaFX Application Thread] DEBUG PrimaryStageWindow   - FXGLLoadingScene -> GameScene
15:56:20.447 [FXGL Background Thread 3 ] DEBUG Engine               - Logging environment variables
15:56:20.448 [FXGL Background Thread 3 ] DEBUG Engine               - achievements: []
15:56:20.448 [FXGL Background Thread 3 ] DEBUG Engine               - actualHeight: 765.0
15:56:20.448 [FXGL Background Thread 3 ] DEBUG Engine               - actualHeightProperty: ReadOnlyDoubleProperty [value: 802.0]
15:56:20.448 [FXGL Background Thread 3 ] DEBUG Engine               - actualWidth: 600.0
15:56:20.448 [FXGL Background Thread 3 ] DEBUG Engine               - actualWidthProperty: ReadOnlyDoubleProperty [value: 600.0]
15:56:20.448 [FXGL Background Thread 3 ] DEBUG Engine               - appIcon: fxgl_icon.png
15:56:20.448 [FXGL Background Thread 3 ] DEBUG Engine               - applicationMode: DEVELOPER
15:56:20.448 [FXGL Background Thread 3 ] DEBUG Engine               - cSSList: [fxgl_dark.css]
15:56:20.448 [FXGL Background Thread 3 ] DEBUG Engine               - collisionDetectionStrategy: BRUTE_FORCE
15:56:20.448 [FXGL Background Thread 3 ] DEBUG Engine               - configClass: Optional.empty
15:56:20.448 [FXGL Background Thread 3 ] DEBUG Engine               - credits: []
15:56:20.449 [FXGL Background Thread 3 ] DEBUG Engine               - defaultCursor: CursorInfo(imageName=fxgl_default_cursor.png, hotspotX=7.0, hotspotY=6.0)
15:56:20.449 [FXGL Background Thread 3 ] DEBUG Engine               - devBBoxColorProperty: ObjectProperty [value: 0xff0000ff]
15:56:20.449 [FXGL Background Thread 3 ] DEBUG Engine               - devEnableDebugCameraProperty: BooleanProperty [value: false]
15:56:20.449 [FXGL Background Thread 3 ] DEBUG Engine               - devSensorColorProperty: ObjectProperty [value: 0xffff00ff]
15:56:20.449 [FXGL Background Thread 3 ] DEBUG Engine               - devShowBBoxProperty: BooleanProperty [value: false]
15:56:20.449 [FXGL Background Thread 3 ] DEBUG Engine               - devShowPositionProperty: BooleanProperty [value: false]
15:56:20.449 [FXGL Background Thread 3 ] DEBUG Engine               - enabledMenuItems: []
15:56:20.449 [FXGL Background Thread 3 ] DEBUG Engine               - engineServices: [class com.almasb.fxgl.app.services.FXGLAssetLoaderService, class com.almasb.fxgl.app.FXGLApplication$GameApplicationService, class com.almasb.fxgl.app.services.FXGLDialogService, class com.almasb.fxgl.app.services.IOTaskExecutorService, class com.almasb.fxgl.io.FileSystemService, class com.almasb.fxgl.localization.LocalizationService, class com.almasb.fxgl.app.services.SystemBundleService, class com.almasb.fxgl.profile.SaveLoadService, class com.almasb.fxgl.ui.FXGLUIFactoryServiceProvider, class com.almasb.fxgl.ui.FXGLDialogFactoryServiceProvider, class com.almasb.fxgl.audio.AudioPlayer, class com.almasb.fxgl.notification.impl.NotificationServiceProvider, class com.almasb.fxgl.achievement.AchievementService, class com.almasb.fxgl.cutscene.CutsceneService, class com.almasb.fxgl.minigames.MiniGameService, class com.almasb.fxgl.net.NetService, class com.almasb.fxgl.app.services.UpdaterService, class com.almasb.fxgl.dev.DevService]
15:56:20.449 [FXGL Background Thread 3 ] DEBUG Engine               - fontGame: Abel-Regular.ttf
15:56:20.449 [FXGL Background Thread 3 ] DEBUG Engine               - fontMono: TerminalLandMono-Regular.otf
15:56:20.449 [FXGL Background Thread 3 ] DEBUG Engine               - fontSizeScaleUI: 1.0
15:56:20.449 [FXGL Background Thread 3 ] DEBUG Engine               - fontText: Courier-Prime.ttf
15:56:20.449 [FXGL Background Thread 3 ] DEBUG Engine               - fontUI: VarelaRound-Regular.ttf
15:56:20.449 [FXGL Background Thread 3 ] DEBUG Engine               - fullScreen: BooleanProperty [value: false]
15:56:20.449 [FXGL Background Thread 3 ] DEBUG Engine               - gameDifficulty: MEDIUM
15:56:20.449 [FXGL Background Thread 3 ] DEBUG Engine               - gameDifficultyProperty: ObjectProperty [value: MEDIUM]
15:56:20.449 [FXGL Background Thread 3 ] DEBUG Engine               - globalMusicVolume: 0.5
15:56:20.449 [FXGL Background Thread 3 ] DEBUG Engine               - globalMusicVolumeProperty: DoubleProperty [value: 0.5]
15:56:20.449 [FXGL Background Thread 3 ] DEBUG Engine               - globalSoundVolume: 0.5
15:56:20.449 [FXGL Background Thread 3 ] DEBUG Engine               - globalSoundVolumeProperty: DoubleProperty [value: 0.5]
15:56:20.449 [FXGL Background Thread 3 ] DEBUG Engine               - height: 800
15:56:20.449 [FXGL Background Thread 3 ] DEBUG Engine               - is3D: false
15:56:20.449 [FXGL Background Thread 3 ] DEBUG Engine               - isAndroid: false
15:56:20.449 [FXGL Background Thread 3 ] DEBUG Engine               - isBrowser: false
15:56:20.449 [FXGL Background Thread 3 ] DEBUG Engine               - isClickFeedbackEnabled: false
15:56:20.449 [FXGL Background Thread 3 ] DEBUG Engine               - isCloseConfirmation: false
15:56:20.450 [FXGL Background Thread 3 ] DEBUG Engine               - isDesktop: true
15:56:20.450 [FXGL Background Thread 3 ] DEBUG Engine               - isDeveloperMenuEnabled: false
15:56:20.450 [FXGL Background Thread 3 ] DEBUG Engine               - isEmbedded: false
15:56:20.450 [FXGL Background Thread 3 ] DEBUG Engine               - isEntityPreloadEnabled: true
15:56:20.450 [FXGL Background Thread 3 ] DEBUG Engine               - isExperimentalTiledLargeMap: false
15:56:20.450 [FXGL Background Thread 3 ] DEBUG Engine               - isFileSystemWriteAllowed: true
15:56:20.450 [FXGL Background Thread 3 ] DEBUG Engine               - isFullScreenAllowed: true
15:56:20.450 [FXGL Background Thread 3 ] DEBUG Engine               - isFullScreenFromStart: false
15:56:20.450 [FXGL Background Thread 3 ] DEBUG Engine               - isGameMenuEnabled: true
15:56:20.450 [FXGL Background Thread 3 ] DEBUG Engine               - isIOS: false
15:56:20.450 [FXGL Background Thread 3 ] DEBUG Engine               - isIntroEnabled: false
15:56:20.450 [FXGL Background Thread 3 ] DEBUG Engine               - isLinux: true
15:56:20.450 [FXGL Background Thread 3 ] DEBUG Engine               - isMac: false
15:56:20.450 [FXGL Background Thread 3 ] DEBUG Engine               - isMainMenuEnabled: false
15:56:20.450 [FXGL Background Thread 3 ] DEBUG Engine               - isManualResizeEnabled: false
15:56:20.450 [FXGL Background Thread 3 ] DEBUG Engine               - isMobile: false
15:56:20.450 [FXGL Background Thread 3 ] DEBUG Engine               - isNative: false
15:56:20.450 [FXGL Background Thread 3 ] DEBUG Engine               - isPauseMusicWhenMinimized: true
15:56:20.450 [FXGL Background Thread 3 ] DEBUG Engine               - isPreserveResizeRatio: false
15:56:20.450 [FXGL Background Thread 3 ] DEBUG Engine               - isProfilingEnabled: false
15:56:20.450 [FXGL Background Thread 3 ] DEBUG Engine               - isScaleAffectedOnResize: true
15:56:20.450 [FXGL Background Thread 3 ] DEBUG Engine               - isSingleStep: false
15:56:20.450 [FXGL Background Thread 3 ] DEBUG Engine               - isUserProfileEnabled: false
15:56:20.450 [FXGL Background Thread 3 ] DEBUG Engine               - isWindows: false
15:56:20.450 [FXGL Background Thread 3 ] DEBUG Engine               - language: ObjectProperty [value: ENGLISH]
15:56:20.450 [FXGL Background Thread 3 ] DEBUG Engine               - menuKey: ESCAPE
15:56:20.450 [FXGL Background Thread 3 ] DEBUG Engine               - mouseSensitivity: 0.2
15:56:20.450 [FXGL Background Thread 3 ] DEBUG Engine               - notificationViewClass: class com.almasb.fxgl.notification.view.XboxNotificationView
15:56:20.450 [FXGL Background Thread 3 ] DEBUG Engine               - pixelsPerMeter: 50.0
15:56:20.450 [FXGL Background Thread 3 ] DEBUG Engine               - platform: LINUX
15:56:20.450 [FXGL Background Thread 3 ] DEBUG Engine               - prefHeightProperty: ReadOnlyDoubleProperty [value: 800.0]
15:56:20.450 [FXGL Background Thread 3 ] DEBUG Engine               - prefWidthProperty: ReadOnlyDoubleProperty [value: 600.0]
15:56:20.450 [FXGL Background Thread 3 ] DEBUG Engine               - profileDir: profiles/
15:56:20.450 [FXGL Background Thread 3 ] DEBUG Engine               - profileName: StringProperty [value: DEFAULT]
15:56:20.450 [FXGL Background Thread 3 ] DEBUG Engine               - randomSeed: -1
15:56:20.451 [FXGL Background Thread 3 ] DEBUG Engine               - runtimeInfo: RuntimeInfo(platform=LINUX, version=21.1, build=27.03.2024 07.52)
15:56:20.451 [FXGL Background Thread 3 ] DEBUG Engine               - saveFileExt: sav
15:56:20.451 [FXGL Background Thread 3 ] DEBUG Engine               - scaledHeightProp$fxgl: DoubleProperty [bound, value: 802.0]
15:56:20.451 [FXGL Background Thread 3 ] DEBUG Engine               - scaledWidthProp$fxgl: DoubleProperty [bound, value: 600.0]
15:56:20.451 [FXGL Background Thread 3 ] DEBUG Engine               - sceneFactory: com.almasb.fxgl.app.scene.SceneFactory@6e5e7db2
15:56:20.451 [FXGL Background Thread 3 ] DEBUG Engine               - secondsIn24h: 60
15:56:20.451 [FXGL Background Thread 3 ] DEBUG Engine               - soundMenuBack: menu/back.wav
15:56:20.451 [FXGL Background Thread 3 ] DEBUG Engine               - soundMenuPress: menu/press.wav
15:56:20.451 [FXGL Background Thread 3 ] DEBUG Engine               - soundMenuSelect: menu/select.wav
15:56:20.451 [FXGL Background Thread 3 ] DEBUG Engine               - soundNotification: core/notification.wav
15:56:20.451 [FXGL Background Thread 3 ] DEBUG Engine               - stageStyle: DECORATED
15:56:20.451 [FXGL Background Thread 3 ] DEBUG Engine               - supportedLanguages: [ENGLISH, FRENCH, GERMAN, HUNGARIAN, RUSSIAN]
15:56:20.451 [FXGL Background Thread 3 ] DEBUG Engine               - ticksPerSecond: -1
15:56:20.451 [FXGL Background Thread 3 ] DEBUG Engine               - title: 1942 Remake
15:56:20.451 [FXGL Background Thread 3 ] DEBUG Engine               - urlGithub: https://github.com/AlmasB/FXGL
15:56:20.451 [FXGL Background Thread 3 ] DEBUG Engine               - urlLeaderboard: http://fxgl-top.herokuapp.com/
15:56:20.451 [FXGL Background Thread 3 ] DEBUG Engine               - urlPOM: https://raw.githubusercontent.com/AlmasB/FXGL/release/README.md
15:56:20.451 [FXGL Background Thread 3 ] DEBUG Engine               - userAppClass: class com.demo.game1942.Main
15:56:20.451 [FXGL Background Thread 3 ] DEBUG Engine               - version: (demo)
15:56:20.451 [FXGL Background Thread 3 ] DEBUG Engine               - versionCheckDays: 7
15:56:20.451 [FXGL Background Thread 3 ] DEBUG Engine               - width: 600
15:56:20.451 [FXGL Background Thread 3 ] DEBUG Engine               - Logging services
15:56:20.451 [FXGL Background Thread 3 ] DEBUG Engine               - class com.almasb.fxgl.app.services.FXGLAssetLoaderService
15:56:20.451 [FXGL Background Thread 3 ] DEBUG Engine               - class com.almasb.fxgl.app.FXGLApplication$GameApplicationService
15:56:20.451 [FXGL Background Thread 3 ] DEBUG Engine               - class com.almasb.fxgl.app.services.FXGLDialogService
15:56:20.451 [FXGL Background Thread 3 ] DEBUG Engine               - class com.almasb.fxgl.app.services.IOTaskExecutorService
15:56:20.451 [FXGL Background Thread 3 ] DEBUG Engine               - class com.almasb.fxgl.io.FileSystemService
15:56:20.451 [FXGL Background Thread 3 ] DEBUG Engine               - class com.almasb.fxgl.localization.LocalizationService
15:56:20.451 [FXGL Background Thread 3 ] DEBUG Engine               - class com.almasb.fxgl.app.services.SystemBundleService
15:56:20.451 [FXGL Background Thread 3 ] DEBUG Engine               - class com.almasb.fxgl.profile.SaveLoadService
15:56:20.451 [FXGL Background Thread 3 ] DEBUG Engine               - class com.almasb.fxgl.ui.FXGLUIFactoryServiceProvider
15:56:20.451 [FXGL Background Thread 3 ] DEBUG Engine               - class com.almasb.fxgl.ui.FXGLDialogFactoryServiceProvider
15:56:20.451 [FXGL Background Thread 3 ] DEBUG Engine               - class com.almasb.fxgl.audio.AudioPlayer
15:56:20.451 [FXGL Background Thread 3 ] DEBUG Engine               - class com.almasb.fxgl.notification.impl.NotificationServiceProvider
15:56:20.451 [FXGL Background Thread 3 ] DEBUG Engine               - class com.almasb.fxgl.achievement.AchievementService
15:56:20.451 [FXGL Background Thread 3 ] DEBUG Engine               - class com.almasb.fxgl.cutscene.CutsceneService
15:56:20.451 [FXGL Background Thread 3 ] DEBUG Engine               - class com.almasb.fxgl.minigames.MiniGameService
15:56:20.451 [FXGL Background Thread 3 ] DEBUG Engine               - class com.almasb.fxgl.net.NetService
15:56:20.452 [FXGL Background Thread 3 ] DEBUG Engine               - class com.almasb.fxgl.app.services.UpdaterService
15:56:20.452 [FXGL Background Thread 3 ] DEBUG Engine               - class com.almasb.fxgl.dev.DevService
15:56:40.701 [JavaFX Application Thread] DEBUG LoopRunner           - Pausing loop
15:56:43.674 [JavaFX Application Thread] DEBUG FXGLApplication      - Exiting FXGL
15:56:43.674 [JavaFX Application Thread] DEBUG LoopRunner           - Stopping loop
15:56:43.674 [JavaFX Application Thread] DEBUG SystemBundleService  - Saving FXGL system data
15:56:43.680 [JavaFX Application Thread] DEBUG FileSystemAccess     - Writing to: /home/sobhan/VS Code/game1942/system/fxgl.bundle
15:56:43.682 [JavaFX Application Thread] DEBUG Async                - Shutting down background threads
15:56:43.682 [JavaFX Application Thread] DEBUG PrimaryStageWindow   - Closing main window
15:56:43.683 [JavaFX Application Thread] DEBUG Logger               - Closing Logger
