02:17:03.804 [main                     ] DEBUG Logger               - Configured Logger
02:17:03.811 [main                     ] DEBUG GameApplication      - Logging settings
Title: 1942 Remake
Version: (demo)
Width: 1280
Height: 720
Fullscreen: true
Intro: false
Profiling: false
Single step:false
App Mode: DEVELOPER
Menu Key: ESCAPE
Stage Style: DECORATED
Scene Factory: class com.almasb.fxgl.app.scene.SceneFactory

02:17:04.201 [JavaFX Application Thread] DEBUG FXGLApplication      - Initializing FXGL
02:17:04.204 [JavaFX Application Thread] INFO  Engine               - FXGL-21.1 (27.03.2024 07.52) on LINUX (J:25 FX:21.0.1)
02:17:04.204 [JavaFX Application Thread] DEBUG Engine               - JRE Vendor Name: Oracle Corporation
02:17:04.204 [JavaFX Application Thread] DEBUG Engine               - Running on OS: Linux version 6.14.0-33-generic
02:17:04.205 [JavaFX Application Thread] DEBUG Engine               - Architecture: amd64
02:17:04.205 [JavaFX Application Thread] INFO  Engine               - Source code and latest versions at: https://github.com/AlmasB/FXGL
02:17:04.205 [JavaFX Application Thread] INFO  Engine               -       Ask questions and discuss at: https://github.com/AlmasB/FXGL/discussions
02:17:04.205 [JavaFX Application Thread] INFO  Engine               -              Join the FXGL chat at: https://gitter.im/AlmasB/FXGL
02:17:04.292 [JavaFX Application Thread] DEBUG PrimaryStageWindow   - Creating a JavaFX scene
02:17:04.360 [JavaFX Application Thread] DEBUG PrimaryStageWindow   - Target settings size: 1280.0 x 720.0
02:17:04.360 [JavaFX Application Thread] DEBUG PrimaryStageWindow   - Scaled scene size:    1280.0 x 720.0
02:17:04.360 [JavaFX Application Thread] DEBUG PrimaryStageWindow   - Scaled ratio: (1.0, 1.0)
02:17:04.361 [JavaFX Application Thread] DEBUG PrimaryStageWindow   - Set initial scene to FXGLStartupScene
02:17:04.365 [JavaFX Application Thread] DEBUG PrimaryStageWindow   - Opening main window
02:17:04.400 [JavaFX Application Thread] DEBUG PrimaryStageWindow   - Window border size: (0.0, 35.0)
02:17:04.400 [JavaFX Application Thread] DEBUG PrimaryStageWindow   - Scaled size: 1280.0 x 685.0
02:17:04.401 [JavaFX Application Thread] DEBUG PrimaryStageWindow   - Scaled ratio: (1.0, 0.9513888888888888)
02:17:04.401 [JavaFX Application Thread] DEBUG PrimaryStageWindow   - Scene size: 1280.0 x 720.0
02:17:04.401 [JavaFX Application Thread] DEBUG PrimaryStageWindow   - Stage size: 1280.0 x 720.0
02:17:04.409 [FXGL Background Thread 1 ] DEBUG Engine               - Initializing environment variables
02:17:04.532 [FXGL Background Thread 1 ] DEBUG FXGLAssetLoaderServi - User app class for loading assets: class com.demo.game1942.Main
02:17:04.532 [FXGL Background Thread 1 ] DEBUG GameApplicationServi - Applying CSS: fxgl_dark.css
02:17:04.533 [FXGL Background Thread 1 ] DEBUG FXGLAssetLoaderServi - Loading from file system: jar:file:/home/sobhan/.m2/repository/com/github/almasb/fxgl/21.1/fxgl-21.1.jar!/fxglassets/ui/css/fxgl_dark.css
02:17:04.580 [FXGL Background Thread 1 ] DEBUG GameApplicationServi - Initializing application scenes
02:17:04.633 [FXGL Background Thread 1 ] DEBUG GameWorld            - Game world initialized
02:17:04.675 [FXGL Background Thread 1 ] DEBUG PhysicsWorld         - Physics world initialized: appHeight=720, physics.ppm=50.0
02:17:04.675 [FXGL Background Thread 1 ] DEBUG PhysicsWorld         - Using strategy: BRUTE_FORCE
02:17:04.679 [FXGL Background Thread 1 ] DEBUG GameScene            - Game scene initialized: 1280x720
02:17:04.687 [FXGL Background Thread 1 ] DEBUG FXGL.DefaultMenu     - createMenuBodyGameMenu()
02:17:04.696 [FXGL Background Thread 1 ] DEBUG FXGL.DefaultMenu     - createOptionsMenu()
02:17:04.703 [FXGL Background Thread 1 ] DEBUG FXGLAssetLoaderServi - Loading from file system: jar:file:/home/sobhan/.m2/repository/com/github/almasb/fxgl/21.1/fxgl-21.1.jar!/fxglassets/textures/particles/smoke.png
02:17:04.768 [FXGL Background Thread 1 ] DEBUG FXGLAssetLoaderServi - Loading from file system: jar:file:/home/sobhan/.m2/repository/com/github/almasb/fxgl/21.1/fxgl-21.1.jar!/fxglassets/textures/particles/trace_horizontal.png
02:17:04.787 [FXGL Background Thread 1 ] DEBUG GameApplicationServi - Application scenes initialized
02:17:04.795 [FXGL Background Thread 1 ] DEBUG SystemBundleService  - Loading FXGL system data
02:17:04.796 [FXGL Background Thread 1 ] DEBUG FileSystemAccess     - Reading from: /home/sobhan/VS Code/game1942/system/fxgl.bundle
02:17:04.802 [FXGL Background Thread 1 ] DEBUG SystemBundleService  - Bundle FXGL: {}
02:17:04.802 [FXGL Background Thread 1 ] DEBUG UpdaterService       - Checking for updates
02:17:04.804 [FXGL Background Thread 4 ] DEBUG FXGLApplication      - Loading fonts
02:17:04.805 [FXGL Background Thread 4 ] DEBUG FXGLAssetLoaderServi - Loading from file system: jar:file:/home/sobhan/.m2/repository/com/github/almasb/fxgl/21.1/fxgl-21.1.jar!/fxglassets/ui/fonts/VarelaRound-Regular.ttf
02:17:04.805 [FXGL Background Thread 1 ] DEBUG FXGLApplication      - Loading default localization
02:17:04.805 [FXGL Background Thread 1 ] DEBUG FXGLAssetLoaderServi - Loading from file system: jar:file:/home/sobhan/.m2/repository/com/github/almasb/fxgl/21.1/fxgl-21.1.jar!/fxglassets/languages/english.lang
02:17:04.809 [FXGL Background Thread 4 ] DEBUG FXGLAssetLoaderServi - Loading from file system: jar:file:/home/sobhan/.m2/repository/com/github/almasb/fxgl/21.1/fxgl-21.1.jar!/fxglassets/ui/fonts/Abel-Regular.ttf
02:17:04.811 [FXGL Background Thread 4 ] DEBUG FXGLAssetLoaderServi - Loading from file system: jar:file:/home/sobhan/.m2/repository/com/github/almasb/fxgl/21.1/fxgl-21.1.jar!/fxglassets/ui/fonts/TerminalLandMono-Regular.otf
02:17:04.812 [FXGL Background Thread 4 ] DEBUG FXGLAssetLoaderServi - Loading from file system: jar:file:/home/sobhan/.m2/repository/com/github/almasb/fxgl/21.1/fxgl-21.1.jar!/fxglassets/ui/fonts/Courier-Prime.ttf
02:17:04.815 [JavaFX Application Thread] DEBUG FXGLApplication      - Registering font factories with UI factory
02:17:04.818 [FXGL Background Thread 1 ] INFO  FXGLApplication      - FXGL initialization took: 0.409 sec
02:17:04.819 [JavaFX Application Thread] DEBUG FXGLAssetLoaderServi - Loading from file system: jar:file:/home/sobhan/.m2/repository/com/github/almasb/fxgl/21.1/fxgl-21.1.jar!/fxglassets/textures/fxgl_icon.png
02:17:04.839 [JavaFX Application Thread] DEBUG FXGLAssetLoaderServi - Loading from file system: jar:file:/home/sobhan/.m2/repository/com/github/almasb/fxgl/21.1/fxgl-21.1.jar!/fxglassets/textures/fxgl_default_cursor.png
02:17:04.845 [JavaFX Application Thread] DEBUG Input                - Registered new binding: Screenshot - CTRL+8
02:17:04.846 [JavaFX Application Thread] DEBUG Input                - Registered new binding: System info dump - CTRL+9
02:17:04.846 [JavaFX Application Thread] DEBUG Input                - Registered new binding: Restart - CTRL+R
02:17:04.846 [JavaFX Application Thread] DEBUG Input                - Registered new binding: Toggle Debug Camera - CTRL+7
02:17:04.848 [JavaFX Application Thread] DEBUG LoopRunner           - Starting loop
02:17:04.848 [JavaFX Application Thread] DEBUG LoopRunner           - Initializing JavaFX AnimationTimerLoop
02:17:04.848 [JavaFX Application Thread] DEBUG GameApplicationServi - Starting new game
02:17:04.849 [JavaFX Application Thread] DEBUG Input                - Clearing active input actions
02:17:04.855 [JavaFX Application Thread] DEBUG GameApplicationServi - Removing overlay from FXGLStartupScene and adding to FXGLLoadingScene
02:17:04.856 [JavaFX Application Thread] DEBUG PrimaryStageWindow   - FXGLStartupScene -> FXGLLoadingScene
02:17:04.856 [JavaFX Application Thread] DEBUG GameApplicationServi - Clearing previous game
02:17:04.856 [JavaFX Application Thread] DEBUG GameScene            - Clearing game scene
02:17:04.856 [JavaFX Application Thread] DEBUG GameWorld            - Clearing game world
02:17:04.856 [JavaFX Application Thread] DEBUG PhysicsWorld         - Clearing physics world
02:17:04.857 [FXGL Background Thread 1 ] DEBUG FXGLApplication      - Initializing game
02:17:04.864 [FXGL Background Thread 1 ] DEBUG FXGLAssetLoaderServi - Loading from file system: file:/home/sobhan/VS%20Code/game1942/target/classes/assets/textures/sky.png
02:17:04.881 [FXGL Background Thread 1 ] DEBUG FXGLAssetLoaderServi - Loading from file system: file:/home/sobhan/VS%20Code/game1942/target/classes/assets/textures/player.png
02:17:04.900 [FXGL Background Thread 1 ] DEBUG Input                - Registered new binding: Move Left - A
02:17:04.900 [FXGL Background Thread 1 ] DEBUG Input                - Registered new binding: Move Right - D
02:17:04.905 [FXGL Background Thread 1 ] DEBUG Input                - Registered new binding: Move Down - S
02:17:04.905 [FXGL Background Thread 1 ] DEBUG Input                - Registered new binding: Move Up - W
02:17:04.905 [FXGL Background Thread 1 ] DEBUG Input                - Registered new binding: Shoot - Space
02:17:04.909 [FXGL Background Thread 1 ] INFO  FXGLApplication      - Game initialization took: 0.052 sec
02:17:04.951 [JavaFX Application Thread] DEBUG Input                - Clearing active input actions
02:17:04.957 [JavaFX Application Thread] DEBUG GameApplicationServi - Removing overlay from FXGLLoadingScene and adding to GameScene
02:17:04.957 [JavaFX Application Thread] DEBUG PrimaryStageWindow   - FXGLLoadingScene -> GameScene
02:17:06.967 [JavaFX Application Thread] DEBUG FXGLAssetLoaderServi - Loading from file system: file:/home/sobhan/VS%20Code/game1942/target/classes/assets/textures/basic.png
02:17:07.743 [JavaFX Application Thread] DEBUG FXGLAssetLoaderServi - Loading from file system: file:/home/sobhan/VS%20Code/game1942/target/classes/assets/textures/enemyBullet.png
02:17:07.804 [FXGL Background Thread 3 ] DEBUG Engine               - Logging environment variables
02:17:07.804 [FXGL Background Thread 3 ] DEBUG Engine               - achievements: []
02:17:07.805 [FXGL Background Thread 3 ] DEBUG Engine               - actualHeight: 685.0
02:17:07.805 [FXGL Background Thread 3 ] DEBUG Engine               - actualHeightProperty: ReadOnlyDoubleProperty [value: 722.0]
02:17:07.805 [FXGL Background Thread 3 ] DEBUG Engine               - actualWidth: 1280.0
02:17:07.805 [FXGL Background Thread 3 ] DEBUG Engine               - actualWidthProperty: ReadOnlyDoubleProperty [value: 1280.0]
02:17:07.805 [FXGL Background Thread 3 ] DEBUG Engine               - appIcon: fxgl_icon.png
02:17:07.806 [FXGL Background Thread 3 ] DEBUG Engine               - applicationMode: DEVELOPER
02:17:07.806 [FXGL Background Thread 3 ] DEBUG Engine               - cSSList: [fxgl_dark.css]
02:17:07.806 [FXGL Background Thread 3 ] DEBUG Engine               - collisionDetectionStrategy: BRUTE_FORCE
02:17:07.806 [FXGL Background Thread 3 ] DEBUG Engine               - configClass: Optional.empty
02:17:07.806 [FXGL Background Thread 3 ] DEBUG Engine               - credits: []
02:17:07.806 [FXGL Background Thread 3 ] DEBUG Engine               - defaultCursor: CursorInfo(imageName=fxgl_default_cursor.png, hotspotX=7.0, hotspotY=6.0)
02:17:07.807 [FXGL Background Thread 3 ] DEBUG Engine               - devBBoxColorProperty: ObjectProperty [value: 0xff0000ff]
02:17:07.807 [FXGL Background Thread 3 ] DEBUG Engine               - devEnableDebugCameraProperty: BooleanProperty [value: false]
02:17:07.807 [FXGL Background Thread 3 ] DEBUG Engine               - devSensorColorProperty: ObjectProperty [value: 0xffff00ff]
02:17:07.807 [FXGL Background Thread 3 ] DEBUG Engine               - devShowBBoxProperty: BooleanProperty [value: false]
02:17:07.807 [FXGL Background Thread 3 ] DEBUG Engine               - devShowPositionProperty: BooleanProperty [value: false]
02:17:07.807 [FXGL Background Thread 3 ] DEBUG Engine               - enabledMenuItems: []
02:17:07.808 [FXGL Background Thread 3 ] DEBUG Engine               - engineServices: [class com.almasb.fxgl.app.services.FXGLAssetLoaderService, class com.almasb.fxgl.app.FXGLApplication$GameApplicationService, class com.almasb.fxgl.app.services.FXGLDialogService, class com.almasb.fxgl.app.services.IOTaskExecutorService, class com.almasb.fxgl.io.FileSystemService, class com.almasb.fxgl.localization.LocalizationService, class com.almasb.fxgl.app.services.SystemBundleService, class com.almasb.fxgl.profile.SaveLoadService, class com.almasb.fxgl.ui.FXGLUIFactoryServiceProvider, class com.almasb.fxgl.ui.FXGLDialogFactoryServiceProvider, class com.almasb.fxgl.audio.AudioPlayer, class com.almasb.fxgl.notification.impl.NotificationServiceProvider, class com.almasb.fxgl.achievement.AchievementService, class com.almasb.fxgl.cutscene.CutsceneService, class com.almasb.fxgl.minigames.MiniGameService, class com.almasb.fxgl.net.NetService, class com.almasb.fxgl.app.services.UpdaterService, class com.almasb.fxgl.dev.DevService]
02:17:07.808 [FXGL Background Thread 3 ] DEBUG Engine               - fontGame: Abel-Regular.ttf
02:17:07.808 [FXGL Background Thread 3 ] DEBUG Engine               - fontMono: TerminalLandMono-Regular.otf
02:17:07.808 [FXGL Background Thread 3 ] DEBUG Engine               - fontSizeScaleUI: 1.0
02:17:07.808 [FXGL Background Thread 3 ] DEBUG Engine               - fontText: Courier-Prime.ttf
02:17:07.808 [FXGL Background Thread 3 ] DEBUG Engine               - fontUI: VarelaRound-Regular.ttf
02:17:07.808 [FXGL Background Thread 3 ] DEBUG Engine               - fullScreen: BooleanProperty [value: false]
02:17:07.808 [FXGL Background Thread 3 ] DEBUG Engine               - gameDifficulty: MEDIUM
02:17:07.808 [FXGL Background Thread 3 ] DEBUG Engine               - gameDifficultyProperty: ObjectProperty [value: MEDIUM]
02:17:07.809 [FXGL Background Thread 3 ] DEBUG Engine               - globalMusicVolume: 0.5
02:17:07.809 [FXGL Background Thread 3 ] DEBUG Engine               - globalMusicVolumeProperty: DoubleProperty [value: 0.5]
02:17:07.809 [FXGL Background Thread 3 ] DEBUG Engine               - globalSoundVolume: 0.5
02:17:07.809 [FXGL Background Thread 3 ] DEBUG Engine               - globalSoundVolumeProperty: DoubleProperty [value: 0.5]
02:17:07.809 [FXGL Background Thread 3 ] DEBUG Engine               - height: 720
02:17:07.809 [FXGL Background Thread 3 ] DEBUG Engine               - is3D: false
02:17:07.809 [FXGL Background Thread 3 ] DEBUG Engine               - isAndroid: false
02:17:07.810 [FXGL Background Thread 3 ] DEBUG Engine               - isBrowser: false
02:17:07.810 [FXGL Background Thread 3 ] DEBUG Engine               - isClickFeedbackEnabled: false
02:17:07.810 [FXGL Background Thread 3 ] DEBUG Engine               - isCloseConfirmation: false
02:17:07.810 [FXGL Background Thread 3 ] DEBUG Engine               - isDesktop: true
02:17:07.810 [FXGL Background Thread 3 ] DEBUG Engine               - isDeveloperMenuEnabled: false
02:17:07.810 [FXGL Background Thread 3 ] DEBUG Engine               - isEmbedded: false
02:17:07.810 [FXGL Background Thread 3 ] DEBUG Engine               - isEntityPreloadEnabled: true
02:17:07.810 [FXGL Background Thread 3 ] DEBUG Engine               - isExperimentalTiledLargeMap: false
02:17:07.810 [FXGL Background Thread 3 ] DEBUG Engine               - isFileSystemWriteAllowed: true
02:17:07.811 [FXGL Background Thread 3 ] DEBUG Engine               - isFullScreenAllowed: true
02:17:07.811 [FXGL Background Thread 3 ] DEBUG Engine               - isFullScreenFromStart: false
02:17:07.811 [FXGL Background Thread 3 ] DEBUG Engine               - isGameMenuEnabled: true
02:17:07.811 [FXGL Background Thread 3 ] DEBUG Engine               - isIOS: false
02:17:07.811 [FXGL Background Thread 3 ] DEBUG Engine               - isIntroEnabled: false
02:17:07.811 [FXGL Background Thread 3 ] DEBUG Engine               - isLinux: true
02:17:07.811 [FXGL Background Thread 3 ] DEBUG Engine               - isMac: false
02:17:07.811 [FXGL Background Thread 3 ] DEBUG Engine               - isMainMenuEnabled: false
02:17:07.812 [FXGL Background Thread 3 ] DEBUG Engine               - isManualResizeEnabled: false
02:17:07.812 [FXGL Background Thread 3 ] DEBUG Engine               - isMobile: false
02:17:07.812 [FXGL Background Thread 3 ] DEBUG Engine               - isNative: false
02:17:07.812 [FXGL Background Thread 3 ] DEBUG Engine               - isPauseMusicWhenMinimized: true
02:17:07.812 [FXGL Background Thread 3 ] DEBUG Engine               - isPreserveResizeRatio: false
02:17:07.812 [FXGL Background Thread 3 ] DEBUG Engine               - isProfilingEnabled: false
02:17:07.812 [FXGL Background Thread 3 ] DEBUG Engine               - isScaleAffectedOnResize: true
02:17:07.812 [FXGL Background Thread 3 ] DEBUG Engine               - isSingleStep: false
02:17:07.812 [FXGL Background Thread 3 ] DEBUG Engine               - isUserProfileEnabled: false
02:17:07.812 [FXGL Background Thread 3 ] DEBUG Engine               - isWindows: false
02:17:07.812 [FXGL Background Thread 3 ] DEBUG Engine               - language: ObjectProperty [value: ENGLISH]
02:17:07.813 [FXGL Background Thread 3 ] DEBUG Engine               - menuKey: ESCAPE
02:17:07.813 [FXGL Background Thread 3 ] DEBUG Engine               - mouseSensitivity: 0.2
02:17:07.813 [FXGL Background Thread 3 ] DEBUG Engine               - notificationViewClass: class com.almasb.fxgl.notification.view.XboxNotificationView
02:17:07.813 [FXGL Background Thread 3 ] DEBUG Engine               - pixelsPerMeter: 50.0
02:17:07.813 [FXGL Background Thread 3 ] DEBUG Engine               - platform: LINUX
02:17:07.813 [FXGL Background Thread 3 ] DEBUG Engine               - prefHeightProperty: ReadOnlyDoubleProperty [value: 720.0]
02:17:07.813 [FXGL Background Thread 3 ] DEBUG Engine               - prefWidthProperty: ReadOnlyDoubleProperty [value: 1280.0]
02:17:07.813 [FXGL Background Thread 3 ] DEBUG Engine               - profileDir: profiles/
02:17:07.814 [FXGL Background Thread 3 ] DEBUG Engine               - profileName: StringProperty [value: DEFAULT]
02:17:07.814 [FXGL Background Thread 3 ] DEBUG Engine               - randomSeed: -1
02:17:07.814 [FXGL Background Thread 3 ] DEBUG Engine               - runtimeInfo: RuntimeInfo(platform=LINUX, version=21.1, build=27.03.2024 07.52)
02:17:07.814 [FXGL Background Thread 3 ] DEBUG Engine               - saveFileExt: sav
02:17:07.814 [FXGL Background Thread 3 ] DEBUG Engine               - scaledHeightProp$fxgl: DoubleProperty [bound, value: 722.0]
02:17:07.814 [FXGL Background Thread 3 ] DEBUG Engine               - scaledWidthProp$fxgl: DoubleProperty [bound, value: 1280.0]
02:17:07.814 [FXGL Background Thread 3 ] DEBUG Engine               - sceneFactory: com.almasb.fxgl.app.scene.SceneFactory@523c1b3c
02:17:07.815 [FXGL Background Thread 3 ] DEBUG Engine               - secondsIn24h: 60
02:17:07.815 [FXGL Background Thread 3 ] DEBUG Engine               - soundMenuBack: menu/back.wav
02:17:07.815 [FXGL Background Thread 3 ] DEBUG Engine               - soundMenuPress: menu/press.wav
02:17:07.815 [FXGL Background Thread 3 ] DEBUG Engine               - soundMenuSelect: menu/select.wav
02:17:07.815 [FXGL Background Thread 3 ] DEBUG Engine               - soundNotification: core/notification.wav
02:17:07.815 [FXGL Background Thread 3 ] DEBUG Engine               - stageStyle: DECORATED
02:17:07.815 [FXGL Background Thread 3 ] DEBUG Engine               - supportedLanguages: [ENGLISH, FRENCH, GERMAN, HUNGARIAN, RUSSIAN]
02:17:07.815 [FXGL Background Thread 3 ] DEBUG Engine               - ticksPerSecond: -1
02:17:07.815 [FXGL Background Thread 3 ] DEBUG Engine               - title: 1942 Remake
02:17:07.815 [FXGL Background Thread 3 ] DEBUG Engine               - urlGithub: https://github.com/AlmasB/FXGL
02:17:07.815 [FXGL Background Thread 3 ] DEBUG Engine               - urlLeaderboard: http://fxgl-top.herokuapp.com/
02:17:07.815 [FXGL Background Thread 3 ] DEBUG Engine               - urlPOM: https://raw.githubusercontent.com/AlmasB/FXGL/release/README.md
02:17:07.815 [FXGL Background Thread 3 ] DEBUG Engine               - userAppClass: class com.demo.game1942.Main
02:17:07.815 [FXGL Background Thread 3 ] DEBUG Engine               - version: (demo)
02:17:07.815 [FXGL Background Thread 3 ] DEBUG Engine               - versionCheckDays: 7
02:17:07.816 [FXGL Background Thread 3 ] DEBUG Engine               - width: 1280
02:17:07.816 [FXGL Background Thread 3 ] DEBUG Engine               - Logging services
02:17:07.816 [FXGL Background Thread 3 ] DEBUG Engine               - class com.almasb.fxgl.app.services.FXGLAssetLoaderService
02:17:07.816 [FXGL Background Thread 3 ] DEBUG Engine               - class com.almasb.fxgl.app.FXGLApplication$GameApplicationService
02:17:07.816 [FXGL Background Thread 3 ] DEBUG Engine               - class com.almasb.fxgl.app.services.FXGLDialogService
02:17:07.816 [FXGL Background Thread 3 ] DEBUG Engine               - class com.almasb.fxgl.app.services.IOTaskExecutorService
02:17:07.816 [FXGL Background Thread 3 ] DEBUG Engine               - class com.almasb.fxgl.io.FileSystemService
02:17:07.816 [FXGL Background Thread 3 ] DEBUG Engine               - class com.almasb.fxgl.localization.LocalizationService
02:17:07.816 [FXGL Background Thread 3 ] DEBUG Engine               - class com.almasb.fxgl.app.services.SystemBundleService
02:17:07.816 [FXGL Background Thread 3 ] DEBUG Engine               - class com.almasb.fxgl.profile.SaveLoadService
02:17:07.816 [FXGL Background Thread 3 ] DEBUG Engine               - class com.almasb.fxgl.ui.FXGLUIFactoryServiceProvider
02:17:07.816 [FXGL Background Thread 3 ] DEBUG Engine               - class com.almasb.fxgl.ui.FXGLDialogFactoryServiceProvider
02:17:07.816 [FXGL Background Thread 3 ] DEBUG Engine               - class com.almasb.fxgl.audio.AudioPlayer
02:17:07.816 [FXGL Background Thread 3 ] DEBUG Engine               - class com.almasb.fxgl.notification.impl.NotificationServiceProvider
02:17:07.816 [FXGL Background Thread 3 ] DEBUG Engine               - class com.almasb.fxgl.achievement.AchievementService
02:17:07.816 [FXGL Background Thread 3 ] DEBUG Engine               - class com.almasb.fxgl.cutscene.CutsceneService
02:17:07.816 [FXGL Background Thread 3 ] DEBUG Engine               - class com.almasb.fxgl.minigames.MiniGameService
02:17:07.817 [FXGL Background Thread 3 ] DEBUG Engine               - class com.almasb.fxgl.net.NetService
02:17:07.817 [FXGL Background Thread 3 ] DEBUG Engine               - class com.almasb.fxgl.app.services.UpdaterService
02:17:07.817 [FXGL Background Thread 3 ] DEBUG Engine               - class com.almasb.fxgl.dev.DevService
02:17:08.376 [JavaFX Application Thread] DEBUG FXGLAssetLoaderServi - Loading from file system: file:/home/sobhan/VS%20Code/game1942/target/classes/assets/textures/playerbullet.png
02:17:09.933 [JavaFX Application Thread] DEBUG FXGLAssetLoaderServi - Loading from file system: file:/home/sobhan/VS%20Code/game1942/target/classes/assets/textures/fast.png
02:17:09.936 [JavaFX Application Thread] DEBUG FXGLAssetLoaderServi - Loading from file system: file:/home/sobhan/VS%20Code/game1942/target/classes/assets/textures/explosion.png
02:17:15.594 [JavaFX Application Thread] DEBUG LoopRunner           - Pausing loop
02:17:16.385 [JavaFX Application Thread] DEBUG FXGLApplication      - Exiting FXGL
02:17:16.386 [JavaFX Application Thread] DEBUG LoopRunner           - Stopping loop
02:17:16.386 [JavaFX Application Thread] DEBUG SystemBundleService  - Saving FXGL system data
02:17:16.388 [JavaFX Application Thread] DEBUG FileSystemAccess     - Writing to: /home/sobhan/VS Code/game1942/system/fxgl.bundle
02:17:16.392 [JavaFX Application Thread] DEBUG Async                - Shutting down background threads
02:17:16.392 [JavaFX Application Thread] DEBUG PrimaryStageWindow   - Closing main window
02:17:16.395 [JavaFX Application Thread] DEBUG Logger               - Closing Logger
