10:10:03.189 [main                     ] DEBUG Logger               - Configured Logger
10:10:03.194 [main                     ] DEBUG GameApplication      - Logging settings
Title: 1942 Remake
Version: (demo)
Width: 1280
Height: 720
Fullscreen: true
Intro: false
Profiling: false
Single step:false
App Mode: DEVELOPER
Menu Key: ESCAPE
Stage Style: DECORATED
Scene Factory: class com.almasb.fxgl.app.scene.SceneFactory

10:10:03.496 [JavaFX Application Thread] DEBUG FXGLApplication      - Initializing FXGL
10:10:03.498 [JavaFX Application Thread] INFO  Engine               - FXGL-21.1 (27.03.2024 07.52) on LINUX (J:25 FX:21.0.1)
10:10:03.499 [JavaFX Application Thread] DEBUG Engine               - JRE Vendor Name: Oracle Corporation
10:10:03.499 [JavaFX Application Thread] DEBUG Engine               - Running on OS: Linux version 6.14.0-33-generic
10:10:03.499 [JavaFX Application Thread] DEBUG Engine               - Architecture: amd64
10:10:03.499 [JavaFX Application Thread] INFO  Engine               - Source code and latest versions at: https://github.com/AlmasB/FXGL
10:10:03.499 [JavaFX Application Thread] INFO  Engine               -       Ask questions and discuss at: https://github.com/AlmasB/FXGL/discussions
10:10:03.499 [JavaFX Application Thread] INFO  Engine               -              Join the FXGL chat at: https://gitter.im/AlmasB/FXGL
10:10:03.575 [JavaFX Application Thread] DEBUG PrimaryStageWindow   - Creating a JavaFX scene
10:10:03.642 [JavaFX Application Thread] DEBUG PrimaryStageWindow   - Target settings size: 1280.0 x 720.0
10:10:03.643 [JavaFX Application Thread] DEBUG PrimaryStageWindow   - Scaled scene size:    1280.0 x 720.0
10:10:03.643 [JavaFX Application Thread] DEBUG PrimaryStageWindow   - Scaled ratio: (1.0, 1.0)
10:10:03.644 [JavaFX Application Thread] DEBUG PrimaryStageWindow   - Set initial scene to FXGLStartupScene
10:10:03.648 [JavaFX Application Thread] DEBUG PrimaryStageWindow   - Opening main window
10:10:03.683 [JavaFX Application Thread] DEBUG PrimaryStageWindow   - Window border size: (0.0, 35.0)
10:10:03.683 [JavaFX Application Thread] DEBUG PrimaryStageWindow   - Scaled size: 1280.0 x 685.0
10:10:03.683 [JavaFX Application Thread] DEBUG PrimaryStageWindow   - Scaled ratio: (1.0, 0.9513888888888888)
10:10:03.683 [JavaFX Application Thread] DEBUG PrimaryStageWindow   - Scene size: 1280.0 x 720.0
10:10:03.683 [JavaFX Application Thread] DEBUG PrimaryStageWindow   - Stage size: 1280.0 x 720.0
10:10:03.688 [FXGL Background Thread 1 ] DEBUG Engine               - Initializing environment variables
10:10:03.785 [FXGL Background Thread 1 ] DEBUG FXGLAssetLoaderServi - User app class for loading assets: class com.demo.game1942.Main
10:10:03.785 [FXGL Background Thread 1 ] DEBUG GameApplicationServi - Applying CSS: fxgl_dark.css
10:10:03.786 [FXGL Background Thread 1 ] DEBUG FXGLAssetLoaderServi - Loading from file system: jar:file:/home/sobhan/.m2/repository/com/github/almasb/fxgl/21.1/fxgl-21.1.jar!/fxglassets/ui/css/fxgl_dark.css
10:10:03.833 [FXGL Background Thread 1 ] DEBUG GameApplicationServi - Initializing application scenes
10:10:03.873 [FXGL Background Thread 1 ] DEBUG GameWorld            - Game world initialized
10:10:03.906 [FXGL Background Thread 1 ] DEBUG PhysicsWorld         - Physics world initialized: appHeight=720, physics.ppm=50.0
10:10:03.906 [FXGL Background Thread 1 ] DEBUG PhysicsWorld         - Using strategy: BRUTE_FORCE
10:10:03.909 [FXGL Background Thread 1 ] DEBUG GameScene            - Game scene initialized: 1280x720
10:10:03.916 [FXGL Background Thread 1 ] DEBUG FXGL.DefaultMenu     - createMenuBodyGameMenu()
10:10:03.925 [FXGL Background Thread 1 ] DEBUG FXGL.DefaultMenu     - createOptionsMenu()
10:10:03.933 [FXGL Background Thread 1 ] DEBUG FXGLAssetLoaderServi - Loading from file system: jar:file:/home/sobhan/.m2/repository/com/github/almasb/fxgl/21.1/fxgl-21.1.jar!/fxglassets/textures/particles/smoke.png
10:10:03.998 [FXGL Background Thread 1 ] DEBUG FXGLAssetLoaderServi - Loading from file system: jar:file:/home/sobhan/.m2/repository/com/github/almasb/fxgl/21.1/fxgl-21.1.jar!/fxglassets/textures/particles/trace_horizontal.png
10:10:04.015 [FXGL Background Thread 1 ] DEBUG GameApplicationServi - Application scenes initialized
10:10:04.022 [FXGL Background Thread 1 ] DEBUG SystemBundleService  - Loading FXGL system data
10:10:04.025 [FXGL Background Thread 1 ] DEBUG FileSystemAccess     - Reading from: /home/sobhan/VS Code/game1942/system/fxgl.bundle
10:10:04.034 [FXGL Background Thread 1 ] DEBUG SystemBundleService  - Bundle FXGL: {}
10:10:04.034 [FXGL Background Thread 1 ] DEBUG UpdaterService       - Checking for updates
10:10:04.038 [FXGL Background Thread 4 ] DEBUG FXGLApplication      - Loading fonts
10:10:04.038 [FXGL Background Thread 4 ] DEBUG FXGLAssetLoaderServi - Loading from file system: jar:file:/home/sobhan/.m2/repository/com/github/almasb/fxgl/21.1/fxgl-21.1.jar!/fxglassets/ui/fonts/VarelaRound-Regular.ttf
10:10:04.039 [FXGL Background Thread 1 ] DEBUG FXGLApplication      - Loading default localization
10:10:04.039 [FXGL Background Thread 1 ] DEBUG FXGLAssetLoaderServi - Loading from file system: jar:file:/home/sobhan/.m2/repository/com/github/almasb/fxgl/21.1/fxgl-21.1.jar!/fxglassets/languages/english.lang
10:10:04.045 [FXGL Background Thread 4 ] DEBUG FXGLAssetLoaderServi - Loading from file system: jar:file:/home/sobhan/.m2/repository/com/github/almasb/fxgl/21.1/fxgl-21.1.jar!/fxglassets/ui/fonts/Abel-Regular.ttf
10:10:04.047 [FXGL Background Thread 4 ] DEBUG FXGLAssetLoaderServi - Loading from file system: jar:file:/home/sobhan/.m2/repository/com/github/almasb/fxgl/21.1/fxgl-21.1.jar!/fxglassets/ui/fonts/TerminalLandMono-Regular.otf
10:10:04.049 [FXGL Background Thread 4 ] DEBUG FXGLAssetLoaderServi - Loading from file system: jar:file:/home/sobhan/.m2/repository/com/github/almasb/fxgl/21.1/fxgl-21.1.jar!/fxglassets/ui/fonts/Courier-Prime.ttf
10:10:04.053 [FXGL Background Thread 1 ] INFO  FXGLApplication      - FXGL initialization took: 0.365 sec
10:10:04.053 [JavaFX Application Thread] DEBUG FXGLApplication      - Registering font factories with UI factory
10:10:04.055 [JavaFX Application Thread] DEBUG FXGLAssetLoaderServi - Loading from file system: jar:file:/home/sobhan/.m2/repository/com/github/almasb/fxgl/21.1/fxgl-21.1.jar!/fxglassets/textures/fxgl_icon.png
10:10:04.072 [JavaFX Application Thread] DEBUG FXGLAssetLoaderServi - Loading from file system: jar:file:/home/sobhan/.m2/repository/com/github/almasb/fxgl/21.1/fxgl-21.1.jar!/fxglassets/textures/fxgl_default_cursor.png
10:10:04.078 [JavaFX Application Thread] DEBUG Input                - Registered new binding: Screenshot - CTRL+8
10:10:04.078 [JavaFX Application Thread] DEBUG Input                - Registered new binding: System info dump - CTRL+9
10:10:04.079 [JavaFX Application Thread] DEBUG Input                - Registered new binding: Restart - CTRL+R
10:10:04.079 [JavaFX Application Thread] DEBUG Input                - Registered new binding: Toggle Debug Camera - CTRL+7
10:10:04.080 [JavaFX Application Thread] DEBUG LoopRunner           - Starting loop
10:10:04.080 [JavaFX Application Thread] DEBUG LoopRunner           - Initializing JavaFX AnimationTimerLoop
10:10:04.081 [JavaFX Application Thread] DEBUG GameApplicationServi - Starting new game
10:10:04.081 [JavaFX Application Thread] DEBUG Input                - Clearing active input actions
10:10:04.088 [JavaFX Application Thread] DEBUG GameApplicationServi - Removing overlay from FXGLStartupScene and adding to FXGLLoadingScene
10:10:04.088 [JavaFX Application Thread] DEBUG PrimaryStageWindow   - FXGLStartupScene -> FXGLLoadingScene
10:10:04.088 [JavaFX Application Thread] DEBUG GameApplicationServi - Clearing previous game
10:10:04.089 [JavaFX Application Thread] DEBUG GameScene            - Clearing game scene
10:10:04.089 [JavaFX Application Thread] DEBUG GameWorld            - Clearing game world
10:10:04.089 [JavaFX Application Thread] DEBUG PhysicsWorld         - Clearing physics world
10:10:04.090 [FXGL Background Thread 1 ] DEBUG FXGLApplication      - Initializing game
10:10:04.097 [FXGL Background Thread 1 ] DEBUG FXGLAssetLoaderServi - Loading from file system: file:/home/sobhan/VS%20Code/game1942/target/classes/assets/textures/sky.png
10:10:04.114 [FXGL Background Thread 1 ] DEBUG FXGLAssetLoaderServi - Loading from file system: file:/home/sobhan/VS%20Code/game1942/target/classes/assets/textures/player.png
10:10:04.126 [FXGL Background Thread 1 ] DEBUG Input                - Registered new binding: Move Left - A
10:10:04.127 [FXGL Background Thread 1 ] DEBUG Input                - Registered new binding: Move Right - D
10:10:04.127 [FXGL Background Thread 1 ] DEBUG Input                - Registered new binding: Move Down - S
10:10:04.127 [FXGL Background Thread 1 ] DEBUG Input                - Registered new binding: Move Up - W
10:10:04.127 [FXGL Background Thread 1 ] DEBUG Input                - Registered new binding: Shoot - Space
10:10:04.130 [FXGL Background Thread 1 ] INFO  FXGLApplication      - Game initialization took: 0.041 sec
10:10:04.181 [JavaFX Application Thread] DEBUG Input                - Clearing active input actions
10:10:04.188 [JavaFX Application Thread] DEBUG GameApplicationServi - Removing overlay from FXGLLoadingScene and adding to GameScene
10:10:04.188 [JavaFX Application Thread] DEBUG PrimaryStageWindow   - FXGLLoadingScene -> GameScene
10:10:06.182 [JavaFX Application Thread] DEBUG FXGLAssetLoaderServi - Loading from file system: file:/home/sobhan/VS%20Code/game1942/target/classes/assets/textures/basic.png
10:10:06.717 [JavaFX Application Thread] DEBUG FXGLAssetLoaderServi - Loading from file system: file:/home/sobhan/VS%20Code/game1942/target/classes/assets/sounds/shoot.wav
10:10:06.764 [JavaFX Application Thread] DEBUG FXGLAssetLoaderServi - Loading from file system: file:/home/sobhan/VS%20Code/game1942/target/classes/assets/textures/playerbullet.png
10:10:06.988 [JavaFX Application Thread] DEBUG FXGLAssetLoaderServi - Loading from file system: file:/home/sobhan/VS%20Code/game1942/target/classes/assets/textures/enemyBullet.png
10:10:07.037 [FXGL Background Thread 3 ] DEBUG Engine               - Logging environment variables
10:10:07.037 [FXGL Background Thread 3 ] DEBUG Engine               - achievements: []
10:10:07.037 [FXGL Background Thread 3 ] DEBUG Engine               - actualHeight: 685.0
10:10:07.038 [FXGL Background Thread 3 ] DEBUG Engine               - actualHeightProperty: ReadOnlyDoubleProperty [value: 722.0]
10:10:07.038 [FXGL Background Thread 3 ] DEBUG Engine               - actualWidth: 1280.0
10:10:07.038 [FXGL Background Thread 3 ] DEBUG Engine               - actualWidthProperty: ReadOnlyDoubleProperty [value: 1280.0]
10:10:07.038 [FXGL Background Thread 3 ] DEBUG Engine               - appIcon: fxgl_icon.png
10:10:07.038 [FXGL Background Thread 3 ] DEBUG Engine               - applicationMode: DEVELOPER
10:10:07.038 [FXGL Background Thread 3 ] DEBUG Engine               - cSSList: [fxgl_dark.css]
10:10:07.038 [FXGL Background Thread 3 ] DEBUG Engine               - collisionDetectionStrategy: BRUTE_FORCE
10:10:07.038 [FXGL Background Thread 3 ] DEBUG Engine               - configClass: Optional.empty
10:10:07.038 [FXGL Background Thread 3 ] DEBUG Engine               - credits: []
10:10:07.038 [FXGL Background Thread 3 ] DEBUG Engine               - defaultCursor: CursorInfo(imageName=fxgl_default_cursor.png, hotspotX=7.0, hotspotY=6.0)
10:10:07.038 [FXGL Background Thread 3 ] DEBUG Engine               - devBBoxColorProperty: ObjectProperty [value: 0xff0000ff]
10:10:07.038 [FXGL Background Thread 3 ] DEBUG Engine               - devEnableDebugCameraProperty: BooleanProperty [value: false]
10:10:07.039 [FXGL Background Thread 3 ] DEBUG Engine               - devSensorColorProperty: ObjectProperty [value: 0xffff00ff]
10:10:07.039 [FXGL Background Thread 3 ] DEBUG Engine               - devShowBBoxProperty: BooleanProperty [value: false]
10:10:07.039 [FXGL Background Thread 3 ] DEBUG Engine               - devShowPositionProperty: BooleanProperty [value: false]
10:10:07.039 [FXGL Background Thread 3 ] DEBUG Engine               - enabledMenuItems: []
10:10:07.039 [FXGL Background Thread 3 ] DEBUG Engine               - engineServices: [class com.almasb.fxgl.app.services.FXGLAssetLoaderService, class com.almasb.fxgl.app.FXGLApplication$GameApplicationService, class com.almasb.fxgl.app.services.FXGLDialogService, class com.almasb.fxgl.app.services.IOTaskExecutorService, class com.almasb.fxgl.io.FileSystemService, class com.almasb.fxgl.localization.LocalizationService, class com.almasb.fxgl.app.services.SystemBundleService, class com.almasb.fxgl.profile.SaveLoadService, class com.almasb.fxgl.ui.FXGLUIFactoryServiceProvider, class com.almasb.fxgl.ui.FXGLDialogFactoryServiceProvider, class com.almasb.fxgl.audio.AudioPlayer, class com.almasb.fxgl.notification.impl.NotificationServiceProvider, class com.almasb.fxgl.achievement.AchievementService, class com.almasb.fxgl.cutscene.CutsceneService, class com.almasb.fxgl.minigames.MiniGameService, class com.almasb.fxgl.net.NetService, class com.almasb.fxgl.app.services.UpdaterService, class com.almasb.fxgl.dev.DevService]
10:10:07.039 [FXGL Background Thread 3 ] DEBUG Engine               - fontGame: Abel-Regular.ttf
10:10:07.039 [FXGL Background Thread 3 ] DEBUG Engine               - fontMono: TerminalLandMono-Regular.otf
10:10:07.039 [FXGL Background Thread 3 ] DEBUG Engine               - fontSizeScaleUI: 1.0
10:10:07.039 [FXGL Background Thread 3 ] DEBUG Engine               - fontText: Courier-Prime.ttf
10:10:07.039 [FXGL Background Thread 3 ] DEBUG Engine               - fontUI: VarelaRound-Regular.ttf
10:10:07.039 [FXGL Background Thread 3 ] DEBUG Engine               - fullScreen: BooleanProperty [value: false]
10:10:07.039 [FXGL Background Thread 3 ] DEBUG Engine               - gameDifficulty: MEDIUM
10:10:07.039 [FXGL Background Thread 3 ] DEBUG Engine               - gameDifficultyProperty: ObjectProperty [value: MEDIUM]
10:10:07.039 [FXGL Background Thread 3 ] DEBUG Engine               - globalMusicVolume: 0.5
10:10:07.039 [FXGL Background Thread 3 ] DEBUG Engine               - globalMusicVolumeProperty: DoubleProperty [value: 0.5]
10:10:07.039 [FXGL Background Thread 3 ] DEBUG Engine               - globalSoundVolume: 0.5
10:10:07.039 [FXGL Background Thread 3 ] DEBUG Engine               - globalSoundVolumeProperty: DoubleProperty [value: 0.5]
10:10:07.039 [FXGL Background Thread 3 ] DEBUG Engine               - height: 720
10:10:07.039 [FXGL Background Thread 3 ] DEBUG Engine               - is3D: false
10:10:07.039 [FXGL Background Thread 3 ] DEBUG Engine               - isAndroid: false
10:10:07.039 [FXGL Background Thread 3 ] DEBUG Engine               - isBrowser: false
10:10:07.039 [FXGL Background Thread 3 ] DEBUG Engine               - isClickFeedbackEnabled: false
10:10:07.040 [FXGL Background Thread 3 ] DEBUG Engine               - isCloseConfirmation: false
10:10:07.040 [FXGL Background Thread 3 ] DEBUG Engine               - isDesktop: true
10:10:07.040 [FXGL Background Thread 3 ] DEBUG Engine               - isDeveloperMenuEnabled: false
10:10:07.040 [FXGL Background Thread 3 ] DEBUG Engine               - isEmbedded: false
10:10:07.040 [FXGL Background Thread 3 ] DEBUG Engine               - isEntityPreloadEnabled: true
10:10:07.040 [FXGL Background Thread 3 ] DEBUG Engine               - isExperimentalTiledLargeMap: false
10:10:07.040 [FXGL Background Thread 3 ] DEBUG Engine               - isFileSystemWriteAllowed: true
10:10:07.040 [FXGL Background Thread 3 ] DEBUG Engine               - isFullScreenAllowed: true
10:10:07.040 [FXGL Background Thread 3 ] DEBUG Engine               - isFullScreenFromStart: false
10:10:07.040 [FXGL Background Thread 3 ] DEBUG Engine               - isGameMenuEnabled: true
10:10:07.040 [FXGL Background Thread 3 ] DEBUG Engine               - isIOS: false
10:10:07.040 [FXGL Background Thread 3 ] DEBUG Engine               - isIntroEnabled: false
10:10:07.040 [FXGL Background Thread 3 ] DEBUG Engine               - isLinux: true
10:10:07.040 [FXGL Background Thread 3 ] DEBUG Engine               - isMac: false
10:10:07.040 [FXGL Background Thread 3 ] DEBUG Engine               - isMainMenuEnabled: false
10:10:07.040 [FXGL Background Thread 3 ] DEBUG Engine               - isManualResizeEnabled: false
10:10:07.040 [FXGL Background Thread 3 ] DEBUG Engine               - isMobile: false
10:10:07.040 [FXGL Background Thread 3 ] DEBUG Engine               - isNative: false
10:10:07.040 [FXGL Background Thread 3 ] DEBUG Engine               - isPauseMusicWhenMinimized: true
10:10:07.040 [FXGL Background Thread 3 ] DEBUG Engine               - isPreserveResizeRatio: false
10:10:07.040 [FXGL Background Thread 3 ] DEBUG Engine               - isProfilingEnabled: false
10:10:07.040 [FXGL Background Thread 3 ] DEBUG Engine               - isScaleAffectedOnResize: true
10:10:07.040 [FXGL Background Thread 3 ] DEBUG Engine               - isSingleStep: false
10:10:07.040 [FXGL Background Thread 3 ] DEBUG Engine               - isUserProfileEnabled: false
10:10:07.040 [FXGL Background Thread 3 ] DEBUG Engine               - isWindows: false
10:10:07.040 [FXGL Background Thread 3 ] DEBUG Engine               - language: ObjectProperty [value: ENGLISH]
10:10:07.041 [FXGL Background Thread 3 ] DEBUG Engine               - menuKey: ESCAPE
10:10:07.041 [FXGL Background Thread 3 ] DEBUG Engine               - mouseSensitivity: 0.2
10:10:07.041 [FXGL Background Thread 3 ] DEBUG Engine               - notificationViewClass: class com.almasb.fxgl.notification.view.XboxNotificationView
10:10:07.041 [FXGL Background Thread 3 ] DEBUG Engine               - pixelsPerMeter: 50.0
10:10:07.041 [FXGL Background Thread 3 ] DEBUG Engine               - platform: LINUX
10:10:07.041 [FXGL Background Thread 3 ] DEBUG Engine               - prefHeightProperty: ReadOnlyDoubleProperty [value: 720.0]
10:10:07.041 [FXGL Background Thread 3 ] DEBUG Engine               - prefWidthProperty: ReadOnlyDoubleProperty [value: 1280.0]
10:10:07.041 [FXGL Background Thread 3 ] DEBUG Engine               - profileDir: profiles/
10:10:07.041 [FXGL Background Thread 3 ] DEBUG Engine               - profileName: StringProperty [value: DEFAULT]
10:10:07.041 [FXGL Background Thread 3 ] DEBUG Engine               - randomSeed: -1
10:10:07.041 [FXGL Background Thread 3 ] DEBUG Engine               - runtimeInfo: RuntimeInfo(platform=LINUX, version=21.1, build=27.03.2024 07.52)
10:10:07.041 [FXGL Background Thread 3 ] DEBUG Engine               - saveFileExt: sav
10:10:07.041 [FXGL Background Thread 3 ] DEBUG Engine               - scaledHeightProp$fxgl: DoubleProperty [bound, value: 722.0]
10:10:07.041 [FXGL Background Thread 3 ] DEBUG Engine               - scaledWidthProp$fxgl: DoubleProperty [bound, value: 1280.0]
10:10:07.041 [FXGL Background Thread 3 ] DEBUG Engine               - sceneFactory: com.almasb.fxgl.app.scene.SceneFactory@58ca07f6
10:10:07.041 [FXGL Background Thread 3 ] DEBUG Engine               - secondsIn24h: 60
10:10:07.041 [FXGL Background Thread 3 ] DEBUG Engine               - soundMenuBack: menu/back.wav
10:10:07.041 [FXGL Background Thread 3 ] DEBUG Engine               - soundMenuPress: menu/press.wav
10:10:07.041 [FXGL Background Thread 3 ] DEBUG Engine               - soundMenuSelect: menu/select.wav
10:10:07.041 [FXGL Background Thread 3 ] DEBUG Engine               - soundNotification: core/notification.wav
10:10:07.041 [FXGL Background Thread 3 ] DEBUG Engine               - stageStyle: DECORATED
10:10:07.041 [FXGL Background Thread 3 ] DEBUG Engine               - supportedLanguages: [ENGLISH, FRENCH, GERMAN, HUNGARIAN, RUSSIAN]
10:10:07.041 [FXGL Background Thread 3 ] DEBUG Engine               - ticksPerSecond: -1
10:10:07.041 [FXGL Background Thread 3 ] DEBUG Engine               - title: 1942 Remake
10:10:07.041 [FXGL Background Thread 3 ] DEBUG Engine               - urlGithub: https://github.com/AlmasB/FXGL
10:10:07.041 [FXGL Background Thread 3 ] DEBUG Engine               - urlLeaderboard: http://fxgl-top.herokuapp.com/
10:10:07.041 [FXGL Background Thread 3 ] DEBUG Engine               - urlPOM: https://raw.githubusercontent.com/AlmasB/FXGL/release/README.md
10:10:07.041 [FXGL Background Thread 3 ] DEBUG Engine               - userAppClass: class com.demo.game1942.Main
10:10:07.041 [FXGL Background Thread 3 ] DEBUG Engine               - version: (demo)
10:10:07.041 [FXGL Background Thread 3 ] DEBUG Engine               - versionCheckDays: 7
10:10:07.041 [FXGL Background Thread 3 ] DEBUG Engine               - width: 1280
10:10:07.042 [FXGL Background Thread 3 ] DEBUG Engine               - Logging services
10:10:07.042 [FXGL Background Thread 3 ] DEBUG Engine               - class com.almasb.fxgl.app.services.FXGLAssetLoaderService
10:10:07.042 [FXGL Background Thread 3 ] DEBUG Engine               - class com.almasb.fxgl.app.FXGLApplication$GameApplicationService
10:10:07.042 [FXGL Background Thread 3 ] DEBUG Engine               - class com.almasb.fxgl.app.services.FXGLDialogService
10:10:07.042 [FXGL Background Thread 3 ] DEBUG Engine               - class com.almasb.fxgl.app.services.IOTaskExecutorService
10:10:07.042 [FXGL Background Thread 3 ] DEBUG Engine               - class com.almasb.fxgl.io.FileSystemService
10:10:07.042 [FXGL Background Thread 3 ] DEBUG Engine               - class com.almasb.fxgl.localization.LocalizationService
10:10:07.042 [FXGL Background Thread 3 ] DEBUG Engine               - class com.almasb.fxgl.app.services.SystemBundleService
10:10:07.042 [FXGL Background Thread 3 ] DEBUG Engine               - class com.almasb.fxgl.profile.SaveLoadService
10:10:07.042 [FXGL Background Thread 3 ] DEBUG Engine               - class com.almasb.fxgl.ui.FXGLUIFactoryServiceProvider
10:10:07.042 [FXGL Background Thread 3 ] DEBUG Engine               - class com.almasb.fxgl.ui.FXGLDialogFactoryServiceProvider
10:10:07.042 [FXGL Background Thread 3 ] DEBUG Engine               - class com.almasb.fxgl.audio.AudioPlayer
10:10:07.042 [FXGL Background Thread 3 ] DEBUG Engine               - class com.almasb.fxgl.notification.impl.NotificationServiceProvider
10:10:07.042 [FXGL Background Thread 3 ] DEBUG Engine               - class com.almasb.fxgl.achievement.AchievementService
10:10:07.042 [FXGL Background Thread 3 ] DEBUG Engine               - class com.almasb.fxgl.cutscene.CutsceneService
10:10:07.042 [FXGL Background Thread 3 ] DEBUG Engine               - class com.almasb.fxgl.minigames.MiniGameService
10:10:07.042 [FXGL Background Thread 3 ] DEBUG Engine               - class com.almasb.fxgl.net.NetService
10:10:07.042 [FXGL Background Thread 3 ] DEBUG Engine               - class com.almasb.fxgl.app.services.UpdaterService
10:10:07.042 [FXGL Background Thread 3 ] DEBUG Engine               - class com.almasb.fxgl.dev.DevService
10:10:07.236 [JavaFX Application Thread] DEBUG FXGLAssetLoaderServi - Loading from file system: file:/home/sobhan/VS%20Code/game1942/target/classes/assets/sounds/explosion2.wav
10:10:07.238 [JavaFX Application Thread] DEBUG FXGLAssetLoaderServi - Loading from file system: file:/home/sobhan/VS%20Code/game1942/target/classes/assets/textures/explosion.png
10:10:07.519 [JavaFX Application Thread] DEBUG FXGLAssetLoaderServi - Loading from file system: file:/home/sobhan/VS%20Code/game1942/target/classes/assets/sounds/explosion3.wav
10:10:09.003 [JavaFX Application Thread] DEBUG FXGLAssetLoaderServi - Loading from file system: file:/home/sobhan/VS%20Code/game1942/target/classes/assets/sounds/powerup.wav
10:10:09.153 [JavaFX Application Thread] DEBUG FXGLAssetLoaderServi - Loading from file system: file:/home/sobhan/VS%20Code/game1942/target/classes/assets/textures/fast.png
10:10:09.500 [JavaFX Application Thread] DEBUG FXGLAssetLoaderServi - Loading from file system: file:/home/sobhan/VS%20Code/game1942/target/classes/assets/sounds/explosion4.wav
10:10:18.735 [JavaFX Application Thread] DEBUG FXGLAssetLoaderServi - Loading from file system: file:/home/sobhan/VS%20Code/game1942/target/classes/assets/textures/tank.png
10:10:28.131 [JavaFX Application Thread] DEBUG FXGLAssetLoaderServi - Loading from file system: file:/home/sobhan/VS%20Code/game1942/target/classes/assets/sounds/explosion.wav
10:10:29.153 [JavaFX Application Thread] DEBUG LoopRunner           - Pausing loop
10:10:29.812 [JavaFX Application Thread] DEBUG FXGLApplication      - Exiting FXGL
10:10:29.812 [JavaFX Application Thread] DEBUG LoopRunner           - Stopping loop
10:10:29.812 [JavaFX Application Thread] DEBUG SystemBundleService  - Saving FXGL system data
10:10:29.813 [JavaFX Application Thread] DEBUG FileSystemAccess     - Writing to: /home/sobhan/VS Code/game1942/system/fxgl.bundle
10:10:29.815 [JavaFX Application Thread] DEBUG Async                - Shutting down background threads
10:10:29.815 [JavaFX Application Thread] DEBUG PrimaryStageWindow   - Closing main window
10:10:29.816 [JavaFX Application Thread] DEBUG Logger               - Closing Logger
