23:42:00.025 [main                     ] DEBUG Logger               - Configured Logger
23:42:00.031 [main                     ] DEBUG GameApplication      - Logging settings
Title: 1942 Remake
Version: (demo)
Width: 600
Height: 800
Fullscreen: true
Intro: false
Profiling: false
Single step:false
App Mode: DEVELOPER
Menu Key: ESCAPE
Stage Style: DECORATED
Scene Factory: class com.almasb.fxgl.app.scene.SceneFactory

23:42:00.283 [JavaFX Application Thread] DEBUG FXGLApplication      - Initializing FXGL
23:42:00.285 [JavaFX Application Thread] INFO  Engine               - FXGL-21.1 (27.03.2024 07.52) on LINUX (J:25 FX:21.0.1)
23:42:00.285 [JavaFX Application Thread] DEBUG Engine               - JRE Vendor Name: Oracle Corporation
23:42:00.285 [JavaFX Application Thread] DEBUG Engine               - Running on OS: Linux version 6.14.0-33-generic
23:42:00.285 [JavaFX Application Thread] DEBUG Engine               - Architecture: amd64
23:42:00.285 [JavaFX Application Thread] INFO  Engine               - Source code and latest versions at: https://github.com/AlmasB/FXGL
23:42:00.286 [JavaFX Application Thread] INFO  Engine               -       Ask questions and discuss at: https://github.com/AlmasB/FXGL/discussions
23:42:00.286 [JavaFX Application Thread] INFO  Engine               -              Join the FXGL chat at: https://gitter.im/AlmasB/FXGL
23:42:00.351 [JavaFX Application Thread] DEBUG PrimaryStageWindow   - Creating a JavaFX scene
23:42:00.411 [JavaFX Application Thread] DEBUG PrimaryStageWindow   - Target settings size: 600.0 x 800.0
23:42:00.411 [JavaFX Application Thread] DEBUG PrimaryStageWindow   - Scaled scene size:    600.0 x 800.0
23:42:00.412 [JavaFX Application Thread] DEBUG PrimaryStageWindow   - Scaled ratio: (1.0, 1.0)
23:42:00.413 [JavaFX Application Thread] DEBUG PrimaryStageWindow   - Set initial scene to FXGLStartupScene
23:42:00.417 [JavaFX Application Thread] DEBUG PrimaryStageWindow   - Opening main window
23:42:00.450 [JavaFX Application Thread] DEBUG PrimaryStageWindow   - Window border size: (0.0, 35.0)
23:42:00.450 [JavaFX Application Thread] DEBUG PrimaryStageWindow   - Scaled size: 600.0 x 765.0
23:42:00.450 [JavaFX Application Thread] DEBUG PrimaryStageWindow   - Scaled ratio: (1.0, 0.95625)
23:42:00.450 [JavaFX Application Thread] DEBUG PrimaryStageWindow   - Scene size: 600.0 x 800.0
23:42:00.450 [JavaFX Application Thread] DEBUG PrimaryStageWindow   - Stage size: 600.0 x 800.0
23:42:00.455 [FXGL Background Thread 1 ] DEBUG Engine               - Initializing environment variables
23:42:00.527 [FXGL Background Thread 1 ] DEBUG FXGLAssetLoaderServi - User app class for loading assets: class com.demo.game1942.Main
23:42:00.527 [FXGL Background Thread 1 ] DEBUG GameApplicationServi - Applying CSS: fxgl_dark.css
23:42:00.530 [FXGL Background Thread 1 ] DEBUG FXGLAssetLoaderServi - Loading from file system: jar:file:/home/sobhan/.m2/repository/com/github/almasb/fxgl/21.1/fxgl-21.1.jar!/fxglassets/ui/css/fxgl_dark.css
23:42:00.578 [FXGL Background Thread 1 ] DEBUG GameApplicationServi - Initializing application scenes
23:42:00.613 [FXGL Background Thread 1 ] DEBUG GameWorld            - Game world initialized
23:42:00.640 [FXGL Background Thread 1 ] DEBUG PhysicsWorld         - Physics world initialized: appHeight=800, physics.ppm=50.0
23:42:00.640 [FXGL Background Thread 1 ] DEBUG PhysicsWorld         - Using strategy: BRUTE_FORCE
23:42:00.643 [FXGL Background Thread 1 ] DEBUG GameScene            - Game scene initialized: 600x800
23:42:00.651 [FXGL Background Thread 1 ] WARN  FXGL.DefaultMenu     - FXGLDefaultMenu is not designed for resolutions < 800x600
23:42:00.651 [FXGL Background Thread 1 ] DEBUG FXGL.DefaultMenu     - createMenuBodyGameMenu()
23:42:00.660 [FXGL Background Thread 1 ] DEBUG FXGL.DefaultMenu     - createOptionsMenu()
23:42:00.668 [FXGL Background Thread 1 ] DEBUG FXGLAssetLoaderServi - Loading from file system: jar:file:/home/sobhan/.m2/repository/com/github/almasb/fxgl/21.1/fxgl-21.1.jar!/fxglassets/textures/particles/smoke.png
23:42:00.734 [FXGL Background Thread 1 ] DEBUG FXGLAssetLoaderServi - Loading from file system: jar:file:/home/sobhan/.m2/repository/com/github/almasb/fxgl/21.1/fxgl-21.1.jar!/fxglassets/textures/particles/trace_horizontal.png
23:42:00.751 [FXGL Background Thread 1 ] DEBUG GameApplicationServi - Application scenes initialized
23:42:00.757 [FXGL Background Thread 1 ] DEBUG SystemBundleService  - Loading FXGL system data
23:42:00.759 [FXGL Background Thread 1 ] DEBUG FileSystemAccess     - Reading from: /home/sobhan/VS Code/game1942/system/fxgl.bundle
23:42:00.763 [FXGL Background Thread 1 ] DEBUG SystemBundleService  - Bundle FXGL: {}
23:42:00.764 [FXGL Background Thread 1 ] DEBUG UpdaterService       - Checking for updates
23:42:00.766 [FXGL Background Thread 4 ] DEBUG FXGLApplication      - Loading fonts
23:42:00.766 [FXGL Background Thread 4 ] DEBUG FXGLAssetLoaderServi - Loading from file system: jar:file:/home/sobhan/.m2/repository/com/github/almasb/fxgl/21.1/fxgl-21.1.jar!/fxglassets/ui/fonts/VarelaRound-Regular.ttf
23:42:00.766 [FXGL Background Thread 1 ] DEBUG FXGLApplication      - Loading default localization
23:42:00.767 [FXGL Background Thread 1 ] DEBUG FXGLAssetLoaderServi - Loading from file system: jar:file:/home/sobhan/.m2/repository/com/github/almasb/fxgl/21.1/fxgl-21.1.jar!/fxglassets/languages/english.lang
23:42:00.772 [FXGL Background Thread 4 ] DEBUG FXGLAssetLoaderServi - Loading from file system: jar:file:/home/sobhan/.m2/repository/com/github/almasb/fxgl/21.1/fxgl-21.1.jar!/fxglassets/ui/fonts/Abel-Regular.ttf
23:42:00.773 [FXGL Background Thread 4 ] DEBUG FXGLAssetLoaderServi - Loading from file system: jar:file:/home/sobhan/.m2/repository/com/github/almasb/fxgl/21.1/fxgl-21.1.jar!/fxglassets/ui/fonts/TerminalLandMono-Regular.otf
23:42:00.775 [FXGL Background Thread 4 ] DEBUG FXGLAssetLoaderServi - Loading from file system: jar:file:/home/sobhan/.m2/repository/com/github/almasb/fxgl/21.1/fxgl-21.1.jar!/fxglassets/ui/fonts/Courier-Prime.ttf
23:42:00.776 [FXGL Background Thread 1 ] INFO  FXGLApplication      - FXGL initialization took: 0.321 sec
23:42:00.777 [JavaFX Application Thread] DEBUG FXGLAssetLoaderServi - Loading from file system: jar:file:/home/sobhan/.m2/repository/com/github/almasb/fxgl/21.1/fxgl-21.1.jar!/fxglassets/textures/fxgl_icon.png
23:42:00.799 [JavaFX Application Thread] DEBUG FXGLAssetLoaderServi - Loading from file system: jar:file:/home/sobhan/.m2/repository/com/github/almasb/fxgl/21.1/fxgl-21.1.jar!/fxglassets/textures/fxgl_default_cursor.png
23:42:00.809 [JavaFX Application Thread] DEBUG Input                - Registered new binding: Screenshot - CTRL+8
23:42:00.809 [JavaFX Application Thread] DEBUG Input                - Registered new binding: System info dump - CTRL+9
23:42:00.810 [JavaFX Application Thread] DEBUG Input                - Registered new binding: Restart - CTRL+R
23:42:00.810 [JavaFX Application Thread] DEBUG Input                - Registered new binding: Toggle Debug Camera - CTRL+7
23:42:00.812 [JavaFX Application Thread] DEBUG LoopRunner           - Starting loop
23:42:00.812 [JavaFX Application Thread] DEBUG LoopRunner           - Initializing JavaFX AnimationTimerLoop
23:42:00.813 [JavaFX Application Thread] DEBUG GameApplicationServi - Starting new game
23:42:00.814 [JavaFX Application Thread] DEBUG Input                - Clearing active input actions
23:42:00.823 [JavaFX Application Thread] DEBUG GameApplicationServi - Removing overlay from FXGLStartupScene and adding to FXGLLoadingScene
23:42:00.823 [JavaFX Application Thread] DEBUG PrimaryStageWindow   - FXGLStartupScene -> FXGLLoadingScene
23:42:00.823 [JavaFX Application Thread] DEBUG GameApplicationServi - Clearing previous game
23:42:00.824 [JavaFX Application Thread] DEBUG GameScene            - Clearing game scene
23:42:00.824 [JavaFX Application Thread] DEBUG GameWorld            - Clearing game world
23:42:00.824 [JavaFX Application Thread] DEBUG PhysicsWorld         - Clearing physics world
23:42:00.825 [FXGL Background Thread 4 ] DEBUG FXGLApplication      - Initializing game
23:42:00.826 [JavaFX Application Thread] DEBUG FXGLApplication      - Registering font factories with UI factory
23:42:00.847 [FXGL Background Thread 4 ] DEBUG Input                - Registered new binding: Move Left - A
23:42:00.847 [FXGL Background Thread 4 ] DEBUG Input                - Registered new binding: Move Right - D
23:42:00.848 [FXGL Background Thread 4 ] DEBUG Input                - Registered new binding: Move Down - S
23:42:00.848 [FXGL Background Thread 4 ] DEBUG Input                - Registered new binding: Move Up - W
23:42:00.848 [FXGL Background Thread 4 ] DEBUG Input                - Registered new binding: Shoot - Space
23:42:00.853 [FXGL Background Thread 4 ] INFO  FXGLApplication      - Game initialization took: 0.028 sec
23:42:00.926 [JavaFX Application Thread] DEBUG Input                - Clearing active input actions
23:42:00.932 [JavaFX Application Thread] DEBUG GameApplicationServi - Removing overlay from FXGLLoadingScene and adding to GameScene
23:42:00.933 [JavaFX Application Thread] DEBUG PrimaryStageWindow   - FXGLLoadingScene -> GameScene
23:42:03.765 [FXGL Background Thread 3 ] DEBUG Engine               - Logging environment variables
23:42:03.765 [FXGL Background Thread 3 ] DEBUG Engine               - achievements: []
23:42:03.766 [FXGL Background Thread 3 ] DEBUG Engine               - actualHeight: 765.0
23:42:03.766 [FXGL Background Thread 3 ] DEBUG Engine               - actualHeightProperty: ReadOnlyDoubleProperty [value: 802.0]
23:42:03.766 [FXGL Background Thread 3 ] DEBUG Engine               - actualWidth: 600.0
23:42:03.766 [FXGL Background Thread 3 ] DEBUG Engine               - actualWidthProperty: ReadOnlyDoubleProperty [value: 600.0]
23:42:03.766 [FXGL Background Thread 3 ] DEBUG Engine               - appIcon: fxgl_icon.png
23:42:03.766 [FXGL Background Thread 3 ] DEBUG Engine               - applicationMode: DEVELOPER
23:42:03.766 [FXGL Background Thread 3 ] DEBUG Engine               - cSSList: [fxgl_dark.css]
23:42:03.766 [FXGL Background Thread 3 ] DEBUG Engine               - collisionDetectionStrategy: BRUTE_FORCE
23:42:03.766 [FXGL Background Thread 3 ] DEBUG Engine               - configClass: Optional.empty
23:42:03.766 [FXGL Background Thread 3 ] DEBUG Engine               - credits: []
23:42:03.766 [FXGL Background Thread 3 ] DEBUG Engine               - defaultCursor: CursorInfo(imageName=fxgl_default_cursor.png, hotspotX=7.0, hotspotY=6.0)
23:42:03.766 [FXGL Background Thread 3 ] DEBUG Engine               - devBBoxColorProperty: ObjectProperty [value: 0xff0000ff]
23:42:03.766 [FXGL Background Thread 3 ] DEBUG Engine               - devEnableDebugCameraProperty: BooleanProperty [value: false]
23:42:03.767 [FXGL Background Thread 3 ] DEBUG Engine               - devSensorColorProperty: ObjectProperty [value: 0xffff00ff]
23:42:03.767 [FXGL Background Thread 3 ] DEBUG Engine               - devShowBBoxProperty: BooleanProperty [value: false]
23:42:03.767 [FXGL Background Thread 3 ] DEBUG Engine               - devShowPositionProperty: BooleanProperty [value: false]
23:42:03.767 [FXGL Background Thread 3 ] DEBUG Engine               - enabledMenuItems: []
23:42:03.767 [FXGL Background Thread 3 ] DEBUG Engine               - engineServices: [class com.almasb.fxgl.app.services.FXGLAssetLoaderService, class com.almasb.fxgl.app.FXGLApplication$GameApplicationService, class com.almasb.fxgl.app.services.FXGLDialogService, class com.almasb.fxgl.app.services.IOTaskExecutorService, class com.almasb.fxgl.io.FileSystemService, class com.almasb.fxgl.localization.LocalizationService, class com.almasb.fxgl.app.services.SystemBundleService, class com.almasb.fxgl.profile.SaveLoadService, class com.almasb.fxgl.ui.FXGLUIFactoryServiceProvider, class com.almasb.fxgl.ui.FXGLDialogFactoryServiceProvider, class com.almasb.fxgl.audio.AudioPlayer, class com.almasb.fxgl.notification.impl.NotificationServiceProvider, class com.almasb.fxgl.achievement.AchievementService, class com.almasb.fxgl.cutscene.CutsceneService, class com.almasb.fxgl.minigames.MiniGameService, class com.almasb.fxgl.net.NetService, class com.almasb.fxgl.app.services.UpdaterService, class com.almasb.fxgl.dev.DevService]
23:42:03.767 [FXGL Background Thread 3 ] DEBUG Engine               - fontGame: Abel-Regular.ttf
23:42:03.767 [FXGL Background Thread 3 ] DEBUG Engine               - fontMono: TerminalLandMono-Regular.otf
23:42:03.767 [FXGL Background Thread 3 ] DEBUG Engine               - fontSizeScaleUI: 1.0
23:42:03.767 [FXGL Background Thread 3 ] DEBUG Engine               - fontText: Courier-Prime.ttf
23:42:03.767 [FXGL Background Thread 3 ] DEBUG Engine               - fontUI: VarelaRound-Regular.ttf
23:42:03.767 [FXGL Background Thread 3 ] DEBUG Engine               - fullScreen: BooleanProperty [value: false]
23:42:03.767 [FXGL Background Thread 3 ] DEBUG Engine               - gameDifficulty: MEDIUM
23:42:03.767 [FXGL Background Thread 3 ] DEBUG Engine               - gameDifficultyProperty: ObjectProperty [value: MEDIUM]
23:42:03.767 [FXGL Background Thread 3 ] DEBUG Engine               - globalMusicVolume: 0.5
23:42:03.767 [FXGL Background Thread 3 ] DEBUG Engine               - globalMusicVolumeProperty: DoubleProperty [value: 0.5]
23:42:03.767 [FXGL Background Thread 3 ] DEBUG Engine               - globalSoundVolume: 0.5
23:42:03.767 [FXGL Background Thread 3 ] DEBUG Engine               - globalSoundVolumeProperty: DoubleProperty [value: 0.5]
23:42:03.767 [FXGL Background Thread 3 ] DEBUG Engine               - height: 800
23:42:03.767 [FXGL Background Thread 3 ] DEBUG Engine               - is3D: false
23:42:03.767 [FXGL Background Thread 3 ] DEBUG Engine               - isAndroid: false
23:42:03.767 [FXGL Background Thread 3 ] DEBUG Engine               - isBrowser: false
23:42:03.767 [FXGL Background Thread 3 ] DEBUG Engine               - isClickFeedbackEnabled: false
23:42:03.768 [FXGL Background Thread 3 ] DEBUG Engine               - isCloseConfirmation: false
23:42:03.768 [FXGL Background Thread 3 ] DEBUG Engine               - isDesktop: true
23:42:03.768 [FXGL Background Thread 3 ] DEBUG Engine               - isDeveloperMenuEnabled: false
23:42:03.768 [FXGL Background Thread 3 ] DEBUG Engine               - isEmbedded: false
23:42:03.768 [FXGL Background Thread 3 ] DEBUG Engine               - isEntityPreloadEnabled: true
23:42:03.768 [FXGL Background Thread 3 ] DEBUG Engine               - isExperimentalTiledLargeMap: false
23:42:03.768 [FXGL Background Thread 3 ] DEBUG Engine               - isFileSystemWriteAllowed: true
23:42:03.768 [FXGL Background Thread 3 ] DEBUG Engine               - isFullScreenAllowed: true
23:42:03.768 [FXGL Background Thread 3 ] DEBUG Engine               - isFullScreenFromStart: false
23:42:03.768 [FXGL Background Thread 3 ] DEBUG Engine               - isGameMenuEnabled: true
23:42:03.768 [FXGL Background Thread 3 ] DEBUG Engine               - isIOS: false
23:42:03.768 [FXGL Background Thread 3 ] DEBUG Engine               - isIntroEnabled: false
23:42:03.768 [FXGL Background Thread 3 ] DEBUG Engine               - isLinux: true
23:42:03.768 [FXGL Background Thread 3 ] DEBUG Engine               - isMac: false
23:42:03.768 [FXGL Background Thread 3 ] DEBUG Engine               - isMainMenuEnabled: false
23:42:03.768 [FXGL Background Thread 3 ] DEBUG Engine               - isManualResizeEnabled: false
23:42:03.768 [FXGL Background Thread 3 ] DEBUG Engine               - isMobile: false
23:42:03.768 [FXGL Background Thread 3 ] DEBUG Engine               - isNative: false
23:42:03.768 [FXGL Background Thread 3 ] DEBUG Engine               - isPauseMusicWhenMinimized: true
23:42:03.768 [FXGL Background Thread 3 ] DEBUG Engine               - isPreserveResizeRatio: false
23:42:03.768 [FXGL Background Thread 3 ] DEBUG Engine               - isProfilingEnabled: false
23:42:03.768 [FXGL Background Thread 3 ] DEBUG Engine               - isScaleAffectedOnResize: true
23:42:03.768 [FXGL Background Thread 3 ] DEBUG Engine               - isSingleStep: false
23:42:03.768 [FXGL Background Thread 3 ] DEBUG Engine               - isUserProfileEnabled: false
23:42:03.769 [FXGL Background Thread 3 ] DEBUG Engine               - isWindows: false
23:42:03.769 [FXGL Background Thread 3 ] DEBUG Engine               - language: ObjectProperty [value: ENGLISH]
23:42:03.769 [FXGL Background Thread 3 ] DEBUG Engine               - menuKey: ESCAPE
23:42:03.769 [FXGL Background Thread 3 ] DEBUG Engine               - mouseSensitivity: 0.2
23:42:03.769 [FXGL Background Thread 3 ] DEBUG Engine               - notificationViewClass: class com.almasb.fxgl.notification.view.XboxNotificationView
23:42:03.769 [FXGL Background Thread 3 ] DEBUG Engine               - pixelsPerMeter: 50.0
23:42:03.769 [FXGL Background Thread 3 ] DEBUG Engine               - platform: LINUX
23:42:03.769 [FXGL Background Thread 3 ] DEBUG Engine               - prefHeightProperty: ReadOnlyDoubleProperty [value: 800.0]
23:42:03.769 [FXGL Background Thread 3 ] DEBUG Engine               - prefWidthProperty: ReadOnlyDoubleProperty [value: 600.0]
23:42:03.769 [FXGL Background Thread 3 ] DEBUG Engine               - profileDir: profiles/
23:42:03.769 [FXGL Background Thread 3 ] DEBUG Engine               - profileName: StringProperty [value: DEFAULT]
23:42:03.769 [FXGL Background Thread 3 ] DEBUG Engine               - randomSeed: -1
23:42:03.769 [FXGL Background Thread 3 ] DEBUG Engine               - runtimeInfo: RuntimeInfo(platform=LINUX, version=21.1, build=27.03.2024 07.52)
23:42:03.769 [FXGL Background Thread 3 ] DEBUG Engine               - saveFileExt: sav
23:42:03.769 [FXGL Background Thread 3 ] DEBUG Engine               - scaledHeightProp$fxgl: DoubleProperty [bound, value: 802.0]
23:42:03.769 [FXGL Background Thread 3 ] DEBUG Engine               - scaledWidthProp$fxgl: DoubleProperty [bound, value: 600.0]
23:42:03.769 [FXGL Background Thread 3 ] DEBUG Engine               - sceneFactory: com.almasb.fxgl.app.scene.SceneFactory@505f0763
23:42:03.769 [FXGL Background Thread 3 ] DEBUG Engine               - secondsIn24h: 60
23:42:03.769 [FXGL Background Thread 3 ] DEBUG Engine               - soundMenuBack: menu/back.wav
23:42:03.769 [FXGL Background Thread 3 ] DEBUG Engine               - soundMenuPress: menu/press.wav
23:42:03.769 [FXGL Background Thread 3 ] DEBUG Engine               - soundMenuSelect: menu/select.wav
23:42:03.770 [FXGL Background Thread 3 ] DEBUG Engine               - soundNotification: core/notification.wav
23:42:03.770 [FXGL Background Thread 3 ] DEBUG Engine               - stageStyle: DECORATED
23:42:03.770 [FXGL Background Thread 3 ] DEBUG Engine               - supportedLanguages: [ENGLISH, FRENCH, GERMAN, HUNGARIAN, RUSSIAN]
23:42:03.770 [FXGL Background Thread 3 ] DEBUG Engine               - ticksPerSecond: -1
23:42:03.770 [FXGL Background Thread 3 ] DEBUG Engine               - title: 1942 Remake
23:42:03.770 [FXGL Background Thread 3 ] DEBUG Engine               - urlGithub: https://github.com/AlmasB/FXGL
23:42:03.770 [FXGL Background Thread 3 ] DEBUG Engine               - urlLeaderboard: http://fxgl-top.herokuapp.com/
23:42:03.770 [FXGL Background Thread 3 ] DEBUG Engine               - urlPOM: https://raw.githubusercontent.com/AlmasB/FXGL/release/README.md
23:42:03.770 [FXGL Background Thread 3 ] DEBUG Engine               - userAppClass: class com.demo.game1942.Main
23:42:03.770 [FXGL Background Thread 3 ] DEBUG Engine               - version: (demo)
23:42:03.770 [FXGL Background Thread 3 ] DEBUG Engine               - versionCheckDays: 7
23:42:03.770 [FXGL Background Thread 3 ] DEBUG Engine               - width: 600
23:42:03.770 [FXGL Background Thread 3 ] DEBUG Engine               - Logging services
23:42:03.770 [FXGL Background Thread 3 ] DEBUG Engine               - class com.almasb.fxgl.app.services.FXGLAssetLoaderService
23:42:03.770 [FXGL Background Thread 3 ] DEBUG Engine               - class com.almasb.fxgl.app.FXGLApplication$GameApplicationService
23:42:03.770 [FXGL Background Thread 3 ] DEBUG Engine               - class com.almasb.fxgl.app.services.FXGLDialogService
23:42:03.770 [FXGL Background Thread 3 ] DEBUG Engine               - class com.almasb.fxgl.app.services.IOTaskExecutorService
23:42:03.770 [FXGL Background Thread 3 ] DEBUG Engine               - class com.almasb.fxgl.io.FileSystemService
23:42:03.770 [FXGL Background Thread 3 ] DEBUG Engine               - class com.almasb.fxgl.localization.LocalizationService
23:42:03.770 [FXGL Background Thread 3 ] DEBUG Engine               - class com.almasb.fxgl.app.services.SystemBundleService
23:42:03.770 [FXGL Background Thread 3 ] DEBUG Engine               - class com.almasb.fxgl.profile.SaveLoadService
23:42:03.770 [FXGL Background Thread 3 ] DEBUG Engine               - class com.almasb.fxgl.ui.FXGLUIFactoryServiceProvider
23:42:03.770 [FXGL Background Thread 3 ] DEBUG Engine               - class com.almasb.fxgl.ui.FXGLDialogFactoryServiceProvider
23:42:03.770 [FXGL Background Thread 3 ] DEBUG Engine               - class com.almasb.fxgl.audio.AudioPlayer
23:42:03.770 [FXGL Background Thread 3 ] DEBUG Engine               - class com.almasb.fxgl.notification.impl.NotificationServiceProvider
23:42:03.770 [FXGL Background Thread 3 ] DEBUG Engine               - class com.almasb.fxgl.achievement.AchievementService
23:42:03.770 [FXGL Background Thread 3 ] DEBUG Engine               - class com.almasb.fxgl.cutscene.CutsceneService
23:42:03.770 [FXGL Background Thread 3 ] DEBUG Engine               - class com.almasb.fxgl.minigames.MiniGameService
23:42:03.771 [FXGL Background Thread 3 ] DEBUG Engine               - class com.almasb.fxgl.net.NetService
23:42:03.771 [FXGL Background Thread 3 ] DEBUG Engine               - class com.almasb.fxgl.app.services.UpdaterService
23:42:03.771 [FXGL Background Thread 3 ] DEBUG Engine               - class com.almasb.fxgl.dev.DevService
23:42:32.692 [JavaFX Application Thread] DEBUG LoopRunner           - Stopping loop
23:42:32.693 [JavaFX Application Thread] FATAL FXGLApplication      - Uncaught Exception:
java.lang.NullPointerException: Cannot invoke "com.almasb.fxgl.entity.Entity.getX()" because "this.entity" is null
	at com.demo.game1942.EnemyManager.spawnDirectionalBullet(EnemyManager.java:197)
	at com.demo.game1942.EnemyManager.lambda$shootCirclePattern$0(EnemyManager.java:182)
	at com.almasb.fxgl.time.TimerAction.update(TimerAction.kt:69)
	at com.almasb.fxgl.time.Timer.update(Timer.kt:38)
	at com.almasb.fxgl.scene.Scene.update(Scene.kt:104)
	at com.almasb.fxgl.app.MainWindow$update$1.invoke(MainWindow.kt:121)
	at com.almasb.fxgl.app.MainWindow$update$1.invoke(MainWindow.kt:121)
	at com.almasb.fxgl.core.fsm.StateMachine.runOnActiveStates(StateMachine.kt:69)
	at com.almasb.fxgl.app.MainWindow.update(MainWindow.kt:121)
	at com.almasb.fxgl.app.FXGLApplication$GameApplicationService.onUpdate(FXGLApplication.kt:445)
	at com.almasb.fxgl.app.Engine.loop(Engine.kt:134)
	at com.almasb.fxgl.app.Engine.access$loop(Engine.kt:24)
	at com.almasb.fxgl.app.Engine$loop$1.invoke(Engine.kt:28)
	at com.almasb.fxgl.app.Engine$loop$1.invoke(Engine.kt:28)
	at com.almasb.fxgl.app.LoopRunner.frame(LoopRunner.kt:103)
	at com.almasb.fxgl.app.LoopRunner.access$frame(LoopRunner.kt:23)
	at com.almasb.fxgl.app.LoopRunner$impl$2$1.onTick(LoopRunner.kt:57)
	at com.almasb.fxgl.app.AnimationTimerLoop$timer$1.handle(LoopRunner.kt:137)
	at javafx.animation.AnimationTimer$AnimationTimerReceiver.lambda$handle$0(AnimationTimer.java:58)
	at java.base/java.security.AccessController.doPrivileged(AccessController.java:138)
	at javafx.animation.AnimationTimer$AnimationTimerReceiver.handle(AnimationTimer.java:57)
	at com.sun.scenario.animation.AbstractPrimaryTimer.timePulseImpl(AbstractPrimaryTimer.java:356)
	at com.sun.scenario.animation.AbstractPrimaryTimer$MainLoop.run(AbstractPrimaryTimer.java:266)
	at com.sun.javafx.tk.quantum.QuantumToolkit.pulse(QuantumToolkit.java:588)
	at com.sun.javafx.tk.quantum.QuantumToolkit.pulse(QuantumToolkit.java:572)
	at com.sun.javafx.tk.quantum.QuantumToolkit.pulseFromQueue(QuantumToolkit.java:565)
	at com.sun.javafx.tk.quantum.QuantumToolkit.lambda$runToolkit$11(QuantumToolkit.java:352)
	at com.sun.glass.ui.InvokeLaterDispatcher$Future.run(InvokeLaterDispatcher.java:95)
	at com.sun.glass.ui.gtk.GtkApplication._runLoop(Native Method)
	at com.sun.glass.ui.gtk.GtkApplication.lambda$runLoop$10(GtkApplication.java:263)
	at java.base/java.lang.Thread.run(Thread.java:1474)

23:42:32.693 [JavaFX Application Thread] FATAL FXGLApplication      - Application will now exit
23:42:32.711 [JavaFX Application Thread] DEBUG PrimaryStageWindow   - Push state: ErrorSubScene
23:42:32.711 [JavaFX Application Thread] DEBUG Input                - Clearing active input actions
23:42:32.714 [JavaFX Application Thread] DEBUG GameApplicationServi - Removing overlay from GameScene and adding to ErrorSubScene
23:42:32.714 [JavaFX Application Thread] DEBUG PrimaryStageWindow   - GameScene -> ErrorSubScene
23:42:47.989 [JavaFX Application Thread] DEBUG LoopRunner           - Pausing loop
00:05:25.957 [JavaFX Application Thread] DEBUG LoopRunner           - Resuming loop
00:05:28.968 [JavaFX Application Thread] DEBUG FXGLApplication      - Exiting FXGL
00:05:28.968 [JavaFX Application Thread] DEBUG Async                - Shutting down background threads
00:05:28.968 [JavaFX Application Thread] DEBUG PrimaryStageWindow   - Closing main window
00:05:28.969 [JavaFX Application Thread] DEBUG Logger               - Closing Logger
