07:36:59.693 [main                     ] DEBUG Logger               - Configured Logger
07:36:59.701 [main                     ] DEBUG GameApplication      - Logging settings
Title: 1942 Remake
Version: (demo)
Width: 1280
Height: 720
Fullscreen: true
Intro: false
Profiling: false
Single step:false
App Mode: DEVELOPER
Menu Key: ESCAPE
Stage Style: DECORATED
Scene Factory: class com.almasb.fxgl.app.scene.SceneFactory

07:37:00.075 [JavaFX Application Thread] DEBUG FXGLApplication      - Initializing FXGL
07:37:00.078 [JavaFX Application Thread] INFO  Engine               - FXGL-21.1 (27.03.2024 07.52) on LINUX (J:25 FX:21.0.1)
07:37:00.078 [JavaFX Application Thread] DEBUG Engine               - JRE Vendor Name: Oracle Corporation
07:37:00.078 [JavaFX Application Thread] DEBUG Engine               - Running on OS: Linux version 6.14.0-33-generic
07:37:00.078 [JavaFX Application Thread] DEBUG Engine               - Architecture: amd64
07:37:00.078 [JavaFX Application Thread] INFO  Engine               - Source code and latest versions at: https://github.com/AlmasB/FXGL
07:37:00.078 [JavaFX Application Thread] INFO  Engine               -       Ask questions and discuss at: https://github.com/AlmasB/FXGL/discussions
07:37:00.078 [JavaFX Application Thread] INFO  Engine               -              Join the FXGL chat at: https://gitter.im/AlmasB/FXGL
07:37:00.152 [JavaFX Application Thread] DEBUG PrimaryStageWindow   - Creating a JavaFX scene
07:37:00.205 [JavaFX Application Thread] DEBUG PrimaryStageWindow   - Target settings size: 1280.0 x 720.0
07:37:00.205 [JavaFX Application Thread] DEBUG PrimaryStageWindow   - Scaled scene size:    1280.0 x 720.0
07:37:00.206 [JavaFX Application Thread] DEBUG PrimaryStageWindow   - Scaled ratio: (1.0, 1.0)
07:37:00.206 [JavaFX Application Thread] DEBUG PrimaryStageWindow   - Set initial scene to FXGLStartupScene
07:37:00.209 [JavaFX Application Thread] DEBUG PrimaryStageWindow   - Opening main window
07:37:00.237 [JavaFX Application Thread] DEBUG PrimaryStageWindow   - Window border size: (0.0, 35.0)
07:37:00.237 [JavaFX Application Thread] DEBUG PrimaryStageWindow   - Scaled size: 1280.0 x 685.0
07:37:00.237 [JavaFX Application Thread] DEBUG PrimaryStageWindow   - Scaled ratio: (1.0, 0.9513888888888888)
07:37:00.237 [JavaFX Application Thread] DEBUG PrimaryStageWindow   - Scene size: 1280.0 x 720.0
07:37:00.237 [JavaFX Application Thread] DEBUG PrimaryStageWindow   - Stage size: 1280.0 x 720.0
07:37:00.242 [FXGL Background Thread 1 ] DEBUG Engine               - Initializing environment variables
07:37:00.306 [FXGL Background Thread 1 ] DEBUG FXGLAssetLoaderServi - User app class for loading assets: class com.demo.game1942.Main
07:37:00.306 [FXGL Background Thread 1 ] DEBUG GameApplicationServi - Applying CSS: fxgl_dark.css
07:37:00.308 [FXGL Background Thread 1 ] DEBUG FXGLAssetLoaderServi - Loading from file system: jar:file:/home/sobhan/.m2/repository/com/github/almasb/fxgl/21.1/fxgl-21.1.jar!/fxglassets/ui/css/fxgl_dark.css
07:37:00.367 [FXGL Background Thread 1 ] DEBUG GameApplicationServi - Initializing application scenes
07:37:00.418 [FXGL Background Thread 1 ] DEBUG GameWorld            - Game world initialized
07:37:00.452 [FXGL Background Thread 1 ] DEBUG PhysicsWorld         - Physics world initialized: appHeight=720, physics.ppm=50.0
07:37:00.452 [FXGL Background Thread 1 ] DEBUG PhysicsWorld         - Using strategy: BRUTE_FORCE
07:37:00.454 [FXGL Background Thread 1 ] DEBUG GameScene            - Game scene initialized: 1280x720
07:37:00.462 [FXGL Background Thread 1 ] DEBUG FXGL.DefaultMenu     - createMenuBodyGameMenu()
07:37:00.473 [FXGL Background Thread 1 ] DEBUG FXGL.DefaultMenu     - createOptionsMenu()
07:37:00.480 [FXGL Background Thread 1 ] DEBUG FXGLAssetLoaderServi - Loading from file system: jar:file:/home/sobhan/.m2/repository/com/github/almasb/fxgl/21.1/fxgl-21.1.jar!/fxglassets/textures/particles/smoke.png
07:37:00.544 [FXGL Background Thread 1 ] DEBUG FXGLAssetLoaderServi - Loading from file system: jar:file:/home/sobhan/.m2/repository/com/github/almasb/fxgl/21.1/fxgl-21.1.jar!/fxglassets/textures/particles/trace_horizontal.png
07:37:00.561 [FXGL Background Thread 1 ] DEBUG GameApplicationServi - Application scenes initialized
07:37:00.574 [FXGL Background Thread 1 ] DEBUG SystemBundleService  - Loading FXGL system data
07:37:00.577 [FXGL Background Thread 1 ] DEBUG FileSystemAccess     - Reading from: /home/sobhan/VS Code/game1942/system/fxgl.bundle
07:37:00.585 [FXGL Background Thread 1 ] DEBUG SystemBundleService  - Bundle FXGL: {}
07:37:00.585 [FXGL Background Thread 1 ] DEBUG UpdaterService       - Checking for updates
07:37:00.588 [FXGL Background Thread 4 ] DEBUG FXGLApplication      - Loading fonts
07:37:00.589 [FXGL Background Thread 4 ] DEBUG FXGLAssetLoaderServi - Loading from file system: jar:file:/home/sobhan/.m2/repository/com/github/almasb/fxgl/21.1/fxgl-21.1.jar!/fxglassets/ui/fonts/VarelaRound-Regular.ttf
07:37:00.589 [FXGL Background Thread 1 ] DEBUG FXGLApplication      - Loading default localization
07:37:00.589 [FXGL Background Thread 1 ] DEBUG FXGLAssetLoaderServi - Loading from file system: jar:file:/home/sobhan/.m2/repository/com/github/almasb/fxgl/21.1/fxgl-21.1.jar!/fxglassets/languages/english.lang
07:37:00.595 [FXGL Background Thread 4 ] DEBUG FXGLAssetLoaderServi - Loading from file system: jar:file:/home/sobhan/.m2/repository/com/github/almasb/fxgl/21.1/fxgl-21.1.jar!/fxglassets/ui/fonts/Abel-Regular.ttf
07:37:00.597 [FXGL Background Thread 4 ] DEBUG FXGLAssetLoaderServi - Loading from file system: jar:file:/home/sobhan/.m2/repository/com/github/almasb/fxgl/21.1/fxgl-21.1.jar!/fxglassets/ui/fonts/TerminalLandMono-Regular.otf
07:37:00.598 [FXGL Background Thread 4 ] DEBUG FXGLAssetLoaderServi - Loading from file system: jar:file:/home/sobhan/.m2/repository/com/github/almasb/fxgl/21.1/fxgl-21.1.jar!/fxglassets/ui/fonts/Courier-Prime.ttf
07:37:00.601 [JavaFX Application Thread] DEBUG FXGLApplication      - Registering font factories with UI factory
07:37:00.604 [FXGL Background Thread 1 ] INFO  FXGLApplication      - FXGL initialization took: 0.362 sec
07:37:00.606 [JavaFX Application Thread] DEBUG FXGLAssetLoaderServi - Loading from file system: jar:file:/home/sobhan/.m2/repository/com/github/almasb/fxgl/21.1/fxgl-21.1.jar!/fxglassets/textures/fxgl_icon.png
07:37:00.620 [JavaFX Application Thread] DEBUG FXGLAssetLoaderServi - Loading from file system: jar:file:/home/sobhan/.m2/repository/com/github/almasb/fxgl/21.1/fxgl-21.1.jar!/fxglassets/textures/fxgl_default_cursor.png
07:37:00.625 [JavaFX Application Thread] DEBUG Input                - Registered new binding: Screenshot - CTRL+8
07:37:00.626 [JavaFX Application Thread] DEBUG Input                - Registered new binding: System info dump - CTRL+9
07:37:00.626 [JavaFX Application Thread] DEBUG Input                - Registered new binding: Restart - CTRL+R
07:37:00.626 [JavaFX Application Thread] DEBUG Input                - Registered new binding: Toggle Debug Camera - CTRL+7
07:37:00.628 [JavaFX Application Thread] DEBUG LoopRunner           - Starting loop
07:37:00.628 [JavaFX Application Thread] DEBUG LoopRunner           - Initializing JavaFX AnimationTimerLoop
07:37:00.628 [JavaFX Application Thread] DEBUG GameApplicationServi - Starting new game
07:37:00.628 [JavaFX Application Thread] DEBUG Input                - Clearing active input actions
07:37:00.635 [JavaFX Application Thread] DEBUG GameApplicationServi - Removing overlay from FXGLStartupScene and adding to FXGLLoadingScene
07:37:00.635 [JavaFX Application Thread] DEBUG PrimaryStageWindow   - FXGLStartupScene -> FXGLLoadingScene
07:37:00.635 [JavaFX Application Thread] DEBUG GameApplicationServi - Clearing previous game
07:37:00.635 [JavaFX Application Thread] DEBUG GameScene            - Clearing game scene
07:37:00.635 [JavaFX Application Thread] DEBUG GameWorld            - Clearing game world
07:37:00.636 [JavaFX Application Thread] DEBUG PhysicsWorld         - Clearing physics world
07:37:00.637 [FXGL Background Thread 1 ] DEBUG FXGLApplication      - Initializing game
07:37:00.643 [FXGL Background Thread 1 ] DEBUG LoopRunner           - Resuming loop
07:37:00.643 [FXGL Background Thread 1 ] INFO  FXGLApplication      - Game initialization took: 0.007 sec
07:37:00.720 [JavaFX Application Thread] DEBUG Input                - Clearing active input actions
07:37:00.727 [JavaFX Application Thread] DEBUG GameApplicationServi - Removing overlay from FXGLLoadingScene and adding to GameScene
07:37:00.728 [JavaFX Application Thread] DEBUG PrimaryStageWindow   - FXGLLoadingScene -> GameScene
07:37:03.373 [JavaFX Application Thread] DEBUG Input                - Registered new binding: Move Left - Left
07:37:03.373 [JavaFX Application Thread] DEBUG Input                - Registered new binding: Move Right - Right
07:37:03.373 [JavaFX Application Thread] DEBUG Input                - Registered new binding: Move Down - Down
07:37:03.373 [JavaFX Application Thread] DEBUG Input                - Registered new binding: Move Up - Up
07:37:03.373 [JavaFX Application Thread] DEBUG Input                - Registered new binding: Shoot - Space
07:37:03.373 [JavaFX Application Thread] DEBUG Input                - Registered new binding: Pause Menu - F1
07:37:03.588 [FXGL Background Thread 3 ] DEBUG Engine               - Logging environment variables
07:37:03.588 [FXGL Background Thread 3 ] DEBUG Engine               - achievements: []
07:37:03.589 [FXGL Background Thread 3 ] DEBUG Engine               - actualHeight: 685.0
07:37:03.589 [FXGL Background Thread 3 ] DEBUG Engine               - actualHeightProperty: ReadOnlyDoubleProperty [value: 722.0]
07:37:03.589 [FXGL Background Thread 3 ] DEBUG Engine               - actualWidth: 1280.0
07:37:03.589 [FXGL Background Thread 3 ] DEBUG Engine               - actualWidthProperty: ReadOnlyDoubleProperty [value: 1280.0]
07:37:03.589 [FXGL Background Thread 3 ] DEBUG Engine               - appIcon: fxgl_icon.png
07:37:03.589 [FXGL Background Thread 3 ] DEBUG Engine               - applicationMode: DEVELOPER
07:37:03.590 [FXGL Background Thread 3 ] DEBUG Engine               - cSSList: [fxgl_dark.css]
07:37:03.590 [FXGL Background Thread 3 ] DEBUG Engine               - collisionDetectionStrategy: BRUTE_FORCE
07:37:03.590 [FXGL Background Thread 3 ] DEBUG Engine               - configClass: Optional.empty
07:37:03.590 [FXGL Background Thread 3 ] DEBUG Engine               - credits: []
07:37:03.590 [FXGL Background Thread 3 ] DEBUG Engine               - defaultCursor: CursorInfo(imageName=fxgl_default_cursor.png, hotspotX=7.0, hotspotY=6.0)
07:37:03.591 [FXGL Background Thread 3 ] DEBUG Engine               - devBBoxColorProperty: ObjectProperty [value: 0xff0000ff]
07:37:03.591 [FXGL Background Thread 3 ] DEBUG Engine               - devEnableDebugCameraProperty: BooleanProperty [value: false]
07:37:03.591 [FXGL Background Thread 3 ] DEBUG Engine               - devSensorColorProperty: ObjectProperty [value: 0xffff00ff]
07:37:03.591 [FXGL Background Thread 3 ] DEBUG Engine               - devShowBBoxProperty: BooleanProperty [value: false]
07:37:03.591 [FXGL Background Thread 3 ] DEBUG Engine               - devShowPositionProperty: BooleanProperty [value: false]
07:37:03.591 [FXGL Background Thread 3 ] DEBUG Engine               - enabledMenuItems: []
07:37:03.591 [FXGL Background Thread 3 ] DEBUG Engine               - engineServices: [class com.almasb.fxgl.app.services.FXGLAssetLoaderService, class com.almasb.fxgl.app.FXGLApplication$GameApplicationService, class com.almasb.fxgl.app.services.FXGLDialogService, class com.almasb.fxgl.app.services.IOTaskExecutorService, class com.almasb.fxgl.io.FileSystemService, class com.almasb.fxgl.localization.LocalizationService, class com.almasb.fxgl.app.services.SystemBundleService, class com.almasb.fxgl.profile.SaveLoadService, class com.almasb.fxgl.ui.FXGLUIFactoryServiceProvider, class com.almasb.fxgl.ui.FXGLDialogFactoryServiceProvider, class com.almasb.fxgl.audio.AudioPlayer, class com.almasb.fxgl.notification.impl.NotificationServiceProvider, class com.almasb.fxgl.achievement.AchievementService, class com.almasb.fxgl.cutscene.CutsceneService, class com.almasb.fxgl.minigames.MiniGameService, class com.almasb.fxgl.net.NetService, class com.almasb.fxgl.app.services.UpdaterService, class com.almasb.fxgl.dev.DevService]
07:37:03.591 [FXGL Background Thread 3 ] DEBUG Engine               - fontGame: Abel-Regular.ttf
07:37:03.591 [FXGL Background Thread 3 ] DEBUG Engine               - fontMono: TerminalLandMono-Regular.otf
07:37:03.591 [FXGL Background Thread 3 ] DEBUG Engine               - fontSizeScaleUI: 1.0
07:37:03.591 [FXGL Background Thread 3 ] DEBUG Engine               - fontText: Courier-Prime.ttf
07:37:03.591 [FXGL Background Thread 3 ] DEBUG Engine               - fontUI: VarelaRound-Regular.ttf
07:37:03.591 [FXGL Background Thread 3 ] DEBUG Engine               - fullScreen: BooleanProperty [value: false]
07:37:03.591 [FXGL Background Thread 3 ] DEBUG Engine               - gameDifficulty: MEDIUM
07:37:03.591 [FXGL Background Thread 3 ] DEBUG Engine               - gameDifficultyProperty: ObjectProperty [value: MEDIUM]
07:37:03.591 [FXGL Background Thread 3 ] DEBUG Engine               - globalMusicVolume: 0.5
07:37:03.591 [FXGL Background Thread 3 ] DEBUG Engine               - globalMusicVolumeProperty: DoubleProperty [value: 0.5]
07:37:03.591 [FXGL Background Thread 3 ] DEBUG Engine               - globalSoundVolume: 0.5
07:37:03.591 [FXGL Background Thread 3 ] DEBUG Engine               - globalSoundVolumeProperty: DoubleProperty [value: 0.5]
07:37:03.591 [FXGL Background Thread 3 ] DEBUG Engine               - height: 720
07:37:03.591 [FXGL Background Thread 3 ] DEBUG Engine               - is3D: false
07:37:03.591 [FXGL Background Thread 3 ] DEBUG Engine               - isAndroid: false
07:37:03.591 [FXGL Background Thread 3 ] DEBUG Engine               - isBrowser: false
07:37:03.591 [FXGL Background Thread 3 ] DEBUG Engine               - isClickFeedbackEnabled: false
07:37:03.591 [FXGL Background Thread 3 ] DEBUG Engine               - isCloseConfirmation: false
07:37:03.591 [FXGL Background Thread 3 ] DEBUG Engine               - isDesktop: true
07:37:03.591 [FXGL Background Thread 3 ] DEBUG Engine               - isDeveloperMenuEnabled: false
07:37:03.591 [FXGL Background Thread 3 ] DEBUG Engine               - isEmbedded: false
07:37:03.592 [FXGL Background Thread 3 ] DEBUG Engine               - isEntityPreloadEnabled: true
07:37:03.592 [FXGL Background Thread 3 ] DEBUG Engine               - isExperimentalTiledLargeMap: false
07:37:03.592 [FXGL Background Thread 3 ] DEBUG Engine               - isFileSystemWriteAllowed: true
07:37:03.592 [FXGL Background Thread 3 ] DEBUG Engine               - isFullScreenAllowed: true
07:37:03.592 [FXGL Background Thread 3 ] DEBUG Engine               - isFullScreenFromStart: false
07:37:03.592 [FXGL Background Thread 3 ] DEBUG Engine               - isGameMenuEnabled: true
07:37:03.592 [FXGL Background Thread 3 ] DEBUG Engine               - isIOS: false
07:37:03.592 [FXGL Background Thread 3 ] DEBUG Engine               - isIntroEnabled: false
07:37:03.592 [FXGL Background Thread 3 ] DEBUG Engine               - isLinux: true
07:37:03.592 [FXGL Background Thread 3 ] DEBUG Engine               - isMac: false
07:37:03.592 [FXGL Background Thread 3 ] DEBUG Engine               - isMainMenuEnabled: false
07:37:03.592 [FXGL Background Thread 3 ] DEBUG Engine               - isManualResizeEnabled: false
07:37:03.592 [FXGL Background Thread 3 ] DEBUG Engine               - isMobile: false
07:37:03.592 [FXGL Background Thread 3 ] DEBUG Engine               - isNative: false
07:37:03.592 [FXGL Background Thread 3 ] DEBUG Engine               - isPauseMusicWhenMinimized: true
07:37:03.592 [FXGL Background Thread 3 ] DEBUG Engine               - isPreserveResizeRatio: false
07:37:03.592 [FXGL Background Thread 3 ] DEBUG Engine               - isProfilingEnabled: false
07:37:03.592 [FXGL Background Thread 3 ] DEBUG Engine               - isScaleAffectedOnResize: true
07:37:03.592 [FXGL Background Thread 3 ] DEBUG Engine               - isSingleStep: false
07:37:03.592 [FXGL Background Thread 3 ] DEBUG Engine               - isUserProfileEnabled: false
07:37:03.592 [FXGL Background Thread 3 ] DEBUG Engine               - isWindows: false
07:37:03.592 [FXGL Background Thread 3 ] DEBUG Engine               - language: ObjectProperty [value: ENGLISH]
07:37:03.592 [FXGL Background Thread 3 ] DEBUG Engine               - menuKey: ESCAPE
07:37:03.592 [FXGL Background Thread 3 ] DEBUG Engine               - mouseSensitivity: 0.2
07:37:03.592 [FXGL Background Thread 3 ] DEBUG Engine               - notificationViewClass: class com.almasb.fxgl.notification.view.XboxNotificationView
07:37:03.592 [FXGL Background Thread 3 ] DEBUG Engine               - pixelsPerMeter: 50.0
07:37:03.592 [FXGL Background Thread 3 ] DEBUG Engine               - platform: LINUX
07:37:03.592 [FXGL Background Thread 3 ] DEBUG Engine               - prefHeightProperty: ReadOnlyDoubleProperty [value: 720.0]
07:37:03.592 [FXGL Background Thread 3 ] DEBUG Engine               - prefWidthProperty: ReadOnlyDoubleProperty [value: 1280.0]
07:37:03.593 [FXGL Background Thread 3 ] DEBUG Engine               - profileDir: profiles/
07:37:03.593 [FXGL Background Thread 3 ] DEBUG Engine               - profileName: StringProperty [value: DEFAULT]
07:37:03.593 [FXGL Background Thread 3 ] DEBUG Engine               - randomSeed: -1
07:37:03.593 [FXGL Background Thread 3 ] DEBUG Engine               - runtimeInfo: RuntimeInfo(platform=LINUX, version=21.1, build=27.03.2024 07.52)
07:37:03.593 [FXGL Background Thread 3 ] DEBUG Engine               - saveFileExt: sav
07:37:03.593 [FXGL Background Thread 3 ] DEBUG Engine               - scaledHeightProp$fxgl: DoubleProperty [bound, value: 722.0]
07:37:03.593 [FXGL Background Thread 3 ] DEBUG Engine               - scaledWidthProp$fxgl: DoubleProperty [bound, value: 1280.0]
07:37:03.593 [FXGL Background Thread 3 ] DEBUG Engine               - sceneFactory: com.almasb.fxgl.app.scene.SceneFactory@31220d39
07:37:03.593 [FXGL Background Thread 3 ] DEBUG Engine               - secondsIn24h: 60
07:37:03.593 [FXGL Background Thread 3 ] DEBUG Engine               - soundMenuBack: menu/back.wav
07:37:03.593 [FXGL Background Thread 3 ] DEBUG Engine               - soundMenuPress: menu/press.wav
07:37:03.593 [FXGL Background Thread 3 ] DEBUG Engine               - soundMenuSelect: menu/select.wav
07:37:03.593 [FXGL Background Thread 3 ] DEBUG Engine               - soundNotification: core/notification.wav
07:37:03.593 [FXGL Background Thread 3 ] DEBUG Engine               - stageStyle: DECORATED
07:37:03.593 [FXGL Background Thread 3 ] DEBUG Engine               - supportedLanguages: [ENGLISH, FRENCH, GERMAN, HUNGARIAN, RUSSIAN]
07:37:03.594 [FXGL Background Thread 3 ] DEBUG Engine               - ticksPerSecond: -1
07:37:03.594 [FXGL Background Thread 3 ] DEBUG Engine               - title: 1942 Remake
07:37:03.594 [FXGL Background Thread 3 ] DEBUG Engine               - urlGithub: https://github.com/AlmasB/FXGL
07:37:03.594 [FXGL Background Thread 3 ] DEBUG Engine               - urlLeaderboard: http://fxgl-top.herokuapp.com/
07:37:03.594 [FXGL Background Thread 3 ] DEBUG Engine               - urlPOM: https://raw.githubusercontent.com/AlmasB/FXGL/release/README.md
07:37:03.594 [FXGL Background Thread 3 ] DEBUG Engine               - userAppClass: class com.demo.game1942.Main
07:37:03.594 [FXGL Background Thread 3 ] DEBUG Engine               - version: (demo)
07:37:03.594 [FXGL Background Thread 3 ] DEBUG Engine               - versionCheckDays: 7
07:37:03.594 [FXGL Background Thread 3 ] DEBUG Engine               - width: 1280
07:37:03.594 [FXGL Background Thread 3 ] DEBUG Engine               - Logging services
07:37:03.594 [FXGL Background Thread 3 ] DEBUG Engine               - class com.almasb.fxgl.app.services.FXGLAssetLoaderService
07:37:03.594 [FXGL Background Thread 3 ] DEBUG Engine               - class com.almasb.fxgl.app.FXGLApplication$GameApplicationService
07:37:03.594 [FXGL Background Thread 3 ] DEBUG Engine               - class com.almasb.fxgl.app.services.FXGLDialogService
07:37:03.594 [FXGL Background Thread 3 ] DEBUG Engine               - class com.almasb.fxgl.app.services.IOTaskExecutorService
07:37:03.594 [FXGL Background Thread 3 ] DEBUG Engine               - class com.almasb.fxgl.io.FileSystemService
07:37:03.594 [FXGL Background Thread 3 ] DEBUG Engine               - class com.almasb.fxgl.localization.LocalizationService
07:37:03.594 [FXGL Background Thread 3 ] DEBUG Engine               - class com.almasb.fxgl.app.services.SystemBundleService
07:37:03.594 [FXGL Background Thread 3 ] DEBUG Engine               - class com.almasb.fxgl.profile.SaveLoadService
07:37:03.594 [FXGL Background Thread 3 ] DEBUG Engine               - class com.almasb.fxgl.ui.FXGLUIFactoryServiceProvider
07:37:03.594 [FXGL Background Thread 3 ] DEBUG Engine               - class com.almasb.fxgl.ui.FXGLDialogFactoryServiceProvider
07:37:03.594 [FXGL Background Thread 3 ] DEBUG Engine               - class com.almasb.fxgl.audio.AudioPlayer
07:37:03.595 [FXGL Background Thread 3 ] DEBUG Engine               - class com.almasb.fxgl.notification.impl.NotificationServiceProvider
07:37:03.595 [FXGL Background Thread 3 ] DEBUG Engine               - class com.almasb.fxgl.achievement.AchievementService
07:37:03.595 [FXGL Background Thread 3 ] DEBUG Engine               - class com.almasb.fxgl.cutscene.CutsceneService
07:37:03.595 [FXGL Background Thread 3 ] DEBUG Engine               - class com.almasb.fxgl.minigames.MiniGameService
07:37:03.595 [FXGL Background Thread 3 ] DEBUG Engine               - class com.almasb.fxgl.net.NetService
07:37:03.595 [FXGL Background Thread 3 ] DEBUG Engine               - class com.almasb.fxgl.app.services.UpdaterService
07:37:03.595 [FXGL Background Thread 3 ] DEBUG Engine               - class com.almasb.fxgl.dev.DevService
07:37:05.978 [JavaFX Application Thread] DEBUG LoopRunner           - Pausing loop
07:37:06.790 [JavaFX Application Thread] DEBUG LoopRunner           - Pausing loop
07:37:06.794 [JavaFX Application Thread] DEBUG LoopRunner           - Resuming loop
07:37:12.873 [JavaFX Application Thread] DEBUG LoopRunner           - Resuming loop
07:37:13.276 [JavaFX Application Thread] DEBUG LoopRunner           - Resuming loop
07:37:15.287 [JavaFX Application Thread] DEBUG LoopRunner           - Resuming loop
07:37:24.863 [JavaFX Application Thread] DEBUG LoopRunner           - Resuming loop
07:37:25.186 [JavaFX Application Thread] DEBUG LoopRunner           - Resuming loop
07:37:26.328 [JavaFX Application Thread] DEBUG LoopRunner           - Resuming loop
07:37:28.391 [JavaFX Application Thread] DEBUG LoopRunner           - Resuming loop
07:37:28.974 [JavaFX Application Thread] DEBUG FXGLApplication      - Exiting FXGL
07:37:28.974 [JavaFX Application Thread] DEBUG LoopRunner           - Stopping loop
07:37:28.974 [JavaFX Application Thread] DEBUG SystemBundleService  - Saving FXGL system data
07:37:28.981 [JavaFX Application Thread] DEBUG FileSystemAccess     - Writing to: /home/sobhan/VS Code/game1942/system/fxgl.bundle
07:37:28.983 [JavaFX Application Thread] DEBUG Async                - Shutting down background threads
07:37:28.983 [JavaFX Application Thread] DEBUG PrimaryStageWindow   - Closing main window
07:37:28.984 [JavaFX Application Thread] DEBUG Logger               - Closing Logger
