18:28:10.352 [main                     ] DEBUG Logger               - Configured Logger
18:28:10.357 [main                     ] DEBUG GameApplication      - Logging settings
Title: 1942 Remake
Version: (demo)
Width: 600
Height: 800
Fullscreen: true
Intro: false
Profiling: false
Single step:false
App Mode: DEVELOPER
Menu Key: ESCAPE
Stage Style: DECORATED
Scene Factory: class com.almasb.fxgl.app.scene.SceneFactory

18:28:10.623 [JavaFX Application Thread] DEBUG FXGLApplication      - Initializing FXGL
18:28:10.626 [JavaFX Application Thread] INFO  Engine               - FXGL-21.1 (27.03.2024 07.52) on LINUX (J:25 FX:21.0.1)
18:28:10.626 [JavaFX Application Thread] DEBUG Engine               - JRE Vendor Name: Oracle Corporation
18:28:10.627 [JavaFX Application Thread] DEBUG Engine               - Running on OS: Linux version 6.14.0-33-generic
18:28:10.627 [JavaFX Application Thread] DEBUG Engine               - Architecture: amd64
18:28:10.627 [JavaFX Application Thread] INFO  Engine               - Source code and latest versions at: https://github.com/AlmasB/FXGL
18:28:10.627 [JavaFX Application Thread] INFO  Engine               -       Ask questions and discuss at: https://github.com/AlmasB/FXGL/discussions
18:28:10.627 [JavaFX Application Thread] INFO  Engine               -              Join the FXGL chat at: https://gitter.im/AlmasB/FXGL
18:28:10.713 [JavaFX Application Thread] DEBUG PrimaryStageWindow   - Creating a JavaFX scene
18:28:10.778 [JavaFX Application Thread] DEBUG PrimaryStageWindow   - Target settings size: 600.0 x 800.0
18:28:10.778 [JavaFX Application Thread] DEBUG PrimaryStageWindow   - Scaled scene size:    600.0 x 800.0
18:28:10.779 [JavaFX Application Thread] DEBUG PrimaryStageWindow   - Scaled ratio: (1.0, 1.0)
18:28:10.780 [JavaFX Application Thread] DEBUG PrimaryStageWindow   - Set initial scene to FXGLStartupScene
18:28:10.783 [JavaFX Application Thread] DEBUG PrimaryStageWindow   - Opening main window
18:28:10.817 [JavaFX Application Thread] DEBUG PrimaryStageWindow   - Window border size: (0.0, 35.0)
18:28:10.818 [JavaFX Application Thread] DEBUG PrimaryStageWindow   - Scaled size: 600.0 x 765.0
18:28:10.818 [JavaFX Application Thread] DEBUG PrimaryStageWindow   - Scaled ratio: (1.0, 0.95625)
18:28:10.818 [JavaFX Application Thread] DEBUG PrimaryStageWindow   - Scene size: 600.0 x 800.0
18:28:10.818 [JavaFX Application Thread] DEBUG PrimaryStageWindow   - Stage size: 600.0 x 800.0
18:28:10.825 [FXGL Background Thread 1 ] DEBUG Engine               - Initializing environment variables
18:28:10.887 [FXGL Background Thread 1 ] DEBUG FXGLAssetLoaderServi - User app class for loading assets: class com.demo.game1942.Main
18:28:10.887 [FXGL Background Thread 1 ] DEBUG GameApplicationServi - Applying CSS: fxgl_dark.css
18:28:10.888 [FXGL Background Thread 1 ] DEBUG FXGLAssetLoaderServi - Loading from file system: jar:file:/home/sobhan/.m2/repository/com/github/almasb/fxgl/21.1/fxgl-21.1.jar!/fxglassets/ui/css/fxgl_dark.css
18:28:10.928 [FXGL Background Thread 1 ] DEBUG GameApplicationServi - Initializing application scenes
18:28:10.964 [FXGL Background Thread 1 ] DEBUG GameWorld            - Game world initialized
18:28:10.999 [FXGL Background Thread 1 ] DEBUG PhysicsWorld         - Physics world initialized: appHeight=800, physics.ppm=50.0
18:28:10.999 [FXGL Background Thread 1 ] DEBUG PhysicsWorld         - Using strategy: BRUTE_FORCE
18:28:11.002 [FXGL Background Thread 1 ] DEBUG GameScene            - Game scene initialized: 600x800
18:28:11.011 [FXGL Background Thread 1 ] WARN  FXGL.DefaultMenu     - FXGLDefaultMenu is not designed for resolutions < 800x600
18:28:11.012 [FXGL Background Thread 1 ] DEBUG FXGL.DefaultMenu     - createMenuBodyGameMenu()
18:28:11.021 [FXGL Background Thread 1 ] DEBUG FXGL.DefaultMenu     - createOptionsMenu()
18:28:11.032 [FXGL Background Thread 1 ] DEBUG FXGLAssetLoaderServi - Loading from file system: jar:file:/home/sobhan/.m2/repository/com/github/almasb/fxgl/21.1/fxgl-21.1.jar!/fxglassets/textures/particles/smoke.png
18:28:11.100 [FXGL Background Thread 1 ] DEBUG FXGLAssetLoaderServi - Loading from file system: jar:file:/home/sobhan/.m2/repository/com/github/almasb/fxgl/21.1/fxgl-21.1.jar!/fxglassets/textures/particles/trace_horizontal.png
18:28:11.115 [FXGL Background Thread 1 ] DEBUG GameApplicationServi - Application scenes initialized
18:28:11.122 [FXGL Background Thread 1 ] DEBUG SystemBundleService  - Loading FXGL system data
18:28:11.124 [FXGL Background Thread 1 ] DEBUG FileSystemAccess     - Reading from: /home/sobhan/VS Code/game1942/system/fxgl.bundle
18:28:11.128 [FXGL Background Thread 1 ] DEBUG SystemBundleService  - Bundle FXGL: {}
18:28:11.129 [FXGL Background Thread 1 ] DEBUG UpdaterService       - Checking for updates
18:28:11.131 [FXGL Background Thread 4 ] DEBUG FXGLApplication      - Loading fonts
18:28:11.132 [FXGL Background Thread 4 ] DEBUG FXGLAssetLoaderServi - Loading from file system: jar:file:/home/sobhan/.m2/repository/com/github/almasb/fxgl/21.1/fxgl-21.1.jar!/fxglassets/ui/fonts/VarelaRound-Regular.ttf
18:28:11.132 [FXGL Background Thread 1 ] DEBUG FXGLApplication      - Loading default localization
18:28:11.132 [FXGL Background Thread 1 ] DEBUG FXGLAssetLoaderServi - Loading from file system: jar:file:/home/sobhan/.m2/repository/com/github/almasb/fxgl/21.1/fxgl-21.1.jar!/fxglassets/languages/english.lang
18:28:11.137 [FXGL Background Thread 4 ] DEBUG FXGLAssetLoaderServi - Loading from file system: jar:file:/home/sobhan/.m2/repository/com/github/almasb/fxgl/21.1/fxgl-21.1.jar!/fxglassets/ui/fonts/Abel-Regular.ttf
18:28:11.138 [FXGL Background Thread 4 ] DEBUG FXGLAssetLoaderServi - Loading from file system: jar:file:/home/sobhan/.m2/repository/com/github/almasb/fxgl/21.1/fxgl-21.1.jar!/fxglassets/ui/fonts/TerminalLandMono-Regular.otf
18:28:11.139 [FXGL Background Thread 4 ] DEBUG FXGLAssetLoaderServi - Loading from file system: jar:file:/home/sobhan/.m2/repository/com/github/almasb/fxgl/21.1/fxgl-21.1.jar!/fxglassets/ui/fonts/Courier-Prime.ttf
18:28:11.142 [JavaFX Application Thread] DEBUG FXGLApplication      - Registering font factories with UI factory
18:28:11.143 [FXGL Background Thread 1 ] INFO  FXGLApplication      - FXGL initialization took: 0.318 sec
18:28:11.144 [JavaFX Application Thread] DEBUG FXGLAssetLoaderServi - Loading from file system: jar:file:/home/sobhan/.m2/repository/com/github/almasb/fxgl/21.1/fxgl-21.1.jar!/fxglassets/textures/fxgl_icon.png
18:28:11.165 [JavaFX Application Thread] DEBUG FXGLAssetLoaderServi - Loading from file system: jar:file:/home/sobhan/.m2/repository/com/github/almasb/fxgl/21.1/fxgl-21.1.jar!/fxglassets/textures/fxgl_default_cursor.png
18:28:11.172 [JavaFX Application Thread] DEBUG Input                - Registered new binding: Screenshot - CTRL+8
18:28:11.172 [JavaFX Application Thread] DEBUG Input                - Registered new binding: System info dump - CTRL+9
18:28:11.173 [JavaFX Application Thread] DEBUG Input                - Registered new binding: Restart - CTRL+R
18:28:11.173 [JavaFX Application Thread] DEBUG Input                - Registered new binding: Toggle Debug Camera - CTRL+7
18:28:11.174 [JavaFX Application Thread] DEBUG LoopRunner           - Starting loop
18:28:11.175 [JavaFX Application Thread] DEBUG LoopRunner           - Initializing JavaFX AnimationTimerLoop
18:28:11.175 [JavaFX Application Thread] DEBUG GameApplicationServi - Starting new game
18:28:11.175 [JavaFX Application Thread] DEBUG Input                - Clearing active input actions
18:28:11.182 [JavaFX Application Thread] DEBUG GameApplicationServi - Removing overlay from FXGLStartupScene and adding to FXGLLoadingScene
18:28:11.182 [JavaFX Application Thread] DEBUG PrimaryStageWindow   - FXGLStartupScene -> FXGLLoadingScene
18:28:11.183 [JavaFX Application Thread] DEBUG GameApplicationServi - Clearing previous game
18:28:11.183 [JavaFX Application Thread] DEBUG GameScene            - Clearing game scene
18:28:11.183 [JavaFX Application Thread] DEBUG GameWorld            - Clearing game world
18:28:11.183 [JavaFX Application Thread] DEBUG PhysicsWorld         - Clearing physics world
18:28:11.184 [FXGL Background Thread 1 ] DEBUG FXGLApplication      - Initializing game
18:28:11.188 [FXGL Background Thread 1 ] INFO  FXGLApplication      - Game initialization took: 0.004 sec
18:28:11.276 [JavaFX Application Thread] DEBUG Input                - Clearing active input actions
18:28:11.282 [JavaFX Application Thread] DEBUG GameApplicationServi - Removing overlay from FXGLLoadingScene and adding to GameScene
18:28:11.282 [JavaFX Application Thread] DEBUG PrimaryStageWindow   - FXGLLoadingScene -> GameScene
18:28:11.979 [JavaFX Application Thread] DEBUG Input                - Registered new binding: Move Left - A
18:28:11.979 [JavaFX Application Thread] DEBUG Input                - Registered new binding: Move Right - D
18:28:11.979 [JavaFX Application Thread] DEBUG Input                - Registered new binding: Move Down - S
18:28:11.979 [JavaFX Application Thread] DEBUG Input                - Registered new binding: Move Up - W
18:28:11.979 [JavaFX Application Thread] DEBUG Input                - Registered new binding: Shoot - Space
18:28:11.979 [JavaFX Application Thread] DEBUG Input                - Registered new binding: Pause Menu - F1
18:28:12.680 [JavaFX Application Thread] DEBUG LoopRunner           - Pausing loop
18:28:13.599 [JavaFX Application Thread] DEBUG LoopRunner           - Resuming loop
18:28:13.968 [JavaFX Application Thread] DEBUG LoopRunner           - Pausing loop
18:28:14.131 [FXGL Background Thread 3 ] DEBUG Engine               - Logging environment variables
18:28:14.132 [FXGL Background Thread 3 ] DEBUG Engine               - achievements: []
18:28:14.132 [FXGL Background Thread 3 ] DEBUG Engine               - actualHeight: 765.0
18:28:14.132 [FXGL Background Thread 3 ] DEBUG Engine               - actualHeightProperty: ReadOnlyDoubleProperty [value: 802.0]
18:28:14.132 [FXGL Background Thread 3 ] DEBUG Engine               - actualWidth: 600.0
18:28:14.132 [FXGL Background Thread 3 ] DEBUG Engine               - actualWidthProperty: ReadOnlyDoubleProperty [value: 600.0]
18:28:14.132 [FXGL Background Thread 3 ] DEBUG Engine               - appIcon: fxgl_icon.png
18:28:14.132 [FXGL Background Thread 3 ] DEBUG Engine               - applicationMode: DEVELOPER
18:28:14.133 [FXGL Background Thread 3 ] DEBUG Engine               - cSSList: [fxgl_dark.css]
18:28:14.133 [FXGL Background Thread 3 ] DEBUG Engine               - collisionDetectionStrategy: BRUTE_FORCE
18:28:14.133 [FXGL Background Thread 3 ] DEBUG Engine               - configClass: Optional.empty
18:28:14.133 [FXGL Background Thread 3 ] DEBUG Engine               - credits: []
18:28:14.133 [FXGL Background Thread 3 ] DEBUG Engine               - defaultCursor: CursorInfo(imageName=fxgl_default_cursor.png, hotspotX=7.0, hotspotY=6.0)
18:28:14.134 [FXGL Background Thread 3 ] DEBUG Engine               - devBBoxColorProperty: ObjectProperty [value: 0xff0000ff]
18:28:14.134 [FXGL Background Thread 3 ] DEBUG Engine               - devEnableDebugCameraProperty: BooleanProperty [value: false]
18:28:14.134 [FXGL Background Thread 3 ] DEBUG Engine               - devSensorColorProperty: ObjectProperty [value: 0xffff00ff]
18:28:14.134 [FXGL Background Thread 3 ] DEBUG Engine               - devShowBBoxProperty: BooleanProperty [value: false]
18:28:14.134 [FXGL Background Thread 3 ] DEBUG Engine               - devShowPositionProperty: BooleanProperty [value: false]
18:28:14.134 [FXGL Background Thread 3 ] DEBUG Engine               - enabledMenuItems: []
18:28:14.135 [FXGL Background Thread 3 ] DEBUG Engine               - engineServices: [class com.almasb.fxgl.app.services.FXGLAssetLoaderService, class com.almasb.fxgl.app.FXGLApplication$GameApplicationService, class com.almasb.fxgl.app.services.FXGLDialogService, class com.almasb.fxgl.app.services.IOTaskExecutorService, class com.almasb.fxgl.io.FileSystemService, class com.almasb.fxgl.localization.LocalizationService, class com.almasb.fxgl.app.services.SystemBundleService, class com.almasb.fxgl.profile.SaveLoadService, class com.almasb.fxgl.ui.FXGLUIFactoryServiceProvider, class com.almasb.fxgl.ui.FXGLDialogFactoryServiceProvider, class com.almasb.fxgl.audio.AudioPlayer, class com.almasb.fxgl.notification.impl.NotificationServiceProvider, class com.almasb.fxgl.achievement.AchievementService, class com.almasb.fxgl.cutscene.CutsceneService, class com.almasb.fxgl.minigames.MiniGameService, class com.almasb.fxgl.net.NetService, class com.almasb.fxgl.app.services.UpdaterService, class com.almasb.fxgl.dev.DevService]
18:28:14.135 [FXGL Background Thread 3 ] DEBUG Engine               - fontGame: Abel-Regular.ttf
18:28:14.135 [FXGL Background Thread 3 ] DEBUG Engine               - fontMono: TerminalLandMono-Regular.otf
18:28:14.135 [FXGL Background Thread 3 ] DEBUG Engine               - fontSizeScaleUI: 1.0
18:28:14.135 [FXGL Background Thread 3 ] DEBUG Engine               - fontText: Courier-Prime.ttf
18:28:14.135 [FXGL Background Thread 3 ] DEBUG Engine               - fontUI: VarelaRound-Regular.ttf
18:28:14.135 [FXGL Background Thread 3 ] DEBUG Engine               - fullScreen: BooleanProperty [value: false]
18:28:14.135 [FXGL Background Thread 3 ] DEBUG Engine               - gameDifficulty: MEDIUM
18:28:14.136 [FXGL Background Thread 3 ] DEBUG Engine               - gameDifficultyProperty: ObjectProperty [value: MEDIUM]
18:28:14.136 [FXGL Background Thread 3 ] DEBUG Engine               - globalMusicVolume: 0.5
18:28:14.136 [FXGL Background Thread 3 ] DEBUG Engine               - globalMusicVolumeProperty: DoubleProperty [value: 0.5]
18:28:14.136 [FXGL Background Thread 3 ] DEBUG Engine               - globalSoundVolume: 0.5
18:28:14.136 [FXGL Background Thread 3 ] DEBUG Engine               - globalSoundVolumeProperty: DoubleProperty [value: 0.5]
18:28:14.136 [FXGL Background Thread 3 ] DEBUG Engine               - height: 800
18:28:14.136 [FXGL Background Thread 3 ] DEBUG Engine               - is3D: false
18:28:14.136 [FXGL Background Thread 3 ] DEBUG Engine               - isAndroid: false
18:28:14.136 [FXGL Background Thread 3 ] DEBUG Engine               - isBrowser: false
18:28:14.136 [FXGL Background Thread 3 ] DEBUG Engine               - isClickFeedbackEnabled: false
18:28:14.137 [FXGL Background Thread 3 ] DEBUG Engine               - isCloseConfirmation: false
18:28:14.137 [FXGL Background Thread 3 ] DEBUG Engine               - isDesktop: true
18:28:14.137 [FXGL Background Thread 3 ] DEBUG Engine               - isDeveloperMenuEnabled: false
18:28:14.137 [FXGL Background Thread 3 ] DEBUG Engine               - isEmbedded: false
18:28:14.137 [FXGL Background Thread 3 ] DEBUG Engine               - isEntityPreloadEnabled: true
18:28:14.137 [FXGL Background Thread 3 ] DEBUG Engine               - isExperimentalTiledLargeMap: false
18:28:14.137 [FXGL Background Thread 3 ] DEBUG Engine               - isFileSystemWriteAllowed: true
18:28:14.137 [FXGL Background Thread 3 ] DEBUG Engine               - isFullScreenAllowed: true
18:28:14.137 [FXGL Background Thread 3 ] DEBUG Engine               - isFullScreenFromStart: false
18:28:14.138 [FXGL Background Thread 3 ] DEBUG Engine               - isGameMenuEnabled: true
18:28:14.138 [FXGL Background Thread 3 ] DEBUG Engine               - isIOS: false
18:28:14.138 [FXGL Background Thread 3 ] DEBUG Engine               - isIntroEnabled: false
18:28:14.138 [FXGL Background Thread 3 ] DEBUG Engine               - isLinux: true
18:28:14.138 [FXGL Background Thread 3 ] DEBUG Engine               - isMac: false
18:28:14.138 [FXGL Background Thread 3 ] DEBUG Engine               - isMainMenuEnabled: false
18:28:14.138 [FXGL Background Thread 3 ] DEBUG Engine               - isManualResizeEnabled: false
18:28:14.138 [FXGL Background Thread 3 ] DEBUG Engine               - isMobile: false
18:28:14.139 [FXGL Background Thread 3 ] DEBUG Engine               - isNative: false
18:28:14.139 [FXGL Background Thread 3 ] DEBUG Engine               - isPauseMusicWhenMinimized: true
18:28:14.139 [FXGL Background Thread 3 ] DEBUG Engine               - isPreserveResizeRatio: false
18:28:14.139 [FXGL Background Thread 3 ] DEBUG Engine               - isProfilingEnabled: false
18:28:14.139 [FXGL Background Thread 3 ] DEBUG Engine               - isScaleAffectedOnResize: true
18:28:14.139 [FXGL Background Thread 3 ] DEBUG Engine               - isSingleStep: false
18:28:14.139 [FXGL Background Thread 3 ] DEBUG Engine               - isUserProfileEnabled: false
18:28:14.139 [FXGL Background Thread 3 ] DEBUG Engine               - isWindows: false
18:28:14.139 [FXGL Background Thread 3 ] DEBUG Engine               - language: ObjectProperty [value: ENGLISH]
18:28:14.139 [FXGL Background Thread 3 ] DEBUG Engine               - menuKey: ESCAPE
18:28:14.139 [FXGL Background Thread 3 ] DEBUG Engine               - mouseSensitivity: 0.2
18:28:14.140 [FXGL Background Thread 3 ] DEBUG Engine               - notificationViewClass: class com.almasb.fxgl.notification.view.XboxNotificationView
18:28:14.140 [FXGL Background Thread 3 ] DEBUG Engine               - pixelsPerMeter: 50.0
18:28:14.140 [FXGL Background Thread 3 ] DEBUG Engine               - platform: LINUX
18:28:14.140 [FXGL Background Thread 3 ] DEBUG Engine               - prefHeightProperty: ReadOnlyDoubleProperty [value: 800.0]
18:28:14.140 [FXGL Background Thread 3 ] DEBUG Engine               - prefWidthProperty: ReadOnlyDoubleProperty [value: 600.0]
18:28:14.140 [FXGL Background Thread 3 ] DEBUG Engine               - profileDir: profiles/
18:28:14.140 [FXGL Background Thread 3 ] DEBUG Engine               - profileName: StringProperty [value: DEFAULT]
18:28:14.140 [FXGL Background Thread 3 ] DEBUG Engine               - randomSeed: -1
18:28:14.141 [FXGL Background Thread 3 ] DEBUG Engine               - runtimeInfo: RuntimeInfo(platform=LINUX, version=21.1, build=27.03.2024 07.52)
18:28:14.141 [FXGL Background Thread 3 ] DEBUG Engine               - saveFileExt: sav
18:28:14.141 [FXGL Background Thread 3 ] DEBUG Engine               - scaledHeightProp$fxgl: DoubleProperty [bound, value: 802.0]
18:28:14.141 [FXGL Background Thread 3 ] DEBUG Engine               - scaledWidthProp$fxgl: DoubleProperty [bound, value: 600.0]
18:28:14.141 [FXGL Background Thread 3 ] DEBUG Engine               - sceneFactory: com.almasb.fxgl.app.scene.SceneFactory@797f04e4
18:28:14.141 [FXGL Background Thread 3 ] DEBUG Engine               - secondsIn24h: 60
18:28:14.141 [FXGL Background Thread 3 ] DEBUG Engine               - soundMenuBack: menu/back.wav
18:28:14.141 [FXGL Background Thread 3 ] DEBUG Engine               - soundMenuPress: menu/press.wav
18:28:14.141 [FXGL Background Thread 3 ] DEBUG Engine               - soundMenuSelect: menu/select.wav
18:28:14.141 [FXGL Background Thread 3 ] DEBUG Engine               - soundNotification: core/notification.wav
18:28:14.142 [FXGL Background Thread 3 ] DEBUG Engine               - stageStyle: DECORATED
18:28:14.142 [FXGL Background Thread 3 ] DEBUG Engine               - supportedLanguages: [ENGLISH, FRENCH, GERMAN, HUNGARIAN, RUSSIAN]
18:28:14.142 [FXGL Background Thread 3 ] DEBUG Engine               - ticksPerSecond: -1
18:28:14.142 [FXGL Background Thread 3 ] DEBUG Engine               - title: 1942 Remake
18:28:14.142 [FXGL Background Thread 3 ] DEBUG Engine               - urlGithub: https://github.com/AlmasB/FXGL
18:28:14.142 [FXGL Background Thread 3 ] DEBUG Engine               - urlLeaderboard: http://fxgl-top.herokuapp.com/
18:28:14.142 [FXGL Background Thread 3 ] DEBUG Engine               - urlPOM: https://raw.githubusercontent.com/AlmasB/FXGL/release/README.md
18:28:14.142 [FXGL Background Thread 3 ] DEBUG Engine               - userAppClass: class com.demo.game1942.Main
18:28:14.142 [FXGL Background Thread 3 ] DEBUG Engine               - version: (demo)
18:28:14.142 [FXGL Background Thread 3 ] DEBUG Engine               - versionCheckDays: 7
18:28:14.143 [FXGL Background Thread 3 ] DEBUG Engine               - width: 600
18:28:14.143 [FXGL Background Thread 3 ] DEBUG Engine               - Logging services
18:28:14.143 [FXGL Background Thread 3 ] DEBUG Engine               - class com.almasb.fxgl.app.services.FXGLAssetLoaderService
18:28:14.143 [FXGL Background Thread 3 ] DEBUG Engine               - class com.almasb.fxgl.app.FXGLApplication$GameApplicationService
18:28:14.143 [FXGL Background Thread 3 ] DEBUG Engine               - class com.almasb.fxgl.app.services.FXGLDialogService
18:28:14.143 [FXGL Background Thread 3 ] DEBUG Engine               - class com.almasb.fxgl.app.services.IOTaskExecutorService
18:28:14.143 [FXGL Background Thread 3 ] DEBUG Engine               - class com.almasb.fxgl.io.FileSystemService
18:28:14.143 [FXGL Background Thread 3 ] DEBUG Engine               - class com.almasb.fxgl.localization.LocalizationService
18:28:14.143 [FXGL Background Thread 3 ] DEBUG Engine               - class com.almasb.fxgl.app.services.SystemBundleService
18:28:14.143 [FXGL Background Thread 3 ] DEBUG Engine               - class com.almasb.fxgl.profile.SaveLoadService
18:28:14.143 [FXGL Background Thread 3 ] DEBUG Engine               - class com.almasb.fxgl.ui.FXGLUIFactoryServiceProvider
18:28:14.143 [FXGL Background Thread 3 ] DEBUG Engine               - class com.almasb.fxgl.ui.FXGLDialogFactoryServiceProvider
18:28:14.143 [FXGL Background Thread 3 ] DEBUG Engine               - class com.almasb.fxgl.audio.AudioPlayer
18:28:14.143 [FXGL Background Thread 3 ] DEBUG Engine               - class com.almasb.fxgl.notification.impl.NotificationServiceProvider
18:28:14.143 [FXGL Background Thread 3 ] DEBUG Engine               - class com.almasb.fxgl.achievement.AchievementService
18:28:14.143 [FXGL Background Thread 3 ] DEBUG Engine               - class com.almasb.fxgl.cutscene.CutsceneService
18:28:14.143 [FXGL Background Thread 3 ] DEBUG Engine               - class com.almasb.fxgl.minigames.MiniGameService
18:28:14.144 [FXGL Background Thread 3 ] DEBUG Engine               - class com.almasb.fxgl.net.NetService
18:28:14.144 [FXGL Background Thread 3 ] DEBUG Engine               - class com.almasb.fxgl.app.services.UpdaterService
18:28:14.144 [FXGL Background Thread 3 ] DEBUG Engine               - class com.almasb.fxgl.dev.DevService
18:28:17.438 [JavaFX Application Thread] DEBUG PrimaryStageWindow   - Push state: FXGLDefaultMenu
18:28:17.442 [JavaFX Application Thread] DEBUG Input                - Clearing active input actions
18:28:17.444 [JavaFX Application Thread] DEBUG GameApplicationServi - Removing overlay from GameScene and adding to FXGLDefaultMenu
18:28:17.444 [JavaFX Application Thread] DEBUG PrimaryStageWindow   - GameScene -> FXGLDefaultMenu
18:28:18.102 [JavaFX Application Thread] DEBUG PrimaryStageWindow   - Pop state: FXGLDefaultMenu
18:28:18.102 [JavaFX Application Thread] DEBUG Input                - Clearing active input actions
18:28:18.103 [JavaFX Application Thread] DEBUG GameApplicationServi - Removing overlay from FXGLDefaultMenu and adding to GameScene
18:28:18.104 [JavaFX Application Thread] DEBUG PrimaryStageWindow   - GameScene <- FXGLDefaultMenu
18:28:18.507 [JavaFX Application Thread] DEBUG PrimaryStageWindow   - Push state: FXGLDefaultMenu
18:28:18.507 [JavaFX Application Thread] DEBUG Input                - Clearing active input actions
18:28:18.509 [JavaFX Application Thread] DEBUG GameApplicationServi - Removing overlay from GameScene and adding to FXGLDefaultMenu
18:28:18.509 [JavaFX Application Thread] DEBUG PrimaryStageWindow   - GameScene -> FXGLDefaultMenu
18:28:18.931 [JavaFX Application Thread] DEBUG PrimaryStageWindow   - Pop state: FXGLDefaultMenu
18:28:18.931 [JavaFX Application Thread] DEBUG Input                - Clearing active input actions
18:28:18.931 [JavaFX Application Thread] DEBUG GameApplicationServi - Removing overlay from FXGLDefaultMenu and adding to GameScene
18:28:18.932 [JavaFX Application Thread] DEBUG PrimaryStageWindow   - GameScene <- FXGLDefaultMenu
18:28:19.142 [JavaFX Application Thread] DEBUG PrimaryStageWindow   - Push state: FXGLDefaultMenu
18:28:19.142 [JavaFX Application Thread] DEBUG Input                - Clearing active input actions
18:28:19.144 [JavaFX Application Thread] DEBUG GameApplicationServi - Removing overlay from GameScene and adding to FXGLDefaultMenu
18:28:19.144 [JavaFX Application Thread] DEBUG PrimaryStageWindow   - GameScene -> FXGLDefaultMenu
18:28:19.358 [JavaFX Application Thread] DEBUG PrimaryStageWindow   - Pop state: FXGLDefaultMenu
18:28:19.358 [JavaFX Application Thread] DEBUG Input                - Clearing active input actions
18:28:19.359 [JavaFX Application Thread] DEBUG GameApplicationServi - Removing overlay from FXGLDefaultMenu and adding to GameScene
18:28:19.360 [JavaFX Application Thread] DEBUG PrimaryStageWindow   - GameScene <- FXGLDefaultMenu
18:28:19.542 [JavaFX Application Thread] DEBUG PrimaryStageWindow   - Push state: FXGLDefaultMenu
18:28:19.543 [JavaFX Application Thread] DEBUG Input                - Clearing active input actions
18:28:19.544 [JavaFX Application Thread] DEBUG GameApplicationServi - Removing overlay from GameScene and adding to FXGLDefaultMenu
18:28:19.544 [JavaFX Application Thread] DEBUG PrimaryStageWindow   - GameScene -> FXGLDefaultMenu
18:28:19.746 [JavaFX Application Thread] DEBUG PrimaryStageWindow   - Pop state: FXGLDefaultMenu
18:28:19.746 [JavaFX Application Thread] DEBUG Input                - Clearing active input actions
18:28:19.746 [JavaFX Application Thread] DEBUG GameApplicationServi - Removing overlay from FXGLDefaultMenu and adding to GameScene
18:28:19.747 [JavaFX Application Thread] DEBUG PrimaryStageWindow   - GameScene <- FXGLDefaultMenu
18:28:44.438 [JavaFX Application Thread] DEBUG FXGLApplication      - Exiting FXGL
18:28:44.439 [JavaFX Application Thread] DEBUG LoopRunner           - Stopping loop
18:28:44.439 [JavaFX Application Thread] DEBUG SystemBundleService  - Saving FXGL system data
18:28:44.442 [JavaFX Application Thread] DEBUG FileSystemAccess     - Writing to: /home/sobhan/VS Code/game1942/system/fxgl.bundle
18:28:44.445 [JavaFX Application Thread] DEBUG Async                - Shutting down background threads
18:28:44.445 [JavaFX Application Thread] DEBUG PrimaryStageWindow   - Closing main window
18:28:44.448 [JavaFX Application Thread] DEBUG Logger               - Closing Logger
