10:52:57.676 [main                     ] DEBUG Logger               - Configured Logger
10:52:57.681 [main                     ] DEBUG GameApplication      - Logging settings
Title: 1942 Remake
Version: (demo)
Width: 1280
Height: 720
Fullscreen: true
Intro: false
Profiling: false
Single step:false
App Mode: DEVELOPER
Menu Key: ESCAPE
Stage Style: DECORATED
Scene Factory: class com.almasb.fxgl.app.scene.SceneFactory

10:52:57.956 [JavaFX Application Thread] DEBUG FXGLApplication      - Initializing FXGL
10:52:57.960 [JavaFX Application Thread] INFO  Engine               - FXGL-21.1 (27.03.2024 07.52) on LINUX (J:25 FX:21.0.1)
10:52:57.961 [JavaFX Application Thread] DEBUG Engine               - JRE Vendor Name: Oracle Corporation
10:52:57.961 [JavaFX Application Thread] DEBUG Engine               - Running on OS: Linux version 6.14.0-33-generic
10:52:57.961 [JavaFX Application Thread] DEBUG Engine               - Architecture: amd64
10:52:57.961 [JavaFX Application Thread] INFO  Engine               - Source code and latest versions at: https://github.com/AlmasB/FXGL
10:52:57.961 [JavaFX Application Thread] INFO  Engine               -       Ask questions and discuss at: https://github.com/AlmasB/FXGL/discussions
10:52:57.961 [JavaFX Application Thread] INFO  Engine               -              Join the FXGL chat at: https://gitter.im/AlmasB/FXGL
10:52:58.046 [JavaFX Application Thread] DEBUG PrimaryStageWindow   - Creating a JavaFX scene
10:52:58.130 [JavaFX Application Thread] DEBUG PrimaryStageWindow   - Target settings size: 1280.0 x 720.0
10:52:58.131 [JavaFX Application Thread] DEBUG PrimaryStageWindow   - Scaled scene size:    1280.0 x 720.0
10:52:58.131 [JavaFX Application Thread] DEBUG PrimaryStageWindow   - Scaled ratio: (1.0, 1.0)
10:52:58.132 [JavaFX Application Thread] DEBUG PrimaryStageWindow   - Set initial scene to FXGLStartupScene
10:52:58.136 [JavaFX Application Thread] DEBUG PrimaryStageWindow   - Opening main window
10:52:58.174 [JavaFX Application Thread] DEBUG PrimaryStageWindow   - Window border size: (0.0, 35.0)
10:52:58.174 [JavaFX Application Thread] DEBUG PrimaryStageWindow   - Scaled size: 1280.0 x 685.0
10:52:58.175 [JavaFX Application Thread] DEBUG PrimaryStageWindow   - Scaled ratio: (1.0, 0.9513888888888888)
10:52:58.175 [JavaFX Application Thread] DEBUG PrimaryStageWindow   - Scene size: 1280.0 x 720.0
10:52:58.175 [JavaFX Application Thread] DEBUG PrimaryStageWindow   - Stage size: 1280.0 x 720.0
10:52:58.185 [FXGL Background Thread 1 ] DEBUG Engine               - Initializing environment variables
10:52:58.263 [FXGL Background Thread 1 ] DEBUG FXGLAssetLoaderServi - User app class for loading assets: class com.demo.game1942.Main
10:52:58.263 [FXGL Background Thread 1 ] DEBUG GameApplicationServi - Applying CSS: fxgl_dark.css
10:52:58.264 [FXGL Background Thread 1 ] DEBUG FXGLAssetLoaderServi - Loading from file system: jar:file:/home/sobhan/.m2/repository/com/github/almasb/fxgl/21.1/fxgl-21.1.jar!/fxglassets/ui/css/fxgl_dark.css
10:52:58.309 [FXGL Background Thread 1 ] DEBUG GameApplicationServi - Initializing application scenes
10:52:58.353 [FXGL Background Thread 1 ] DEBUG GameWorld            - Game world initialized
10:52:58.398 [FXGL Background Thread 1 ] DEBUG PhysicsWorld         - Physics world initialized: appHeight=720, physics.ppm=50.0
10:52:58.398 [FXGL Background Thread 1 ] DEBUG PhysicsWorld         - Using strategy: BRUTE_FORCE
10:52:58.402 [FXGL Background Thread 1 ] DEBUG GameScene            - Game scene initialized: 1280x720
10:52:58.411 [FXGL Background Thread 1 ] DEBUG FXGL.DefaultMenu     - createMenuBodyGameMenu()
10:52:58.423 [FXGL Background Thread 1 ] DEBUG FXGL.DefaultMenu     - createOptionsMenu()
10:52:58.429 [FXGL Background Thread 1 ] DEBUG FXGLAssetLoaderServi - Loading from file system: jar:file:/home/sobhan/.m2/repository/com/github/almasb/fxgl/21.1/fxgl-21.1.jar!/fxglassets/textures/particles/smoke.png
10:52:58.497 [FXGL Background Thread 1 ] DEBUG FXGLAssetLoaderServi - Loading from file system: jar:file:/home/sobhan/.m2/repository/com/github/almasb/fxgl/21.1/fxgl-21.1.jar!/fxglassets/textures/particles/trace_horizontal.png
10:52:58.521 [FXGL Background Thread 1 ] DEBUG GameApplicationServi - Application scenes initialized
10:52:58.533 [FXGL Background Thread 1 ] DEBUG SystemBundleService  - Loading FXGL system data
10:52:58.536 [FXGL Background Thread 1 ] DEBUG FileSystemAccess     - Reading from: /home/sobhan/VS Code/game1942/system/fxgl.bundle
10:52:58.541 [FXGL Background Thread 1 ] DEBUG SystemBundleService  - Bundle FXGL: {}
10:52:58.541 [FXGL Background Thread 1 ] DEBUG UpdaterService       - Checking for updates
10:52:58.543 [FXGL Background Thread 4 ] DEBUG FXGLApplication      - Loading fonts
10:52:58.544 [FXGL Background Thread 1 ] DEBUG FXGLApplication      - Loading default localization
10:52:58.544 [FXGL Background Thread 4 ] DEBUG FXGLAssetLoaderServi - Loading from file system: jar:file:/home/sobhan/.m2/repository/com/github/almasb/fxgl/21.1/fxgl-21.1.jar!/fxglassets/ui/fonts/VarelaRound-Regular.ttf
10:52:58.544 [FXGL Background Thread 1 ] DEBUG FXGLAssetLoaderServi - Loading from file system: jar:file:/home/sobhan/.m2/repository/com/github/almasb/fxgl/21.1/fxgl-21.1.jar!/fxglassets/languages/english.lang
10:52:58.552 [FXGL Background Thread 4 ] DEBUG FXGLAssetLoaderServi - Loading from file system: jar:file:/home/sobhan/.m2/repository/com/github/almasb/fxgl/21.1/fxgl-21.1.jar!/fxglassets/ui/fonts/Abel-Regular.ttf
10:52:58.553 [FXGL Background Thread 4 ] DEBUG FXGLAssetLoaderServi - Loading from file system: jar:file:/home/sobhan/.m2/repository/com/github/almasb/fxgl/21.1/fxgl-21.1.jar!/fxglassets/ui/fonts/TerminalLandMono-Regular.otf
10:52:58.555 [FXGL Background Thread 4 ] DEBUG FXGLAssetLoaderServi - Loading from file system: jar:file:/home/sobhan/.m2/repository/com/github/almasb/fxgl/21.1/fxgl-21.1.jar!/fxglassets/ui/fonts/Courier-Prime.ttf
10:52:58.560 [JavaFX Application Thread] DEBUG FXGLApplication      - Registering font factories with UI factory
10:52:58.561 [FXGL Background Thread 1 ] INFO  FXGLApplication      - FXGL initialization took: 0.376 sec
10:52:58.563 [JavaFX Application Thread] DEBUG FXGLAssetLoaderServi - Loading from file system: jar:file:/home/sobhan/.m2/repository/com/github/almasb/fxgl/21.1/fxgl-21.1.jar!/fxglassets/textures/fxgl_icon.png
10:52:58.584 [JavaFX Application Thread] DEBUG FXGLAssetLoaderServi - Loading from file system: jar:file:/home/sobhan/.m2/repository/com/github/almasb/fxgl/21.1/fxgl-21.1.jar!/fxglassets/textures/fxgl_default_cursor.png
10:52:58.594 [JavaFX Application Thread] DEBUG Input                - Registered new binding: Screenshot - CTRL+8
10:52:58.595 [JavaFX Application Thread] DEBUG Input                - Registered new binding: System info dump - CTRL+9
10:52:58.596 [JavaFX Application Thread] DEBUG Input                - Registered new binding: Restart - CTRL+R
10:52:58.596 [JavaFX Application Thread] DEBUG Input                - Registered new binding: Toggle Debug Camera - CTRL+7
10:52:58.599 [JavaFX Application Thread] DEBUG LoopRunner           - Starting loop
10:52:58.599 [JavaFX Application Thread] DEBUG LoopRunner           - Initializing JavaFX AnimationTimerLoop
10:52:58.600 [JavaFX Application Thread] DEBUG GameApplicationServi - Starting new game
10:52:58.601 [JavaFX Application Thread] DEBUG Input                - Clearing active input actions
10:52:58.613 [JavaFX Application Thread] DEBUG GameApplicationServi - Removing overlay from FXGLStartupScene and adding to FXGLLoadingScene
10:52:58.614 [JavaFX Application Thread] DEBUG PrimaryStageWindow   - FXGLStartupScene -> FXGLLoadingScene
10:52:58.614 [JavaFX Application Thread] DEBUG GameApplicationServi - Clearing previous game
10:52:58.614 [JavaFX Application Thread] DEBUG GameScene            - Clearing game scene
10:52:58.614 [JavaFX Application Thread] DEBUG GameWorld            - Clearing game world
10:52:58.614 [JavaFX Application Thread] DEBUG PhysicsWorld         - Clearing physics world
10:52:58.616 [FXGL Background Thread 1 ] DEBUG FXGLApplication      - Initializing game
10:52:58.626 [FXGL Background Thread 1 ] DEBUG FXGLAssetLoaderServi - Loading from file system: file:/home/sobhan/VS%20Code/game1942/target/classes/assets/textures/sky.png
10:52:58.649 [FXGL Background Thread 1 ] DEBUG FXGLAssetLoaderServi - Loading from file system: file:/home/sobhan/VS%20Code/game1942/target/classes/assets/textures/player.png
10:52:58.668 [FXGL Background Thread 1 ] DEBUG Input                - Registered new binding: Move Left - A
10:52:58.668 [FXGL Background Thread 1 ] DEBUG Input                - Registered new binding: Move Right - D
10:52:58.668 [FXGL Background Thread 1 ] DEBUG Input                - Registered new binding: Move Down - S
10:52:58.668 [FXGL Background Thread 1 ] DEBUG Input                - Registered new binding: Move Up - W
10:52:58.668 [FXGL Background Thread 1 ] DEBUG Input                - Registered new binding: Shoot - Space
10:52:58.673 [FXGL Background Thread 1 ] INFO  FXGLApplication      - Game initialization took: 0.057 sec
10:52:58.739 [JavaFX Application Thread] DEBUG Input                - Clearing active input actions
10:52:58.746 [JavaFX Application Thread] DEBUG GameApplicationServi - Removing overlay from FXGLLoadingScene and adding to GameScene
10:52:58.746 [JavaFX Application Thread] DEBUG PrimaryStageWindow   - FXGLLoadingScene -> GameScene
10:53:00.747 [JavaFX Application Thread] DEBUG FXGLAssetLoaderServi - Loading from file system: file:/home/sobhan/VS%20Code/game1942/target/classes/assets/textures/basic.png
10:53:01.495 [JavaFX Application Thread] DEBUG FXGLAssetLoaderServi - Loading from file system: file:/home/sobhan/VS%20Code/game1942/target/classes/assets/textures/enemyBullet.png
10:53:01.543 [FXGL Background Thread 3 ] DEBUG Engine               - Logging environment variables
10:53:01.543 [FXGL Background Thread 3 ] DEBUG Engine               - achievements: []
10:53:01.543 [FXGL Background Thread 3 ] DEBUG Engine               - actualHeight: 685.0
10:53:01.543 [FXGL Background Thread 3 ] DEBUG Engine               - actualHeightProperty: ReadOnlyDoubleProperty [value: 722.0]
10:53:01.543 [FXGL Background Thread 3 ] DEBUG Engine               - actualWidth: 1280.0
10:53:01.543 [FXGL Background Thread 3 ] DEBUG Engine               - actualWidthProperty: ReadOnlyDoubleProperty [value: 1280.0]
10:53:01.543 [FXGL Background Thread 3 ] DEBUG Engine               - appIcon: fxgl_icon.png
10:53:01.543 [FXGL Background Thread 3 ] DEBUG Engine               - applicationMode: DEVELOPER
10:53:01.544 [FXGL Background Thread 3 ] DEBUG Engine               - cSSList: [fxgl_dark.css]
10:53:01.544 [FXGL Background Thread 3 ] DEBUG Engine               - collisionDetectionStrategy: BRUTE_FORCE
10:53:01.544 [FXGL Background Thread 3 ] DEBUG Engine               - configClass: Optional.empty
10:53:01.544 [FXGL Background Thread 3 ] DEBUG Engine               - credits: []
10:53:01.544 [FXGL Background Thread 3 ] DEBUG Engine               - defaultCursor: CursorInfo(imageName=fxgl_default_cursor.png, hotspotX=7.0, hotspotY=6.0)
10:53:01.544 [FXGL Background Thread 3 ] DEBUG Engine               - devBBoxColorProperty: ObjectProperty [value: 0xff0000ff]
10:53:01.544 [FXGL Background Thread 3 ] DEBUG Engine               - devEnableDebugCameraProperty: BooleanProperty [value: false]
10:53:01.544 [FXGL Background Thread 3 ] DEBUG Engine               - devSensorColorProperty: ObjectProperty [value: 0xffff00ff]
10:53:01.544 [FXGL Background Thread 3 ] DEBUG Engine               - devShowBBoxProperty: BooleanProperty [value: false]
10:53:01.544 [FXGL Background Thread 3 ] DEBUG Engine               - devShowPositionProperty: BooleanProperty [value: false]
10:53:01.544 [FXGL Background Thread 3 ] DEBUG Engine               - enabledMenuItems: []
10:53:01.544 [FXGL Background Thread 3 ] DEBUG Engine               - engineServices: [class com.almasb.fxgl.app.services.FXGLAssetLoaderService, class com.almasb.fxgl.app.FXGLApplication$GameApplicationService, class com.almasb.fxgl.app.services.FXGLDialogService, class com.almasb.fxgl.app.services.IOTaskExecutorService, class com.almasb.fxgl.io.FileSystemService, class com.almasb.fxgl.localization.LocalizationService, class com.almasb.fxgl.app.services.SystemBundleService, class com.almasb.fxgl.profile.SaveLoadService, class com.almasb.fxgl.ui.FXGLUIFactoryServiceProvider, class com.almasb.fxgl.ui.FXGLDialogFactoryServiceProvider, class com.almasb.fxgl.audio.AudioPlayer, class com.almasb.fxgl.notification.impl.NotificationServiceProvider, class com.almasb.fxgl.achievement.AchievementService, class com.almasb.fxgl.cutscene.CutsceneService, class com.almasb.fxgl.minigames.MiniGameService, class com.almasb.fxgl.net.NetService, class com.almasb.fxgl.app.services.UpdaterService, class com.almasb.fxgl.dev.DevService]
10:53:01.544 [FXGL Background Thread 3 ] DEBUG Engine               - fontGame: Abel-Regular.ttf
10:53:01.544 [FXGL Background Thread 3 ] DEBUG Engine               - fontMono: TerminalLandMono-Regular.otf
10:53:01.544 [FXGL Background Thread 3 ] DEBUG Engine               - fontSizeScaleUI: 1.0
10:53:01.544 [FXGL Background Thread 3 ] DEBUG Engine               - fontText: Courier-Prime.ttf
10:53:01.544 [FXGL Background Thread 3 ] DEBUG Engine               - fontUI: VarelaRound-Regular.ttf
10:53:01.544 [FXGL Background Thread 3 ] DEBUG Engine               - fullScreen: BooleanProperty [value: false]
10:53:01.544 [FXGL Background Thread 3 ] DEBUG Engine               - gameDifficulty: MEDIUM
10:53:01.545 [FXGL Background Thread 3 ] DEBUG Engine               - gameDifficultyProperty: ObjectProperty [value: MEDIUM]
10:53:01.545 [FXGL Background Thread 3 ] DEBUG Engine               - globalMusicVolume: 0.5
10:53:01.545 [FXGL Background Thread 3 ] DEBUG Engine               - globalMusicVolumeProperty: DoubleProperty [value: 0.5]
10:53:01.545 [FXGL Background Thread 3 ] DEBUG Engine               - globalSoundVolume: 0.5
10:53:01.545 [FXGL Background Thread 3 ] DEBUG Engine               - globalSoundVolumeProperty: DoubleProperty [value: 0.5]
10:53:01.545 [FXGL Background Thread 3 ] DEBUG Engine               - height: 720
10:53:01.545 [FXGL Background Thread 3 ] DEBUG Engine               - is3D: false
10:53:01.545 [FXGL Background Thread 3 ] DEBUG Engine               - isAndroid: false
10:53:01.545 [FXGL Background Thread 3 ] DEBUG Engine               - isBrowser: false
10:53:01.545 [FXGL Background Thread 3 ] DEBUG Engine               - isClickFeedbackEnabled: false
10:53:01.545 [FXGL Background Thread 3 ] DEBUG Engine               - isCloseConfirmation: false
10:53:01.545 [FXGL Background Thread 3 ] DEBUG Engine               - isDesktop: true
10:53:01.545 [FXGL Background Thread 3 ] DEBUG Engine               - isDeveloperMenuEnabled: false
10:53:01.545 [FXGL Background Thread 3 ] DEBUG Engine               - isEmbedded: false
10:53:01.545 [FXGL Background Thread 3 ] DEBUG Engine               - isEntityPreloadEnabled: true
10:53:01.545 [FXGL Background Thread 3 ] DEBUG Engine               - isExperimentalTiledLargeMap: false
10:53:01.545 [FXGL Background Thread 3 ] DEBUG Engine               - isFileSystemWriteAllowed: true
10:53:01.545 [FXGL Background Thread 3 ] DEBUG Engine               - isFullScreenAllowed: true
10:53:01.545 [FXGL Background Thread 3 ] DEBUG Engine               - isFullScreenFromStart: false
10:53:01.545 [FXGL Background Thread 3 ] DEBUG Engine               - isGameMenuEnabled: true
10:53:01.545 [FXGL Background Thread 3 ] DEBUG Engine               - isIOS: false
10:53:01.545 [FXGL Background Thread 3 ] DEBUG Engine               - isIntroEnabled: false
10:53:01.545 [FXGL Background Thread 3 ] DEBUG Engine               - isLinux: true
10:53:01.545 [FXGL Background Thread 3 ] DEBUG Engine               - isMac: false
10:53:01.545 [FXGL Background Thread 3 ] DEBUG Engine               - isMainMenuEnabled: false
10:53:01.545 [FXGL Background Thread 3 ] DEBUG Engine               - isManualResizeEnabled: false
10:53:01.545 [FXGL Background Thread 3 ] DEBUG Engine               - isMobile: false
10:53:01.545 [FXGL Background Thread 3 ] DEBUG Engine               - isNative: false
10:53:01.546 [FXGL Background Thread 3 ] DEBUG Engine               - isPauseMusicWhenMinimized: true
10:53:01.546 [FXGL Background Thread 3 ] DEBUG Engine               - isPreserveResizeRatio: false
10:53:01.546 [FXGL Background Thread 3 ] DEBUG Engine               - isProfilingEnabled: false
10:53:01.546 [FXGL Background Thread 3 ] DEBUG Engine               - isScaleAffectedOnResize: true
10:53:01.546 [FXGL Background Thread 3 ] DEBUG Engine               - isSingleStep: false
10:53:01.546 [FXGL Background Thread 3 ] DEBUG Engine               - isUserProfileEnabled: false
10:53:01.546 [FXGL Background Thread 3 ] DEBUG Engine               - isWindows: false
10:53:01.546 [FXGL Background Thread 3 ] DEBUG Engine               - language: ObjectProperty [value: ENGLISH]
10:53:01.546 [FXGL Background Thread 3 ] DEBUG Engine               - menuKey: ESCAPE
10:53:01.546 [FXGL Background Thread 3 ] DEBUG Engine               - mouseSensitivity: 0.2
10:53:01.546 [FXGL Background Thread 3 ] DEBUG Engine               - notificationViewClass: class com.almasb.fxgl.notification.view.XboxNotificationView
10:53:01.546 [FXGL Background Thread 3 ] DEBUG Engine               - pixelsPerMeter: 50.0
10:53:01.546 [FXGL Background Thread 3 ] DEBUG Engine               - platform: LINUX
10:53:01.546 [FXGL Background Thread 3 ] DEBUG Engine               - prefHeightProperty: ReadOnlyDoubleProperty [value: 720.0]
10:53:01.546 [FXGL Background Thread 3 ] DEBUG Engine               - prefWidthProperty: ReadOnlyDoubleProperty [value: 1280.0]
10:53:01.546 [FXGL Background Thread 3 ] DEBUG Engine               - profileDir: profiles/
10:53:01.546 [FXGL Background Thread 3 ] DEBUG Engine               - profileName: StringProperty [value: DEFAULT]
10:53:01.546 [FXGL Background Thread 3 ] DEBUG Engine               - randomSeed: -1
10:53:01.547 [FXGL Background Thread 3 ] DEBUG Engine               - runtimeInfo: RuntimeInfo(platform=LINUX, version=21.1, build=27.03.2024 07.52)
10:53:01.547 [FXGL Background Thread 3 ] DEBUG Engine               - saveFileExt: sav
10:53:01.547 [FXGL Background Thread 3 ] DEBUG Engine               - scaledHeightProp$fxgl: DoubleProperty [bound, value: 722.0]
10:53:01.547 [FXGL Background Thread 3 ] DEBUG Engine               - scaledWidthProp$fxgl: DoubleProperty [bound, value: 1280.0]
10:53:01.547 [FXGL Background Thread 3 ] DEBUG Engine               - sceneFactory: com.almasb.fxgl.app.scene.SceneFactory@19ad5178
10:53:01.547 [FXGL Background Thread 3 ] DEBUG Engine               - secondsIn24h: 60
10:53:01.547 [FXGL Background Thread 3 ] DEBUG Engine               - soundMenuBack: menu/back.wav
10:53:01.547 [FXGL Background Thread 3 ] DEBUG Engine               - soundMenuPress: menu/press.wav
10:53:01.547 [FXGL Background Thread 3 ] DEBUG Engine               - soundMenuSelect: menu/select.wav
10:53:01.547 [FXGL Background Thread 3 ] DEBUG Engine               - soundNotification: core/notification.wav
10:53:01.547 [FXGL Background Thread 3 ] DEBUG Engine               - stageStyle: DECORATED
10:53:01.547 [FXGL Background Thread 3 ] DEBUG Engine               - supportedLanguages: [ENGLISH, FRENCH, GERMAN, HUNGARIAN, RUSSIAN]
10:53:01.547 [FXGL Background Thread 3 ] DEBUG Engine               - ticksPerSecond: -1
10:53:01.547 [FXGL Background Thread 3 ] DEBUG Engine               - title: 1942 Remake
10:53:01.547 [FXGL Background Thread 3 ] DEBUG Engine               - urlGithub: https://github.com/AlmasB/FXGL
10:53:01.547 [FXGL Background Thread 3 ] DEBUG Engine               - urlLeaderboard: http://fxgl-top.herokuapp.com/
10:53:01.547 [FXGL Background Thread 3 ] DEBUG Engine               - urlPOM: https://raw.githubusercontent.com/AlmasB/FXGL/release/README.md
10:53:01.547 [FXGL Background Thread 3 ] DEBUG Engine               - userAppClass: class com.demo.game1942.Main
10:53:01.547 [FXGL Background Thread 3 ] DEBUG Engine               - version: (demo)
10:53:01.547 [FXGL Background Thread 3 ] DEBUG Engine               - versionCheckDays: 7
10:53:01.547 [FXGL Background Thread 3 ] DEBUG Engine               - width: 1280
10:53:01.547 [FXGL Background Thread 3 ] DEBUG Engine               - Logging services
10:53:01.547 [FXGL Background Thread 3 ] DEBUG Engine               - class com.almasb.fxgl.app.services.FXGLAssetLoaderService
10:53:01.547 [FXGL Background Thread 3 ] DEBUG Engine               - class com.almasb.fxgl.app.FXGLApplication$GameApplicationService
10:53:01.547 [FXGL Background Thread 3 ] DEBUG Engine               - class com.almasb.fxgl.app.services.FXGLDialogService
10:53:01.547 [FXGL Background Thread 3 ] DEBUG Engine               - class com.almasb.fxgl.app.services.IOTaskExecutorService
10:53:01.547 [FXGL Background Thread 3 ] DEBUG Engine               - class com.almasb.fxgl.io.FileSystemService
10:53:01.547 [FXGL Background Thread 3 ] DEBUG Engine               - class com.almasb.fxgl.localization.LocalizationService
10:53:01.548 [FXGL Background Thread 3 ] DEBUG Engine               - class com.almasb.fxgl.app.services.SystemBundleService
10:53:01.548 [FXGL Background Thread 3 ] DEBUG Engine               - class com.almasb.fxgl.profile.SaveLoadService
10:53:01.548 [FXGL Background Thread 3 ] DEBUG Engine               - class com.almasb.fxgl.ui.FXGLUIFactoryServiceProvider
10:53:01.548 [FXGL Background Thread 3 ] DEBUG Engine               - class com.almasb.fxgl.ui.FXGLDialogFactoryServiceProvider
10:53:01.548 [FXGL Background Thread 3 ] DEBUG Engine               - class com.almasb.fxgl.audio.AudioPlayer
10:53:01.548 [FXGL Background Thread 3 ] DEBUG Engine               - class com.almasb.fxgl.notification.impl.NotificationServiceProvider
10:53:01.548 [FXGL Background Thread 3 ] DEBUG Engine               - class com.almasb.fxgl.achievement.AchievementService
10:53:01.548 [FXGL Background Thread 3 ] DEBUG Engine               - class com.almasb.fxgl.cutscene.CutsceneService
10:53:01.548 [FXGL Background Thread 3 ] DEBUG Engine               - class com.almasb.fxgl.minigames.MiniGameService
10:53:01.548 [FXGL Background Thread 3 ] DEBUG Engine               - class com.almasb.fxgl.net.NetService
10:53:01.548 [FXGL Background Thread 3 ] DEBUG Engine               - class com.almasb.fxgl.app.services.UpdaterService
10:53:01.548 [FXGL Background Thread 3 ] DEBUG Engine               - class com.almasb.fxgl.dev.DevService
10:53:02.076 [JavaFX Application Thread] DEBUG FXGLAssetLoaderServi - Loading from file system: file:/home/sobhan/VS%20Code/game1942/target/classes/assets/textures/playerbullet.png
10:53:02.376 [JavaFX Application Thread] DEBUG FXGLAssetLoaderServi - Loading from file system: file:/home/sobhan/VS%20Code/game1942/target/classes/assets/textures/explosion.png
10:53:06.859 [JavaFX Application Thread] DEBUG FXGLAssetLoaderServi - Loading from file system: file:/home/sobhan/VS%20Code/game1942/target/classes/assets/textures/fast.png
10:53:18.065 [JavaFX Application Thread] DEBUG FXGLAssetLoaderServi - Loading from file system: file:/home/sobhan/VS%20Code/game1942/target/classes/assets/textures/tank.png
10:53:19.824 [JavaFX Application Thread] DEBUG PrimaryStageWindow   - Push state: FXGLDefaultMenu
10:53:19.833 [JavaFX Application Thread] DEBUG Input                - Clearing active input actions
10:53:19.836 [JavaFX Application Thread] DEBUG GameApplicationServi - Removing overlay from GameScene and adding to FXGLDefaultMenu
10:53:19.836 [JavaFX Application Thread] DEBUG PrimaryStageWindow   - GameScene -> FXGLDefaultMenu
10:53:22.773 [JavaFX Application Thread] DEBUG PrimaryStageWindow   - Pop state: FXGLDefaultMenu
10:53:22.773 [JavaFX Application Thread] DEBUG Input                - Clearing active input actions
10:53:22.774 [JavaFX Application Thread] DEBUG GameApplicationServi - Removing overlay from FXGLDefaultMenu and adding to GameScene
10:53:22.774 [JavaFX Application Thread] DEBUG PrimaryStageWindow   - GameScene <- FXGLDefaultMenu
10:53:27.761 [JavaFX Application Thread] DEBUG FXGLApplication      - Exiting FXGL
10:53:27.761 [JavaFX Application Thread] DEBUG LoopRunner           - Stopping loop
10:53:27.761 [JavaFX Application Thread] DEBUG SystemBundleService  - Saving FXGL system data
10:53:27.763 [JavaFX Application Thread] DEBUG FileSystemAccess     - Writing to: /home/sobhan/VS Code/game1942/system/fxgl.bundle
10:53:27.765 [JavaFX Application Thread] DEBUG Async                - Shutting down background threads
10:53:27.765 [JavaFX Application Thread] DEBUG PrimaryStageWindow   - Closing main window
10:53:27.766 [JavaFX Application Thread] DEBUG Logger               - Closing Logger
