10:34:49.719 [main                     ] DEBUG Logger               - Configured Logger
10:34:49.724 [main                     ] DEBUG GameApplication      - Logging settings
Title: 1942 Remake
Version: (demo)
Width: 1280
Height: 720
Fullscreen: true
Intro: false
Profiling: false
Single step:false
App Mode: DEVELOPER
Menu Key: ESCAPE
Stage Style: DECORATED
Scene Factory: class com.almasb.fxgl.app.scene.SceneFactory

10:34:50.085 [JavaFX Application Thread] DEBUG FXGLApplication      - Initializing FXGL
10:34:50.088 [JavaFX Application Thread] INFO  Engine               - FXGL-21.1 (27.03.2024 07.52) on LINUX (J:25 FX:21.0.1)
10:34:50.089 [JavaFX Application Thread] DEBUG Engine               - JRE Vendor Name: Oracle Corporation
10:34:50.089 [JavaFX Application Thread] DEBUG Engine               - Running on OS: Linux version 6.14.0-33-generic
10:34:50.089 [JavaFX Application Thread] DEBUG Engine               - Architecture: amd64
10:34:50.089 [JavaFX Application Thread] INFO  Engine               - Source code and latest versions at: https://github.com/AlmasB/FXGL
10:34:50.089 [JavaFX Application Thread] INFO  Engine               -       Ask questions and discuss at: https://github.com/AlmasB/FXGL/discussions
10:34:50.089 [JavaFX Application Thread] INFO  Engine               -              Join the FXGL chat at: https://gitter.im/AlmasB/FXGL
10:34:50.167 [JavaFX Application Thread] DEBUG PrimaryStageWindow   - Creating a JavaFX scene
10:34:50.235 [JavaFX Application Thread] DEBUG PrimaryStageWindow   - Target settings size: 1280.0 x 720.0
10:34:50.235 [JavaFX Application Thread] DEBUG PrimaryStageWindow   - Scaled scene size:    1280.0 x 720.0
10:34:50.235 [JavaFX Application Thread] DEBUG PrimaryStageWindow   - Scaled ratio: (1.0, 1.0)
10:34:50.237 [JavaFX Application Thread] DEBUG PrimaryStageWindow   - Set initial scene to FXGLStartupScene
10:34:50.240 [JavaFX Application Thread] DEBUG PrimaryStageWindow   - Opening main window
10:34:50.269 [JavaFX Application Thread] DEBUG PrimaryStageWindow   - Window border size: (0.0, 35.0)
10:34:50.269 [JavaFX Application Thread] DEBUG PrimaryStageWindow   - Scaled size: 1280.0 x 685.0
10:34:50.269 [JavaFX Application Thread] DEBUG PrimaryStageWindow   - Scaled ratio: (1.0, 0.9513888888888888)
10:34:50.269 [JavaFX Application Thread] DEBUG PrimaryStageWindow   - Scene size: 1280.0 x 720.0
10:34:50.269 [JavaFX Application Thread] DEBUG PrimaryStageWindow   - Stage size: 1280.0 x 720.0
10:34:50.276 [FXGL Background Thread 1 ] DEBUG Engine               - Initializing environment variables
10:34:50.348 [FXGL Background Thread 1 ] DEBUG FXGLAssetLoaderServi - User app class for loading assets: class com.demo.game1942.Main
10:34:50.348 [FXGL Background Thread 1 ] DEBUG GameApplicationServi - Applying CSS: fxgl_dark.css
10:34:50.349 [FXGL Background Thread 1 ] DEBUG FXGLAssetLoaderServi - Loading from file system: jar:file:/home/sobhan/.m2/repository/com/github/almasb/fxgl/21.1/fxgl-21.1.jar!/fxglassets/ui/css/fxgl_dark.css
10:34:50.410 [FXGL Background Thread 1 ] DEBUG GameApplicationServi - Initializing application scenes
10:34:50.460 [FXGL Background Thread 1 ] DEBUG GameWorld            - Game world initialized
10:34:50.499 [FXGL Background Thread 1 ] DEBUG PhysicsWorld         - Physics world initialized: appHeight=720, physics.ppm=50.0
10:34:50.500 [FXGL Background Thread 1 ] DEBUG PhysicsWorld         - Using strategy: BRUTE_FORCE
10:34:50.502 [FXGL Background Thread 1 ] DEBUG GameScene            - Game scene initialized: 1280x720
10:34:50.511 [FXGL Background Thread 1 ] DEBUG FXGL.DefaultMenu     - createMenuBodyGameMenu()
10:34:50.521 [FXGL Background Thread 1 ] DEBUG FXGL.DefaultMenu     - createOptionsMenu()
10:34:50.529 [FXGL Background Thread 1 ] DEBUG FXGLAssetLoaderServi - Loading from file system: jar:file:/home/sobhan/.m2/repository/com/github/almasb/fxgl/21.1/fxgl-21.1.jar!/fxglassets/textures/particles/smoke.png
10:34:50.596 [FXGL Background Thread 1 ] DEBUG FXGLAssetLoaderServi - Loading from file system: jar:file:/home/sobhan/.m2/repository/com/github/almasb/fxgl/21.1/fxgl-21.1.jar!/fxglassets/textures/particles/trace_horizontal.png
10:34:50.618 [FXGL Background Thread 1 ] DEBUG GameApplicationServi - Application scenes initialized
10:34:50.626 [FXGL Background Thread 1 ] DEBUG SystemBundleService  - Loading FXGL system data
10:34:50.629 [FXGL Background Thread 1 ] DEBUG FileSystemAccess     - Reading from: /home/sobhan/VS Code/game1942/system/fxgl.bundle
10:34:50.634 [FXGL Background Thread 1 ] DEBUG SystemBundleService  - Bundle FXGL: {}
10:34:50.634 [FXGL Background Thread 1 ] DEBUG UpdaterService       - Checking for updates
10:34:50.637 [FXGL Background Thread 4 ] DEBUG FXGLApplication      - Loading fonts
10:34:50.637 [FXGL Background Thread 4 ] DEBUG FXGLAssetLoaderServi - Loading from file system: jar:file:/home/sobhan/.m2/repository/com/github/almasb/fxgl/21.1/fxgl-21.1.jar!/fxglassets/ui/fonts/VarelaRound-Regular.ttf
10:34:50.637 [FXGL Background Thread 1 ] DEBUG FXGLApplication      - Loading default localization
10:34:50.638 [FXGL Background Thread 1 ] DEBUG FXGLAssetLoaderServi - Loading from file system: jar:file:/home/sobhan/.m2/repository/com/github/almasb/fxgl/21.1/fxgl-21.1.jar!/fxglassets/languages/english.lang
10:34:50.642 [FXGL Background Thread 4 ] DEBUG FXGLAssetLoaderServi - Loading from file system: jar:file:/home/sobhan/.m2/repository/com/github/almasb/fxgl/21.1/fxgl-21.1.jar!/fxglassets/ui/fonts/Abel-Regular.ttf
10:34:50.644 [FXGL Background Thread 4 ] DEBUG FXGLAssetLoaderServi - Loading from file system: jar:file:/home/sobhan/.m2/repository/com/github/almasb/fxgl/21.1/fxgl-21.1.jar!/fxglassets/ui/fonts/TerminalLandMono-Regular.otf
10:34:50.646 [FXGL Background Thread 4 ] DEBUG FXGLAssetLoaderServi - Loading from file system: jar:file:/home/sobhan/.m2/repository/com/github/almasb/fxgl/21.1/fxgl-21.1.jar!/fxglassets/ui/fonts/Courier-Prime.ttf
10:34:50.649 [JavaFX Application Thread] DEBUG FXGLApplication      - Registering font factories with UI factory
10:34:50.652 [FXGL Background Thread 1 ] INFO  FXGLApplication      - FXGL initialization took: 0.375 sec
10:34:50.653 [JavaFX Application Thread] DEBUG FXGLAssetLoaderServi - Loading from file system: jar:file:/home/sobhan/.m2/repository/com/github/almasb/fxgl/21.1/fxgl-21.1.jar!/fxglassets/textures/fxgl_icon.png
10:34:50.672 [JavaFX Application Thread] DEBUG FXGLAssetLoaderServi - Loading from file system: jar:file:/home/sobhan/.m2/repository/com/github/almasb/fxgl/21.1/fxgl-21.1.jar!/fxglassets/textures/fxgl_default_cursor.png
10:34:50.681 [JavaFX Application Thread] DEBUG Input                - Registered new binding: Screenshot - CTRL+8
10:34:50.682 [JavaFX Application Thread] DEBUG Input                - Registered new binding: System info dump - CTRL+9
10:34:50.682 [JavaFX Application Thread] DEBUG Input                - Registered new binding: Restart - CTRL+R
10:34:50.683 [JavaFX Application Thread] DEBUG Input                - Registered new binding: Toggle Debug Camera - CTRL+7
10:34:50.685 [JavaFX Application Thread] DEBUG LoopRunner           - Starting loop
10:34:50.685 [JavaFX Application Thread] DEBUG LoopRunner           - Initializing JavaFX AnimationTimerLoop
10:34:50.686 [JavaFX Application Thread] DEBUG GameApplicationServi - Starting new game
10:34:50.686 [JavaFX Application Thread] DEBUG Input                - Clearing active input actions
10:34:50.695 [JavaFX Application Thread] DEBUG GameApplicationServi - Removing overlay from FXGLStartupScene and adding to FXGLLoadingScene
10:34:50.696 [JavaFX Application Thread] DEBUG PrimaryStageWindow   - FXGLStartupScene -> FXGLLoadingScene
10:34:50.696 [JavaFX Application Thread] DEBUG GameApplicationServi - Clearing previous game
10:34:50.696 [JavaFX Application Thread] DEBUG GameScene            - Clearing game scene
10:34:50.696 [JavaFX Application Thread] DEBUG GameWorld            - Clearing game world
10:34:50.696 [JavaFX Application Thread] DEBUG PhysicsWorld         - Clearing physics world
10:34:50.697 [FXGL Background Thread 1 ] DEBUG FXGLApplication      - Initializing game
10:34:50.704 [FXGL Background Thread 1 ] DEBUG FXGLAssetLoaderServi - Loading from file system: file:/home/sobhan/VS%20Code/game1942/target/classes/assets/textures/sky.png
10:34:50.718 [FXGL Background Thread 1 ] DEBUG FXGLAssetLoaderServi - Loading from file system: file:/home/sobhan/VS%20Code/game1942/target/classes/assets/textures/player.png
10:34:50.731 [FXGL Background Thread 1 ] DEBUG Input                - Registered new binding: Move Left - A
10:34:50.731 [FXGL Background Thread 1 ] DEBUG Input                - Registered new binding: Move Right - D
10:34:50.731 [FXGL Background Thread 1 ] DEBUG Input                - Registered new binding: Move Down - S
10:34:50.732 [FXGL Background Thread 1 ] DEBUG Input                - Registered new binding: Move Up - W
10:34:50.732 [FXGL Background Thread 1 ] DEBUG Input                - Registered new binding: Shoot - Space
10:34:50.741 [FXGL Background Thread 1 ] INFO  FXGLApplication      - Game initialization took: 0.044 sec
10:34:50.793 [JavaFX Application Thread] DEBUG Input                - Clearing active input actions
10:34:50.799 [JavaFX Application Thread] DEBUG GameApplicationServi - Removing overlay from FXGLLoadingScene and adding to GameScene
10:34:50.800 [JavaFX Application Thread] DEBUG PrimaryStageWindow   - FXGLLoadingScene -> GameScene
10:34:51.360 [JavaFX Application Thread] DEBUG FXGLAssetLoaderServi - Loading from file system: file:/home/sobhan/VS%20Code/game1942/target/classes/assets/sounds/shoot2.wav
10:34:51.403 [JavaFX Application Thread] DEBUG FXGLAssetLoaderServi - Loading from file system: file:/home/sobhan/VS%20Code/game1942/target/classes/assets/sounds/shoot.wav
10:34:51.405 [JavaFX Application Thread] DEBUG FXGLAssetLoaderServi - Loading from file system: file:/home/sobhan/VS%20Code/game1942/target/classes/assets/textures/playerbullet.png
10:34:52.839 [JavaFX Application Thread] DEBUG FXGLAssetLoaderServi - Loading from file system: file:/home/sobhan/VS%20Code/game1942/target/classes/assets/textures/basic.png
10:34:53.588 [JavaFX Application Thread] DEBUG FXGLAssetLoaderServi - Loading from file system: file:/home/sobhan/VS%20Code/game1942/target/classes/assets/textures/enemyBullet.png
10:34:53.636 [FXGL Background Thread 3 ] DEBUG Engine               - Logging environment variables
10:34:53.637 [FXGL Background Thread 3 ] DEBUG Engine               - achievements: []
10:34:53.638 [FXGL Background Thread 3 ] DEBUG Engine               - actualHeight: 685.0
10:34:53.638 [FXGL Background Thread 3 ] DEBUG Engine               - actualHeightProperty: ReadOnlyDoubleProperty [value: 722.0]
10:34:53.638 [FXGL Background Thread 3 ] DEBUG Engine               - actualWidth: 1280.0
10:34:53.638 [FXGL Background Thread 3 ] DEBUG Engine               - actualWidthProperty: ReadOnlyDoubleProperty [value: 1280.0]
10:34:53.638 [FXGL Background Thread 3 ] DEBUG Engine               - appIcon: fxgl_icon.png
10:34:53.638 [FXGL Background Thread 3 ] DEBUG Engine               - applicationMode: DEVELOPER
10:34:53.638 [FXGL Background Thread 3 ] DEBUG Engine               - cSSList: [fxgl_dark.css]
10:34:53.638 [FXGL Background Thread 3 ] DEBUG Engine               - collisionDetectionStrategy: BRUTE_FORCE
10:34:53.638 [FXGL Background Thread 3 ] DEBUG Engine               - configClass: Optional.empty
10:34:53.638 [FXGL Background Thread 3 ] DEBUG Engine               - credits: []
10:34:53.638 [FXGL Background Thread 3 ] DEBUG Engine               - defaultCursor: CursorInfo(imageName=fxgl_default_cursor.png, hotspotX=7.0, hotspotY=6.0)
10:34:53.638 [FXGL Background Thread 3 ] DEBUG Engine               - devBBoxColorProperty: ObjectProperty [value: 0xff0000ff]
10:34:53.638 [FXGL Background Thread 3 ] DEBUG Engine               - devEnableDebugCameraProperty: BooleanProperty [value: false]
10:34:53.638 [FXGL Background Thread 3 ] DEBUG Engine               - devSensorColorProperty: ObjectProperty [value: 0xffff00ff]
10:34:53.639 [FXGL Background Thread 3 ] DEBUG Engine               - devShowBBoxProperty: BooleanProperty [value: false]
10:34:53.639 [FXGL Background Thread 3 ] DEBUG Engine               - devShowPositionProperty: BooleanProperty [value: false]
10:34:53.639 [FXGL Background Thread 3 ] DEBUG Engine               - enabledMenuItems: []
10:34:53.639 [FXGL Background Thread 3 ] DEBUG Engine               - engineServices: [class com.almasb.fxgl.app.services.FXGLAssetLoaderService, class com.almasb.fxgl.app.FXGLApplication$GameApplicationService, class com.almasb.fxgl.app.services.FXGLDialogService, class com.almasb.fxgl.app.services.IOTaskExecutorService, class com.almasb.fxgl.io.FileSystemService, class com.almasb.fxgl.localization.LocalizationService, class com.almasb.fxgl.app.services.SystemBundleService, class com.almasb.fxgl.profile.SaveLoadService, class com.almasb.fxgl.ui.FXGLUIFactoryServiceProvider, class com.almasb.fxgl.ui.FXGLDialogFactoryServiceProvider, class com.almasb.fxgl.audio.AudioPlayer, class com.almasb.fxgl.notification.impl.NotificationServiceProvider, class com.almasb.fxgl.achievement.AchievementService, class com.almasb.fxgl.cutscene.CutsceneService, class com.almasb.fxgl.minigames.MiniGameService, class com.almasb.fxgl.net.NetService, class com.almasb.fxgl.app.services.UpdaterService, class com.almasb.fxgl.dev.DevService]
10:34:53.639 [FXGL Background Thread 3 ] DEBUG Engine               - fontGame: Abel-Regular.ttf
10:34:53.639 [FXGL Background Thread 3 ] DEBUG Engine               - fontMono: TerminalLandMono-Regular.otf
10:34:53.639 [FXGL Background Thread 3 ] DEBUG Engine               - fontSizeScaleUI: 1.0
10:34:53.639 [FXGL Background Thread 3 ] DEBUG Engine               - fontText: Courier-Prime.ttf
10:34:53.639 [FXGL Background Thread 3 ] DEBUG Engine               - fontUI: VarelaRound-Regular.ttf
10:34:53.639 [FXGL Background Thread 3 ] DEBUG Engine               - fullScreen: BooleanProperty [value: false]
10:34:53.639 [FXGL Background Thread 3 ] DEBUG Engine               - gameDifficulty: MEDIUM
10:34:53.639 [FXGL Background Thread 3 ] DEBUG Engine               - gameDifficultyProperty: ObjectProperty [value: MEDIUM]
10:34:53.639 [FXGL Background Thread 3 ] DEBUG Engine               - globalMusicVolume: 0.5
10:34:53.639 [FXGL Background Thread 3 ] DEBUG Engine               - globalMusicVolumeProperty: DoubleProperty [value: 0.5]
10:34:53.639 [FXGL Background Thread 3 ] DEBUG Engine               - globalSoundVolume: 0.5
10:34:53.639 [FXGL Background Thread 3 ] DEBUG Engine               - globalSoundVolumeProperty: DoubleProperty [value: 0.5]
10:34:53.639 [FXGL Background Thread 3 ] DEBUG Engine               - height: 720
10:34:53.639 [FXGL Background Thread 3 ] DEBUG Engine               - is3D: false
10:34:53.639 [FXGL Background Thread 3 ] DEBUG Engine               - isAndroid: false
10:34:53.639 [FXGL Background Thread 3 ] DEBUG Engine               - isBrowser: false
10:34:53.639 [FXGL Background Thread 3 ] DEBUG Engine               - isClickFeedbackEnabled: false
10:34:53.639 [FXGL Background Thread 3 ] DEBUG Engine               - isCloseConfirmation: false
10:34:53.639 [FXGL Background Thread 3 ] DEBUG Engine               - isDesktop: true
10:34:53.639 [FXGL Background Thread 3 ] DEBUG Engine               - isDeveloperMenuEnabled: false
10:34:53.639 [FXGL Background Thread 3 ] DEBUG Engine               - isEmbedded: false
10:34:53.639 [FXGL Background Thread 3 ] DEBUG Engine               - isEntityPreloadEnabled: true
10:34:53.639 [FXGL Background Thread 3 ] DEBUG Engine               - isExperimentalTiledLargeMap: false
10:34:53.639 [FXGL Background Thread 3 ] DEBUG Engine               - isFileSystemWriteAllowed: true
10:34:53.639 [FXGL Background Thread 3 ] DEBUG Engine               - isFullScreenAllowed: true
10:34:53.639 [FXGL Background Thread 3 ] DEBUG Engine               - isFullScreenFromStart: false
10:34:53.639 [FXGL Background Thread 3 ] DEBUG Engine               - isGameMenuEnabled: true
10:34:53.639 [FXGL Background Thread 3 ] DEBUG Engine               - isIOS: false
10:34:53.639 [FXGL Background Thread 3 ] DEBUG Engine               - isIntroEnabled: false
10:34:53.639 [FXGL Background Thread 3 ] DEBUG Engine               - isLinux: true
10:34:53.640 [FXGL Background Thread 3 ] DEBUG Engine               - isMac: false
10:34:53.640 [FXGL Background Thread 3 ] DEBUG Engine               - isMainMenuEnabled: false
10:34:53.640 [FXGL Background Thread 3 ] DEBUG Engine               - isManualResizeEnabled: false
10:34:53.640 [FXGL Background Thread 3 ] DEBUG Engine               - isMobile: false
10:34:53.640 [FXGL Background Thread 3 ] DEBUG Engine               - isNative: false
10:34:53.640 [FXGL Background Thread 3 ] DEBUG Engine               - isPauseMusicWhenMinimized: true
10:34:53.640 [FXGL Background Thread 3 ] DEBUG Engine               - isPreserveResizeRatio: false
10:34:53.640 [FXGL Background Thread 3 ] DEBUG Engine               - isProfilingEnabled: false
10:34:53.640 [FXGL Background Thread 3 ] DEBUG Engine               - isScaleAffectedOnResize: true
10:34:53.640 [FXGL Background Thread 3 ] DEBUG Engine               - isSingleStep: false
10:34:53.640 [FXGL Background Thread 3 ] DEBUG Engine               - isUserProfileEnabled: false
10:34:53.640 [FXGL Background Thread 3 ] DEBUG Engine               - isWindows: false
10:34:53.640 [FXGL Background Thread 3 ] DEBUG Engine               - language: ObjectProperty [value: ENGLISH]
10:34:53.640 [FXGL Background Thread 3 ] DEBUG Engine               - menuKey: ESCAPE
10:34:53.640 [FXGL Background Thread 3 ] DEBUG Engine               - mouseSensitivity: 0.2
10:34:53.640 [FXGL Background Thread 3 ] DEBUG Engine               - notificationViewClass: class com.almasb.fxgl.notification.view.XboxNotificationView
10:34:53.640 [FXGL Background Thread 3 ] DEBUG Engine               - pixelsPerMeter: 50.0
10:34:53.640 [FXGL Background Thread 3 ] DEBUG Engine               - platform: LINUX
10:34:53.640 [FXGL Background Thread 3 ] DEBUG Engine               - prefHeightProperty: ReadOnlyDoubleProperty [value: 720.0]
10:34:53.640 [FXGL Background Thread 3 ] DEBUG Engine               - prefWidthProperty: ReadOnlyDoubleProperty [value: 1280.0]
10:34:53.640 [FXGL Background Thread 3 ] DEBUG Engine               - profileDir: profiles/
10:34:53.640 [FXGL Background Thread 3 ] DEBUG Engine               - profileName: StringProperty [value: DEFAULT]
10:34:53.640 [FXGL Background Thread 3 ] DEBUG Engine               - randomSeed: -1
10:34:53.640 [FXGL Background Thread 3 ] DEBUG Engine               - runtimeInfo: RuntimeInfo(platform=LINUX, version=21.1, build=27.03.2024 07.52)
10:34:53.640 [FXGL Background Thread 3 ] DEBUG Engine               - saveFileExt: sav
10:34:53.640 [FXGL Background Thread 3 ] DEBUG Engine               - scaledHeightProp$fxgl: DoubleProperty [bound, value: 722.0]
10:34:53.640 [FXGL Background Thread 3 ] DEBUG Engine               - scaledWidthProp$fxgl: DoubleProperty [bound, value: 1280.0]
10:34:53.641 [FXGL Background Thread 3 ] DEBUG Engine               - sceneFactory: com.almasb.fxgl.app.scene.SceneFactory@59533c7c
10:34:53.641 [FXGL Background Thread 3 ] DEBUG Engine               - secondsIn24h: 60
10:34:53.641 [FXGL Background Thread 3 ] DEBUG Engine               - soundMenuBack: menu/back.wav
10:34:53.641 [FXGL Background Thread 3 ] DEBUG Engine               - soundMenuPress: menu/press.wav
10:34:53.641 [FXGL Background Thread 3 ] DEBUG Engine               - soundMenuSelect: menu/select.wav
10:34:53.641 [FXGL Background Thread 3 ] DEBUG Engine               - soundNotification: core/notification.wav
10:34:53.641 [FXGL Background Thread 3 ] DEBUG Engine               - stageStyle: DECORATED
10:34:53.641 [FXGL Background Thread 3 ] DEBUG Engine               - supportedLanguages: [ENGLISH, FRENCH, GERMAN, HUNGARIAN, RUSSIAN]
10:34:53.641 [FXGL Background Thread 3 ] DEBUG Engine               - ticksPerSecond: -1
10:34:53.641 [FXGL Background Thread 3 ] DEBUG Engine               - title: 1942 Remake
10:34:53.641 [FXGL Background Thread 3 ] DEBUG Engine               - urlGithub: https://github.com/AlmasB/FXGL
10:34:53.641 [FXGL Background Thread 3 ] DEBUG Engine               - urlLeaderboard: http://fxgl-top.herokuapp.com/
10:34:53.641 [FXGL Background Thread 3 ] DEBUG Engine               - urlPOM: https://raw.githubusercontent.com/AlmasB/FXGL/release/README.md
10:34:53.641 [FXGL Background Thread 3 ] DEBUG Engine               - userAppClass: class com.demo.game1942.Main
10:34:53.641 [FXGL Background Thread 3 ] DEBUG Engine               - version: (demo)
10:34:53.641 [FXGL Background Thread 3 ] DEBUG Engine               - versionCheckDays: 7
10:34:53.641 [FXGL Background Thread 3 ] DEBUG Engine               - width: 1280
10:34:53.641 [FXGL Background Thread 3 ] DEBUG Engine               - Logging services
10:34:53.641 [FXGL Background Thread 3 ] DEBUG Engine               - class com.almasb.fxgl.app.services.FXGLAssetLoaderService
10:34:53.641 [FXGL Background Thread 3 ] DEBUG Engine               - class com.almasb.fxgl.app.FXGLApplication$GameApplicationService
10:34:53.641 [FXGL Background Thread 3 ] DEBUG Engine               - class com.almasb.fxgl.app.services.FXGLDialogService
10:34:53.641 [FXGL Background Thread 3 ] DEBUG Engine               - class com.almasb.fxgl.app.services.IOTaskExecutorService
10:34:53.641 [FXGL Background Thread 3 ] DEBUG Engine               - class com.almasb.fxgl.io.FileSystemService
10:34:53.641 [FXGL Background Thread 3 ] DEBUG Engine               - class com.almasb.fxgl.localization.LocalizationService
10:34:53.641 [FXGL Background Thread 3 ] DEBUG Engine               - class com.almasb.fxgl.app.services.SystemBundleService
10:34:53.641 [FXGL Background Thread 3 ] DEBUG Engine               - class com.almasb.fxgl.profile.SaveLoadService
10:34:53.641 [FXGL Background Thread 3 ] DEBUG Engine               - class com.almasb.fxgl.ui.FXGLUIFactoryServiceProvider
10:34:53.641 [FXGL Background Thread 3 ] DEBUG Engine               - class com.almasb.fxgl.ui.FXGLDialogFactoryServiceProvider
10:34:53.641 [FXGL Background Thread 3 ] DEBUG Engine               - class com.almasb.fxgl.audio.AudioPlayer
10:34:53.641 [FXGL Background Thread 3 ] DEBUG Engine               - class com.almasb.fxgl.notification.impl.NotificationServiceProvider
10:34:53.641 [FXGL Background Thread 3 ] DEBUG Engine               - class com.almasb.fxgl.achievement.AchievementService
10:34:53.641 [FXGL Background Thread 3 ] DEBUG Engine               - class com.almasb.fxgl.cutscene.CutsceneService
10:34:53.641 [FXGL Background Thread 3 ] DEBUG Engine               - class com.almasb.fxgl.minigames.MiniGameService
10:34:53.641 [FXGL Background Thread 3 ] DEBUG Engine               - class com.almasb.fxgl.net.NetService
10:34:53.641 [FXGL Background Thread 3 ] DEBUG Engine               - class com.almasb.fxgl.app.services.UpdaterService
10:34:53.641 [FXGL Background Thread 3 ] DEBUG Engine               - class com.almasb.fxgl.dev.DevService
10:34:53.770 [JavaFX Application Thread] DEBUG FXGLAssetLoaderServi - Loading from file system: file:/home/sobhan/VS%20Code/game1942/target/classes/assets/sounds/explosion3.wav
10:34:53.773 [JavaFX Application Thread] DEBUG FXGLAssetLoaderServi - Loading from file system: file:/home/sobhan/VS%20Code/game1942/target/classes/assets/textures/explosion.png
10:34:55.663 [JavaFX Application Thread] DEBUG FXGLAssetLoaderServi - Loading from file system: file:/home/sobhan/VS%20Code/game1942/target/classes/assets/sounds/explosion.wav
10:34:55.729 [JavaFX Application Thread] DEBUG FXGLAssetLoaderServi - Loading from file system: file:/home/sobhan/VS%20Code/game1942/target/classes/assets/textures/fast.png
10:34:57.309 [JavaFX Application Thread] DEBUG FXGLAssetLoaderServi - Loading from file system: file:/home/sobhan/VS%20Code/game1942/target/classes/assets/sounds/powerup.wav
10:34:59.284 [JavaFX Application Thread] DEBUG FXGLAssetLoaderServi - Loading from file system: file:/home/sobhan/VS%20Code/game1942/target/classes/assets/sounds/explosion2.wav
10:35:04.502 [JavaFX Application Thread] DEBUG FXGLAssetLoaderServi - Loading from file system: file:/home/sobhan/VS%20Code/game1942/target/classes/assets/textures/tank.png
10:35:28.959 [JavaFX Application Thread] DEBUG LoopRunner           - Pausing loop
10:35:29.764 [JavaFX Application Thread] DEBUG FXGLApplication      - Exiting FXGL
10:35:29.764 [JavaFX Application Thread] DEBUG LoopRunner           - Stopping loop
10:35:29.764 [JavaFX Application Thread] DEBUG SystemBundleService  - Saving FXGL system data
10:35:29.765 [JavaFX Application Thread] DEBUG FileSystemAccess     - Writing to: /home/sobhan/VS Code/game1942/system/fxgl.bundle
10:35:29.767 [JavaFX Application Thread] DEBUG Async                - Shutting down background threads
10:35:29.767 [JavaFX Application Thread] DEBUG PrimaryStageWindow   - Closing main window
10:35:29.768 [JavaFX Application Thread] DEBUG Logger               - Closing Logger
