08:56:19.368 [main                     ] DEBUG Logger               - Configured Logger
08:56:19.374 [main                     ] DEBUG GameApplication      - Logging settings
Title: 1942 Remake
Version: (demo)
Width: 600
Height: 800
Fullscreen: true
Intro: false
Profiling: false
Single step:false
App Mode: DEVELOPER
Menu Key: ESCAPE
Stage Style: DECORATED
Scene Factory: class com.almasb.fxgl.app.scene.SceneFactory

08:56:19.884 [JavaFX Application Thread] DEBUG FXGLApplication      - Initializing FXGL
08:56:19.889 [JavaFX Application Thread] INFO  Engine               - FXGL-21.1 (27.03.2024 07.52) on LINUX (J:25 FX:21.0.1)
08:56:19.889 [JavaFX Application Thread] DEBUG Engine               - JRE Vendor Name: Oracle Corporation
08:56:19.889 [JavaFX Application Thread] DEBUG Engine               - Running on OS: Linux version 6.14.0-33-generic
08:56:19.889 [JavaFX Application Thread] DEBUG Engine               - Architecture: amd64
08:56:19.889 [JavaFX Application Thread] INFO  Engine               - Source code and latest versions at: https://github.com/AlmasB/FXGL
08:56:19.890 [JavaFX Application Thread] INFO  Engine               -       Ask questions and discuss at: https://github.com/AlmasB/FXGL/discussions
08:56:19.890 [JavaFX Application Thread] INFO  Engine               -              Join the FXGL chat at: https://gitter.im/AlmasB/FXGL
08:56:20.023 [JavaFX Application Thread] DEBUG PrimaryStageWindow   - Creating a JavaFX scene
08:56:20.167 [JavaFX Application Thread] DEBUG PrimaryStageWindow   - Target settings size: 600.0 x 800.0
08:56:20.167 [JavaFX Application Thread] DEBUG PrimaryStageWindow   - Scaled scene size:    600.0 x 800.0
08:56:20.167 [JavaFX Application Thread] DEBUG PrimaryStageWindow   - Scaled ratio: (1.0, 1.0)
08:56:20.169 [JavaFX Application Thread] DEBUG PrimaryStageWindow   - Set initial scene to FXGLStartupScene
08:56:20.181 [JavaFX Application Thread] DEBUG PrimaryStageWindow   - Opening main window
08:56:20.222 [JavaFX Application Thread] DEBUG PrimaryStageWindow   - Window border size: (0.0, 35.0)
08:56:20.222 [JavaFX Application Thread] DEBUG PrimaryStageWindow   - Scaled size: 600.0 x 765.0
08:56:20.222 [JavaFX Application Thread] DEBUG PrimaryStageWindow   - Scaled ratio: (1.0, 0.95625)
08:56:20.222 [JavaFX Application Thread] DEBUG PrimaryStageWindow   - Scene size: 600.0 x 800.0
08:56:20.222 [JavaFX Application Thread] DEBUG PrimaryStageWindow   - Stage size: 600.0 x 800.0
08:56:20.228 [FXGL Background Thread 1 ] DEBUG Engine               - Initializing environment variables
08:56:20.289 [FXGL Background Thread 1 ] DEBUG FXGLAssetLoaderServi - User app class for loading assets: class com.demo.game1942.Main
08:56:20.289 [FXGL Background Thread 1 ] DEBUG GameApplicationServi - Applying CSS: fxgl_dark.css
08:56:20.291 [FXGL Background Thread 1 ] DEBUG FXGLAssetLoaderServi - Loading from file system: jar:file:/home/sobhan/.m2/repository/com/github/almasb/fxgl/21.1/fxgl-21.1.jar!/fxglassets/ui/css/fxgl_dark.css
08:56:20.340 [FXGL Background Thread 1 ] DEBUG GameApplicationServi - Initializing application scenes
08:56:20.398 [FXGL Background Thread 1 ] DEBUG GameWorld            - Game world initialized
08:56:20.435 [FXGL Background Thread 1 ] DEBUG PhysicsWorld         - Physics world initialized: appHeight=800, physics.ppm=50.0
08:56:20.436 [FXGL Background Thread 1 ] DEBUG PhysicsWorld         - Using strategy: BRUTE_FORCE
08:56:20.441 [FXGL Background Thread 1 ] DEBUG GameScene            - Game scene initialized: 600x800
08:56:20.451 [FXGL Background Thread 1 ] WARN  FXGL.DefaultMenu     - FXGLDefaultMenu is not designed for resolutions < 800x600
08:56:20.451 [FXGL Background Thread 1 ] DEBUG FXGL.DefaultMenu     - createMenuBodyGameMenu()
08:56:20.465 [FXGL Background Thread 1 ] DEBUG FXGL.DefaultMenu     - createOptionsMenu()
08:56:20.477 [FXGL Background Thread 1 ] DEBUG FXGLAssetLoaderServi - Loading from file system: jar:file:/home/sobhan/.m2/repository/com/github/almasb/fxgl/21.1/fxgl-21.1.jar!/fxglassets/textures/particles/smoke.png
08:56:20.549 [FXGL Background Thread 1 ] DEBUG FXGLAssetLoaderServi - Loading from file system: jar:file:/home/sobhan/.m2/repository/com/github/almasb/fxgl/21.1/fxgl-21.1.jar!/fxglassets/textures/particles/trace_horizontal.png
08:56:20.572 [FXGL Background Thread 1 ] DEBUG GameApplicationServi - Application scenes initialized
08:56:20.579 [FXGL Background Thread 1 ] DEBUG SystemBundleService  - Loading FXGL system data
08:56:20.582 [FXGL Background Thread 1 ] DEBUG FileSystemAccess     - Reading from: /home/sobhan/VS Code/game1942/system/fxgl.bundle
08:56:20.587 [FXGL Background Thread 1 ] DEBUG SystemBundleService  - Bundle FXGL: {}
08:56:20.588 [FXGL Background Thread 1 ] DEBUG UpdaterService       - Checking for updates
08:56:20.590 [FXGL Background Thread 4 ] DEBUG FXGLApplication      - Loading fonts
08:56:20.591 [FXGL Background Thread 1 ] DEBUG FXGLApplication      - Loading default localization
08:56:20.591 [FXGL Background Thread 4 ] DEBUG FXGLAssetLoaderServi - Loading from file system: jar:file:/home/sobhan/.m2/repository/com/github/almasb/fxgl/21.1/fxgl-21.1.jar!/fxglassets/ui/fonts/VarelaRound-Regular.ttf
08:56:20.591 [FXGL Background Thread 1 ] DEBUG FXGLAssetLoaderServi - Loading from file system: jar:file:/home/sobhan/.m2/repository/com/github/almasb/fxgl/21.1/fxgl-21.1.jar!/fxglassets/languages/english.lang
08:56:20.599 [FXGL Background Thread 4 ] DEBUG FXGLAssetLoaderServi - Loading from file system: jar:file:/home/sobhan/.m2/repository/com/github/almasb/fxgl/21.1/fxgl-21.1.jar!/fxglassets/ui/fonts/Abel-Regular.ttf
08:56:20.601 [FXGL Background Thread 4 ] DEBUG FXGLAssetLoaderServi - Loading from file system: jar:file:/home/sobhan/.m2/repository/com/github/almasb/fxgl/21.1/fxgl-21.1.jar!/fxglassets/ui/fonts/TerminalLandMono-Regular.otf
08:56:20.603 [FXGL Background Thread 4 ] DEBUG FXGLAssetLoaderServi - Loading from file system: jar:file:/home/sobhan/.m2/repository/com/github/almasb/fxgl/21.1/fxgl-21.1.jar!/fxglassets/ui/fonts/Courier-Prime.ttf
08:56:20.607 [JavaFX Application Thread] DEBUG FXGLApplication      - Registering font factories with UI factory
08:56:20.610 [FXGL Background Thread 1 ] INFO  FXGLApplication      - FXGL initialization took: 0.383 sec
08:56:20.612 [JavaFX Application Thread] DEBUG FXGLAssetLoaderServi - Loading from file system: jar:file:/home/sobhan/.m2/repository/com/github/almasb/fxgl/21.1/fxgl-21.1.jar!/fxglassets/textures/fxgl_icon.png
08:56:20.633 [JavaFX Application Thread] DEBUG FXGLAssetLoaderServi - Loading from file system: jar:file:/home/sobhan/.m2/repository/com/github/almasb/fxgl/21.1/fxgl-21.1.jar!/fxglassets/textures/fxgl_default_cursor.png
08:56:20.644 [JavaFX Application Thread] DEBUG Input                - Registered new binding: Screenshot - CTRL+8
08:56:20.644 [JavaFX Application Thread] DEBUG Input                - Registered new binding: System info dump - CTRL+9
08:56:20.644 [JavaFX Application Thread] DEBUG Input                - Registered new binding: Restart - CTRL+R
08:56:20.645 [JavaFX Application Thread] DEBUG Input                - Registered new binding: Toggle Debug Camera - CTRL+7
08:56:20.648 [JavaFX Application Thread] DEBUG LoopRunner           - Starting loop
08:56:20.648 [JavaFX Application Thread] DEBUG LoopRunner           - Initializing JavaFX AnimationTimerLoop
08:56:20.649 [JavaFX Application Thread] DEBUG GameApplicationServi - Starting new game
08:56:20.650 [JavaFX Application Thread] DEBUG Input                - Clearing active input actions
08:56:20.663 [JavaFX Application Thread] DEBUG GameApplicationServi - Removing overlay from FXGLStartupScene and adding to FXGLLoadingScene
08:56:20.664 [JavaFX Application Thread] DEBUG PrimaryStageWindow   - FXGLStartupScene -> FXGLLoadingScene
08:56:20.664 [JavaFX Application Thread] DEBUG GameApplicationServi - Clearing previous game
08:56:20.664 [JavaFX Application Thread] DEBUG GameScene            - Clearing game scene
08:56:20.664 [JavaFX Application Thread] DEBUG GameWorld            - Clearing game world
08:56:20.664 [JavaFX Application Thread] DEBUG PhysicsWorld         - Clearing physics world
08:56:20.667 [FXGL Background Thread 1 ] DEBUG FXGLApplication      - Initializing game
08:56:20.693 [FXGL Background Thread 1 ] DEBUG Input                - Registered new binding: Move Left - A
08:56:20.693 [FXGL Background Thread 1 ] DEBUG Input                - Registered new binding: Move Right - D
08:56:20.693 [FXGL Background Thread 1 ] DEBUG Input                - Registered new binding: Move Down - S
08:56:20.693 [FXGL Background Thread 1 ] DEBUG Input                - Registered new binding: Move Up - W
08:56:20.693 [FXGL Background Thread 1 ] DEBUG Input                - Registered new binding: Shoot - Space
08:56:20.701 [FXGL Background Thread 1 ] INFO  FXGLApplication      - Game initialization took: 0.033 sec
08:56:20.772 [JavaFX Application Thread] DEBUG Input                - Clearing active input actions
08:56:20.776 [JavaFX Application Thread] DEBUG GameApplicationServi - Removing overlay from FXGLLoadingScene and adding to GameScene
08:56:20.777 [JavaFX Application Thread] DEBUG PrimaryStageWindow   - FXGLLoadingScene -> GameScene
08:56:23.589 [FXGL Background Thread 3 ] DEBUG Engine               - Logging environment variables
08:56:23.590 [FXGL Background Thread 3 ] DEBUG Engine               - achievements: []
08:56:23.590 [FXGL Background Thread 3 ] DEBUG Engine               - actualHeight: 765.0
08:56:23.590 [FXGL Background Thread 3 ] DEBUG Engine               - actualHeightProperty: ReadOnlyDoubleProperty [value: 802.0]
08:56:23.590 [FXGL Background Thread 3 ] DEBUG Engine               - actualWidth: 600.0
08:56:23.590 [FXGL Background Thread 3 ] DEBUG Engine               - actualWidthProperty: ReadOnlyDoubleProperty [value: 600.0]
08:56:23.590 [FXGL Background Thread 3 ] DEBUG Engine               - appIcon: fxgl_icon.png
08:56:23.590 [FXGL Background Thread 3 ] DEBUG Engine               - applicationMode: DEVELOPER
08:56:23.590 [FXGL Background Thread 3 ] DEBUG Engine               - cSSList: [fxgl_dark.css]
08:56:23.590 [FXGL Background Thread 3 ] DEBUG Engine               - collisionDetectionStrategy: BRUTE_FORCE
08:56:23.590 [FXGL Background Thread 3 ] DEBUG Engine               - configClass: Optional.empty
08:56:23.590 [FXGL Background Thread 3 ] DEBUG Engine               - credits: []
08:56:23.590 [FXGL Background Thread 3 ] DEBUG Engine               - defaultCursor: CursorInfo(imageName=fxgl_default_cursor.png, hotspotX=7.0, hotspotY=6.0)
08:56:23.590 [FXGL Background Thread 3 ] DEBUG Engine               - devBBoxColorProperty: ObjectProperty [value: 0xff0000ff]
08:56:23.590 [FXGL Background Thread 3 ] DEBUG Engine               - devEnableDebugCameraProperty: BooleanProperty [value: false]
08:56:23.590 [FXGL Background Thread 3 ] DEBUG Engine               - devSensorColorProperty: ObjectProperty [value: 0xffff00ff]
08:56:23.591 [FXGL Background Thread 3 ] DEBUG Engine               - devShowBBoxProperty: BooleanProperty [value: false]
08:56:23.591 [FXGL Background Thread 3 ] DEBUG Engine               - devShowPositionProperty: BooleanProperty [value: false]
08:56:23.591 [FXGL Background Thread 3 ] DEBUG Engine               - enabledMenuItems: []
08:56:23.591 [FXGL Background Thread 3 ] DEBUG Engine               - engineServices: [class com.almasb.fxgl.app.services.FXGLAssetLoaderService, class com.almasb.fxgl.app.FXGLApplication$GameApplicationService, class com.almasb.fxgl.app.services.FXGLDialogService, class com.almasb.fxgl.app.services.IOTaskExecutorService, class com.almasb.fxgl.io.FileSystemService, class com.almasb.fxgl.localization.LocalizationService, class com.almasb.fxgl.app.services.SystemBundleService, class com.almasb.fxgl.profile.SaveLoadService, class com.almasb.fxgl.ui.FXGLUIFactoryServiceProvider, class com.almasb.fxgl.ui.FXGLDialogFactoryServiceProvider, class com.almasb.fxgl.audio.AudioPlayer, class com.almasb.fxgl.notification.impl.NotificationServiceProvider, class com.almasb.fxgl.achievement.AchievementService, class com.almasb.fxgl.cutscene.CutsceneService, class com.almasb.fxgl.minigames.MiniGameService, class com.almasb.fxgl.net.NetService, class com.almasb.fxgl.app.services.UpdaterService, class com.almasb.fxgl.dev.DevService]
08:56:23.591 [FXGL Background Thread 3 ] DEBUG Engine               - fontGame: Abel-Regular.ttf
08:56:23.591 [FXGL Background Thread 3 ] DEBUG Engine               - fontMono: TerminalLandMono-Regular.otf
08:56:23.591 [FXGL Background Thread 3 ] DEBUG Engine               - fontSizeScaleUI: 1.0
08:56:23.591 [FXGL Background Thread 3 ] DEBUG Engine               - fontText: Courier-Prime.ttf
08:56:23.591 [FXGL Background Thread 3 ] DEBUG Engine               - fontUI: VarelaRound-Regular.ttf
08:56:23.591 [FXGL Background Thread 3 ] DEBUG Engine               - fullScreen: BooleanProperty [value: false]
08:56:23.591 [FXGL Background Thread 3 ] DEBUG Engine               - gameDifficulty: MEDIUM
08:56:23.591 [FXGL Background Thread 3 ] DEBUG Engine               - gameDifficultyProperty: ObjectProperty [value: MEDIUM]
08:56:23.591 [FXGL Background Thread 3 ] DEBUG Engine               - globalMusicVolume: 0.5
08:56:23.591 [FXGL Background Thread 3 ] DEBUG Engine               - globalMusicVolumeProperty: DoubleProperty [value: 0.5]
08:56:23.591 [FXGL Background Thread 3 ] DEBUG Engine               - globalSoundVolume: 0.5
08:56:23.591 [FXGL Background Thread 3 ] DEBUG Engine               - globalSoundVolumeProperty: DoubleProperty [value: 0.5]
08:56:23.591 [FXGL Background Thread 3 ] DEBUG Engine               - height: 800
08:56:23.591 [FXGL Background Thread 3 ] DEBUG Engine               - is3D: false
08:56:23.591 [FXGL Background Thread 3 ] DEBUG Engine               - isAndroid: false
08:56:23.591 [FXGL Background Thread 3 ] DEBUG Engine               - isBrowser: false
08:56:23.591 [FXGL Background Thread 3 ] DEBUG Engine               - isClickFeedbackEnabled: false
08:56:23.591 [FXGL Background Thread 3 ] DEBUG Engine               - isCloseConfirmation: false
08:56:23.591 [FXGL Background Thread 3 ] DEBUG Engine               - isDesktop: true
08:56:23.591 [FXGL Background Thread 3 ] DEBUG Engine               - isDeveloperMenuEnabled: false
08:56:23.591 [FXGL Background Thread 3 ] DEBUG Engine               - isEmbedded: false
08:56:23.591 [FXGL Background Thread 3 ] DEBUG Engine               - isEntityPreloadEnabled: true
08:56:23.591 [FXGL Background Thread 3 ] DEBUG Engine               - isExperimentalTiledLargeMap: false
08:56:23.591 [FXGL Background Thread 3 ] DEBUG Engine               - isFileSystemWriteAllowed: true
08:56:23.591 [FXGL Background Thread 3 ] DEBUG Engine               - isFullScreenAllowed: true
08:56:23.591 [FXGL Background Thread 3 ] DEBUG Engine               - isFullScreenFromStart: false
08:56:23.591 [FXGL Background Thread 3 ] DEBUG Engine               - isGameMenuEnabled: true
08:56:23.591 [FXGL Background Thread 3 ] DEBUG Engine               - isIOS: false
08:56:23.592 [FXGL Background Thread 3 ] DEBUG Engine               - isIntroEnabled: false
08:56:23.592 [FXGL Background Thread 3 ] DEBUG Engine               - isLinux: true
08:56:23.592 [FXGL Background Thread 3 ] DEBUG Engine               - isMac: false
08:56:23.592 [FXGL Background Thread 3 ] DEBUG Engine               - isMainMenuEnabled: false
08:56:23.592 [FXGL Background Thread 3 ] DEBUG Engine               - isManualResizeEnabled: false
08:56:23.592 [FXGL Background Thread 3 ] DEBUG Engine               - isMobile: false
08:56:23.592 [FXGL Background Thread 3 ] DEBUG Engine               - isNative: false
08:56:23.592 [FXGL Background Thread 3 ] DEBUG Engine               - isPauseMusicWhenMinimized: true
08:56:23.592 [FXGL Background Thread 3 ] DEBUG Engine               - isPreserveResizeRatio: false
08:56:23.592 [FXGL Background Thread 3 ] DEBUG Engine               - isProfilingEnabled: false
08:56:23.592 [FXGL Background Thread 3 ] DEBUG Engine               - isScaleAffectedOnResize: true
08:56:23.592 [FXGL Background Thread 3 ] DEBUG Engine               - isSingleStep: false
08:56:23.592 [FXGL Background Thread 3 ] DEBUG Engine               - isUserProfileEnabled: false
08:56:23.592 [FXGL Background Thread 3 ] DEBUG Engine               - isWindows: false
08:56:23.592 [FXGL Background Thread 3 ] DEBUG Engine               - language: ObjectProperty [value: ENGLISH]
08:56:23.592 [FXGL Background Thread 3 ] DEBUG Engine               - menuKey: ESCAPE
08:56:23.592 [FXGL Background Thread 3 ] DEBUG Engine               - mouseSensitivity: 0.2
08:56:23.592 [FXGL Background Thread 3 ] DEBUG Engine               - notificationViewClass: class com.almasb.fxgl.notification.view.XboxNotificationView
08:56:23.592 [FXGL Background Thread 3 ] DEBUG Engine               - pixelsPerMeter: 50.0
08:56:23.592 [FXGL Background Thread 3 ] DEBUG Engine               - platform: LINUX
08:56:23.592 [FXGL Background Thread 3 ] DEBUG Engine               - prefHeightProperty: ReadOnlyDoubleProperty [value: 800.0]
08:56:23.592 [FXGL Background Thread 3 ] DEBUG Engine               - prefWidthProperty: ReadOnlyDoubleProperty [value: 600.0]
08:56:23.592 [FXGL Background Thread 3 ] DEBUG Engine               - profileDir: profiles/
08:56:23.592 [FXGL Background Thread 3 ] DEBUG Engine               - profileName: StringProperty [value: DEFAULT]
08:56:23.592 [FXGL Background Thread 3 ] DEBUG Engine               - randomSeed: -1
08:56:23.592 [FXGL Background Thread 3 ] DEBUG Engine               - runtimeInfo: RuntimeInfo(platform=LINUX, version=21.1, build=27.03.2024 07.52)
08:56:23.592 [FXGL Background Thread 3 ] DEBUG Engine               - saveFileExt: sav
08:56:23.592 [FXGL Background Thread 3 ] DEBUG Engine               - scaledHeightProp$fxgl: DoubleProperty [bound, value: 802.0]
08:56:23.592 [FXGL Background Thread 3 ] DEBUG Engine               - scaledWidthProp$fxgl: DoubleProperty [bound, value: 600.0]
08:56:23.592 [FXGL Background Thread 3 ] DEBUG Engine               - sceneFactory: com.almasb.fxgl.app.scene.SceneFactory@dbd6f43
08:56:23.592 [FXGL Background Thread 3 ] DEBUG Engine               - secondsIn24h: 60
08:56:23.592 [FXGL Background Thread 3 ] DEBUG Engine               - soundMenuBack: menu/back.wav
08:56:23.593 [FXGL Background Thread 3 ] DEBUG Engine               - soundMenuPress: menu/press.wav
08:56:23.593 [FXGL Background Thread 3 ] DEBUG Engine               - soundMenuSelect: menu/select.wav
08:56:23.593 [FXGL Background Thread 3 ] DEBUG Engine               - soundNotification: core/notification.wav
08:56:23.593 [FXGL Background Thread 3 ] DEBUG Engine               - stageStyle: DECORATED
08:56:23.593 [FXGL Background Thread 3 ] DEBUG Engine               - supportedLanguages: [ENGLISH, FRENCH, GERMAN, HUNGARIAN, RUSSIAN]
08:56:23.593 [FXGL Background Thread 3 ] DEBUG Engine               - ticksPerSecond: -1
08:56:23.593 [FXGL Background Thread 3 ] DEBUG Engine               - title: 1942 Remake
08:56:23.593 [FXGL Background Thread 3 ] DEBUG Engine               - urlGithub: https://github.com/AlmasB/FXGL
08:56:23.593 [FXGL Background Thread 3 ] DEBUG Engine               - urlLeaderboard: http://fxgl-top.herokuapp.com/
08:56:23.593 [FXGL Background Thread 3 ] DEBUG Engine               - urlPOM: https://raw.githubusercontent.com/AlmasB/FXGL/release/README.md
08:56:23.593 [FXGL Background Thread 3 ] DEBUG Engine               - userAppClass: class com.demo.game1942.Main
08:56:23.593 [FXGL Background Thread 3 ] DEBUG Engine               - version: (demo)
08:56:23.593 [FXGL Background Thread 3 ] DEBUG Engine               - versionCheckDays: 7
08:56:23.593 [FXGL Background Thread 3 ] DEBUG Engine               - width: 600
08:56:23.593 [FXGL Background Thread 3 ] DEBUG Engine               - Logging services
08:56:23.593 [FXGL Background Thread 3 ] DEBUG Engine               - class com.almasb.fxgl.app.services.FXGLAssetLoaderService
08:56:23.593 [FXGL Background Thread 3 ] DEBUG Engine               - class com.almasb.fxgl.app.FXGLApplication$GameApplicationService
08:56:23.593 [FXGL Background Thread 3 ] DEBUG Engine               - class com.almasb.fxgl.app.services.FXGLDialogService
08:56:23.593 [FXGL Background Thread 3 ] DEBUG Engine               - class com.almasb.fxgl.app.services.IOTaskExecutorService
08:56:23.593 [FXGL Background Thread 3 ] DEBUG Engine               - class com.almasb.fxgl.io.FileSystemService
08:56:23.593 [FXGL Background Thread 3 ] DEBUG Engine               - class com.almasb.fxgl.localization.LocalizationService
08:56:23.593 [FXGL Background Thread 3 ] DEBUG Engine               - class com.almasb.fxgl.app.services.SystemBundleService
08:56:23.593 [FXGL Background Thread 3 ] DEBUG Engine               - class com.almasb.fxgl.profile.SaveLoadService
08:56:23.593 [FXGL Background Thread 3 ] DEBUG Engine               - class com.almasb.fxgl.ui.FXGLUIFactoryServiceProvider
08:56:23.593 [FXGL Background Thread 3 ] DEBUG Engine               - class com.almasb.fxgl.ui.FXGLDialogFactoryServiceProvider
08:56:23.593 [FXGL Background Thread 3 ] DEBUG Engine               - class com.almasb.fxgl.audio.AudioPlayer
08:56:23.593 [FXGL Background Thread 3 ] DEBUG Engine               - class com.almasb.fxgl.notification.impl.NotificationServiceProvider
08:56:23.593 [FXGL Background Thread 3 ] DEBUG Engine               - class com.almasb.fxgl.achievement.AchievementService
08:56:23.593 [FXGL Background Thread 3 ] DEBUG Engine               - class com.almasb.fxgl.cutscene.CutsceneService
08:56:23.593 [FXGL Background Thread 3 ] DEBUG Engine               - class com.almasb.fxgl.minigames.MiniGameService
08:56:23.593 [FXGL Background Thread 3 ] DEBUG Engine               - class com.almasb.fxgl.net.NetService
08:56:23.593 [FXGL Background Thread 3 ] DEBUG Engine               - class com.almasb.fxgl.app.services.UpdaterService
08:56:23.593 [FXGL Background Thread 3 ] DEBUG Engine               - class com.almasb.fxgl.dev.DevService
08:57:06.816 [JavaFX Application Thread] DEBUG LoopRunner           - Pausing loop
08:57:08.766 [JavaFX Application Thread] DEBUG FXGLApplication      - Exiting FXGL
08:57:08.766 [JavaFX Application Thread] DEBUG LoopRunner           - Stopping loop
08:57:08.767 [JavaFX Application Thread] DEBUG SystemBundleService  - Saving FXGL system data
08:57:08.773 [JavaFX Application Thread] DEBUG FileSystemAccess     - Writing to: /home/sobhan/VS Code/game1942/system/fxgl.bundle
08:57:08.774 [JavaFX Application Thread] DEBUG Async                - Shutting down background threads
08:57:08.775 [JavaFX Application Thread] DEBUG PrimaryStageWindow   - Closing main window
08:57:08.776 [JavaFX Application Thread] DEBUG Logger               - Closing Logger
