17:19:18.727 [main                     ] DEBUG Logger               - Configured Logger
17:19:18.733 [main                     ] DEBUG GameApplication      - Logging settings
Title: 1942 Remake
Version: (demo)
Width: 600
Height: 800
Fullscreen: true
Intro: false
Profiling: false
Single step:false
App Mode: DEVELOPER
Menu Key: ESCAPE
Stage Style: DECORATED
Scene Factory: class com.almasb.fxgl.app.scene.SceneFactory

17:19:19.010 [JavaFX Application Thread] DEBUG FXGLApplication      - Initializing FXGL
17:19:19.013 [JavaFX Application Thread] INFO  Engine               - FXGL-21.1 (27.03.2024 07.52) on LINUX (J:25 FX:21.0.1)
17:19:19.013 [JavaFX Application Thread] DEBUG Engine               - JRE Vendor Name: Oracle Corporation
17:19:19.014 [JavaFX Application Thread] DEBUG Engine               - Running on OS: Linux version 6.14.0-33-generic
17:19:19.014 [JavaFX Application Thread] DEBUG Engine               - Architecture: amd64
17:19:19.014 [JavaFX Application Thread] INFO  Engine               - Source code and latest versions at: https://github.com/AlmasB/FXGL
17:19:19.014 [JavaFX Application Thread] INFO  Engine               -       Ask questions and discuss at: https://github.com/AlmasB/FXGL/discussions
17:19:19.014 [JavaFX Application Thread] INFO  Engine               -              Join the FXGL chat at: https://gitter.im/AlmasB/FXGL
17:19:19.098 [JavaFX Application Thread] DEBUG PrimaryStageWindow   - Creating a JavaFX scene
17:19:19.191 [JavaFX Application Thread] DEBUG PrimaryStageWindow   - Target settings size: 600.0 x 800.0
17:19:19.191 [JavaFX Application Thread] DEBUG PrimaryStageWindow   - Scaled scene size:    600.0 x 800.0
17:19:19.191 [JavaFX Application Thread] DEBUG PrimaryStageWindow   - Scaled ratio: (1.0, 1.0)
17:19:19.192 [JavaFX Application Thread] DEBUG PrimaryStageWindow   - Set initial scene to FXGLStartupScene
17:19:19.196 [JavaFX Application Thread] DEBUG PrimaryStageWindow   - Opening main window
17:19:19.233 [JavaFX Application Thread] DEBUG PrimaryStageWindow   - Window border size: (0.0, 35.0)
17:19:19.233 [JavaFX Application Thread] DEBUG PrimaryStageWindow   - Scaled size: 600.0 x 765.0
17:19:19.233 [JavaFX Application Thread] DEBUG PrimaryStageWindow   - Scaled ratio: (1.0, 0.95625)
17:19:19.233 [JavaFX Application Thread] DEBUG PrimaryStageWindow   - Scene size: 600.0 x 800.0
17:19:19.234 [JavaFX Application Thread] DEBUG PrimaryStageWindow   - Stage size: 600.0 x 800.0
17:19:19.243 [FXGL Background Thread 1 ] DEBUG Engine               - Initializing environment variables
17:19:19.307 [FXGL Background Thread 1 ] DEBUG FXGLAssetLoaderServi - User app class for loading assets: class com.demo.game1942.Main
17:19:19.307 [FXGL Background Thread 1 ] DEBUG GameApplicationServi - Applying CSS: fxgl_dark.css
17:19:19.307 [FXGL Background Thread 1 ] DEBUG FXGLAssetLoaderServi - Loading from file system: jar:file:/home/sobhan/.m2/repository/com/github/almasb/fxgl/21.1/fxgl-21.1.jar!/fxglassets/ui/css/fxgl_dark.css
17:19:19.358 [FXGL Background Thread 1 ] DEBUG GameApplicationServi - Initializing application scenes
17:19:19.398 [FXGL Background Thread 1 ] DEBUG GameWorld            - Game world initialized
17:19:19.441 [FXGL Background Thread 1 ] DEBUG PhysicsWorld         - Physics world initialized: appHeight=800, physics.ppm=50.0
17:19:19.441 [FXGL Background Thread 1 ] DEBUG PhysicsWorld         - Using strategy: BRUTE_FORCE
17:19:19.444 [FXGL Background Thread 1 ] DEBUG GameScene            - Game scene initialized: 600x800
17:19:19.451 [FXGL Background Thread 1 ] WARN  FXGL.DefaultMenu     - FXGLDefaultMenu is not designed for resolutions < 800x600
17:19:19.451 [FXGL Background Thread 1 ] DEBUG FXGL.DefaultMenu     - createMenuBodyGameMenu()
17:19:19.462 [FXGL Background Thread 1 ] DEBUG FXGL.DefaultMenu     - createOptionsMenu()
17:19:19.470 [FXGL Background Thread 1 ] DEBUG FXGLAssetLoaderServi - Loading from file system: jar:file:/home/sobhan/.m2/repository/com/github/almasb/fxgl/21.1/fxgl-21.1.jar!/fxglassets/textures/particles/smoke.png
17:19:19.532 [FXGL Background Thread 1 ] DEBUG FXGLAssetLoaderServi - Loading from file system: jar:file:/home/sobhan/.m2/repository/com/github/almasb/fxgl/21.1/fxgl-21.1.jar!/fxglassets/textures/particles/trace_horizontal.png
17:19:19.547 [FXGL Background Thread 1 ] DEBUG GameApplicationServi - Application scenes initialized
17:19:19.553 [FXGL Background Thread 1 ] DEBUG SystemBundleService  - Loading FXGL system data
17:19:19.555 [FXGL Background Thread 1 ] DEBUG FileSystemAccess     - Reading from: /home/sobhan/VS Code/game1942/system/fxgl.bundle
17:19:19.560 [FXGL Background Thread 1 ] DEBUG SystemBundleService  - Bundle FXGL: {}
17:19:19.560 [FXGL Background Thread 1 ] DEBUG UpdaterService       - Checking for updates
17:19:19.562 [FXGL Background Thread 4 ] DEBUG FXGLApplication      - Loading fonts
17:19:19.562 [FXGL Background Thread 1 ] DEBUG FXGLApplication      - Loading default localization
17:19:19.562 [FXGL Background Thread 4 ] DEBUG FXGLAssetLoaderServi - Loading from file system: jar:file:/home/sobhan/.m2/repository/com/github/almasb/fxgl/21.1/fxgl-21.1.jar!/fxglassets/ui/fonts/VarelaRound-Regular.ttf
17:19:19.563 [FXGL Background Thread 1 ] DEBUG FXGLAssetLoaderServi - Loading from file system: jar:file:/home/sobhan/.m2/repository/com/github/almasb/fxgl/21.1/fxgl-21.1.jar!/fxglassets/languages/english.lang
17:19:19.568 [FXGL Background Thread 4 ] DEBUG FXGLAssetLoaderServi - Loading from file system: jar:file:/home/sobhan/.m2/repository/com/github/almasb/fxgl/21.1/fxgl-21.1.jar!/fxglassets/ui/fonts/Abel-Regular.ttf
17:19:19.569 [FXGL Background Thread 4 ] DEBUG FXGLAssetLoaderServi - Loading from file system: jar:file:/home/sobhan/.m2/repository/com/github/almasb/fxgl/21.1/fxgl-21.1.jar!/fxglassets/ui/fonts/TerminalLandMono-Regular.otf
17:19:19.571 [FXGL Background Thread 4 ] DEBUG FXGLAssetLoaderServi - Loading from file system: jar:file:/home/sobhan/.m2/repository/com/github/almasb/fxgl/21.1/fxgl-21.1.jar!/fxglassets/ui/fonts/Courier-Prime.ttf
17:19:19.575 [JavaFX Application Thread] DEBUG FXGLApplication      - Registering font factories with UI factory
17:19:19.575 [FXGL Background Thread 1 ] INFO  FXGLApplication      - FXGL initialization took: 0.332 sec
17:19:19.577 [JavaFX Application Thread] DEBUG FXGLAssetLoaderServi - Loading from file system: jar:file:/home/sobhan/.m2/repository/com/github/almasb/fxgl/21.1/fxgl-21.1.jar!/fxglassets/textures/fxgl_icon.png
17:19:19.595 [JavaFX Application Thread] DEBUG FXGLAssetLoaderServi - Loading from file system: jar:file:/home/sobhan/.m2/repository/com/github/almasb/fxgl/21.1/fxgl-21.1.jar!/fxglassets/textures/fxgl_default_cursor.png
17:19:19.602 [JavaFX Application Thread] DEBUG Input                - Registered new binding: Screenshot - CTRL+8
17:19:19.602 [JavaFX Application Thread] DEBUG Input                - Registered new binding: System info dump - CTRL+9
17:19:19.602 [JavaFX Application Thread] DEBUG Input                - Registered new binding: Restart - CTRL+R
17:19:19.603 [JavaFX Application Thread] DEBUG Input                - Registered new binding: Toggle Debug Camera - CTRL+7
17:19:19.605 [JavaFX Application Thread] DEBUG LoopRunner           - Starting loop
17:19:19.606 [JavaFX Application Thread] DEBUG LoopRunner           - Initializing JavaFX AnimationTimerLoop
17:19:19.608 [JavaFX Application Thread] DEBUG GameApplicationServi - Starting new game
17:19:19.608 [JavaFX Application Thread] DEBUG Input                - Clearing active input actions
17:19:19.617 [JavaFX Application Thread] DEBUG GameApplicationServi - Removing overlay from FXGLStartupScene and adding to FXGLLoadingScene
17:19:19.617 [JavaFX Application Thread] DEBUG PrimaryStageWindow   - FXGLStartupScene -> FXGLLoadingScene
17:19:19.617 [JavaFX Application Thread] DEBUG GameApplicationServi - Clearing previous game
17:19:19.617 [JavaFX Application Thread] DEBUG GameScene            - Clearing game scene
17:19:19.617 [JavaFX Application Thread] DEBUG GameWorld            - Clearing game world
17:19:19.617 [JavaFX Application Thread] DEBUG PhysicsWorld         - Clearing physics world
17:19:19.620 [FXGL Background Thread 1 ] DEBUG FXGLApplication      - Initializing game
17:19:19.648 [FXGL Background Thread 1 ] DEBUG Input                - Registered new binding: Move Left - A
17:19:19.649 [FXGL Background Thread 1 ] DEBUG Input                - Registered new binding: Move Right - D
17:19:19.649 [FXGL Background Thread 1 ] DEBUG Input                - Registered new binding: Move Down - S
17:19:19.649 [FXGL Background Thread 1 ] DEBUG Input                - Registered new binding: Move Up - W
17:19:19.649 [FXGL Background Thread 1 ] DEBUG Input                - Registered new binding: Shoot - Space
17:19:19.653 [FXGL Background Thread 1 ] INFO  FXGLApplication      - Game initialization took: 0.032 sec
17:19:19.739 [JavaFX Application Thread] DEBUG Input                - Clearing active input actions
17:19:19.744 [JavaFX Application Thread] DEBUG GameApplicationServi - Removing overlay from FXGLLoadingScene and adding to GameScene
17:19:19.744 [JavaFX Application Thread] DEBUG PrimaryStageWindow   - FXGLLoadingScene -> GameScene
17:19:22.561 [FXGL Background Thread 3 ] DEBUG Engine               - Logging environment variables
17:19:22.562 [FXGL Background Thread 3 ] DEBUG Engine               - achievements: []
17:19:22.562 [FXGL Background Thread 3 ] DEBUG Engine               - actualHeight: 765.0
17:19:22.562 [FXGL Background Thread 3 ] DEBUG Engine               - actualHeightProperty: ReadOnlyDoubleProperty [value: 802.0]
17:19:22.562 [FXGL Background Thread 3 ] DEBUG Engine               - actualWidth: 600.0
17:19:22.562 [FXGL Background Thread 3 ] DEBUG Engine               - actualWidthProperty: ReadOnlyDoubleProperty [value: 600.0]
17:19:22.562 [FXGL Background Thread 3 ] DEBUG Engine               - appIcon: fxgl_icon.png
17:19:22.562 [FXGL Background Thread 3 ] DEBUG Engine               - applicationMode: DEVELOPER
17:19:22.562 [FXGL Background Thread 3 ] DEBUG Engine               - cSSList: [fxgl_dark.css]
17:19:22.562 [FXGL Background Thread 3 ] DEBUG Engine               - collisionDetectionStrategy: BRUTE_FORCE
17:19:22.562 [FXGL Background Thread 3 ] DEBUG Engine               - configClass: Optional.empty
17:19:22.562 [FXGL Background Thread 3 ] DEBUG Engine               - credits: []
17:19:22.562 [FXGL Background Thread 3 ] DEBUG Engine               - defaultCursor: CursorInfo(imageName=fxgl_default_cursor.png, hotspotX=7.0, hotspotY=6.0)
17:19:22.563 [FXGL Background Thread 3 ] DEBUG Engine               - devBBoxColorProperty: ObjectProperty [value: 0xff0000ff]
17:19:22.563 [FXGL Background Thread 3 ] DEBUG Engine               - devEnableDebugCameraProperty: BooleanProperty [value: false]
17:19:22.563 [FXGL Background Thread 3 ] DEBUG Engine               - devSensorColorProperty: ObjectProperty [value: 0xffff00ff]
17:19:22.563 [FXGL Background Thread 3 ] DEBUG Engine               - devShowBBoxProperty: BooleanProperty [value: false]
17:19:22.563 [FXGL Background Thread 3 ] DEBUG Engine               - devShowPositionProperty: BooleanProperty [value: false]
17:19:22.563 [FXGL Background Thread 3 ] DEBUG Engine               - enabledMenuItems: []
17:19:22.563 [FXGL Background Thread 3 ] DEBUG Engine               - engineServices: [class com.almasb.fxgl.app.services.FXGLAssetLoaderService, class com.almasb.fxgl.app.FXGLApplication$GameApplicationService, class com.almasb.fxgl.app.services.FXGLDialogService, class com.almasb.fxgl.app.services.IOTaskExecutorService, class com.almasb.fxgl.io.FileSystemService, class com.almasb.fxgl.localization.LocalizationService, class com.almasb.fxgl.app.services.SystemBundleService, class com.almasb.fxgl.profile.SaveLoadService, class com.almasb.fxgl.ui.FXGLUIFactoryServiceProvider, class com.almasb.fxgl.ui.FXGLDialogFactoryServiceProvider, class com.almasb.fxgl.audio.AudioPlayer, class com.almasb.fxgl.notification.impl.NotificationServiceProvider, class com.almasb.fxgl.achievement.AchievementService, class com.almasb.fxgl.cutscene.CutsceneService, class com.almasb.fxgl.minigames.MiniGameService, class com.almasb.fxgl.net.NetService, class com.almasb.fxgl.app.services.UpdaterService, class com.almasb.fxgl.dev.DevService]
17:19:22.563 [FXGL Background Thread 3 ] DEBUG Engine               - fontGame: Abel-Regular.ttf
17:19:22.563 [FXGL Background Thread 3 ] DEBUG Engine               - fontMono: TerminalLandMono-Regular.otf
17:19:22.563 [FXGL Background Thread 3 ] DEBUG Engine               - fontSizeScaleUI: 1.0
17:19:22.563 [FXGL Background Thread 3 ] DEBUG Engine               - fontText: Courier-Prime.ttf
17:19:22.563 [FXGL Background Thread 3 ] DEBUG Engine               - fontUI: VarelaRound-Regular.ttf
17:19:22.563 [FXGL Background Thread 3 ] DEBUG Engine               - fullScreen: BooleanProperty [value: false]
17:19:22.563 [FXGL Background Thread 3 ] DEBUG Engine               - gameDifficulty: MEDIUM
17:19:22.563 [FXGL Background Thread 3 ] DEBUG Engine               - gameDifficultyProperty: ObjectProperty [value: MEDIUM]
17:19:22.563 [FXGL Background Thread 3 ] DEBUG Engine               - globalMusicVolume: 0.5
17:19:22.563 [FXGL Background Thread 3 ] DEBUG Engine               - globalMusicVolumeProperty: DoubleProperty [value: 0.5]
17:19:22.563 [FXGL Background Thread 3 ] DEBUG Engine               - globalSoundVolume: 0.5
17:19:22.563 [FXGL Background Thread 3 ] DEBUG Engine               - globalSoundVolumeProperty: DoubleProperty [value: 0.5]
17:19:22.563 [FXGL Background Thread 3 ] DEBUG Engine               - height: 800
17:19:22.563 [FXGL Background Thread 3 ] DEBUG Engine               - is3D: false
17:19:22.563 [FXGL Background Thread 3 ] DEBUG Engine               - isAndroid: false
17:19:22.563 [FXGL Background Thread 3 ] DEBUG Engine               - isBrowser: false
17:19:22.563 [FXGL Background Thread 3 ] DEBUG Engine               - isClickFeedbackEnabled: false
17:19:22.564 [FXGL Background Thread 3 ] DEBUG Engine               - isCloseConfirmation: false
17:19:22.564 [FXGL Background Thread 3 ] DEBUG Engine               - isDesktop: true
17:19:22.564 [FXGL Background Thread 3 ] DEBUG Engine               - isDeveloperMenuEnabled: false
17:19:22.564 [FXGL Background Thread 3 ] DEBUG Engine               - isEmbedded: false
17:19:22.564 [FXGL Background Thread 3 ] DEBUG Engine               - isEntityPreloadEnabled: true
17:19:22.564 [FXGL Background Thread 3 ] DEBUG Engine               - isExperimentalTiledLargeMap: false
17:19:22.564 [FXGL Background Thread 3 ] DEBUG Engine               - isFileSystemWriteAllowed: true
17:19:22.564 [FXGL Background Thread 3 ] DEBUG Engine               - isFullScreenAllowed: true
17:19:22.564 [FXGL Background Thread 3 ] DEBUG Engine               - isFullScreenFromStart: false
17:19:22.564 [FXGL Background Thread 3 ] DEBUG Engine               - isGameMenuEnabled: true
17:19:22.564 [FXGL Background Thread 3 ] DEBUG Engine               - isIOS: false
17:19:22.564 [FXGL Background Thread 3 ] DEBUG Engine               - isIntroEnabled: false
17:19:22.564 [FXGL Background Thread 3 ] DEBUG Engine               - isLinux: true
17:19:22.564 [FXGL Background Thread 3 ] DEBUG Engine               - isMac: false
17:19:22.564 [FXGL Background Thread 3 ] DEBUG Engine               - isMainMenuEnabled: false
17:19:22.564 [FXGL Background Thread 3 ] DEBUG Engine               - isManualResizeEnabled: false
17:19:22.564 [FXGL Background Thread 3 ] DEBUG Engine               - isMobile: false
17:19:22.564 [FXGL Background Thread 3 ] DEBUG Engine               - isNative: false
17:19:22.564 [FXGL Background Thread 3 ] DEBUG Engine               - isPauseMusicWhenMinimized: true
17:19:22.564 [FXGL Background Thread 3 ] DEBUG Engine               - isPreserveResizeRatio: false
17:19:22.564 [FXGL Background Thread 3 ] DEBUG Engine               - isProfilingEnabled: false
17:19:22.564 [FXGL Background Thread 3 ] DEBUG Engine               - isScaleAffectedOnResize: true
17:19:22.564 [FXGL Background Thread 3 ] DEBUG Engine               - isSingleStep: false
17:19:22.564 [FXGL Background Thread 3 ] DEBUG Engine               - isUserProfileEnabled: false
17:19:22.564 [FXGL Background Thread 3 ] DEBUG Engine               - isWindows: false
17:19:22.564 [FXGL Background Thread 3 ] DEBUG Engine               - language: ObjectProperty [value: ENGLISH]
17:19:22.564 [FXGL Background Thread 3 ] DEBUG Engine               - menuKey: ESCAPE
17:19:22.564 [FXGL Background Thread 3 ] DEBUG Engine               - mouseSensitivity: 0.2
17:19:22.564 [FXGL Background Thread 3 ] DEBUG Engine               - notificationViewClass: class com.almasb.fxgl.notification.view.XboxNotificationView
17:19:22.565 [FXGL Background Thread 3 ] DEBUG Engine               - pixelsPerMeter: 50.0
17:19:22.565 [FXGL Background Thread 3 ] DEBUG Engine               - platform: LINUX
17:19:22.565 [FXGL Background Thread 3 ] DEBUG Engine               - prefHeightProperty: ReadOnlyDoubleProperty [value: 800.0]
17:19:22.565 [FXGL Background Thread 3 ] DEBUG Engine               - prefWidthProperty: ReadOnlyDoubleProperty [value: 600.0]
17:19:22.565 [FXGL Background Thread 3 ] DEBUG Engine               - profileDir: profiles/
17:19:22.565 [FXGL Background Thread 3 ] DEBUG Engine               - profileName: StringProperty [value: DEFAULT]
17:19:22.565 [FXGL Background Thread 3 ] DEBUG Engine               - randomSeed: -1
17:19:22.565 [FXGL Background Thread 3 ] DEBUG Engine               - runtimeInfo: RuntimeInfo(platform=LINUX, version=21.1, build=27.03.2024 07.52)
17:19:22.565 [FXGL Background Thread 3 ] DEBUG Engine               - saveFileExt: sav
17:19:22.565 [FXGL Background Thread 3 ] DEBUG Engine               - scaledHeightProp$fxgl: DoubleProperty [bound, value: 802.0]
17:19:22.565 [FXGL Background Thread 3 ] DEBUG Engine               - scaledWidthProp$fxgl: DoubleProperty [bound, value: 600.0]
17:19:22.565 [FXGL Background Thread 3 ] DEBUG Engine               - sceneFactory: com.almasb.fxgl.app.scene.SceneFactory@59533c7c
17:19:22.565 [FXGL Background Thread 3 ] DEBUG Engine               - secondsIn24h: 60
17:19:22.565 [FXGL Background Thread 3 ] DEBUG Engine               - soundMenuBack: menu/back.wav
17:19:22.565 [FXGL Background Thread 3 ] DEBUG Engine               - soundMenuPress: menu/press.wav
17:19:22.565 [FXGL Background Thread 3 ] DEBUG Engine               - soundMenuSelect: menu/select.wav
17:19:22.565 [FXGL Background Thread 3 ] DEBUG Engine               - soundNotification: core/notification.wav
17:19:22.565 [FXGL Background Thread 3 ] DEBUG Engine               - stageStyle: DECORATED
17:19:22.565 [FXGL Background Thread 3 ] DEBUG Engine               - supportedLanguages: [ENGLISH, FRENCH, GERMAN, HUNGARIAN, RUSSIAN]
17:19:22.565 [FXGL Background Thread 3 ] DEBUG Engine               - ticksPerSecond: -1
17:19:22.565 [FXGL Background Thread 3 ] DEBUG Engine               - title: 1942 Remake
17:19:22.565 [FXGL Background Thread 3 ] DEBUG Engine               - urlGithub: https://github.com/AlmasB/FXGL
17:19:22.565 [FXGL Background Thread 3 ] DEBUG Engine               - urlLeaderboard: http://fxgl-top.herokuapp.com/
17:19:22.565 [FXGL Background Thread 3 ] DEBUG Engine               - urlPOM: https://raw.githubusercontent.com/AlmasB/FXGL/release/README.md
17:19:22.565 [FXGL Background Thread 3 ] DEBUG Engine               - userAppClass: class com.demo.game1942.Main
17:19:22.565 [FXGL Background Thread 3 ] DEBUG Engine               - version: (demo)
17:19:22.565 [FXGL Background Thread 3 ] DEBUG Engine               - versionCheckDays: 7
17:19:22.565 [FXGL Background Thread 3 ] DEBUG Engine               - width: 600
17:19:22.565 [FXGL Background Thread 3 ] DEBUG Engine               - Logging services
17:19:22.565 [FXGL Background Thread 3 ] DEBUG Engine               - class com.almasb.fxgl.app.services.FXGLAssetLoaderService
17:19:22.565 [FXGL Background Thread 3 ] DEBUG Engine               - class com.almasb.fxgl.app.FXGLApplication$GameApplicationService
17:19:22.565 [FXGL Background Thread 3 ] DEBUG Engine               - class com.almasb.fxgl.app.services.FXGLDialogService
17:19:22.565 [FXGL Background Thread 3 ] DEBUG Engine               - class com.almasb.fxgl.app.services.IOTaskExecutorService
17:19:22.565 [FXGL Background Thread 3 ] DEBUG Engine               - class com.almasb.fxgl.io.FileSystemService
17:19:22.565 [FXGL Background Thread 3 ] DEBUG Engine               - class com.almasb.fxgl.localization.LocalizationService
17:19:22.565 [FXGL Background Thread 3 ] DEBUG Engine               - class com.almasb.fxgl.app.services.SystemBundleService
17:19:22.565 [FXGL Background Thread 3 ] DEBUG Engine               - class com.almasb.fxgl.profile.SaveLoadService
17:19:22.565 [FXGL Background Thread 3 ] DEBUG Engine               - class com.almasb.fxgl.ui.FXGLUIFactoryServiceProvider
17:19:22.565 [FXGL Background Thread 3 ] DEBUG Engine               - class com.almasb.fxgl.ui.FXGLDialogFactoryServiceProvider
17:19:22.566 [FXGL Background Thread 3 ] DEBUG Engine               - class com.almasb.fxgl.audio.AudioPlayer
17:19:22.566 [FXGL Background Thread 3 ] DEBUG Engine               - class com.almasb.fxgl.notification.impl.NotificationServiceProvider
17:19:22.566 [FXGL Background Thread 3 ] DEBUG Engine               - class com.almasb.fxgl.achievement.AchievementService
17:19:22.566 [FXGL Background Thread 3 ] DEBUG Engine               - class com.almasb.fxgl.cutscene.CutsceneService
17:19:22.566 [FXGL Background Thread 3 ] DEBUG Engine               - class com.almasb.fxgl.minigames.MiniGameService
17:19:22.566 [FXGL Background Thread 3 ] DEBUG Engine               - class com.almasb.fxgl.net.NetService
17:19:22.566 [FXGL Background Thread 3 ] DEBUG Engine               - class com.almasb.fxgl.app.services.UpdaterService
17:19:22.566 [FXGL Background Thread 3 ] DEBUG Engine               - class com.almasb.fxgl.dev.DevService
17:19:29.784 [JavaFX Application Thread] DEBUG LoopRunner           - Pausing loop
17:19:31.172 [JavaFX Application Thread] DEBUG FXGLApplication      - Exiting FXGL
17:19:31.172 [JavaFX Application Thread] DEBUG LoopRunner           - Stopping loop
17:19:31.172 [JavaFX Application Thread] DEBUG SystemBundleService  - Saving FXGL system data
17:19:31.173 [JavaFX Application Thread] DEBUG FileSystemAccess     - Writing to: /home/sobhan/VS Code/game1942/system/fxgl.bundle
17:19:31.175 [JavaFX Application Thread] DEBUG Async                - Shutting down background threads
17:19:31.175 [JavaFX Application Thread] DEBUG PrimaryStageWindow   - Closing main window
17:19:31.176 [JavaFX Application Thread] DEBUG Logger               - Closing Logger
