00:11:53.726 [main                     ] DEBUG Logger               - Configured Logger
00:11:53.746 [main                     ] DEBUG GameApplication      - Logging settings
Title: 1942 Remake
Version: (demo)
Width: 600
Height: 800
Fullscreen: true
Intro: false
Profiling: false
Single step:false
App Mode: DEVELOPER
Menu Key: ESCAPE
Stage Style: DECORATED
Scene Factory: class com.almasb.fxgl.app.scene.SceneFactory

00:11:54.383 [JavaFX Application Thread] DEBUG FXGLApplication      - Initializing FXGL
00:11:54.386 [JavaFX Application Thread] INFO  Engine               - FXGL-21.1 (27.03.2024 07.52) on LINUX (J:25 FX:21.0.1)
00:11:54.386 [JavaFX Application Thread] DEBUG Engine               - JRE Vendor Name: Oracle Corporation
00:11:54.387 [JavaFX Application Thread] DEBUG Engine               - Running on OS: Linux version 6.14.0-33-generic
00:11:54.387 [JavaFX Application Thread] DEBUG Engine               - Architecture: amd64
00:11:54.387 [JavaFX Application Thread] INFO  Engine               - Source code and latest versions at: https://github.com/AlmasB/FXGL
00:11:54.387 [JavaFX Application Thread] INFO  Engine               -       Ask questions and discuss at: https://github.com/AlmasB/FXGL/discussions
00:11:54.387 [JavaFX Application Thread] INFO  Engine               -              Join the FXGL chat at: https://gitter.im/AlmasB/FXGL
00:11:54.526 [JavaFX Application Thread] DEBUG PrimaryStageWindow   - Creating a JavaFX scene
00:11:54.640 [JavaFX Application Thread] DEBUG PrimaryStageWindow   - Target settings size: 600.0 x 800.0
00:11:54.640 [JavaFX Application Thread] DEBUG PrimaryStageWindow   - Scaled scene size:    600.0 x 800.0
00:11:54.640 [JavaFX Application Thread] DEBUG PrimaryStageWindow   - Scaled ratio: (1.0, 1.0)
00:11:54.642 [JavaFX Application Thread] DEBUG PrimaryStageWindow   - Set initial scene to FXGLStartupScene
00:11:54.646 [JavaFX Application Thread] DEBUG PrimaryStageWindow   - Opening main window
00:11:54.691 [JavaFX Application Thread] DEBUG PrimaryStageWindow   - Window border size: (0.0, 35.0)
00:11:54.692 [JavaFX Application Thread] DEBUG PrimaryStageWindow   - Scaled size: 600.0 x 765.0
00:11:54.692 [JavaFX Application Thread] DEBUG PrimaryStageWindow   - Scaled ratio: (1.0, 0.95625)
00:11:54.692 [JavaFX Application Thread] DEBUG PrimaryStageWindow   - Scene size: 600.0 x 800.0
00:11:54.692 [JavaFX Application Thread] DEBUG PrimaryStageWindow   - Stage size: 600.0 x 800.0
00:11:54.703 [FXGL Background Thread 1 ] DEBUG Engine               - Initializing environment variables
00:11:54.860 [FXGL Background Thread 1 ] DEBUG FXGLAssetLoaderServi - User app class for loading assets: class com.demo.game1942.Main
00:11:54.860 [FXGL Background Thread 1 ] DEBUG GameApplicationServi - Applying CSS: fxgl_dark.css
00:11:54.868 [FXGL Background Thread 1 ] DEBUG FXGLAssetLoaderServi - Loading from file system: jar:file:/home/sobhan/.m2/repository/com/github/almasb/fxgl/21.1/fxgl-21.1.jar!/fxglassets/ui/css/fxgl_dark.css
00:11:54.988 [FXGL Background Thread 1 ] DEBUG GameApplicationServi - Initializing application scenes
00:11:55.068 [FXGL Background Thread 1 ] DEBUG GameWorld            - Game world initialized
00:11:55.161 [FXGL Background Thread 1 ] DEBUG PhysicsWorld         - Physics world initialized: appHeight=800, physics.ppm=50.0
00:11:55.161 [FXGL Background Thread 1 ] DEBUG PhysicsWorld         - Using strategy: BRUTE_FORCE
00:11:55.166 [FXGL Background Thread 1 ] DEBUG GameScene            - Game scene initialized: 600x800
00:11:55.191 [FXGL Background Thread 1 ] WARN  FXGL.DefaultMenu     - FXGLDefaultMenu is not designed for resolutions < 800x600
00:11:55.191 [FXGL Background Thread 1 ] DEBUG FXGL.DefaultMenu     - createMenuBodyGameMenu()
00:11:55.204 [FXGL Background Thread 1 ] DEBUG FXGL.DefaultMenu     - createOptionsMenu()
00:11:55.217 [FXGL Background Thread 1 ] DEBUG FXGLAssetLoaderServi - Loading from file system: jar:file:/home/sobhan/.m2/repository/com/github/almasb/fxgl/21.1/fxgl-21.1.jar!/fxglassets/textures/particles/smoke.png
00:11:55.313 [FXGL Background Thread 1 ] DEBUG FXGLAssetLoaderServi - Loading from file system: jar:file:/home/sobhan/.m2/repository/com/github/almasb/fxgl/21.1/fxgl-21.1.jar!/fxglassets/textures/particles/trace_horizontal.png
00:11:55.330 [FXGL Background Thread 1 ] DEBUG GameApplicationServi - Application scenes initialized
00:11:55.343 [FXGL Background Thread 1 ] DEBUG SystemBundleService  - Loading FXGL system data
00:11:55.348 [FXGL Background Thread 1 ] DEBUG FileSystemAccess     - Reading from: /home/sobhan/VS Code/game1942/system/fxgl.bundle
00:11:55.357 [FXGL Background Thread 1 ] DEBUG SystemBundleService  - Bundle FXGL: {}
00:11:55.358 [FXGL Background Thread 1 ] DEBUG UpdaterService       - Checking for updates
00:11:55.364 [FXGL Background Thread 4 ] DEBUG FXGLApplication      - Loading fonts
00:11:55.365 [FXGL Background Thread 4 ] DEBUG FXGLAssetLoaderServi - Loading from file system: jar:file:/home/sobhan/.m2/repository/com/github/almasb/fxgl/21.1/fxgl-21.1.jar!/fxglassets/ui/fonts/VarelaRound-Regular.ttf
00:11:55.366 [FXGL Background Thread 1 ] DEBUG FXGLApplication      - Loading default localization
00:11:55.366 [FXGL Background Thread 1 ] DEBUG FXGLAssetLoaderServi - Loading from file system: jar:file:/home/sobhan/.m2/repository/com/github/almasb/fxgl/21.1/fxgl-21.1.jar!/fxglassets/languages/english.lang
00:11:55.374 [FXGL Background Thread 4 ] DEBUG FXGLAssetLoaderServi - Loading from file system: jar:file:/home/sobhan/.m2/repository/com/github/almasb/fxgl/21.1/fxgl-21.1.jar!/fxglassets/ui/fonts/Abel-Regular.ttf
00:11:55.376 [FXGL Background Thread 4 ] DEBUG FXGLAssetLoaderServi - Loading from file system: jar:file:/home/sobhan/.m2/repository/com/github/almasb/fxgl/21.1/fxgl-21.1.jar!/fxglassets/ui/fonts/TerminalLandMono-Regular.otf
00:11:55.378 [FXGL Background Thread 4 ] DEBUG FXGLAssetLoaderServi - Loading from file system: jar:file:/home/sobhan/.m2/repository/com/github/almasb/fxgl/21.1/fxgl-21.1.jar!/fxglassets/ui/fonts/Courier-Prime.ttf
00:11:55.384 [JavaFX Application Thread] DEBUG FXGLApplication      - Registering font factories with UI factory
00:11:55.389 [FXGL Background Thread 1 ] INFO  FXGLApplication      - FXGL initialization took: 0.686 sec
00:11:55.391 [JavaFX Application Thread] DEBUG FXGLAssetLoaderServi - Loading from file system: jar:file:/home/sobhan/.m2/repository/com/github/almasb/fxgl/21.1/fxgl-21.1.jar!/fxglassets/textures/fxgl_icon.png
00:11:55.428 [JavaFX Application Thread] DEBUG FXGLAssetLoaderServi - Loading from file system: jar:file:/home/sobhan/.m2/repository/com/github/almasb/fxgl/21.1/fxgl-21.1.jar!/fxglassets/textures/fxgl_default_cursor.png
00:11:55.440 [JavaFX Application Thread] DEBUG Input                - Registered new binding: Screenshot - CTRL+8
00:11:55.441 [JavaFX Application Thread] DEBUG Input                - Registered new binding: System info dump - CTRL+9
00:11:55.441 [JavaFX Application Thread] DEBUG Input                - Registered new binding: Restart - CTRL+R
00:11:55.442 [JavaFX Application Thread] DEBUG Input                - Registered new binding: Toggle Debug Camera - CTRL+7
00:11:55.448 [JavaFX Application Thread] DEBUG LoopRunner           - Starting loop
00:11:55.448 [JavaFX Application Thread] DEBUG LoopRunner           - Initializing JavaFX AnimationTimerLoop
00:11:55.450 [JavaFX Application Thread] DEBUG GameApplicationServi - Starting new game
00:11:55.451 [JavaFX Application Thread] DEBUG Input                - Clearing active input actions
00:11:55.471 [JavaFX Application Thread] DEBUG GameApplicationServi - Removing overlay from FXGLStartupScene and adding to FXGLLoadingScene
00:11:55.471 [JavaFX Application Thread] DEBUG PrimaryStageWindow   - FXGLStartupScene -> FXGLLoadingScene
00:11:55.472 [JavaFX Application Thread] DEBUG GameApplicationServi - Clearing previous game
00:11:55.472 [JavaFX Application Thread] DEBUG GameScene            - Clearing game scene
00:11:55.472 [JavaFX Application Thread] DEBUG GameWorld            - Clearing game world
00:11:55.472 [JavaFX Application Thread] DEBUG PhysicsWorld         - Clearing physics world
00:11:55.490 [FXGL Background Thread 1 ] DEBUG FXGLApplication      - Initializing game
00:11:55.519 [FXGL Background Thread 1 ] DEBUG LoopRunner           - Resuming loop
00:11:55.519 [FXGL Background Thread 1 ] INFO  FXGLApplication      - Game initialization took: 0.030 sec
00:11:55.763 [JavaFX Application Thread] DEBUG Input                - Clearing active input actions
00:11:55.784 [JavaFX Application Thread] DEBUG GameApplicationServi - Removing overlay from FXGLLoadingScene and adding to GameScene
00:11:55.784 [JavaFX Application Thread] DEBUG PrimaryStageWindow   - FXGLLoadingScene -> GameScene
00:11:57.308 [JavaFX Application Thread] DEBUG LoopRunner           - Pausing loop
00:11:57.309 [JavaFX Application Thread] DEBUG Input                - Clearing active input actions
00:11:57.337 [JavaFX Application Thread] DEBUG Input                - Registered new binding: Move Left - A
00:11:57.337 [JavaFX Application Thread] DEBUG Input                - Registered new binding: Move Right - D
00:11:57.337 [JavaFX Application Thread] DEBUG Input                - Registered new binding: Move Down - S
00:11:57.338 [JavaFX Application Thread] DEBUG Input                - Registered new binding: Move Up - W
00:11:57.338 [JavaFX Application Thread] DEBUG Input                - Registered new binding: Shoot - Space
00:11:57.338 [JavaFX Application Thread] DEBUG Input                - Registered new binding: Pause Menu - F1
00:11:58.361 [FXGL Background Thread 3 ] DEBUG Engine               - Logging environment variables
00:11:58.362 [FXGL Background Thread 3 ] DEBUG Engine               - achievements: []
00:11:58.362 [FXGL Background Thread 3 ] DEBUG Engine               - actualHeight: 765.0
00:11:58.362 [FXGL Background Thread 3 ] DEBUG Engine               - actualHeightProperty: ReadOnlyDoubleProperty [value: 802.0]
00:11:58.362 [FXGL Background Thread 3 ] DEBUG Engine               - actualWidth: 600.0
00:11:58.362 [FXGL Background Thread 3 ] DEBUG Engine               - actualWidthProperty: ReadOnlyDoubleProperty [value: 600.0]
00:11:58.362 [FXGL Background Thread 3 ] DEBUG Engine               - appIcon: fxgl_icon.png
00:11:58.362 [FXGL Background Thread 3 ] DEBUG Engine               - applicationMode: DEVELOPER
00:11:58.362 [FXGL Background Thread 3 ] DEBUG Engine               - cSSList: [fxgl_dark.css]
00:11:58.362 [FXGL Background Thread 3 ] DEBUG Engine               - collisionDetectionStrategy: BRUTE_FORCE
00:11:58.362 [FXGL Background Thread 3 ] DEBUG Engine               - configClass: Optional.empty
00:11:58.362 [FXGL Background Thread 3 ] DEBUG Engine               - credits: []
00:11:58.363 [FXGL Background Thread 3 ] DEBUG Engine               - defaultCursor: CursorInfo(imageName=fxgl_default_cursor.png, hotspotX=7.0, hotspotY=6.0)
00:11:58.363 [FXGL Background Thread 3 ] DEBUG Engine               - devBBoxColorProperty: ObjectProperty [value: 0xff0000ff]
00:11:58.363 [FXGL Background Thread 3 ] DEBUG Engine               - devEnableDebugCameraProperty: BooleanProperty [value: false]
00:11:58.363 [FXGL Background Thread 3 ] DEBUG Engine               - devSensorColorProperty: ObjectProperty [value: 0xffff00ff]
00:11:58.363 [FXGL Background Thread 3 ] DEBUG Engine               - devShowBBoxProperty: BooleanProperty [value: false]
00:11:58.363 [FXGL Background Thread 3 ] DEBUG Engine               - devShowPositionProperty: BooleanProperty [value: false]
00:11:58.363 [FXGL Background Thread 3 ] DEBUG Engine               - enabledMenuItems: []
00:11:58.363 [FXGL Background Thread 3 ] DEBUG Engine               - engineServices: [class com.almasb.fxgl.app.services.FXGLAssetLoaderService, class com.almasb.fxgl.app.FXGLApplication$GameApplicationService, class com.almasb.fxgl.app.services.FXGLDialogService, class com.almasb.fxgl.app.services.IOTaskExecutorService, class com.almasb.fxgl.io.FileSystemService, class com.almasb.fxgl.localization.LocalizationService, class com.almasb.fxgl.app.services.SystemBundleService, class com.almasb.fxgl.profile.SaveLoadService, class com.almasb.fxgl.ui.FXGLUIFactoryServiceProvider, class com.almasb.fxgl.ui.FXGLDialogFactoryServiceProvider, class com.almasb.fxgl.audio.AudioPlayer, class com.almasb.fxgl.notification.impl.NotificationServiceProvider, class com.almasb.fxgl.achievement.AchievementService, class com.almasb.fxgl.cutscene.CutsceneService, class com.almasb.fxgl.minigames.MiniGameService, class com.almasb.fxgl.net.NetService, class com.almasb.fxgl.app.services.UpdaterService, class com.almasb.fxgl.dev.DevService]
00:11:58.363 [FXGL Background Thread 3 ] DEBUG Engine               - fontGame: Abel-Regular.ttf
00:11:58.363 [FXGL Background Thread 3 ] DEBUG Engine               - fontMono: TerminalLandMono-Regular.otf
00:11:58.363 [FXGL Background Thread 3 ] DEBUG Engine               - fontSizeScaleUI: 1.0
00:11:58.363 [FXGL Background Thread 3 ] DEBUG Engine               - fontText: Courier-Prime.ttf
00:11:58.363 [FXGL Background Thread 3 ] DEBUG Engine               - fontUI: VarelaRound-Regular.ttf
00:11:58.363 [FXGL Background Thread 3 ] DEBUG Engine               - fullScreen: BooleanProperty [value: false]
00:11:58.363 [FXGL Background Thread 3 ] DEBUG Engine               - gameDifficulty: MEDIUM
00:11:58.363 [FXGL Background Thread 3 ] DEBUG Engine               - gameDifficultyProperty: ObjectProperty [value: MEDIUM]
00:11:58.363 [FXGL Background Thread 3 ] DEBUG Engine               - globalMusicVolume: 0.5
00:11:58.363 [FXGL Background Thread 3 ] DEBUG Engine               - globalMusicVolumeProperty: DoubleProperty [value: 0.5]
00:11:58.363 [FXGL Background Thread 3 ] DEBUG Engine               - globalSoundVolume: 0.5
00:11:58.363 [FXGL Background Thread 3 ] DEBUG Engine               - globalSoundVolumeProperty: DoubleProperty [value: 0.5]
00:11:58.363 [FXGL Background Thread 3 ] DEBUG Engine               - height: 800
00:11:58.363 [FXGL Background Thread 3 ] DEBUG Engine               - is3D: false
00:11:58.363 [FXGL Background Thread 3 ] DEBUG Engine               - isAndroid: false
00:11:58.363 [FXGL Background Thread 3 ] DEBUG Engine               - isBrowser: false
00:11:58.363 [FXGL Background Thread 3 ] DEBUG Engine               - isClickFeedbackEnabled: false
00:11:58.363 [FXGL Background Thread 3 ] DEBUG Engine               - isCloseConfirmation: false
00:11:58.364 [FXGL Background Thread 3 ] DEBUG Engine               - isDesktop: true
00:11:58.364 [FXGL Background Thread 3 ] DEBUG Engine               - isDeveloperMenuEnabled: false
00:11:58.364 [FXGL Background Thread 3 ] DEBUG Engine               - isEmbedded: false
00:11:58.364 [FXGL Background Thread 3 ] DEBUG Engine               - isEntityPreloadEnabled: true
00:11:58.364 [FXGL Background Thread 3 ] DEBUG Engine               - isExperimentalTiledLargeMap: false
00:11:58.364 [FXGL Background Thread 3 ] DEBUG Engine               - isFileSystemWriteAllowed: true
00:11:58.364 [FXGL Background Thread 3 ] DEBUG Engine               - isFullScreenAllowed: true
00:11:58.364 [FXGL Background Thread 3 ] DEBUG Engine               - isFullScreenFromStart: false
00:11:58.364 [FXGL Background Thread 3 ] DEBUG Engine               - isGameMenuEnabled: true
00:11:58.364 [FXGL Background Thread 3 ] DEBUG Engine               - isIOS: false
00:11:58.364 [FXGL Background Thread 3 ] DEBUG Engine               - isIntroEnabled: false
00:11:58.364 [FXGL Background Thread 3 ] DEBUG Engine               - isLinux: true
00:11:58.364 [FXGL Background Thread 3 ] DEBUG Engine               - isMac: false
00:11:58.364 [FXGL Background Thread 3 ] DEBUG Engine               - isMainMenuEnabled: false
00:11:58.364 [FXGL Background Thread 3 ] DEBUG Engine               - isManualResizeEnabled: false
00:11:58.364 [FXGL Background Thread 3 ] DEBUG Engine               - isMobile: false
00:11:58.364 [FXGL Background Thread 3 ] DEBUG Engine               - isNative: false
00:11:58.364 [FXGL Background Thread 3 ] DEBUG Engine               - isPauseMusicWhenMinimized: true
00:11:58.364 [FXGL Background Thread 3 ] DEBUG Engine               - isPreserveResizeRatio: false
00:11:58.364 [FXGL Background Thread 3 ] DEBUG Engine               - isProfilingEnabled: false
00:11:58.364 [FXGL Background Thread 3 ] DEBUG Engine               - isScaleAffectedOnResize: true
00:11:58.364 [FXGL Background Thread 3 ] DEBUG Engine               - isSingleStep: false
00:11:58.364 [FXGL Background Thread 3 ] DEBUG Engine               - isUserProfileEnabled: false
00:11:58.364 [FXGL Background Thread 3 ] DEBUG Engine               - isWindows: false
00:11:58.364 [FXGL Background Thread 3 ] DEBUG Engine               - language: ObjectProperty [value: ENGLISH]
00:11:58.364 [FXGL Background Thread 3 ] DEBUG Engine               - menuKey: ESCAPE
00:11:58.364 [FXGL Background Thread 3 ] DEBUG Engine               - mouseSensitivity: 0.2
00:11:58.364 [FXGL Background Thread 3 ] DEBUG Engine               - notificationViewClass: class com.almasb.fxgl.notification.view.XboxNotificationView
00:11:58.364 [FXGL Background Thread 3 ] DEBUG Engine               - pixelsPerMeter: 50.0
00:11:58.364 [FXGL Background Thread 3 ] DEBUG Engine               - platform: LINUX
00:11:58.364 [FXGL Background Thread 3 ] DEBUG Engine               - prefHeightProperty: ReadOnlyDoubleProperty [value: 800.0]
00:11:58.364 [FXGL Background Thread 3 ] DEBUG Engine               - prefWidthProperty: ReadOnlyDoubleProperty [value: 600.0]
00:11:58.364 [FXGL Background Thread 3 ] DEBUG Engine               - profileDir: profiles/
00:11:58.364 [FXGL Background Thread 3 ] DEBUG Engine               - profileName: StringProperty [value: DEFAULT]
00:11:58.365 [FXGL Background Thread 3 ] DEBUG Engine               - randomSeed: -1
00:11:58.365 [FXGL Background Thread 3 ] DEBUG Engine               - runtimeInfo: RuntimeInfo(platform=LINUX, version=21.1, build=27.03.2024 07.52)
00:11:58.365 [FXGL Background Thread 3 ] DEBUG Engine               - saveFileExt: sav
00:11:58.365 [FXGL Background Thread 3 ] DEBUG Engine               - scaledHeightProp$fxgl: DoubleProperty [bound, value: 802.0]
00:11:58.365 [FXGL Background Thread 3 ] DEBUG Engine               - scaledWidthProp$fxgl: DoubleProperty [bound, value: 600.0]
00:11:58.365 [FXGL Background Thread 3 ] DEBUG Engine               - sceneFactory: com.almasb.fxgl.app.scene.SceneFactory@384b65be
00:11:58.365 [FXGL Background Thread 3 ] DEBUG Engine               - secondsIn24h: 60
00:11:58.365 [FXGL Background Thread 3 ] DEBUG Engine               - soundMenuBack: menu/back.wav
00:11:58.365 [FXGL Background Thread 3 ] DEBUG Engine               - soundMenuPress: menu/press.wav
00:11:58.365 [FXGL Background Thread 3 ] DEBUG Engine               - soundMenuSelect: menu/select.wav
00:11:58.365 [FXGL Background Thread 3 ] DEBUG Engine               - soundNotification: core/notification.wav
00:11:58.365 [FXGL Background Thread 3 ] DEBUG Engine               - stageStyle: DECORATED
00:11:58.365 [FXGL Background Thread 3 ] DEBUG Engine               - supportedLanguages: [ENGLISH, FRENCH, GERMAN, HUNGARIAN, RUSSIAN]
00:11:58.365 [FXGL Background Thread 3 ] DEBUG Engine               - ticksPerSecond: -1
00:11:58.365 [FXGL Background Thread 3 ] DEBUG Engine               - title: 1942 Remake
00:11:58.365 [FXGL Background Thread 3 ] DEBUG Engine               - urlGithub: https://github.com/AlmasB/FXGL
00:11:58.365 [FXGL Background Thread 3 ] DEBUG Engine               - urlLeaderboard: http://fxgl-top.herokuapp.com/
00:11:58.365 [FXGL Background Thread 3 ] DEBUG Engine               - urlPOM: https://raw.githubusercontent.com/AlmasB/FXGL/release/README.md
00:11:58.365 [FXGL Background Thread 3 ] DEBUG Engine               - userAppClass: class com.demo.game1942.Main
00:11:58.365 [FXGL Background Thread 3 ] DEBUG Engine               - version: (demo)
00:11:58.365 [FXGL Background Thread 3 ] DEBUG Engine               - versionCheckDays: 7
00:11:58.365 [FXGL Background Thread 3 ] DEBUG Engine               - width: 600
00:11:58.365 [FXGL Background Thread 3 ] DEBUG Engine               - Logging services
00:11:58.365 [FXGL Background Thread 3 ] DEBUG Engine               - class com.almasb.fxgl.app.services.FXGLAssetLoaderService
00:11:58.365 [FXGL Background Thread 3 ] DEBUG Engine               - class com.almasb.fxgl.app.FXGLApplication$GameApplicationService
00:11:58.365 [FXGL Background Thread 3 ] DEBUG Engine               - class com.almasb.fxgl.app.services.FXGLDialogService
00:11:58.365 [FXGL Background Thread 3 ] DEBUG Engine               - class com.almasb.fxgl.app.services.IOTaskExecutorService
00:11:58.365 [FXGL Background Thread 3 ] DEBUG Engine               - class com.almasb.fxgl.io.FileSystemService
00:11:58.365 [FXGL Background Thread 3 ] DEBUG Engine               - class com.almasb.fxgl.localization.LocalizationService
00:11:58.365 [FXGL Background Thread 3 ] DEBUG Engine               - class com.almasb.fxgl.app.services.SystemBundleService
00:11:58.365 [FXGL Background Thread 3 ] DEBUG Engine               - class com.almasb.fxgl.profile.SaveLoadService
00:11:58.365 [FXGL Background Thread 3 ] DEBUG Engine               - class com.almasb.fxgl.ui.FXGLUIFactoryServiceProvider
00:11:58.365 [FXGL Background Thread 3 ] DEBUG Engine               - class com.almasb.fxgl.ui.FXGLDialogFactoryServiceProvider
00:11:58.366 [FXGL Background Thread 3 ] DEBUG Engine               - class com.almasb.fxgl.audio.AudioPlayer
00:11:58.366 [FXGL Background Thread 3 ] DEBUG Engine               - class com.almasb.fxgl.notification.impl.NotificationServiceProvider
00:11:58.366 [FXGL Background Thread 3 ] DEBUG Engine               - class com.almasb.fxgl.achievement.AchievementService
00:11:58.366 [FXGL Background Thread 3 ] DEBUG Engine               - class com.almasb.fxgl.cutscene.CutsceneService
00:11:58.366 [FXGL Background Thread 3 ] DEBUG Engine               - class com.almasb.fxgl.minigames.MiniGameService
00:11:58.366 [FXGL Background Thread 3 ] DEBUG Engine               - class com.almasb.fxgl.net.NetService
00:11:58.366 [FXGL Background Thread 3 ] DEBUG Engine               - class com.almasb.fxgl.app.services.UpdaterService
00:11:58.366 [FXGL Background Thread 3 ] DEBUG Engine               - class com.almasb.fxgl.dev.DevService
00:12:01.619 [JavaFX Application Thread] DEBUG FXGLApplication      - Exiting FXGL
00:12:01.619 [JavaFX Application Thread] DEBUG LoopRunner           - Stopping loop
00:12:01.619 [JavaFX Application Thread] DEBUG SystemBundleService  - Saving FXGL system data
00:12:01.621 [JavaFX Application Thread] DEBUG FileSystemAccess     - Writing to: /home/sobhan/VS Code/game1942/system/fxgl.bundle
00:12:01.622 [JavaFX Application Thread] DEBUG Async                - Shutting down background threads
00:12:01.622 [JavaFX Application Thread] DEBUG PrimaryStageWindow   - Closing main window
00:12:01.624 [JavaFX Application Thread] DEBUG Logger               - Closing Logger
