16:47:11.150 [main                     ] DEBUG Logger               - Configured Logger
16:47:11.156 [main                     ] DEBUG GameApplication      - Logging settings
Title: 1942 Remake
Version: (demo)
Width: 600
Height: 800
Fullscreen: true
Intro: false
Profiling: false
Single step:false
App Mode: DEVELOPER
Menu Key: ESCAPE
Stage Style: DECORATED
Scene Factory: class com.almasb.fxgl.app.scene.SceneFactory

16:47:11.441 [JavaFX Application Thread] DEBUG FXGLApplication      - Initializing FXGL
16:47:11.444 [JavaFX Application Thread] INFO  Engine               - FXGL-21.1 (27.03.2024 07.52) on LINUX (J:25 FX:21.0.1)
16:47:11.444 [JavaFX Application Thread] DEBUG Engine               - JRE Vendor Name: Oracle Corporation
16:47:11.444 [JavaFX Application Thread] DEBUG Engine               - Running on OS: Linux version 6.14.0-33-generic
16:47:11.444 [JavaFX Application Thread] DEBUG Engine               - Architecture: amd64
16:47:11.444 [JavaFX Application Thread] INFO  Engine               - Source code and latest versions at: https://github.com/AlmasB/FXGL
16:47:11.444 [JavaFX Application Thread] INFO  Engine               -       Ask questions and discuss at: https://github.com/AlmasB/FXGL/discussions
16:47:11.444 [JavaFX Application Thread] INFO  Engine               -              Join the FXGL chat at: https://gitter.im/AlmasB/FXGL
16:47:11.517 [JavaFX Application Thread] DEBUG PrimaryStageWindow   - Creating a JavaFX scene
16:47:11.578 [JavaFX Application Thread] DEBUG PrimaryStageWindow   - Target settings size: 600.0 x 800.0
16:47:11.579 [JavaFX Application Thread] DEBUG PrimaryStageWindow   - Scaled scene size:    600.0 x 800.0
16:47:11.579 [JavaFX Application Thread] DEBUG PrimaryStageWindow   - Scaled ratio: (1.0, 1.0)
16:47:11.580 [JavaFX Application Thread] DEBUG PrimaryStageWindow   - Set initial scene to FXGLStartupScene
16:47:11.584 [JavaFX Application Thread] DEBUG PrimaryStageWindow   - Opening main window
16:47:11.618 [JavaFX Application Thread] DEBUG PrimaryStageWindow   - Window border size: (0.0, 35.0)
16:47:11.618 [JavaFX Application Thread] DEBUG PrimaryStageWindow   - Scaled size: 600.0 x 765.0
16:47:11.618 [JavaFX Application Thread] DEBUG PrimaryStageWindow   - Scaled ratio: (1.0, 0.95625)
16:47:11.618 [JavaFX Application Thread] DEBUG PrimaryStageWindow   - Scene size: 600.0 x 800.0
16:47:11.618 [JavaFX Application Thread] DEBUG PrimaryStageWindow   - Stage size: 600.0 x 800.0
16:47:11.624 [FXGL Background Thread 1 ] DEBUG Engine               - Initializing environment variables
16:47:11.726 [FXGL Background Thread 1 ] DEBUG FXGLAssetLoaderServi - User app class for loading assets: class com.demo.game1942.Main
16:47:11.726 [FXGL Background Thread 1 ] DEBUG GameApplicationServi - Applying CSS: fxgl_dark.css
16:47:11.727 [FXGL Background Thread 1 ] DEBUG FXGLAssetLoaderServi - Loading from file system: jar:file:/home/sobhan/.m2/repository/com/github/almasb/fxgl/21.1/fxgl-21.1.jar!/fxglassets/ui/css/fxgl_dark.css
16:47:11.772 [FXGL Background Thread 1 ] DEBUG GameApplicationServi - Initializing application scenes
16:47:11.809 [FXGL Background Thread 1 ] DEBUG GameWorld            - Game world initialized
16:47:11.840 [FXGL Background Thread 1 ] DEBUG PhysicsWorld         - Physics world initialized: appHeight=800, physics.ppm=50.0
16:47:11.840 [FXGL Background Thread 1 ] DEBUG PhysicsWorld         - Using strategy: BRUTE_FORCE
16:47:11.843 [FXGL Background Thread 1 ] DEBUG GameScene            - Game scene initialized: 600x800
16:47:11.854 [FXGL Background Thread 1 ] WARN  FXGL.DefaultMenu     - FXGLDefaultMenu is not designed for resolutions < 800x600
16:47:11.854 [FXGL Background Thread 1 ] DEBUG FXGL.DefaultMenu     - createMenuBodyGameMenu()
16:47:11.863 [FXGL Background Thread 1 ] DEBUG FXGL.DefaultMenu     - createOptionsMenu()
16:47:11.871 [FXGL Background Thread 1 ] DEBUG FXGLAssetLoaderServi - Loading from file system: jar:file:/home/sobhan/.m2/repository/com/github/almasb/fxgl/21.1/fxgl-21.1.jar!/fxglassets/textures/particles/smoke.png
16:47:11.937 [FXGL Background Thread 1 ] DEBUG FXGLAssetLoaderServi - Loading from file system: jar:file:/home/sobhan/.m2/repository/com/github/almasb/fxgl/21.1/fxgl-21.1.jar!/fxglassets/textures/particles/trace_horizontal.png
16:47:11.961 [FXGL Background Thread 1 ] DEBUG GameApplicationServi - Application scenes initialized
16:47:11.970 [FXGL Background Thread 1 ] DEBUG SystemBundleService  - Loading FXGL system data
16:47:11.974 [FXGL Background Thread 1 ] DEBUG FileSystemAccess     - Reading from: /home/sobhan/VS Code/game1942/system/fxgl.bundle
16:47:11.978 [FXGL Background Thread 1 ] DEBUG SystemBundleService  - Bundle FXGL: {}
16:47:11.978 [FXGL Background Thread 1 ] DEBUG UpdaterService       - Checking for updates
16:47:11.981 [FXGL Background Thread 4 ] DEBUG FXGLApplication      - Loading fonts
16:47:11.981 [FXGL Background Thread 1 ] DEBUG FXGLApplication      - Loading default localization
16:47:11.981 [FXGL Background Thread 4 ] DEBUG FXGLAssetLoaderServi - Loading from file system: jar:file:/home/sobhan/.m2/repository/com/github/almasb/fxgl/21.1/fxgl-21.1.jar!/fxglassets/ui/fonts/VarelaRound-Regular.ttf
16:47:11.982 [FXGL Background Thread 1 ] DEBUG FXGLAssetLoaderServi - Loading from file system: jar:file:/home/sobhan/.m2/repository/com/github/almasb/fxgl/21.1/fxgl-21.1.jar!/fxglassets/languages/english.lang
16:47:11.987 [FXGL Background Thread 4 ] DEBUG FXGLAssetLoaderServi - Loading from file system: jar:file:/home/sobhan/.m2/repository/com/github/almasb/fxgl/21.1/fxgl-21.1.jar!/fxglassets/ui/fonts/Abel-Regular.ttf
16:47:11.989 [FXGL Background Thread 4 ] DEBUG FXGLAssetLoaderServi - Loading from file system: jar:file:/home/sobhan/.m2/repository/com/github/almasb/fxgl/21.1/fxgl-21.1.jar!/fxglassets/ui/fonts/TerminalLandMono-Regular.otf
16:47:11.992 [FXGL Background Thread 4 ] DEBUG FXGLAssetLoaderServi - Loading from file system: jar:file:/home/sobhan/.m2/repository/com/github/almasb/fxgl/21.1/fxgl-21.1.jar!/fxglassets/ui/fonts/Courier-Prime.ttf
16:47:11.994 [FXGL Background Thread 1 ] INFO  FXGLApplication      - FXGL initialization took: 0.371 sec
16:47:11.995 [JavaFX Application Thread] DEBUG FXGLAssetLoaderServi - Loading from file system: jar:file:/home/sobhan/.m2/repository/com/github/almasb/fxgl/21.1/fxgl-21.1.jar!/fxglassets/textures/fxgl_icon.png
16:47:12.015 [JavaFX Application Thread] DEBUG FXGLAssetLoaderServi - Loading from file system: jar:file:/home/sobhan/.m2/repository/com/github/almasb/fxgl/21.1/fxgl-21.1.jar!/fxglassets/textures/fxgl_default_cursor.png
16:47:12.026 [JavaFX Application Thread] DEBUG Input                - Registered new binding: Screenshot - CTRL+8
16:47:12.026 [JavaFX Application Thread] DEBUG Input                - Registered new binding: System info dump - CTRL+9
16:47:12.027 [JavaFX Application Thread] DEBUG Input                - Registered new binding: Restart - CTRL+R
16:47:12.027 [JavaFX Application Thread] DEBUG Input                - Registered new binding: Toggle Debug Camera - CTRL+7
16:47:12.030 [JavaFX Application Thread] DEBUG LoopRunner           - Starting loop
16:47:12.030 [JavaFX Application Thread] DEBUG LoopRunner           - Initializing JavaFX AnimationTimerLoop
16:47:12.031 [JavaFX Application Thread] DEBUG GameApplicationServi - Starting new game
16:47:12.031 [JavaFX Application Thread] DEBUG Input                - Clearing active input actions
16:47:12.041 [JavaFX Application Thread] DEBUG GameApplicationServi - Removing overlay from FXGLStartupScene and adding to FXGLLoadingScene
16:47:12.041 [JavaFX Application Thread] DEBUG PrimaryStageWindow   - FXGLStartupScene -> FXGLLoadingScene
16:47:12.041 [JavaFX Application Thread] DEBUG GameApplicationServi - Clearing previous game
16:47:12.041 [JavaFX Application Thread] DEBUG GameScene            - Clearing game scene
16:47:12.041 [JavaFX Application Thread] DEBUG GameWorld            - Clearing game world
16:47:12.041 [JavaFX Application Thread] DEBUG PhysicsWorld         - Clearing physics world
16:47:12.043 [FXGL Background Thread 4 ] DEBUG FXGLApplication      - Initializing game
16:47:12.043 [JavaFX Application Thread] DEBUG FXGLApplication      - Registering font factories with UI factory
16:47:12.064 [FXGL Background Thread 4 ] DEBUG Input                - Registered new binding: Move Left - A
16:47:12.065 [FXGL Background Thread 4 ] DEBUG Input                - Registered new binding: Move Right - D
16:47:12.065 [FXGL Background Thread 4 ] DEBUG Input                - Registered new binding: Move Down - S
16:47:12.065 [FXGL Background Thread 4 ] DEBUG Input                - Registered new binding: Move Up - W
16:47:12.065 [FXGL Background Thread 4 ] DEBUG Input                - Registered new binding: Shoot - Space
16:47:12.073 [FXGL Background Thread 4 ] INFO  FXGLApplication      - Game initialization took: 0.030 sec
16:47:12.132 [JavaFX Application Thread] DEBUG Input                - Clearing active input actions
16:47:12.138 [JavaFX Application Thread] DEBUG GameApplicationServi - Removing overlay from FXGLLoadingScene and adding to GameScene
16:47:12.138 [JavaFX Application Thread] DEBUG PrimaryStageWindow   - FXGLLoadingScene -> GameScene
16:47:14.980 [FXGL Background Thread 3 ] DEBUG Engine               - Logging environment variables
16:47:14.980 [FXGL Background Thread 3 ] DEBUG Engine               - achievements: []
16:47:14.981 [FXGL Background Thread 3 ] DEBUG Engine               - actualHeight: 765.0
16:47:14.981 [FXGL Background Thread 3 ] DEBUG Engine               - actualHeightProperty: ReadOnlyDoubleProperty [value: 802.0]
16:47:14.981 [FXGL Background Thread 3 ] DEBUG Engine               - actualWidth: 600.0
16:47:14.981 [FXGL Background Thread 3 ] DEBUG Engine               - actualWidthProperty: ReadOnlyDoubleProperty [value: 600.0]
16:47:14.981 [FXGL Background Thread 3 ] DEBUG Engine               - appIcon: fxgl_icon.png
16:47:14.981 [FXGL Background Thread 3 ] DEBUG Engine               - applicationMode: DEVELOPER
16:47:14.981 [FXGL Background Thread 3 ] DEBUG Engine               - cSSList: [fxgl_dark.css]
16:47:14.981 [FXGL Background Thread 3 ] DEBUG Engine               - collisionDetectionStrategy: BRUTE_FORCE
16:47:14.981 [FXGL Background Thread 3 ] DEBUG Engine               - configClass: Optional.empty
16:47:14.981 [FXGL Background Thread 3 ] DEBUG Engine               - credits: []
16:47:14.981 [FXGL Background Thread 3 ] DEBUG Engine               - defaultCursor: CursorInfo(imageName=fxgl_default_cursor.png, hotspotX=7.0, hotspotY=6.0)
16:47:14.981 [FXGL Background Thread 3 ] DEBUG Engine               - devBBoxColorProperty: ObjectProperty [value: 0xff0000ff]
16:47:14.982 [FXGL Background Thread 3 ] DEBUG Engine               - devEnableDebugCameraProperty: BooleanProperty [value: false]
16:47:14.982 [FXGL Background Thread 3 ] DEBUG Engine               - devSensorColorProperty: ObjectProperty [value: 0xffff00ff]
16:47:14.982 [FXGL Background Thread 3 ] DEBUG Engine               - devShowBBoxProperty: BooleanProperty [value: false]
16:47:14.982 [FXGL Background Thread 3 ] DEBUG Engine               - devShowPositionProperty: BooleanProperty [value: false]
16:47:14.982 [FXGL Background Thread 3 ] DEBUG Engine               - enabledMenuItems: []
16:47:14.982 [FXGL Background Thread 3 ] DEBUG Engine               - engineServices: [class com.almasb.fxgl.app.services.FXGLAssetLoaderService, class com.almasb.fxgl.app.FXGLApplication$GameApplicationService, class com.almasb.fxgl.app.services.FXGLDialogService, class com.almasb.fxgl.app.services.IOTaskExecutorService, class com.almasb.fxgl.io.FileSystemService, class com.almasb.fxgl.localization.LocalizationService, class com.almasb.fxgl.app.services.SystemBundleService, class com.almasb.fxgl.profile.SaveLoadService, class com.almasb.fxgl.ui.FXGLUIFactoryServiceProvider, class com.almasb.fxgl.ui.FXGLDialogFactoryServiceProvider, class com.almasb.fxgl.audio.AudioPlayer, class com.almasb.fxgl.notification.impl.NotificationServiceProvider, class com.almasb.fxgl.achievement.AchievementService, class com.almasb.fxgl.cutscene.CutsceneService, class com.almasb.fxgl.minigames.MiniGameService, class com.almasb.fxgl.net.NetService, class com.almasb.fxgl.app.services.UpdaterService, class com.almasb.fxgl.dev.DevService]
16:47:14.982 [FXGL Background Thread 3 ] DEBUG Engine               - fontGame: Abel-Regular.ttf
16:47:14.982 [FXGL Background Thread 3 ] DEBUG Engine               - fontMono: TerminalLandMono-Regular.otf
16:47:14.982 [FXGL Background Thread 3 ] DEBUG Engine               - fontSizeScaleUI: 1.0
16:47:14.982 [FXGL Background Thread 3 ] DEBUG Engine               - fontText: Courier-Prime.ttf
16:47:14.982 [FXGL Background Thread 3 ] DEBUG Engine               - fontUI: VarelaRound-Regular.ttf
16:47:14.982 [FXGL Background Thread 3 ] DEBUG Engine               - fullScreen: BooleanProperty [value: false]
16:47:14.982 [FXGL Background Thread 3 ] DEBUG Engine               - gameDifficulty: MEDIUM
16:47:14.982 [FXGL Background Thread 3 ] DEBUG Engine               - gameDifficultyProperty: ObjectProperty [value: MEDIUM]
16:47:14.982 [FXGL Background Thread 3 ] DEBUG Engine               - globalMusicVolume: 0.5
16:47:14.982 [FXGL Background Thread 3 ] DEBUG Engine               - globalMusicVolumeProperty: DoubleProperty [value: 0.5]
16:47:14.982 [FXGL Background Thread 3 ] DEBUG Engine               - globalSoundVolume: 0.5
16:47:14.982 [FXGL Background Thread 3 ] DEBUG Engine               - globalSoundVolumeProperty: DoubleProperty [value: 0.5]
16:47:14.982 [FXGL Background Thread 3 ] DEBUG Engine               - height: 800
16:47:14.982 [FXGL Background Thread 3 ] DEBUG Engine               - is3D: false
16:47:14.982 [FXGL Background Thread 3 ] DEBUG Engine               - isAndroid: false
16:47:14.982 [FXGL Background Thread 3 ] DEBUG Engine               - isBrowser: false
16:47:14.982 [FXGL Background Thread 3 ] DEBUG Engine               - isClickFeedbackEnabled: false
16:47:14.982 [FXGL Background Thread 3 ] DEBUG Engine               - isCloseConfirmation: false
16:47:14.982 [FXGL Background Thread 3 ] DEBUG Engine               - isDesktop: true
16:47:14.982 [FXGL Background Thread 3 ] DEBUG Engine               - isDeveloperMenuEnabled: false
16:47:14.982 [FXGL Background Thread 3 ] DEBUG Engine               - isEmbedded: false
16:47:14.982 [FXGL Background Thread 3 ] DEBUG Engine               - isEntityPreloadEnabled: true
16:47:14.983 [FXGL Background Thread 3 ] DEBUG Engine               - isExperimentalTiledLargeMap: false
16:47:14.983 [FXGL Background Thread 3 ] DEBUG Engine               - isFileSystemWriteAllowed: true
16:47:14.983 [FXGL Background Thread 3 ] DEBUG Engine               - isFullScreenAllowed: true
16:47:14.983 [FXGL Background Thread 3 ] DEBUG Engine               - isFullScreenFromStart: false
16:47:14.983 [FXGL Background Thread 3 ] DEBUG Engine               - isGameMenuEnabled: true
16:47:14.983 [FXGL Background Thread 3 ] DEBUG Engine               - isIOS: false
16:47:14.983 [FXGL Background Thread 3 ] DEBUG Engine               - isIntroEnabled: false
16:47:14.983 [FXGL Background Thread 3 ] DEBUG Engine               - isLinux: true
16:47:14.983 [FXGL Background Thread 3 ] DEBUG Engine               - isMac: false
16:47:14.983 [FXGL Background Thread 3 ] DEBUG Engine               - isMainMenuEnabled: false
16:47:14.983 [FXGL Background Thread 3 ] DEBUG Engine               - isManualResizeEnabled: false
16:47:14.983 [FXGL Background Thread 3 ] DEBUG Engine               - isMobile: false
16:47:14.983 [FXGL Background Thread 3 ] DEBUG Engine               - isNative: false
16:47:14.983 [FXGL Background Thread 3 ] DEBUG Engine               - isPauseMusicWhenMinimized: true
16:47:14.983 [FXGL Background Thread 3 ] DEBUG Engine               - isPreserveResizeRatio: false
16:47:14.983 [FXGL Background Thread 3 ] DEBUG Engine               - isProfilingEnabled: false
16:47:14.983 [FXGL Background Thread 3 ] DEBUG Engine               - isScaleAffectedOnResize: true
16:47:14.983 [FXGL Background Thread 3 ] DEBUG Engine               - isSingleStep: false
16:47:14.983 [FXGL Background Thread 3 ] DEBUG Engine               - isUserProfileEnabled: false
16:47:14.983 [FXGL Background Thread 3 ] DEBUG Engine               - isWindows: false
16:47:14.983 [FXGL Background Thread 3 ] DEBUG Engine               - language: ObjectProperty [value: ENGLISH]
16:47:14.983 [FXGL Background Thread 3 ] DEBUG Engine               - menuKey: ESCAPE
16:47:14.983 [FXGL Background Thread 3 ] DEBUG Engine               - mouseSensitivity: 0.2
16:47:14.983 [FXGL Background Thread 3 ] DEBUG Engine               - notificationViewClass: class com.almasb.fxgl.notification.view.XboxNotificationView
16:47:14.983 [FXGL Background Thread 3 ] DEBUG Engine               - pixelsPerMeter: 50.0
16:47:14.983 [FXGL Background Thread 3 ] DEBUG Engine               - platform: LINUX
16:47:14.983 [FXGL Background Thread 3 ] DEBUG Engine               - prefHeightProperty: ReadOnlyDoubleProperty [value: 800.0]
16:47:14.983 [FXGL Background Thread 3 ] DEBUG Engine               - prefWidthProperty: ReadOnlyDoubleProperty [value: 600.0]
16:47:14.983 [FXGL Background Thread 3 ] DEBUG Engine               - profileDir: profiles/
16:47:14.983 [FXGL Background Thread 3 ] DEBUG Engine               - profileName: StringProperty [value: DEFAULT]
16:47:14.983 [FXGL Background Thread 3 ] DEBUG Engine               - randomSeed: -1
16:47:14.984 [FXGL Background Thread 3 ] DEBUG Engine               - runtimeInfo: RuntimeInfo(platform=LINUX, version=21.1, build=27.03.2024 07.52)
16:47:14.984 [FXGL Background Thread 3 ] DEBUG Engine               - saveFileExt: sav
16:47:14.984 [FXGL Background Thread 3 ] DEBUG Engine               - scaledHeightProp$fxgl: DoubleProperty [bound, value: 802.0]
16:47:14.984 [FXGL Background Thread 3 ] DEBUG Engine               - scaledWidthProp$fxgl: DoubleProperty [bound, value: 600.0]
16:47:14.984 [FXGL Background Thread 3 ] DEBUG Engine               - sceneFactory: com.almasb.fxgl.app.scene.SceneFactory@5301650f
16:47:14.984 [FXGL Background Thread 3 ] DEBUG Engine               - secondsIn24h: 60
16:47:14.984 [FXGL Background Thread 3 ] DEBUG Engine               - soundMenuBack: menu/back.wav
16:47:14.984 [FXGL Background Thread 3 ] DEBUG Engine               - soundMenuPress: menu/press.wav
16:47:14.984 [FXGL Background Thread 3 ] DEBUG Engine               - soundMenuSelect: menu/select.wav
16:47:14.984 [FXGL Background Thread 3 ] DEBUG Engine               - soundNotification: core/notification.wav
16:47:14.984 [FXGL Background Thread 3 ] DEBUG Engine               - stageStyle: DECORATED
16:47:14.984 [FXGL Background Thread 3 ] DEBUG Engine               - supportedLanguages: [ENGLISH, FRENCH, GERMAN, HUNGARIAN, RUSSIAN]
16:47:14.984 [FXGL Background Thread 3 ] DEBUG Engine               - ticksPerSecond: -1
16:47:14.984 [FXGL Background Thread 3 ] DEBUG Engine               - title: 1942 Remake
16:47:14.984 [FXGL Background Thread 3 ] DEBUG Engine               - urlGithub: https://github.com/AlmasB/FXGL
16:47:14.984 [FXGL Background Thread 3 ] DEBUG Engine               - urlLeaderboard: http://fxgl-top.herokuapp.com/
16:47:14.984 [FXGL Background Thread 3 ] DEBUG Engine               - urlPOM: https://raw.githubusercontent.com/AlmasB/FXGL/release/README.md
16:47:14.984 [FXGL Background Thread 3 ] DEBUG Engine               - userAppClass: class com.demo.game1942.Main
16:47:14.984 [FXGL Background Thread 3 ] DEBUG Engine               - version: (demo)
16:47:14.984 [FXGL Background Thread 3 ] DEBUG Engine               - versionCheckDays: 7
16:47:14.984 [FXGL Background Thread 3 ] DEBUG Engine               - width: 600
16:47:14.984 [FXGL Background Thread 3 ] DEBUG Engine               - Logging services
16:47:14.984 [FXGL Background Thread 3 ] DEBUG Engine               - class com.almasb.fxgl.app.services.FXGLAssetLoaderService
16:47:14.984 [FXGL Background Thread 3 ] DEBUG Engine               - class com.almasb.fxgl.app.FXGLApplication$GameApplicationService
16:47:14.984 [FXGL Background Thread 3 ] DEBUG Engine               - class com.almasb.fxgl.app.services.FXGLDialogService
16:47:14.984 [FXGL Background Thread 3 ] DEBUG Engine               - class com.almasb.fxgl.app.services.IOTaskExecutorService
16:47:14.984 [FXGL Background Thread 3 ] DEBUG Engine               - class com.almasb.fxgl.io.FileSystemService
16:47:14.984 [FXGL Background Thread 3 ] DEBUG Engine               - class com.almasb.fxgl.localization.LocalizationService
16:47:14.984 [FXGL Background Thread 3 ] DEBUG Engine               - class com.almasb.fxgl.app.services.SystemBundleService
16:47:14.984 [FXGL Background Thread 3 ] DEBUG Engine               - class com.almasb.fxgl.profile.SaveLoadService
16:47:14.984 [FXGL Background Thread 3 ] DEBUG Engine               - class com.almasb.fxgl.ui.FXGLUIFactoryServiceProvider
16:47:14.984 [FXGL Background Thread 3 ] DEBUG Engine               - class com.almasb.fxgl.ui.FXGLDialogFactoryServiceProvider
16:47:14.984 [FXGL Background Thread 3 ] DEBUG Engine               - class com.almasb.fxgl.audio.AudioPlayer
16:47:14.984 [FXGL Background Thread 3 ] DEBUG Engine               - class com.almasb.fxgl.notification.impl.NotificationServiceProvider
16:47:14.984 [FXGL Background Thread 3 ] DEBUG Engine               - class com.almasb.fxgl.achievement.AchievementService
16:47:14.984 [FXGL Background Thread 3 ] DEBUG Engine               - class com.almasb.fxgl.cutscene.CutsceneService
16:47:14.984 [FXGL Background Thread 3 ] DEBUG Engine               - class com.almasb.fxgl.minigames.MiniGameService
16:47:14.984 [FXGL Background Thread 3 ] DEBUG Engine               - class com.almasb.fxgl.net.NetService
16:47:14.984 [FXGL Background Thread 3 ] DEBUG Engine               - class com.almasb.fxgl.app.services.UpdaterService
16:47:14.984 [FXGL Background Thread 3 ] DEBUG Engine               - class com.almasb.fxgl.dev.DevService
16:48:05.165 [JavaFX Application Thread] DEBUG LoopRunner           - Stopping loop
16:48:05.166 [JavaFX Application Thread] FATAL FXGLApplication      - Uncaught Exception:
java.lang.NullPointerException: Cannot invoke "com.almasb.fxgl.entity.Entity.getX()" because "this.entity" is null
	at com.demo.game1942.EnemyManager.spawnDirectionalBullet(EnemyManager.java:198)
	at com.demo.game1942.EnemyManager.lambda$shootCirclePattern$0(EnemyManager.java:183)
	at com.almasb.fxgl.time.TimerAction.update(TimerAction.kt:69)
	at com.almasb.fxgl.time.Timer.update(Timer.kt:38)
	at com.almasb.fxgl.scene.Scene.update(Scene.kt:104)
	at com.almasb.fxgl.app.MainWindow$update$1.invoke(MainWindow.kt:121)
	at com.almasb.fxgl.app.MainWindow$update$1.invoke(MainWindow.kt:121)
	at com.almasb.fxgl.core.fsm.StateMachine.runOnActiveStates(StateMachine.kt:69)
	at com.almasb.fxgl.app.MainWindow.update(MainWindow.kt:121)
	at com.almasb.fxgl.app.FXGLApplication$GameApplicationService.onUpdate(FXGLApplication.kt:445)
	at com.almasb.fxgl.app.Engine.loop(Engine.kt:134)
	at com.almasb.fxgl.app.Engine.access$loop(Engine.kt:24)
	at com.almasb.fxgl.app.Engine$loop$1.invoke(Engine.kt:28)
	at com.almasb.fxgl.app.Engine$loop$1.invoke(Engine.kt:28)
	at com.almasb.fxgl.app.LoopRunner.frame(LoopRunner.kt:103)
	at com.almasb.fxgl.app.LoopRunner.access$frame(LoopRunner.kt:23)
	at com.almasb.fxgl.app.LoopRunner$impl$2$1.onTick(LoopRunner.kt:57)
	at com.almasb.fxgl.app.AnimationTimerLoop$timer$1.handle(LoopRunner.kt:137)
	at javafx.animation.AnimationTimer$AnimationTimerReceiver.lambda$handle$0(AnimationTimer.java:58)
	at java.base/java.security.AccessController.doPrivileged(AccessController.java:138)
	at javafx.animation.AnimationTimer$AnimationTimerReceiver.handle(AnimationTimer.java:57)
	at com.sun.scenario.animation.AbstractPrimaryTimer.timePulseImpl(AbstractPrimaryTimer.java:356)
	at com.sun.scenario.animation.AbstractPrimaryTimer$MainLoop.run(AbstractPrimaryTimer.java:266)
	at com.sun.javafx.tk.quantum.QuantumToolkit.pulse(QuantumToolkit.java:588)
	at com.sun.javafx.tk.quantum.QuantumToolkit.pulse(QuantumToolkit.java:572)
	at com.sun.javafx.tk.quantum.QuantumToolkit.pulseFromQueue(QuantumToolkit.java:565)
	at com.sun.javafx.tk.quantum.QuantumToolkit.lambda$runToolkit$11(QuantumToolkit.java:352)
	at com.sun.glass.ui.InvokeLaterDispatcher$Future.run(InvokeLaterDispatcher.java:95)
	at com.sun.glass.ui.gtk.GtkApplication._runLoop(Native Method)
	at com.sun.glass.ui.gtk.GtkApplication.lambda$runLoop$10(GtkApplication.java:263)
	at java.base/java.lang.Thread.run(Thread.java:1474)

16:48:05.166 [JavaFX Application Thread] FATAL FXGLApplication      - Application will now exit
16:48:05.178 [JavaFX Application Thread] DEBUG PrimaryStageWindow   - Push state: ErrorSubScene
16:48:05.179 [JavaFX Application Thread] DEBUG Input                - Clearing active input actions
16:48:05.182 [JavaFX Application Thread] DEBUG GameApplicationServi - Removing overlay from GameScene and adding to ErrorSubScene
16:48:05.182 [JavaFX Application Thread] DEBUG PrimaryStageWindow   - GameScene -> ErrorSubScene
16:48:07.757 [JavaFX Application Thread] DEBUG FXGLApplication      - Exiting FXGL
16:48:07.757 [JavaFX Application Thread] DEBUG Async                - Shutting down background threads
16:48:07.757 [JavaFX Application Thread] DEBUG PrimaryStageWindow   - Closing main window
16:48:07.759 [JavaFX Application Thread] DEBUG Logger               - Closing Logger
